InputFile: q2input2/smallset.csv
Number of Hashing Features: 20
Random Seed: 123
+--------------------+---------+
|              review|sentiment|
+--------------------+---------+
|              review|sentiment|
|One of the other ...| positive|
|"A wonderful litt...| positive|
|"I thought this w...| positive|
|Basically there's...| negative|
|"Petter Mattei's ...| positive|
|"Probably my all-...| positive|
|I sure would like...| positive|
|This show was an ...| negative|
|Encouraged by the...| negative|
|If you like origi...| positive|
|"Phil the Alien i...| negative|
|I saw this movie ...| negative|
|"So im not a big ...| negative|
|The cast played S...| negative|
|This a fantastic ...| positive|
|Kind of drawn in ...| negative|
|Some films just s...| positive|
|This movie made i...| negative|
|I remember this f...| positive|
+--------------------+---------+
only showing top 20 rows

LR Reg:0.0
LR ElasticNet:0.0
+--------------------+---------+----------------+--------------------+--------------------+--------------------+--------------------+--------------------+--------------------+----------+
|              review|sentiment|indexedSentiment|               words|         rawFeatures|            features|      scaledFeatures|       rawPrediction|         probability|prediction|
+--------------------+---------+----------------+--------------------+--------------------+--------------------+--------------------+--------------------+--------------------+----------+
|"""American Night...| negative|             1.0|["""american, nig...|(20,[0,1,2,3,4,5,...|[5.0,22.0,5.0,21....|[-0.6900685873086...|[0.04532089556550...|[0.51132828494848...|       0.0|
|"""Ardh Satya"" i...| positive|             0.0|["""ardh, satya""...|(20,[0,1,2,3,4,5,...|[25.0,32.0,19.0,3...|[1.32334140611444...|[0.65086886668881...|[0.65720623307658...|       0.0|
|"""Crossfire"" is...| positive|             0.0|["""crossfire"", ...|(20,[0,1,2,3,4,5,...|[18.0,18.0,7.0,17...|[0.61864790841637...|[0.01997939548826...|[0.50499468272661...|       0.0|
|"""Lost""; ""24""...| positive|             0.0|["""lost"";, ""24...|(20,[0,1,2,3,4,5,...|[6.0,6.0,5.0,8.0,...|[-0.5893980876374...|[-0.8195066313036...|[0.30586839840733...|       1.0|
|"""Milo"" is yet ...| negative|             1.0|["""milo"", is, y...|(20,[0,1,2,3,4,5,...|[15.0,11.0,7.0,4....|[0.31663640940292...|[-0.3468914718124...|[0.41413643348358...|       1.0|
|"""The Danish Bla...| negative|             1.0|["""the, danish, ...|(20,[0,1,2,3,4,5,...|[6.0,8.0,4.0,8.0,...|[-0.5893980876374...|[-0.4697448705488...|[0.38467663110565...|       1.0|
|"""ZZZZZZZZZZZZZZ...| negative|             1.0|["""zzzzzzzzzzzzz...|(20,[0,1,2,3,4,5,...|[5.0,6.0,4.0,9.0,...|[-0.6900685873086...|[-0.7878166621426...|[0.31263766654185...|       1.0|
|"'War movie' is a...| positive|             0.0|["'war, movie', i...|(20,[0,1,2,3,4,5,...|[30.0,32.0,22.0,5...|[1.82669390447021...|[0.02612911935854...|[0.50653190821591...|       0.0|
|"<br /><br />I'm ...| negative|             1.0|["<br, /><br, />i...|(20,[0,1,2,3,4,5,...|[9.0,6.0,10.0,5.0...|[-0.2873865886239...|[-0.3997531391743...|[0.40137165229829...|       1.0|
|"A fabulous book ...| negative|             1.0|["a, fabulous, bo...|(20,[0,1,2,3,4,5,...|[5.0,9.0,5.0,11.0...|[-0.6900685873086...|[0.44212132038113...|[0.60876438268466...|       0.0|
|"A film for matur...| positive|             0.0|["a, film, for, m...|(20,[0,1,2,3,4,5,...|[28.0,45.0,22.0,4...|[1.62535290512790...|[-1.3521353694017...|[0.20552148429703...|       1.0|
|"A plot that fizz...| negative|             1.0|["a, plot, that, ...|(20,[0,1,2,3,4,5,...|[5.0,6.0,1.0,12.0...|[-0.6900685873086...|[0.17209213725210...|[0.54291716804598...|       0.0|
|"A response to pr...| negative|             1.0|["a, response, to...|(20,[0,1,2,3,4,5,...|[17.0,14.0,7.0,41...|[0.51797740874522...|[0.54094197726930...|[0.63203151843598...|       0.0|
|"A wonderful litt...| positive|             0.0|["a, wonderful, l...|(20,[0,1,2,3,4,5,...|[7.0,9.0,3.0,14.0...|[-0.4887275879663...|[0.15238697393488...|[0.53802319139925...|       0.0|
|"Adenoid Hynkel; ...| negative|             1.0|["adenoid, hynkel...|(20,[0,1,2,3,4,5,...|[22.0,51.0,23.0,5...|[1.02132990710099...|[-0.9804328129776...|[0.27280591254572...|       1.0|
|"After a very sca...| negative|             1.0|["after, a, very,...|(20,[0,1,3,4,5,6,...|[7.0,9.0,0.0,5.0,...|[-0.4887275879663...|[-0.1615181132048...|[0.45970802872026...|       1.0|
|"Ah; another movi...| negative|             1.0|["ah;, another, m...|(20,[0,1,2,3,4,5,...|[2.0,7.0,2.0,7.0,...|[-0.9920800863220...|[-0.5647171178676...|[0.36245671375922...|       1.0|
|"All the way thou...| negative|             1.0|["all, the, way, ...|(20,[0,1,2,3,4,5,...|[9.0,12.0,16.0,16...|[-0.2873865886239...|[-1.1818937800570...|[0.23471186040829...|       1.0|
|"Although I lived...| positive|             0.0|["although, i, li...|(20,[0,1,2,3,4,5,...|[4.0,13.0,5.0,16....|[-0.7907390869797...|[-0.3954047350254...|[0.40241690064733...|       1.0|
|"Although it stra...| positive|             0.0|["although, it, s...|(20,[0,1,2,3,4,5,...|[14.0,28.0,4.0,30...|[0.21596590973176...|[0.28803227498294...|[0.57151433316759...|       0.0|
+--------------------+---------+----------------+--------------------+--------------------+--------------------+--------------------+--------------------+--------------------+----------+
only showing top 20 rows

Training Error = 0.37658674188998587
Test Error = 0.4517241379310345
