InputFile: q2input2/smallset.csv
Number of Hashing Features: 100
Use Scaling: 0
Use PCA: 0
pcaK: 1
Random Seed: 123
+--------------------+---------+----------------+--------------------+--------------------+--------------------+--------------------+--------------------+----------+
|              review|sentiment|indexedSentiment|               words|            filtered|         rawFeatures|       rawPrediction|         probability|prediction|
+--------------------+---------+----------------+--------------------+--------------------+--------------------+--------------------+--------------------+----------+
|"""American Night...| negative|             1.0|["""american, nig...|["""american, nig...|(100,[1,2,3,4,5,6...|[-0.0258884611708...|[0.49352824615741...|       1.0|
|"""Ardh Satya"" i...| positive|             0.0|["""ardh, satya""...|["""ardh, satya""...|(100,[0,1,2,3,4,6...|[1.94747890571502...|[0.87517148184450...|       0.0|
|"""Crossfire"" is...| positive|             0.0|["""crossfire"", ...|["""crossfire"", ...|(100,[0,1,2,3,5,7...|[0.60423282937043...|[0.64662411274351...|       0.0|
|"""Lost""; ""24""...| positive|             0.0|["""lost"";, ""24...|["""lost"";, ""24...|(100,[0,1,2,4,6,7...|[-0.7383606020708...|[0.32336273892287...|       1.0|
|"""Milo"" is yet ...| negative|             1.0|["""milo"", is, y...|["""milo"", yet, ...|(100,[0,1,3,4,6,7...|[2.11113733695755...|[0.89198096556705...|       0.0|
|"""The Danish Bla...| negative|             1.0|["""the, danish, ...|["""the, danish, ...|(100,[1,3,4,5,6,7...|[-1.1043592683066...|[0.24892399023084...|       1.0|
|"""ZZZZZZZZZZZZZZ...| negative|             1.0|["""zzzzzzzzzzzzz...|["""zzzzzzzzzzzzz...|(100,[2,3,5,6,7,8...|[-0.3111744769528...|[0.42282808828379...|       1.0|
|"'War movie' is a...| positive|             0.0|["'war, movie', i...|["'war, movie', h...|(100,[0,1,3,4,5,6...|[3.24705713209859...|[0.96256722074033...|       0.0|
|"<br /><br />I'm ...| negative|             1.0|["<br, /><br, />i...|["<br, /><br, />i...|(100,[5,6,8,9,10,...|[0.95793295046334...|[0.72270775655658...|       0.0|
|"A fabulous book ...| negative|             1.0|["a, fabulous, bo...|["a, fabulous, bo...|(100,[1,3,5,6,9,1...|[1.43750318672672...|[0.80806770779635...|       0.0|
|"A film for matur...| positive|             0.0|["a, film, for, m...|["a, film, mature...|(100,[0,2,3,4,5,6...|[-1.3932653296003...|[0.19888697720439...|       1.0|
|"A plot that fizz...| negative|             1.0|["a, plot, that, ...|["a, plot, fizzle...|(100,[0,1,4,6,10,...|[-0.8819131464805...|[0.29278148487879...|       1.0|
|"A response to pr...| negative|             1.0|["a, response, to...|["a, response, pr...|(100,[0,1,2,3,4,5...|[1.59458269689743...|[0.83125987988416...|       0.0|
|"A wonderful litt...| positive|             0.0|["a, wonderful, l...|["a, wonderful, l...|(100,[0,3,5,6,7,1...|[1.65362791518928...|[0.83938077088959...|       0.0|
|"Adenoid Hynkel; ...| negative|             1.0|["adenoid, hynkel...|["adenoid, hynkel...|(100,[0,1,2,3,4,5...|[0.60686759651368...|[0.64722592780264...|       0.0|
|"After a very sca...| negative|             1.0|["after, a, very,...|["after, scary;, ...|(100,[0,3,4,5,6,8...|[-0.1783922753019...|[0.45551982934157...|       1.0|
|"Ah; another movi...| negative|             1.0|["ah;, another, m...|["ah;, another, m...|(100,[1,4,5,7,10,...|[-0.1228157738142...|[0.46933459254677...|       1.0|
|"All the way thou...| negative|             1.0|["all, the, way, ...|["all, way, thoug...|(100,[0,1,2,3,4,5...|[-0.5701966738848...|[0.36119144461724...|       1.0|
|"Although I lived...| positive|             0.0|["although, i, li...|["although, lived...|(100,[1,2,3,4,7,8...|[-0.4547960987913...|[0.38822105754635...|       1.0|
|"Although it stra...| positive|             0.0|["although, it, s...|["although, stray...|(100,[0,1,2,3,5,6...|[0.57074923393159...|[0.63893603898840...|       0.0|
+--------------------+---------+----------------+--------------------+--------------------+--------------------+--------------------+--------------------+----------+
only showing top 20 rows

Training Error = 0.29802259887005644
Test Error = 0.42611683848797255
