InputFile: q2input2/smallset.csv
Number of Hashing Features: 10
Use Scaling: 0
Use PCA: 0
pcaK: 1
Random Seed: 123
+--------------------+---------+----------------+--------------------+--------------------+--------------------+--------------------+--------------------+--------------------+----------+
|              review|sentiment|indexedSentiment|               words|            filtered|         rawFeatures|               tfidf|       rawPrediction|         probability|prediction|
+--------------------+---------+----------------+--------------------+--------------------+--------------------+--------------------+--------------------+--------------------+----------+
|"""American Night...| negative|             1.0|["""american, nig...|["""american, nig...|(10,[0,1,2,3,4,5,...|(10,[0,1,2,3,4,5,...|[-0.3862182945731...|[0.40462799980792...|       1.0|
|"""Ardh Satya"" i...| positive|             0.0|["""ardh, satya""...|["""ardh, satya""...|(10,[0,1,2,3,4,5,...|(10,[0,1,2,3,4,5,...|[-0.4557409627874...|[0.38799667089623...|       1.0|
|"""Crossfire"" is...| positive|             0.0|["""crossfire"", ...|["""crossfire"", ...|(10,[0,1,2,3,4,5,...|(10,[0,1,2,3,4,5,...|[0.12140077369788...|[0.53031297280995...|       0.0|
|"""Lost""; ""24""...| positive|             0.0|["""lost"";, ""24...|["""lost"";, ""24...|(10,[0,1,2,3,4,5,...|(10,[0,1,2,3,4,5,...|[-0.6104120401093...|[0.35196521173050...|       1.0|
|"""Milo"" is yet ...| negative|             1.0|["""milo"", is, y...|["""milo"", yet, ...|(10,[0,1,2,3,4,5,...|(10,[0,1,2,3,4,5,...|[-0.2642322124305...|[0.43432362271150...|       1.0|
|"""The Danish Bla...| negative|             1.0|["""the, danish, ...|["""the, danish, ...|(10,[0,1,2,3,4,5,...|(10,[0,1,2,3,4,5,...|[-0.1770820513295...|[0.45584481196860...|       1.0|
|"""ZZZZZZZZZZZZZZ...| negative|             1.0|["""zzzzzzzzzzzzz...|["""zzzzzzzzzzzzz...|(10,[0,1,2,3,4,5,...|(10,[0,1,2,3,4,5,...|[-0.1548702303067...|[0.46135964329888...|       1.0|
|"'War movie' is a...| positive|             0.0|["'war, movie', i...|["'war, movie', h...|(10,[0,1,2,3,4,5,...|(10,[0,1,2,3,4,5,...|[0.40673093681606...|[0.60030376039847...|       0.0|
|"<br /><br />I'm ...| negative|             1.0|["<br, /><br, />i...|["<br, /><br, />i...|(10,[0,1,2,3,4,5,...|(10,[0,1,2,3,4,5,...|[-0.2007223685873...|[0.44998721093456...|       1.0|
|"A fabulous book ...| negative|             1.0|["a, fabulous, bo...|["a, fabulous, bo...|(10,[0,1,2,3,4,5,...|(10,[0,1,2,3,4,5,...|[0.33828678908766...|[0.58377430358984...|       0.0|
|"A film for matur...| positive|             0.0|["a, film, for, m...|["a, film, mature...|(10,[0,1,2,3,4,5,...|(10,[0,1,2,3,4,5,...|[-0.7581122855657...|[0.31905624967949...|       1.0|
|"A plot that fizz...| negative|             1.0|["a, plot, that, ...|["a, plot, fizzle...|(10,[0,1,2,3,4,5,...|(10,[0,1,2,3,4,5,...|[0.05429988855817...|[0.51357163766392...|       0.0|
|"A response to pr...| negative|             1.0|["a, response, to...|["a, response, pr...|(10,[0,1,2,3,4,5,...|(10,[0,1,2,3,4,5,...|[-0.1134949634632...|[0.47165667705185...|       1.0|
|"A wonderful litt...| positive|             0.0|["a, wonderful, l...|["a, wonderful, l...|(10,[0,1,2,3,4,5,...|(10,[0,1,2,3,4,5,...|[0.55652368241756...|[0.63564780655421...|       0.0|
|"Adenoid Hynkel; ...| negative|             1.0|["adenoid, hynkel...|["adenoid, hynkel...|(10,[0,1,2,3,4,5,...|(10,[0,1,2,3,4,5,...|[0.47692511906935...|[0.61702152400316...|       0.0|
|"After a very sca...| negative|             1.0|["after, a, very,...|["after, scary;, ...|(10,[0,1,2,3,4,5,...|(10,[0,1,2,3,4,5,...|[-0.1326319411953...|[0.46689053683039...|       1.0|
|"Ah; another movi...| negative|             1.0|["ah;, another, m...|["ah;, another, m...|(10,[0,1,2,3,4,5,...|(10,[0,1,2,3,4,5,...|[-0.1358333250011...|[0.46609378548590...|       1.0|
|"All the way thou...| negative|             1.0|["all, the, way, ...|["all, way, thoug...|(10,[0,1,2,3,4,5,...|(10,[0,1,2,3,4,5,...|[0.14093887536186...|[0.53517650994329...|       0.0|
|"Although I lived...| positive|             0.0|["although, i, li...|["although, lived...|(10,[0,1,2,3,4,5,...|(10,[0,1,2,3,4,5,...|[-0.0206082076106...|[0.49484813042853...|       1.0|
|"Although it stra...| positive|             0.0|["although, it, s...|["although, stray...|(10,[0,1,2,3,4,5,...|(10,[0,1,2,3,4,5,...|[0.63062541374414...|[0.65263125933274...|       0.0|
+--------------------+---------+----------------+--------------------+--------------------+--------------------+--------------------+--------------------+--------------------+----------+
only showing top 20 rows

Training Error = 0.4152542372881356
Test Error = 0.48797250859106533
InputFile: q2input2/smallset.csv
Number of Hashing Features: 30
Use Scaling: 0
Use PCA: 0
pcaK: 1
Random Seed: 123
+--------------------+---------+----------------+--------------------+--------------------+--------------------+--------------------+--------------------+--------------------+----------+
|              review|sentiment|indexedSentiment|               words|            filtered|         rawFeatures|               tfidf|       rawPrediction|         probability|prediction|
+--------------------+---------+----------------+--------------------+--------------------+--------------------+--------------------+--------------------+--------------------+----------+
|"""American Night...| negative|             1.0|["""american, nig...|["""american, nig...|(30,[0,1,2,3,4,5,...|(30,[0,1,2,3,4,5,...|[-0.1630198349942...|[0.45933505887007...|       1.0|
|"""Ardh Satya"" i...| positive|             0.0|["""ardh, satya""...|["""ardh, satya""...|(30,[0,1,2,3,4,5,...|(30,[0,1,2,3,4,5,...|[-1.2503098326136...|[0.22264650992475...|       1.0|
|"""Crossfire"" is...| positive|             0.0|["""crossfire"", ...|["""crossfire"", ...|(30,[0,1,2,3,4,5,...|(30,[0,1,2,3,4,5,...|[1.24662797089542...|[0.77671560102826...|       0.0|
|"""Lost""; ""24""...| positive|             0.0|["""lost"";, ""24...|["""lost"";, ""24...|(30,[0,1,2,3,4,5,...|(30,[0,1,2,3,4,5,...|[-0.3725646128237...|[0.40792146635340...|       1.0|
|"""Milo"" is yet ...| negative|             1.0|["""milo"", is, y...|["""milo"", yet, ...|(30,[0,1,2,3,4,5,...|(30,[0,1,2,3,4,5,...|[0.58700405199546...|[0.64267744124065...|       0.0|
|"""The Danish Bla...| negative|             1.0|["""the, danish, ...|["""the, danish, ...|(30,[0,1,2,4,5,6,...|(30,[0,1,2,4,5,6,...|[-0.5594579384908...|[0.36367289156675...|       1.0|
|"""ZZZZZZZZZZZZZZ...| negative|             1.0|["""zzzzzzzzzzzzz...|["""zzzzzzzzzzzzz...|(30,[0,1,2,4,5,6,...|(30,[0,1,2,4,5,6,...|[-0.4867152808858...|[0.38066766823788...|       1.0|
|"'War movie' is a...| positive|             0.0|["'war, movie', i...|["'war, movie', h...|(30,[0,1,2,3,4,5,...|(30,[0,1,2,3,4,5,...|[-0.0156326144487...|[0.49609192597496...|       1.0|
|"<br /><br />I'm ...| negative|             1.0|["<br, /><br, />i...|["<br, /><br, />i...|(30,[0,1,2,3,4,5,...|(30,[0,1,2,3,4,5,...|[-0.3925745479140...|[0.40309768464144...|       1.0|
|"A fabulous book ...| negative|             1.0|["a, fabulous, bo...|["a, fabulous, bo...|(30,[0,1,2,3,4,5,...|(30,[0,1,2,3,4,5,...|[0.45850161367832...|[0.61265865711801...|       0.0|
|"A film for matur...| positive|             0.0|["a, film, for, m...|["a, film, mature...|(30,[0,1,2,3,4,5,...|(30,[0,1,2,3,4,5,...|[-1.6872223990533...|[0.15614147101903...|       1.0|
|"A plot that fizz...| negative|             1.0|["a, plot, that, ...|["a, plot, fizzle...|(30,[0,1,3,4,5,6,...|(30,[0,1,3,4,5,6,...|[0.00937796173125...|[0.50234447325055...|       0.0|
|"A response to pr...| negative|             1.0|["a, response, to...|["a, response, pr...|(30,[0,1,2,3,4,5,...|(30,[0,1,2,3,4,5,...|[-0.6387309488153...|[0.34553346645916...|       1.0|
|"A wonderful litt...| positive|             0.0|["a, wonderful, l...|["a, wonderful, l...|(30,[0,1,2,3,5,6,...|(30,[0,1,2,3,5,6,...|[1.15223729002964...|[0.75991932981472...|       0.0|
|"Adenoid Hynkel; ...| negative|             1.0|["adenoid, hynkel...|["adenoid, hynkel...|(30,[0,1,2,3,4,5,...|(30,[0,1,2,3,4,5,...|[0.60416562659721...|[0.64660875666648...|       0.0|
|"After a very sca...| negative|             1.0|["after, a, very,...|["after, scary;, ...|(30,[0,1,3,4,5,6,...|(30,[0,1,3,4,5,6,...|[-0.0765462788018...|[0.48087276878870...|       1.0|
|"Ah; another movi...| negative|             1.0|["ah;, another, m...|["ah;, another, m...|(30,[0,1,2,3,4,5,...|(30,[0,1,2,3,4,5,...|[-0.3409238183305...|[0.41558508801527...|       1.0|
|"All the way thou...| negative|             1.0|["all, the, way, ...|["all, way, thoug...|(30,[0,1,2,3,4,5,...|(30,[0,1,2,3,4,5,...|[-0.1630597835166...|[0.45932513781596...|       1.0|
|"Although I lived...| positive|             0.0|["although, i, li...|["although, lived...|(30,[0,1,2,3,4,5,...|(30,[0,1,2,3,4,5,...|[-0.4167844676227...|[0.39728645424984...|       1.0|
|"Although it stra...| positive|             0.0|["although, it, s...|["although, stray...|(30,[0,1,2,3,4,5,...|(30,[0,1,2,3,4,5,...|[0.35020696197707...|[0.58666776575778...|       0.0|
+--------------------+---------+----------------+--------------------+--------------------+--------------------+--------------------+--------------------+--------------------+----------+
only showing top 20 rows

Training Error = 0.365819209039548
Test Error = 0.4742268041237113
InputFile: q2input2/smallset.csv
Number of Hashing Features: 100
Use Scaling: 0
Use PCA: 0
pcaK: 1
Random Seed: 123
+--------------------+---------+----------------+--------------------+--------------------+--------------------+--------------------+--------------------+--------------------+----------+
|              review|sentiment|indexedSentiment|               words|            filtered|         rawFeatures|               tfidf|       rawPrediction|         probability|prediction|
+--------------------+---------+----------------+--------------------+--------------------+--------------------+--------------------+--------------------+--------------------+----------+
|"""American Night...| negative|             1.0|["""american, nig...|["""american, nig...|(100,[1,2,3,4,5,6...|(100,[1,2,3,4,5,6...|[-0.0258884611708...|[0.49352824615741...|       1.0|
|"""Ardh Satya"" i...| positive|             0.0|["""ardh, satya""...|["""ardh, satya""...|(100,[0,1,2,3,4,6...|(100,[0,1,2,3,4,6...|[1.94747890571502...|[0.87517148184450...|       0.0|
|"""Crossfire"" is...| positive|             0.0|["""crossfire"", ...|["""crossfire"", ...|(100,[0,1,2,3,5,7...|(100,[0,1,2,3,5,7...|[0.60423282937043...|[0.64662411274351...|       0.0|
|"""Lost""; ""24""...| positive|             0.0|["""lost"";, ""24...|["""lost"";, ""24...|(100,[0,1,2,4,6,7...|(100,[0,1,2,4,6,7...|[-0.7383606020708...|[0.32336273892287...|       1.0|
|"""Milo"" is yet ...| negative|             1.0|["""milo"", is, y...|["""milo"", yet, ...|(100,[0,1,3,4,6,7...|(100,[0,1,3,4,6,7...|[2.11113733695755...|[0.89198096556705...|       0.0|
|"""The Danish Bla...| negative|             1.0|["""the, danish, ...|["""the, danish, ...|(100,[1,3,4,5,6,7...|(100,[1,3,4,5,6,7...|[-1.1043592683066...|[0.24892399023084...|       1.0|
|"""ZZZZZZZZZZZZZZ...| negative|             1.0|["""zzzzzzzzzzzzz...|["""zzzzzzzzzzzzz...|(100,[2,3,5,6,7,8...|(100,[2,3,5,6,7,8...|[-0.3111744769528...|[0.42282808828379...|       1.0|
|"'War movie' is a...| positive|             0.0|["'war, movie', i...|["'war, movie', h...|(100,[0,1,3,4,5,6...|(100,[0,1,3,4,5,6...|[3.24705713209858...|[0.96256722074033...|       0.0|
|"<br /><br />I'm ...| negative|             1.0|["<br, /><br, />i...|["<br, /><br, />i...|(100,[5,6,8,9,10,...|(100,[5,6,8,9,10,...|[0.95793295046334...|[0.72270775655658...|       0.0|
|"A fabulous book ...| negative|             1.0|["a, fabulous, bo...|["a, fabulous, bo...|(100,[1,3,5,6,9,1...|(100,[1,3,5,6,9,1...|[1.43750318672671...|[0.80806770779635...|       0.0|
|"A film for matur...| positive|             0.0|["a, film, for, m...|["a, film, mature...|(100,[0,2,3,4,5,6...|(100,[0,2,3,4,5,6...|[-1.3932653296003...|[0.19888697720439...|       1.0|
|"A plot that fizz...| negative|             1.0|["a, plot, that, ...|["a, plot, fizzle...|(100,[0,1,4,6,10,...|(100,[0,1,4,6,10,...|[-0.8819131464805...|[0.29278148487879...|       1.0|
|"A response to pr...| negative|             1.0|["a, response, to...|["a, response, pr...|(100,[0,1,2,3,4,5...|(100,[0,1,2,3,4,5...|[1.59458269689740...|[0.83125987988416...|       0.0|
|"A wonderful litt...| positive|             0.0|["a, wonderful, l...|["a, wonderful, l...|(100,[0,3,5,6,7,1...|(100,[0,3,5,6,7,1...|[1.65362791518927...|[0.83938077088959...|       0.0|
|"Adenoid Hynkel; ...| negative|             1.0|["adenoid, hynkel...|["adenoid, hynkel...|(100,[0,1,2,3,4,5...|(100,[0,1,2,3,4,5...|[0.60686759651364...|[0.64722592780263...|       0.0|
|"After a very sca...| negative|             1.0|["after, a, very,...|["after, scary;, ...|(100,[0,3,4,5,6,8...|(100,[0,3,4,5,6,8...|[-0.1783922753019...|[0.45551982934157...|       1.0|
|"Ah; another movi...| negative|             1.0|["ah;, another, m...|["ah;, another, m...|(100,[1,4,5,7,10,...|(100,[1,4,5,7,10,...|[-0.1228157738142...|[0.46933459254677...|       1.0|
|"All the way thou...| negative|             1.0|["all, the, way, ...|["all, way, thoug...|(100,[0,1,2,3,4,5...|(100,[0,1,2,3,4,5...|[-0.5701966738848...|[0.36119144461725...|       1.0|
|"Although I lived...| positive|             0.0|["although, i, li...|["although, lived...|(100,[1,2,3,4,7,8...|(100,[1,2,3,4,7,8...|[-0.4547960987913...|[0.38822105754635...|       1.0|
|"Although it stra...| positive|             0.0|["although, it, s...|["although, stray...|(100,[0,1,2,3,5,6...|(100,[0,1,2,3,5,6...|[0.57074923393159...|[0.63893603898841...|       0.0|
+--------------------+---------+----------------+--------------------+--------------------+--------------------+--------------------+--------------------+--------------------+----------+
only showing top 20 rows

Training Error = 0.29802259887005644
Test Error = 0.42611683848797255
InputFile: q2input2/smallset.csv
Number of Hashing Features: 300
Use Scaling: 0
Use PCA: 0
pcaK: 1
Random Seed: 123
+--------------------+---------+----------------+--------------------+--------------------+--------------------+--------------------+--------------------+--------------------+----------+
|              review|sentiment|indexedSentiment|               words|            filtered|         rawFeatures|               tfidf|       rawPrediction|         probability|prediction|
+--------------------+---------+----------------+--------------------+--------------------+--------------------+--------------------+--------------------+--------------------+----------+
|"""American Night...| negative|             1.0|["""american, nig...|["""american, nig...|(300,[1,2,3,4,6,8...|(300,[1,2,3,4,6,8...|[4.41324669375677...|[0.98802925668762...|       0.0|
|"""Ardh Satya"" i...| positive|             0.0|["""ardh, satya""...|["""ardh, satya""...|(300,[0,3,4,6,9,1...|(300,[0,3,4,6,9,1...|[1.18612532710204...|[0.76604736596933...|       0.0|
|"""Crossfire"" is...| positive|             0.0|["""crossfire"", ...|["""crossfire"", ...|(300,[0,8,11,12,1...|(300,[0,8,11,12,1...|[16.8480207500480...|[0.99999995180549...|       0.0|
|"""Lost""; ""24""...| positive|             0.0|["""lost"";, ""24...|["""lost"";, ""24...|(300,[0,1,2,6,9,1...|(300,[0,1,2,6,9,1...|[0.27169279173718...|[0.56750843557618...|       0.0|
|"""Milo"" is yet ...| negative|             1.0|["""milo"", is, y...|["""milo"", yet, ...|(300,[0,3,6,10,12...|(300,[0,3,6,10,12...|[11.0469073424642...|[0.99998406389516...|       0.0|
|"""The Danish Bla...| negative|             1.0|["""the, danish, ...|["""the, danish, ...|(300,[1,6,7,9,15,...|(300,[1,6,7,9,15,...|[-4.5054196731258...|[0.01092820702759...|       1.0|
|"""ZZZZZZZZZZZZZZ...| negative|             1.0|["""zzzzzzzzzzzzz...|["""zzzzzzzzzzzzz...|(300,[2,6,12,23,3...|(300,[2,6,12,23,3...|[-9.3487074313725...|[8.70703186455863...|       1.0|
|"'War movie' is a...| positive|             0.0|["'war, movie', i...|["'war, movie', h...|(300,[0,3,4,6,8,1...|(300,[0,3,4,6,8,1...|[11.6941617247034...|[0.99999165768720...|       0.0|
|"<br /><br />I'm ...| negative|             1.0|["<br, /><br, />i...|["<br, /><br, />i...|(300,[6,10,12,14,...|(300,[6,10,12,14,...|[4.32739617335699...|[0.98697014044132...|       0.0|
|"A fabulous book ...| negative|             1.0|["a, fabulous, bo...|["a, fabulous, bo...|(300,[1,6,21,32,3...|(300,[1,6,21,32,3...|[1.08163961522324...|[0.74680413987587...|       0.0|
|"A film for matur...| positive|             0.0|["a, film, for, m...|["a, film, mature...|(300,[2,3,4,5,9,1...|(300,[2,3,4,5,9,1...|[5.16818732013935...|[0.99433736557005...|       0.0|
|"A plot that fizz...| negative|             1.0|["a, plot, that, ...|["a, plot, fizzle...|(300,[0,6,10,15,3...|(300,[0,6,10,15,3...|[-3.1592252840361...|[0.04072931129344...|       1.0|
|"A response to pr...| negative|             1.0|["a, response, to...|["a, response, pr...|(300,[1,3,4,6,7,8...|(300,[1,3,4,6,7,8...|[2.67781925933672...|[0.93570505241228...|       0.0|
|"A wonderful litt...| positive|             0.0|["a, wonderful, l...|["a, wonderful, l...|(300,[3,6,7,10,11...|(300,[3,6,7,10,11...|[8.37608583881897...|[0.99976974337771...|       0.0|
|"Adenoid Hynkel; ...| negative|             1.0|["adenoid, hynkel...|["adenoid, hynkel...|(300,[0,1,2,3,4,5...|(300,[0,1,2,3,4,5...|[-6.9442670753851...|[9.63218036854692...|       1.0|
|"After a very sca...| negative|             1.0|["after, a, very,...|["after, scary;, ...|(300,[0,3,9,26,29...|(300,[0,3,9,26,29...|[4.62393202573765...|[0.99028125039869...|       0.0|
|"Ah; another movi...| negative|             1.0|["ah;, another, m...|["ah;, another, m...|(300,[4,13,15,22,...|(300,[4,13,15,22,...|[0.58985638308732...|[0.64333219262734...|       0.0|
|"All the way thou...| negative|             1.0|["all, the, way, ...|["all, way, thoug...|(300,[1,3,4,6,7,1...|(300,[1,3,4,6,7,1...|[-7.2496126439042...|[7.09945152305427...|       1.0|
|"Although I lived...| positive|             0.0|["although, i, li...|["although, lived...|(300,[2,3,14,16,1...|(300,[2,3,14,16,1...|[-2.0638330772521...|[0.11266207061690...|       1.0|
|"Although it stra...| positive|             0.0|["although, it, s...|["although, stray...|(300,[6,9,10,13,1...|(300,[6,9,10,13,1...|[-3.6832484946877...|[0.02452459406203...|       1.0|
+--------------------+---------+----------------+--------------------+--------------------+--------------------+--------------------+--------------------+--------------------+----------+
only showing top 20 rows

Training Error = 0.11440677966101698
Test Error = 0.4192439862542955
InputFile: q2input2/smallset.csv
Number of Hashing Features: 1000
Use Scaling: 0
Use PCA: 0
pcaK: 1
Random Seed: 123
+--------------------+---------+----------------+--------------------+--------------------+--------------------+--------------------+--------------------+--------------------+----------+
|              review|sentiment|indexedSentiment|               words|            filtered|         rawFeatures|               tfidf|       rawPrediction|         probability|prediction|
+--------------------+---------+----------------+--------------------+--------------------+--------------------+--------------------+--------------------+--------------------+----------+
|"""American Night...| negative|             1.0|["""american, nig...|["""american, nig...|(1000,[24,25,34,6...|(1000,[24,25,34,6...|[-4.5239431898276...|[0.01072979355264...|       1.0|
|"""Ardh Satya"" i...| positive|             0.0|["""ardh, satya""...|["""ardh, satya""...|(1000,[2,3,10,20,...|(1000,[2,3,10,20,...|[18.4128861083714...|[0.99999998992174...|       0.0|
|"""Crossfire"" is...| positive|             0.0|["""crossfire"", ...|["""crossfire"", ...|(1000,[3,5,7,8,11...|(1000,[3,5,7,8,11...|[-6.4299616677615...|[0.00160991663359...|       1.0|
|"""Lost""; ""24""...| positive|             0.0|["""lost"";, ""24...|["""lost"";, ""24...|(1000,[0,14,27,31...|(1000,[0,14,27,31...|[4.38501979008072...|[0.98769076409890...|       0.0|
|"""Milo"" is yet ...| negative|             1.0|["""milo"", is, y...|["""milo"", yet, ...|(1000,[19,21,29,4...|(1000,[19,21,29,4...|[-9.9325097500115...|[4.85673861800760...|       1.0|
|"""The Danish Bla...| negative|             1.0|["""the, danish, ...|["""the, danish, ...|(1000,[1,3,21,44,...|(1000,[1,3,21,44,...|[5.96303193988291...|[0.99743449705426...|       0.0|
|"""ZZZZZZZZZZZZZZ...| negative|             1.0|["""zzzzzzzzzzzzz...|["""zzzzzzzzzzzzz...|(1000,[3,9,12,18,...|(1000,[3,9,12,18,...|[-1.8985113917467...|[0.13027704822064...|       1.0|
|"'War movie' is a...| positive|             0.0|["'war, movie', i...|["'war, movie', h...|(1000,[3,13,15,17...|(1000,[3,13,15,17...|[38.0510987970304...|[1.0,2.9827562342...|       0.0|
|"<br /><br />I'm ...| negative|             1.0|["<br, /><br, />i...|["<br, /><br, />i...|(1000,[12,15,52,5...|(1000,[12,15,52,5...|[0.52041104026806...|[0.62724387625099...|       0.0|
|"A fabulous book ...| negative|             1.0|["a, fabulous, bo...|["a, fabulous, bo...|(1000,[3,71,101,1...|(1000,[3,71,101,1...|[4.23930300489813...|[0.98578727652848...|       0.0|
|"A film for matur...| positive|             0.0|["a, film, for, m...|["a, film, mature...|(1000,[3,9,14,18,...|(1000,[3,9,14,18,...|[21.4183002647439...|[0.99999999950094...|       0.0|
|"A plot that fizz...| negative|             1.0|["a, plot, that, ...|["a, plot, fizzle...|(1000,[20,35,36,3...|(1000,[20,35,36,3...|[-6.1642065747731...|[0.00209897163390...|       1.0|
|"A response to pr...| negative|             1.0|["a, response, to...|["a, response, pr...|(1000,[3,4,17,21,...|(1000,[3,4,17,21,...|[4.94958996888748...|[0.99296354856130...|       0.0|
|"A wonderful litt...| positive|             0.0|["a, wonderful, l...|["a, wonderful, l...|(1000,[5,6,7,44,5...|(1000,[5,6,7,44,5...|[-5.2944497936008...|[0.00499430700702...|       1.0|
|"Adenoid Hynkel; ...| negative|             1.0|["adenoid, hynkel...|["adenoid, hynkel...|(1000,[3,4,5,6,12...|(1000,[3,4,5,6,12...|[31.0300368478699...|[0.99999999999996...|       0.0|
|"After a very sca...| negative|             1.0|["after, a, very,...|["after, scary;, ...|(1000,[29,30,41,4...|(1000,[29,30,41,4...|[0.57567216264334...|[0.64007096422653...|       0.0|
|"Ah; another movi...| negative|             1.0|["ah;, another, m...|["ah;, another, m...|(1000,[1,10,11,32...|(1000,[1,10,11,32...|[-0.0664069850150...|[0.48340435204328...|       1.0|
|"All the way thou...| negative|             1.0|["all, the, way, ...|["all, way, thoug...|(1000,[1,6,11,14,...|(1000,[1,6,11,14,...|[-5.9232934387810...|[0.00266922733828...|       1.0|
|"Although I lived...| positive|             0.0|["although, i, li...|["although, lived...|(1000,[3,7,24,36,...|(1000,[3,7,24,36,...|[-15.607816409899...|[1.66575600008069...|       1.0|
|"Although it stra...| positive|             0.0|["although, it, s...|["although, stray...|(1000,[1,2,10,13,...|(1000,[1,2,10,13,...|[12.4598727289529...|[0.99999612078059...|       0.0|
+--------------------+---------+----------------+--------------------+--------------------+--------------------+--------------------+--------------------+--------------------+----------+
only showing top 20 rows

Training Error = 0.0
Test Error = 0.3298969072164949
InputFile: q2input2/smallset.csv
Number of Hashing Features: 1000
Use Scaling: 1
Use PCA: 0
pcaK: 1
Random Seed: 123
+--------------------+---------+----------------+--------------------+--------------------+--------------------+--------------------+--------------------+--------------------+--------------------+----------+
|              review|sentiment|indexedSentiment|               words|            filtered|         rawFeatures|               tfidf|      scaledFeatures|       rawPrediction|         probability|prediction|
+--------------------+---------+----------------+--------------------+--------------------+--------------------+--------------------+--------------------+--------------------+--------------------+----------+
|"""American Night...| negative|             1.0|["""american, nig...|["""american, nig...|(1000,[24,25,34,6...|(1000,[24,25,34,6...|[-0.2589340645177...|[-3.5638489393958...|[0.02754912087493...|       1.0|
|"""Ardh Satya"" i...| positive|             0.0|["""ardh, satya""...|["""ardh, satya""...|(1000,[2,3,10,20,...|(1000,[2,3,10,20,...|[-0.2589340645177...|[14.3922309914463...|[0.99999943826271...|       0.0|
|"""Crossfire"" is...| positive|             0.0|["""crossfire"", ...|["""crossfire"", ...|(1000,[3,5,7,8,11...|(1000,[3,5,7,8,11...|[-0.2589340645177...|[-6.4560585904256...|[0.00156851128887...|       1.0|
|"""Lost""; ""24""...| positive|             0.0|["""lost"";, ""24...|["""lost"";, ""24...|(1000,[0,14,27,31...|(1000,[0,14,27,31...|[2.35999904517600...|[1.58040539108776...|[0.82926192357931...|       0.0|
|"""Milo"" is yet ...| negative|             1.0|["""milo"", is, y...|["""milo"", yet, ...|(1000,[19,21,29,4...|(1000,[19,21,29,4...|[-0.2589340645177...|[-8.8428450039033...|[1.44390459333217...|       1.0|
|"""The Danish Bla...| negative|             1.0|["""the, danish, ...|["""the, danish, ...|(1000,[1,3,21,44,...|(1000,[1,3,21,44,...|[-0.2589340645177...|[4.35647501091280...|[0.98733884958998...|       0.0|
|"""ZZZZZZZZZZZZZZ...| negative|             1.0|["""zzzzzzzzzzzzz...|["""zzzzzzzzzzzzz...|(1000,[3,9,12,18,...|(1000,[3,9,12,18,...|[-0.2589340645177...|[-1.9479891832892...|[0.12477278285959...|       1.0|
|"'War movie' is a...| positive|             0.0|["'war, movie', i...|["'war, movie', h...|(1000,[3,13,15,17...|(1000,[3,13,15,17...|[-0.2589340645177...|[33.1795711996183...|[0.99999999999999...|       0.0|
|"<br /><br />I'm ...| negative|             1.0|["<br, /><br, />i...|["<br, /><br, />i...|(1000,[12,15,52,5...|(1000,[12,15,52,5...|[-0.2589340645177...|[-0.3952508076175...|[0.40245391728747...|       1.0|
|"A fabulous book ...| negative|             1.0|["a, fabulous, bo...|["a, fabulous, bo...|(1000,[3,71,101,1...|(1000,[3,71,101,1...|[-0.2589340645177...|[-0.0173121193369...|[0.49567207825847...|       1.0|
|"A film for matur...| positive|             0.0|["a, film, for, m...|["a, film, mature...|(1000,[3,9,14,18,...|(1000,[3,9,14,18,...|[-0.2589340645177...|[12.3385828045151...|[0.99999562054900...|       0.0|
|"A plot that fizz...| negative|             1.0|["a, plot, that, ...|["a, plot, fizzle...|(1000,[20,35,36,3...|(1000,[20,35,36,3...|[-0.2589340645177...|[-8.1456103178906...|[2.89921523145249...|       1.0|
|"A response to pr...| negative|             1.0|["a, response, to...|["a, response, pr...|(1000,[3,4,17,21,...|(1000,[3,4,17,21,...|[-0.2589340645177...|[1.68490699657668...|[0.84355320555951...|       0.0|
|"A wonderful litt...| positive|             0.0|["a, wonderful, l...|["a, wonderful, l...|(1000,[5,6,7,44,5...|(1000,[5,6,7,44,5...|[-0.2589340645177...|[-8.3094479030405...|[2.46119331398140...|       1.0|
|"Adenoid Hynkel; ...| negative|             1.0|["adenoid, hynkel...|["adenoid, hynkel...|(1000,[3,4,5,6,12...|(1000,[3,4,5,6,12...|[-0.2589340645177...|[22.5213029430885...|[0.99999999983437...|       0.0|
|"After a very sca...| negative|             1.0|["after, a, very,...|["after, scary;, ...|(1000,[29,30,41,4...|(1000,[29,30,41,4...|[-0.2589340645177...|[-0.0141646296977...|[0.49645890178155...|       1.0|
|"Ah; another movi...| negative|             1.0|["ah;, another, m...|["ah;, another, m...|(1000,[1,10,11,32...|(1000,[1,10,11,32...|[-0.2589340645177...|[-2.1001402147392...|[0.10908319381237...|       1.0|
|"All the way thou...| negative|             1.0|["all, the, way, ...|["all, way, thoug...|(1000,[1,6,11,14,...|(1000,[1,6,11,14,...|[-0.2589340645177...|[-6.6731458431127...|[0.00126281811124...|       1.0|
|"Although I lived...| positive|             0.0|["although, i, li...|["although, lived...|(1000,[3,7,24,36,...|(1000,[3,7,24,36,...|[-0.2589340645177...|[-13.472483211396...|[1.40920531251938...|       1.0|
|"Although it stra...| positive|             0.0|["although, it, s...|["although, stray...|(1000,[1,2,10,13,...|(1000,[1,2,10,13,...|[-0.2589340645177...|[6.72394620084677...|[0.99879965620289...|       0.0|
+--------------------+---------+----------------+--------------------+--------------------+--------------------+--------------------+--------------------+--------------------+--------------------+----------+
only showing top 20 rows

Training Error = 0.0
Test Error = 0.33676975945017185
InputFile: q2input2/smallset.csv
Number of Hashing Features: 1000
Use Scaling: 0
Use PCA: 1
pcaK: 5
Random Seed: 123
+--------------------+---------+----------------+--------------------+--------------------+--------------------+--------------------+--------------------+--------------------+--------------------+----------+
|              review|sentiment|indexedSentiment|               words|            filtered|         rawFeatures|               tfidf|         pcaFeatures|       rawPrediction|         probability|prediction|
+--------------------+---------+----------------+--------------------+--------------------+--------------------+--------------------+--------------------+--------------------+--------------------+----------+
|"""American Night...| negative|             1.0|["""american, nig...|["""american, nig...|(1000,[24,25,34,6...|(1000,[24,25,34,6...|[-8.4369836113632...|[0.13590499470947...|[0.53392404950407...|       0.0|
|"""Ardh Satya"" i...| positive|             0.0|["""ardh, satya""...|["""ardh, satya""...|(1000,[2,3,10,20,...|(1000,[2,3,10,20,...|[-15.487579651944...|[0.17985976749750...|[0.54484411647353...|       0.0|
|"""Crossfire"" is...| positive|             0.0|["""crossfire"", ...|["""crossfire"", ...|(1000,[3,5,7,8,11...|(1000,[3,5,7,8,11...|[-9.8737430101832...|[0.01821061162869...|[0.50455252709636...|       0.0|
|"""Lost""; ""24""...| positive|             0.0|["""lost"";, ""24...|["""lost"";, ""24...|(1000,[0,14,27,31...|(1000,[0,14,27,31...|[-4.1509254543186...|[0.02075609210672...|[0.50518883674213...|       0.0|
|"""Milo"" is yet ...| negative|             1.0|["""milo"", is, y...|["""milo"", yet, ...|(1000,[19,21,29,4...|(1000,[19,21,29,4...|[-6.7821640940962...|[-0.0245534365917...|[0.49386194922015...|       1.0|
|"""The Danish Bla...| negative|             1.0|["""the, danish, ...|["""the, danish, ...|(1000,[1,3,21,44,...|(1000,[1,3,21,44,...|[-4.4849827383283...|[0.04118882344490...|[0.51029575032422...|       0.0|
|"""ZZZZZZZZZZZZZZ...| negative|             1.0|["""zzzzzzzzzzzzz...|["""zzzzzzzzzzzzz...|(1000,[3,9,12,18,...|(1000,[3,9,12,18,...|[-4.8996003685041...|[0.00113674952217...|[0.50028418734994...|       0.0|
|"'War movie' is a...| positive|             0.0|["'war, movie', i...|["'war, movie', h...|(1000,[3,13,15,17...|(1000,[3,13,15,17...|[-24.686665268543...|[0.17500771781428...|[0.54364060199270...|       0.0|
|"<br /><br />I'm ...| negative|             1.0|["<br, /><br, />i...|["<br, /><br, />i...|(1000,[12,15,52,5...|(1000,[12,15,52,5...|[-5.3606751882408...|[0.06558131798956...|[0.51638945578822...|       0.0|
|"A fabulous book ...| negative|             1.0|["a, fabulous, bo...|["a, fabulous, bo...|(1000,[3,71,101,1...|(1000,[3,71,101,1...|[-4.9538673225144...|[0.10098155558119...|[0.52522395790196...|       0.0|
|"A film for matur...| positive|             0.0|["a, film, for, m...|["a, film, mature...|(1000,[3,9,14,18,...|(1000,[3,9,14,18,...|[-22.713497924436...|[0.09696230780532...|[0.52422160292584...|       0.0|
|"A plot that fizz...| negative|             1.0|["a, plot, that, ...|["a, plot, fizzle...|(1000,[20,35,36,3...|(1000,[20,35,36,3...|[-4.7824663381054...|[-0.1201525531407...|[0.46999794709299...|       1.0|
|"A response to pr...| negative|             1.0|["a, response, to...|["a, response, pr...|(1000,[3,4,17,21,...|(1000,[3,4,17,21,...|[-15.452398605957...|[0.16849691055830...|[0.54202484663927...|       0.0|
|"A wonderful litt...| positive|             0.0|["a, wonderful, l...|["a, wonderful, l...|(1000,[5,6,7,44,5...|(1000,[5,6,7,44,5...|[-6.1256420729742...|[0.05417580304512...|[0.51354063908873...|       0.0|
|"Adenoid Hynkel; ...| negative|             1.0|["adenoid, hynkel...|["adenoid, hynkel...|(1000,[3,4,5,6,12...|(1000,[3,4,5,6,12...|[-26.608736156833...|[0.18228707006699...|[0.54544599501297...|       0.0|
|"After a very sca...| negative|             1.0|["after, a, very,...|["after, scary;, ...|(1000,[29,30,41,4...|(1000,[29,30,41,4...|[-3.8067025693478...|[0.09521115432028...|[0.52378482351719...|       0.0|
|"Ah; another movi...| negative|             1.0|["ah;, another, m...|["ah;, another, m...|(1000,[1,10,11,32...|(1000,[1,10,11,32...|[-4.5301316956459...|[-0.0026795836835...|[0.49933010447994...|       1.0|
|"All the way thou...| negative|             1.0|["all, the, way, ...|["all, way, thoug...|(1000,[1,6,11,14,...|(1000,[1,6,11,14,...|[-8.8742831887997...|[0.03307061832041...|[0.50826690115825...|       0.0|
|"Although I lived...| positive|             0.0|["although, i, li...|["although, lived...|(1000,[3,7,24,36,...|(1000,[3,7,24,36,...|[-8.2425481335337...|[0.13310157087094...|[0.53322635394357...|       0.0|
|"Although it stra...| positive|             0.0|["although, it, s...|["although, stray...|(1000,[1,2,10,13,...|(1000,[1,2,10,13,...|[-13.209860574973...|[-0.0177964395333...|[0.49555100753728...|       1.0|
+--------------------+---------+----------------+--------------------+--------------------+--------------------+--------------------+--------------------+--------------------+--------------------+----------+
only showing top 20 rows

Training Error = 0.4759887005649718
Test Error = 0.5051546391752577
InputFile: q2input2/smallset.csv
Number of Hashing Features: 1000
Use Scaling: 0
Use PCA: 1
pcaK: 10
Random Seed: 123
+--------------------+---------+----------------+--------------------+--------------------+--------------------+--------------------+--------------------+--------------------+--------------------+----------+
|              review|sentiment|indexedSentiment|               words|            filtered|         rawFeatures|               tfidf|         pcaFeatures|       rawPrediction|         probability|prediction|
+--------------------+---------+----------------+--------------------+--------------------+--------------------+--------------------+--------------------+--------------------+--------------------+----------+
|"""American Night...| negative|             1.0|["""american, nig...|["""american, nig...|(1000,[24,25,34,6...|(1000,[24,25,34,6...|[-8.4369836113632...|[0.50967586067437...|[0.62473048557037...|       0.0|
|"""Ardh Satya"" i...| positive|             0.0|["""ardh, satya""...|["""ardh, satya""...|(1000,[2,3,10,20,...|(1000,[2,3,10,20,...|[-15.487579651944...|[0.87429459477834...|[0.70563852740328...|       0.0|
|"""Crossfire"" is...| positive|             0.0|["""crossfire"", ...|["""crossfire"", ...|(1000,[3,5,7,8,11...|(1000,[3,5,7,8,11...|[-9.8737430101832...|[-0.2205787103068...|[0.44507782842474...|       1.0|
|"""Lost""; ""24""...| positive|             0.0|["""lost"";, ""24...|["""lost"";, ""24...|(1000,[0,14,27,31...|(1000,[0,14,27,31...|[-4.1509254543186...|[-0.0093863670508...|[0.49765342546579...|       1.0|
|"""Milo"" is yet ...| negative|             1.0|["""milo"", is, y...|["""milo"", yet, ...|(1000,[19,21,29,4...|(1000,[19,21,29,4...|[-6.7821640940962...|[0.07419136410791...|[0.51853933787684...|       0.0|
|"""The Danish Bla...| negative|             1.0|["""the, danish, ...|["""the, danish, ...|(1000,[1,3,21,44,...|(1000,[1,3,21,44,...|[-4.4849827383283...|[0.09287308152778...|[0.52320159584055...|       0.0|
|"""ZZZZZZZZZZZZZZ...| negative|             1.0|["""zzzzzzzzzzzzz...|["""zzzzzzzzzzzzz...|(1000,[3,9,12,18,...|(1000,[3,9,12,18,...|[-4.8996003685041...|[0.19328241838502...|[0.54817073398832...|       0.0|
|"'War movie' is a...| positive|             0.0|["'war, movie', i...|["'war, movie', h...|(1000,[3,13,15,17...|(1000,[3,13,15,17...|[-24.686665268543...|[0.62104287834566...|[0.65045569779856...|       0.0|
|"<br /><br />I'm ...| negative|             1.0|["<br, /><br, />i...|["<br, /><br, />i...|(1000,[12,15,52,5...|(1000,[12,15,52,5...|[-5.3606751882408...|[-0.0036295089528...|[0.49909262375788...|       1.0|
|"A fabulous book ...| negative|             1.0|["a, fabulous, bo...|["a, fabulous, bo...|(1000,[3,71,101,1...|(1000,[3,71,101,1...|[-4.9538673225144...|[0.03292516586930...|[0.50823054794228...|       0.0|
|"A film for matur...| positive|             0.0|["a, film, for, m...|["a, film, mature...|(1000,[3,9,14,18,...|(1000,[3,9,14,18,...|[-22.713497924436...|[0.32141232571165...|[0.57966840813378...|       0.0|
|"A plot that fizz...| negative|             1.0|["a, plot, that, ...|["a, plot, fizzle...|(1000,[20,35,36,3...|(1000,[20,35,36,3...|[-4.7824663381054...|[-0.1616252024760...|[0.45968143037058...|       1.0|
|"A response to pr...| negative|             1.0|["a, response, to...|["a, response, pr...|(1000,[3,4,17,21,...|(1000,[3,4,17,21,...|[-15.452398605957...|[0.08716705008768...|[0.52177797500824...|       0.0|
|"A wonderful litt...| positive|             0.0|["a, wonderful, l...|["a, wonderful, l...|(1000,[5,6,7,44,5...|(1000,[5,6,7,44,5...|[-6.1256420729742...|[-0.1965869917828...|[0.45101092167096...|       1.0|
|"Adenoid Hynkel; ...| negative|             1.0|["adenoid, hynkel...|["adenoid, hynkel...|(1000,[3,4,5,6,12...|(1000,[3,4,5,6,12...|[-26.608736156833...|[0.59678041879819...|[0.64491937183544...|       0.0|
|"After a very sca...| negative|             1.0|["after, a, very,...|["after, scary;, ...|(1000,[29,30,41,4...|(1000,[29,30,41,4...|[-3.8067025693478...|[0.11718562878397...|[0.52926292716496...|       0.0|
|"Ah; another movi...| negative|             1.0|["ah;, another, m...|["ah;, another, m...|(1000,[1,10,11,32...|(1000,[1,10,11,32...|[-4.5301316956459...|[-0.0327090082578...|[0.49182347691355...|       1.0|
|"All the way thou...| negative|             1.0|["all, the, way, ...|["all, way, thoug...|(1000,[1,6,11,14,...|(1000,[1,6,11,14,...|[-8.8742831887997...|[-0.2271012917249...|[0.44346744068340...|       1.0|
|"Although I lived...| positive|             0.0|["although, i, li...|["although, lived...|(1000,[3,7,24,36,...|(1000,[3,7,24,36,...|[-8.2425481335337...|[-0.0465725448867...|[0.48835896782070...|       1.0|
|"Although it stra...| positive|             0.0|["although, it, s...|["although, stray...|(1000,[1,2,10,13,...|(1000,[1,2,10,13,...|[-13.209860574973...|[0.33733712656933...|[0.58354353447699...|       0.0|
+--------------------+---------+----------------+--------------------+--------------------+--------------------+--------------------+--------------------+--------------------+--------------------+----------+
only showing top 20 rows

Training Error = 0.42937853107344637
Test Error = 0.5189003436426116
InputFile: q2input2/smallset.csv
Number of Hashing Features: 1000
Use Scaling: 0
Use PCA: 1
pcaK: 50
Random Seed: 123
+--------------------+---------+----------------+--------------------+--------------------+--------------------+--------------------+--------------------+--------------------+--------------------+----------+
|              review|sentiment|indexedSentiment|               words|            filtered|         rawFeatures|               tfidf|         pcaFeatures|       rawPrediction|         probability|prediction|
+--------------------+---------+----------------+--------------------+--------------------+--------------------+--------------------+--------------------+--------------------+--------------------+----------+
|"""American Night...| negative|             1.0|["""american, nig...|["""american, nig...|(1000,[24,25,34,6...|(1000,[24,25,34,6...|[-8.4369836113632...|[0.75969423245734...|[0.68128734466522...|       0.0|
|"""Ardh Satya"" i...| positive|             0.0|["""ardh, satya""...|["""ardh, satya""...|(1000,[2,3,10,20,...|(1000,[2,3,10,20,...|[-15.487579651944...|[0.22921798286328...|[0.55705490460401...|       0.0|
|"""Crossfire"" is...| positive|             0.0|["""crossfire"", ...|["""crossfire"", ...|(1000,[3,5,7,8,11...|(1000,[3,5,7,8,11...|[-9.8737430101832...|[-0.6540646118719...|[0.34207417176463...|       1.0|
|"""Lost""; ""24""...| positive|             0.0|["""lost"";, ""24...|["""lost"";, ""24...|(1000,[0,14,27,31...|(1000,[0,14,27,31...|[-4.1509254543186...|[0.40815604893611...|[0.60064565166805...|       0.0|
|"""Milo"" is yet ...| negative|             1.0|["""milo"", is, y...|["""milo"", yet, ...|(1000,[19,21,29,4...|(1000,[19,21,29,4...|[-6.7821640940962...|[0.64116696130781...|[0.65501720614444...|       0.0|
|"""The Danish Bla...| negative|             1.0|["""the, danish, ...|["""the, danish, ...|(1000,[1,3,21,44,...|(1000,[1,3,21,44,...|[-4.4849827383283...|[-0.5762077286340...|[0.35980566127176...|       1.0|
|"""ZZZZZZZZZZZZZZ...| negative|             1.0|["""zzzzzzzzzzzzz...|["""zzzzzzzzzzzzz...|(1000,[3,9,12,18,...|(1000,[3,9,12,18,...|[-4.8996003685041...|[0.74819941005920...|[0.67878623312722...|       0.0|
|"'War movie' is a...| positive|             0.0|["'war, movie', i...|["'war, movie', h...|(1000,[3,13,15,17...|(1000,[3,13,15,17...|[-24.686665268543...|[1.39698512047962...|[0.80170503681670...|       0.0|
|"<br /><br />I'm ...| negative|             1.0|["<br, /><br, />i...|["<br, /><br, />i...|(1000,[12,15,52,5...|(1000,[12,15,52,5...|[-5.3606751882408...|[-0.3765906679831...|[0.40694944894922...|       1.0|
|"A fabulous book ...| negative|             1.0|["a, fabulous, bo...|["a, fabulous, bo...|(1000,[3,71,101,1...|(1000,[3,71,101,1...|[-4.9538673225144...|[-0.2250245311813...|[0.44398005363631...|       1.0|
|"A film for matur...| positive|             0.0|["a, film, for, m...|["a, film, mature...|(1000,[3,9,14,18,...|(1000,[3,9,14,18,...|[-22.713497924436...|[0.68144115555377...|[0.66406027245343...|       0.0|
|"A plot that fizz...| negative|             1.0|["a, plot, that, ...|["a, plot, fizzle...|(1000,[20,35,36,3...|(1000,[20,35,36,3...|[-4.7824663381054...|[-0.1913004484628...|[0.45232020620114...|       1.0|
|"A response to pr...| negative|             1.0|["a, response, to...|["a, response, pr...|(1000,[3,4,17,21,...|(1000,[3,4,17,21,...|[-15.452398605957...|[1.04421132233475...|[0.73966176584161...|       0.0|
|"A wonderful litt...| positive|             0.0|["a, wonderful, l...|["a, wonderful, l...|(1000,[5,6,7,44,5...|(1000,[5,6,7,44,5...|[-6.1256420729742...|[-0.9629737062928...|[0.27628320454736...|       1.0|
|"Adenoid Hynkel; ...| negative|             1.0|["adenoid, hynkel...|["adenoid, hynkel...|(1000,[3,4,5,6,12...|(1000,[3,4,5,6,12...|[-26.608736156833...|[-1.0031362314397...|[0.26832524786067...|       1.0|
|"After a very sca...| negative|             1.0|["after, a, very,...|["after, scary;, ...|(1000,[29,30,41,4...|(1000,[29,30,41,4...|[-3.8067025693478...|[0.28575858317043...|[0.57095744824571...|       0.0|
|"Ah; another movi...| negative|             1.0|["ah;, another, m...|["ah;, another, m...|(1000,[1,10,11,32...|(1000,[1,10,11,32...|[-4.5301316956459...|[0.17316374672299...|[0.54318308437904...|       0.0|
|"All the way thou...| negative|             1.0|["all, the, way, ...|["all, way, thoug...|(1000,[1,6,11,14,...|(1000,[1,6,11,14,...|[-8.8742831887997...|[-0.6394640736993...|[0.34536769631167...|       1.0|
|"Although I lived...| positive|             0.0|["although, i, li...|["although, lived...|(1000,[3,7,24,36,...|(1000,[3,7,24,36,...|[-8.2425481335337...|[0.07680079685549...|[0.51919076729936...|       0.0|
|"Although it stra...| positive|             0.0|["although, it, s...|["although, stray...|(1000,[1,2,10,13,...|(1000,[1,2,10,13,...|[-13.209860574973...|[0.24391006651027...|[0.56067699753867...|       0.0|
+--------------------+---------+----------------+--------------------+--------------------+--------------------+--------------------+--------------------+--------------------+--------------------+----------+
only showing top 20 rows

Training Error = 0.4067796610169492
Test Error = 0.42611683848797255
InputFile: q2input2/smallset.csv
Number of Hashing Features: 1000
Use Scaling: 0
Use PCA: 1
pcaK: 100
Random Seed: 123
+--------------------+---------+----------------+--------------------+--------------------+--------------------+--------------------+--------------------+--------------------+--------------------+----------+
|              review|sentiment|indexedSentiment|               words|            filtered|         rawFeatures|               tfidf|         pcaFeatures|       rawPrediction|         probability|prediction|
+--------------------+---------+----------------+--------------------+--------------------+--------------------+--------------------+--------------------+--------------------+--------------------+----------+
|"""American Night...| negative|             1.0|["""american, nig...|["""american, nig...|(1000,[24,25,34,6...|(1000,[24,25,34,6...|[-8.4369836113632...|[0.89787526048435...|[0.71051267237297...|       0.0|
|"""Ardh Satya"" i...| positive|             0.0|["""ardh, satya""...|["""ardh, satya""...|(1000,[2,3,10,20,...|(1000,[2,3,10,20,...|[-15.487579651944...|[-0.0126916941081...|[0.49682711906325...|       1.0|
|"""Crossfire"" is...| positive|             0.0|["""crossfire"", ...|["""crossfire"", ...|(1000,[3,5,7,8,11...|(1000,[3,5,7,8,11...|[-9.8737430101832...|[0.58797542095420...|[0.64290047853715...|       0.0|
|"""Lost""; ""24""...| positive|             0.0|["""lost"";, ""24...|["""lost"";, ""24...|(1000,[0,14,27,31...|(1000,[0,14,27,31...|[-4.1509254543186...|[1.33448771292383...|[0.79158198626064...|       0.0|
|"""Milo"" is yet ...| negative|             1.0|["""milo"", is, y...|["""milo"", yet, ...|(1000,[19,21,29,4...|(1000,[19,21,29,4...|[-6.7821640940962...|[-0.4390151998204...|[0.39197565242423...|       1.0|
|"""The Danish Bla...| negative|             1.0|["""the, danish, ...|["""the, danish, ...|(1000,[1,3,21,44,...|(1000,[1,3,21,44,...|[-4.4849827383283...|[-0.9405882759338...|[0.28078152890372...|       1.0|
|"""ZZZZZZZZZZZZZZ...| negative|             1.0|["""zzzzzzzzzzzzz...|["""zzzzzzzzzzzzz...|(1000,[3,9,12,18,...|(1000,[3,9,12,18,...|[-4.8996003685041...|[0.87391596309289...|[0.70555987463415...|       0.0|
|"'War movie' is a...| positive|             0.0|["'war, movie', i...|["'war, movie', h...|(1000,[3,13,15,17...|(1000,[3,13,15,17...|[-24.686665268543...|[5.20979861512675...|[0.99456690606577...|       0.0|
|"<br /><br />I'm ...| negative|             1.0|["<br, /><br, />i...|["<br, /><br, />i...|(1000,[12,15,52,5...|(1000,[12,15,52,5...|[-5.3606751882408...|[-2.1614358525438...|[0.10326741107849...|       1.0|
|"A fabulous book ...| negative|             1.0|["a, fabulous, bo...|["a, fabulous, bo...|(1000,[3,71,101,1...|(1000,[3,71,101,1...|[-4.9538673225144...|[-0.6419146492000...|[0.34481385866065...|       1.0|
|"A film for matur...| positive|             0.0|["a, film, for, m...|["a, film, mature...|(1000,[3,9,14,18,...|(1000,[3,9,14,18,...|[-22.713497924436...|[-1.9105570504546...|[0.12891828336192...|       1.0|
|"A plot that fizz...| negative|             1.0|["a, plot, that, ...|["a, plot, fizzle...|(1000,[20,35,36,3...|(1000,[20,35,36,3...|[-4.7824663381054...|[-0.2165148208826...|[0.44608176497670...|       1.0|
|"A response to pr...| negative|             1.0|["a, response, to...|["a, response, pr...|(1000,[3,4,17,21,...|(1000,[3,4,17,21,...|[-15.452398605957...|[1.20607317580210...|[0.76960340538136...|       0.0|
|"A wonderful litt...| positive|             0.0|["a, wonderful, l...|["a, wonderful, l...|(1000,[5,6,7,44,5...|(1000,[5,6,7,44,5...|[-6.1256420729742...|[-1.7839409062644...|[0.14381719381571...|       1.0|
|"Adenoid Hynkel; ...| negative|             1.0|["adenoid, hynkel...|["adenoid, hynkel...|(1000,[3,4,5,6,12...|(1000,[3,4,5,6,12...|[-26.608736156833...|[-1.6172654673244...|[0.16558234100787...|       1.0|
|"After a very sca...| negative|             1.0|["after, a, very,...|["after, scary;, ...|(1000,[29,30,41,4...|(1000,[29,30,41,4...|[-3.8067025693478...|[1.24970996625206...|[0.77724965090665...|       0.0|
|"Ah; another movi...| negative|             1.0|["ah;, another, m...|["ah;, another, m...|(1000,[1,10,11,32...|(1000,[1,10,11,32...|[-4.5301316956459...|[0.25331715001120...|[0.56299279545284...|       0.0|
|"All the way thou...| negative|             1.0|["all, the, way, ...|["all, way, thoug...|(1000,[1,6,11,14,...|(1000,[1,6,11,14,...|[-8.8742831887997...|[0.47304661340760...|[0.61610459497217...|       0.0|
|"Although I lived...| positive|             0.0|["although, i, li...|["although, lived...|(1000,[3,7,24,36,...|(1000,[3,7,24,36,...|[-8.2425481335337...|[-0.1376267645230...|[0.46564751465657...|       1.0|
|"Although it stra...| positive|             0.0|["although, it, s...|["although, stray...|(1000,[1,2,10,13,...|(1000,[1,2,10,13,...|[-13.209860574973...|[0.75688444170833...|[0.68067693050480...|       0.0|
+--------------------+---------+----------------+--------------------+--------------------+--------------------+--------------------+--------------------+--------------------+--------------------+----------+
only showing top 20 rows

Training Error = 0.3545197740112994
Test Error = 0.45704467353951894
InputFile: q2input2/smallset.csv
Number of Hashing Features: 1000
Use Scaling: 1
Use PCA: 1
pcaK: 100
Random Seed: 123
+--------------------+---------+----------------+--------------------+--------------------+--------------------+--------------------+--------------------+--------------------+--------------------+--------------------+----------+
|              review|sentiment|indexedSentiment|               words|            filtered|         rawFeatures|               tfidf|         pcaFeatures|      scaledFeatures|       rawPrediction|         probability|prediction|
+--------------------+---------+----------------+--------------------+--------------------+--------------------+--------------------+--------------------+--------------------+--------------------+--------------------+----------+
|"""American Night...| negative|             1.0|["""american, nig...|["""american, nig...|(1000,[24,25,34,6...|(1000,[24,25,34,6...|[-8.4369836113632...|[-0.0287115585533...|[0.89785765662956...|[0.71050905152098...|       0.0|
|"""Ardh Satya"" i...| positive|             0.0|["""ardh, satya""...|["""ardh, satya""...|(1000,[2,3,10,20,...|(1000,[2,3,10,20,...|[-15.487579651944...|[-1.0693599988790...|[-0.0126980355593...|[0.49682553376431...|       1.0|
|"""Crossfire"" is...| positive|             0.0|["""crossfire"", ...|["""crossfire"", ...|(1000,[3,5,7,8,11...|(1000,[3,5,7,8,11...|[-9.8737430101832...|[-0.2407732649537...|[0.58798615381804...|[0.64290294257838...|       0.0|
|"""Lost""; ""24""...| positive|             0.0|["""lost"";, ""24...|["""lost"";, ""24...|(1000,[0,14,27,31...|(1000,[0,14,27,31...|[-4.1509254543186...|[0.60389874993703...|[1.33448154891451...|[0.79158096932090...|       0.0|
|"""Milo"" is yet ...| negative|             1.0|["""milo"", is, y...|["""milo"", yet, ...|(1000,[19,21,29,4...|(1000,[19,21,29,4...|[-6.7821640940962...|[0.21553521714507...|[-0.4389884682299...|[0.39198202340237...|       1.0|
|"""The Danish Bla...| negative|             1.0|["""the, danish, ...|["""the, danish, ...|(1000,[1,3,21,44,...|(1000,[1,3,21,44,...|[-4.4849827383283...|[0.55459282039814...|[-0.9405889729560...|[0.28078138814481...|       1.0|
|"""ZZZZZZZZZZZZZZ...| negative|             1.0|["""zzzzzzzzzzzzz...|["""zzzzzzzzzzzzz...|(1000,[3,9,12,18,...|(1000,[3,9,12,18,...|[-4.8996003685041...|[0.49339640697570...|[0.87392088894319...|[0.70556089795457...|       0.0|
|"'War movie' is a...| positive|             0.0|["'war, movie', i...|["'war, movie', h...|(1000,[3,13,15,17...|(1000,[3,13,15,17...|[-24.686665268543...|[-2.4271195477506...|[5.20986860897724...|[0.99456728426973...|       0.0|
|"<br /><br />I'm ...| negative|             1.0|["<br, /><br, />i...|["<br, /><br, />i...|(1000,[12,15,52,5...|(1000,[12,15,52,5...|[-5.3606751882408...|[0.42534304109418...|[-2.1614661904057...|[0.10326460172761...|       1.0|
|"A fabulous book ...| negative|             1.0|["a, fabulous, bo...|["a, fabulous, bo...|(1000,[3,71,101,1...|(1000,[3,71,101,1...|[-4.9538673225144...|[0.48538675492260...|[-0.6418878065744...|[0.34481992289837...|       1.0|
|"A film for matur...| positive|             0.0|["a, film, for, m...|["a, film, mature...|(1000,[3,9,14,18,...|(1000,[3,9,14,18,...|[-22.713497924436...|[-2.1358855148649...|[-1.9105868673521...|[0.12891493501029...|       1.0|
|"A plot that fizz...| negative|             1.0|["a, plot, that, ...|["a, plot, fizzle...|(1000,[20,35,36,3...|(1000,[20,35,36,3...|[-4.7824663381054...|[0.51068506531633...|[-0.2164912272587...|[0.44608759479928...|       1.0|
|"A response to pr...| negative|             1.0|["a, response, to...|["a, response, pr...|(1000,[3,4,17,21,...|(1000,[3,4,17,21,...|[-15.452398605957...|[-1.0641673739682...|[1.20622580171417...|[0.76963046697932...|       0.0|
|"A wonderful litt...| positive|             0.0|["a, wonderful, l...|["a, wonderful, l...|(1000,[5,6,7,44,5...|(1000,[5,6,7,44,5...|[-6.1256420729742...|[0.31243604842057...|[-1.7839686038570...|[0.14381378333929...|       1.0|
|"Adenoid Hynkel; ...| negative|             1.0|["adenoid, hynkel...|["adenoid, hynkel...|(1000,[3,4,5,6,12...|(1000,[3,4,5,6,12...|[-26.608736156833...|[-2.7108118853320...|[-1.6172257799029...|[0.16558782448645...|       1.0|
|"After a very sca...| negative|             1.0|["after, a, very,...|["after, scary;, ...|(1000,[29,30,41,4...|(1000,[29,30,41,4...|[-3.8067025693478...|[0.65470509401169...|[1.24965610725957...|[0.77724032601834...|       0.0|
|"Ah; another movi...| negative|             1.0|["ah;, another, m...|["ah;, another, m...|(1000,[1,10,11,32...|(1000,[1,10,11,32...|[-4.5301316956459...|[0.54792895939341...|[0.25330167066608...|[0.56298898703631...|       0.0|
|"All the way thou...| negative|             1.0|["all, the, way, ...|["all, way, thoug...|(1000,[1,6,11,14,...|(1000,[1,6,11,14,...|[-8.8742831887997...|[-0.0932557645460...|[0.47299289105086...|[0.61609188849598...|       0.0|
|"Although I lived...| positive|             0.0|["although, i, li...|["although, lived...|(1000,[3,7,24,36,...|(1000,[3,7,24,36,...|[-8.2425481335337...|[-1.3420753035032...|[-0.1375725710400...|[0.46566099909905...|       1.0|
|"Although it stra...| positive|             0.0|["although, it, s...|["although, stray...|(1000,[1,2,10,13,...|(1000,[1,2,10,13,...|[-13.209860574973...|[-0.7331749740516...|[0.75678389600264...|[0.68065507591080...|       0.0|
+--------------------+---------+----------------+--------------------+--------------------+--------------------+--------------------+--------------------+--------------------+--------------------+--------------------+----------+
only showing top 20 rows

Training Error = 0.3545197740112994
Test Error = 0.45704467353951894
