InputFile: q2input2/smallset.csv
Use Scaling: 0
Use PCA: 0
pcaK: 1
Random Seed: 123
VectorSize: 20
+--------------------+---------+----------------+--------------------+--------------------+--------------------+--------------------+----------+
|              review|sentiment|indexedSentiment|               words|             wordvec|       rawPrediction|         probability|prediction|
+--------------------+---------+----------------+--------------------+--------------------+--------------------+--------------------+----------+
|"""American Night...| negative|             1.0|["""american, nig...|[0.06248469714307...|[0.76748606447788...|[0.68297682827579...|       0.0|
|"""Ardh Satya"" i...| positive|             0.0|["""ardh, satya""...|[0.09538658282530...|[0.68449039239932...|[0.66474016844744...|       0.0|
|"""Crossfire"" is...| positive|             0.0|["""crossfire"", ...|[0.05244289444917...|[1.87510524517036...|[0.86704789249675...|       0.0|
|"""Lost""; ""24""...| positive|             0.0|["""lost"";, ""24...|[0.07254058221436...|[0.16733445352402...|[0.54173627131680...|       0.0|
|"""Milo"" is yet ...| negative|             1.0|["""milo"", is, y...|[0.02259713608667...|[-0.6990164627618...|[0.33203032675901...|       1.0|
|"""The Danish Bla...| negative|             1.0|["""the, danish, ...|[0.03757721812726...|[0.25497444092932...|[0.56340049924254...|       0.0|
|"""ZZZZZZZZZZZZZZ...| negative|             1.0|["""zzzzzzzzzzzzz...|[0.05390243038903...|[-1.5375244613710...|[0.17689543345739...|       1.0|
|"'War movie' is a...| positive|             0.0|["'war, movie', i...|[0.08413938350551...|[1.12863071811497...|[0.75558611445841...|       0.0|
|"<br /><br />I'm ...| negative|             1.0|["<br, /><br, />i...|[-0.0156999737309...|[0.97108074463751...|[0.72533486070248...|       0.0|
|"A fabulous book ...| negative|             1.0|["a, fabulous, bo...|[0.07344453115652...|[0.34974203354643...|[0.58655502132687...|       0.0|
|"A film for matur...| positive|             0.0|["a, film, for, m...|[0.08874780981035...|[0.48104661731049...|[0.61799498773025...|       0.0|
|"A plot that fizz...| negative|             1.0|["a, plot, that, ...|[0.06664003036522...|[-0.0814933110745...|[0.47963793995869...|       1.0|
|"A response to pr...| negative|             1.0|["a, response, to...|[0.10682045303604...|[0.20139693712467...|[0.55017973827690...|       0.0|
|"A wonderful litt...| positive|             0.0|["a, wonderful, l...|[0.06938376276032...|[0.75890878433264...|[0.68111677218690...|       0.0|
|"Adenoid Hynkel; ...| negative|             1.0|["adenoid, hynkel...|[0.06833742194245...|[0.73646391271565...|[0.67622212785964...|       0.0|
|"After a very sca...| negative|             1.0|["after, a, very,...|[0.06481700409940...|[1.71192704437984...|[0.84708606371771...|       0.0|
|"Ah; another movi...| negative|             1.0|["ah;, another, m...|[0.05220585653260...|[-0.2459552235872...|[0.43881930552420...|       1.0|
|"All the way thou...| negative|             1.0|["all, the, way, ...|[0.02377602313118...|[-1.0872897280466...|[0.25212898375878...|       1.0|
|"Although I lived...| positive|             0.0|["although, i, li...|[0.07129297043680...|[1.54060094326275...|[0.82355206770584...|       0.0|
|"Although it stra...| positive|             0.0|["although, it, s...|[0.03691487989311...|[1.25582308736555...|[0.77830623759145...|       0.0|
+--------------------+---------+----------------+--------------------+--------------------+--------------------+--------------------+----------+
only showing top 20 rows

Training Error = 0.3389830508474576
Test Error = 0.36769759450171824
InputFile: q2input2/smallset.csv
Use Scaling: 0
Use PCA: 0
pcaK: 1
Random Seed: 123
VectorSize: 100
+--------------------+---------+----------------+--------------------+--------------------+--------------------+--------------------+----------+
|              review|sentiment|indexedSentiment|               words|             wordvec|       rawPrediction|         probability|prediction|
+--------------------+---------+----------------+--------------------+--------------------+--------------------+--------------------+----------+
|"""American Night...| negative|             1.0|["""american, nig...|[0.00648911825665...|[0.67828069032311...|[0.66335485733513...|       0.0|
|"""Ardh Satya"" i...| positive|             0.0|["""ardh, satya""...|[0.01857366043456...|[0.18671900324728...|[0.54654460179338...|       0.0|
|"""Crossfire"" is...| positive|             0.0|["""crossfire"", ...|[0.00294852949190...|[1.92967848771374...|[0.87321382906132...|       0.0|
|"""Lost""; ""24""...| positive|             0.0|["""lost"";, ""24...|[-3.8754538400098...|[0.21417730466923...|[0.55334057899942...|       0.0|
|"""Milo"" is yet ...| negative|             1.0|["""milo"", is, y...|[-0.0155558659024...|[-0.5976291841678...|[0.35488628618981...|       1.0|
|"""The Danish Bla...| negative|             1.0|["""the, danish, ...|[-0.0084282114043...|[0.26182120644610...|[0.56508393186866...|       0.0|
|"""ZZZZZZZZZZZZZZ...| negative|             1.0|["""zzzzzzzzzzzzz...|[-0.0146136638823...|[-1.2389188182632...|[0.22462423712957...|       1.0|
|"'War movie' is a...| positive|             0.0|["'war, movie', i...|[0.01437218225067...|[1.15268753653437...|[0.76000146404805...|       0.0|
|"<br /><br />I'm ...| negative|             1.0|["<br, /><br, />i...|[-0.0207441274808...|[0.81661572470474...|[0.69351748054049...|       0.0|
|"A fabulous book ...| negative|             1.0|["a, fabulous, bo...|[0.00679568203988...|[0.16075937047290...|[0.54010351161988...|       0.0|
|"A film for matur...| positive|             0.0|["a, film, for, m...|[0.00908484264667...|[0.23955352330633...|[0.55960361917295...|       0.0|
|"A plot that fizz...| negative|             1.0|["a, plot, that, ...|[-9.6151055600225...|[-0.4162824571741...|[0.39740666681140...|       1.0|
|"A response to pr...| negative|             1.0|["a, response, to...|[0.01481048322611...|[0.49131815439123...|[0.62041690663323...|       0.0|
|"A wonderful litt...| positive|             0.0|["a, wonderful, l...|[0.00607392532922...|[0.59964246632455...|[0.64557450389627...|       0.0|
|"Adenoid Hynkel; ...| negative|             1.0|["adenoid, hynkel...|[0.01197144838031...|[0.99600633614434...|[0.73027265247390...|       0.0|
|"After a very sca...| negative|             1.0|["after, a, very,...|[0.00132328819997...|[2.01846600110097...|[0.88272229717966...|       0.0|
|"Ah; another movi...| negative|             1.0|["ah;, another, m...|[-0.0079913277705...|[-0.2985215835626...|[0.42591893408898...|       1.0|
|"All the way thou...| negative|             1.0|["all, the, way, ...|[-0.0186137393978...|[-0.9612024957812...|[0.27663749979476...|       1.0|
|"Although I lived...| positive|             0.0|["although, i, li...|[0.00300796905603...|[1.45527041927281...|[0.81080823168838...|       0.0|
|"Although it stra...| positive|             0.0|["although, it, s...|[-0.0064821134728...|[1.51598283306089...|[0.81994617044828...|       0.0|
+--------------------+---------+----------------+--------------------+--------------------+--------------------+--------------------+----------+
only showing top 20 rows

Training Error = 0.3531073446327684
Test Error = 0.4020618556701031
InputFile: q2input2/smallset.csv
Use Scaling: 0
Use PCA: 0
pcaK: 1
Random Seed: 123
VectorSize: 200
+--------------------+---------+----------------+--------------------+--------------------+--------------------+--------------------+----------+
|              review|sentiment|indexedSentiment|               words|             wordvec|       rawPrediction|         probability|prediction|
+--------------------+---------+----------------+--------------------+--------------------+--------------------+--------------------+----------+
|"""American Night...| negative|             1.0|["""american, nig...|[0.00174920040321...|[0.85027739443587...|[0.70062532904976...|       0.0|
|"""Ardh Satya"" i...| positive|             0.0|["""ardh, satya""...|[-1.5636403246790...|[0.35103102112316...|[0.58686757650584...|       0.0|
|"""Crossfire"" is...| positive|             0.0|["""crossfire"", ...|[-0.0029254372411...|[1.94051633411366...|[0.87440885723093...|       0.0|
|"""Lost""; ""24""...| positive|             0.0|["""lost"";, ""24...|[-0.0030216817060...|[0.19050932379864...|[0.54748380376348...|       0.0|
|"""Milo"" is yet ...| negative|             1.0|["""milo"", is, y...|[-0.0078553406605...|[-0.8214884198262...|[0.30544780104991...|       1.0|
|"""The Danish Bla...| negative|             1.0|["""the, danish, ...|[-0.0126547348146...|[0.44254895693367...|[0.60886622827599...|       0.0|
|"""ZZZZZZZZZZZZZZ...| negative|             1.0|["""zzzzzzzzzzzzz...|[-0.0106945584509...|[-1.4051472982565...|[0.19700058324330...|       1.0|
|"'War movie' is a...| positive|             0.0|["'war, movie', i...|[-0.0016504814559...|[1.35331191715088...|[0.79467055868870...|       0.0|
|"<br /><br />I'm ...| negative|             1.0|["<br, /><br, />i...|[-0.0055827956718...|[0.88603720939488...|[0.70807171525771...|       0.0|
|"A fabulous book ...| negative|             1.0|["a, fabulous, bo...|[-0.0023695046399...|[0.36365808865129...|[0.58992566484450...|       0.0|
|"A film for matur...| positive|             0.0|["a, film, for, m...|[0.00214645669335...|[0.36146396685664...|[0.58939477290025...|       0.0|
|"A plot that fizz...| negative|             1.0|["a, plot, that, ...|[-0.0044327104456...|[-0.3913833494428...|[0.40338433188941...|       1.0|
|"A response to pr...| negative|             1.0|["a, response, to...|[-0.0055821951076...|[0.66669094570035...|[0.66076181106939...|       0.0|
|"A wonderful litt...| positive|             0.0|["a, wonderful, l...|[-0.0021349941507...|[0.82885062123407...|[0.69611184489359...|       0.0|
|"Adenoid Hynkel; ...| negative|             1.0|["adenoid, hynkel...|[-0.0061816205307...|[1.19350913927816...|[0.76736808344426...|       0.0|
|"After a very sca...| negative|             1.0|["after, a, very,...|[0.00266107019246...|[1.91914486250126...|[0.87204304439496...|       0.0|
|"Ah; another movi...| negative|             1.0|["ah;, another, m...|[-0.0053460757457...|[-0.2633878398136...|[0.43453108525283...|       1.0|
|"All the way thou...| negative|             1.0|["all, the, way, ...|[-0.0180496773720...|[-1.0318544365041...|[0.26272474095743...|       1.0|
|"Although I lived...| positive|             0.0|["although, i, li...|[-0.0034481462809...|[1.76353634360876...|[0.85365200926841...|       0.0|
|"Although it stra...| positive|             0.0|["although, it, s...|[-0.0064198851291...|[1.69053907690763...|[0.84429504057904...|       0.0|
+--------------------+---------+----------------+--------------------+--------------------+--------------------+--------------------+----------+
only showing top 20 rows

Training Error = 0.3389830508474576
Test Error = 0.41237113402061853
InputFile: q2input2/smallset.csv
Use Scaling: 0
Use PCA: 0
pcaK: 1
Random Seed: 123
VectorSize: 500
+--------------------+---------+----------------+--------------------+--------------------+--------------------+--------------------+----------+
|              review|sentiment|indexedSentiment|               words|             wordvec|       rawPrediction|         probability|prediction|
+--------------------+---------+----------------+--------------------+--------------------+--------------------+--------------------+----------+
|"""American Night...| negative|             1.0|["""american, nig...|[-0.0139017993678...|[0.75866834801963...|[0.68106454793563...|       0.0|
|"""Ardh Satya"" i...| positive|             0.0|["""ardh, satya""...|[-0.0135403492820...|[0.56957671298004...|[0.63866549814226...|       0.0|
|"""Crossfire"" is...| positive|             0.0|["""crossfire"", ...|[-0.0143358171900...|[1.87315611914566...|[0.86682304455788...|       0.0|
|"""Lost""; ""24""...| positive|             0.0|["""lost"";, ""24...|[-0.0134446498087...|[0.10844530532787...|[0.52708478757420...|       0.0|
|"""Milo"" is yet ...| negative|             1.0|["""milo"", is, y...|[-0.0079219922556...|[-0.6829881893664...|[0.33559469634438...|       1.0|
|"""The Danish Bla...| negative|             1.0|["""the, danish, ...|[-0.0064183851696...|[0.31740144701597...|[0.57869083466495...|       0.0|
|"""ZZZZZZZZZZZZZZ...| negative|             1.0|["""zzzzzzzzzzzzz...|[-0.0063589117634...|[-1.1235932505572...|[0.24534538091773...|       1.0|
|"'War movie' is a...| positive|             0.0|["'war, movie', i...|[-0.0162680118898...|[1.10560921328044...|[0.75130962718120...|       0.0|
|"<br /><br />I'm ...| negative|             1.0|["<br, /><br, />i...|[-0.0088826891813...|[1.15275742627410...|[0.76001421165172...|       0.0|
|"A fabulous book ...| negative|             1.0|["a, fabulous, bo...|[-0.0166726214048...|[0.30259851237447...|[0.57507762154773...|       0.0|
|"A film for matur...| positive|             0.0|["a, film, for, m...|[-0.0142068946785...|[0.42363408550865...|[0.60435252674575...|       0.0|
|"A plot that fizz...| negative|             1.0|["a, plot, that, ...|[-0.0166474991296...|[-0.2289484994100...|[0.44301159004199...|       1.0|
|"A response to pr...| negative|             1.0|["a, response, to...|[-0.0158596204724...|[0.11181067756852...|[0.52792358459701...|       0.0|
|"A wonderful litt...| positive|             0.0|["a, wonderful, l...|[-0.0143516628809...|[0.19673958854853...|[0.54902686101642...|       0.0|
|"Adenoid Hynkel; ...| negative|             1.0|["adenoid, hynkel...|[-0.0142570200756...|[0.86849028711606...|[0.70443146107703...|       0.0|
|"After a very sca...| negative|             1.0|["after, a, very,...|[-0.0111904035939...|[2.11872744574090...|[0.89271010672589...|       0.0|
|"Ah; another movi...| negative|             1.0|["ah;, another, m...|[-0.0077253004187...|[-0.0863029831066...|[0.47843763597102...|       1.0|
|"All the way thou...| negative|             1.0|["all, the, way, ...|[-0.0029236998953...|[-1.1279461218129...|[0.24454033598947...|       1.0|
|"Although I lived...| positive|             0.0|["although, i, li...|[-0.0118922162069...|[1.72696212568891...|[0.84902343023044...|       0.0|
|"Although it stra...| positive|             0.0|["although, it, s...|[-0.0114602485114...|[1.82652381236377...|[0.86134709296609...|       0.0|
+--------------------+---------+----------------+--------------------+--------------------+--------------------+--------------------+----------+
only showing top 20 rows

Training Error = 0.3347457627118644
Test Error = 0.37800687285223367
