http://co246a-1.ecs.vuw.ac.nz:8042/node/containerlogs/container_1617755808746_1736_01_000001/wilesgeor/stdout/?start=0

appName=q2.George_SparkLoadLinearRegression,
 algorithm=LinearRegression,
 train=resources/kaggle-news-train.csv,
 test=resources/kaggle-news-test.csv,
 seed=1,
 features=1000,
 pca=PCA,
 pcaFeature=12
 useScalar=1

PCA = true
SCALAR = true
+-----------+--------------------+--------------------+------------+--------------------+--------------------+--------------------+--------------------+--------------------+--------------------+--------------------+--------------------+--------------------+--------------------+--------------------+--------------------+--------------------+--------------------+----------+
|Class Index|               Title|         Description|indexedLabel|sentence_words_clean| sentence_stop_words|      sw_rawFeatures|     sw_idf_features|   title_words_clean|    title_stop_words|      tw_rawFeatures|     tw_idf_features|     sw_pca_features|     tw_pca_features|            features|      scaledFeatures|       rawPrediction|         probability|prediction|
+-----------+--------------------+--------------------+------------+--------------------+--------------------+--------------------+--------------------+--------------------+--------------------+--------------------+--------------------+--------------------+--------------------+--------------------+--------------------+--------------------+--------------------+----------+
|          3|Wall St. Bears Cl...|Reuters - Short-s...|         2.0|[reuters, short, ...|[reuters, short, ...|(1000,[14,25,39,1...|(1000,[14,25,39,1...|[wall, st, bears,...|[wall, st, bears,...|(1000,[149,263,40...|(1000,[149,263,40...|[0.54186923120472...|[0.03303849239542...|[0.03303849239542...|[0.20374186138128...|[7.03840787707238...|[0.71804412561893...|       0.0|
|          3|Carlyle Looks Tow...|Reuters - Private...|         2.0|[reuters, private...|[reuters, private...|(1000,[10,21,30,3...|(1000,[10,21,30,3...|[carlyle, looks, ...|[carlyle, looks, ...|(1000,[11,21,173,...|(1000,[11,21,173,...|[0.33878130619155...|[0.01197517420230...|[0.01197517420230...|[0.19228276719581...|[6.04156979969799...|[0.47330201577677...|       0.0|
|          3|Oil and Economy C...|Reuters - Soaring...|         2.0|[reuters, soaring...|[reuters, soaring...|(1000,[97,122,129...|(1000,[97,122,129...|[oil, and, econom...|[oil, economy, cl...|(1000,[91,129,206...|(1000,[91,129,206...|[1.00736850744432...|[0.03198263271924...|[0.03198263271924...|[0.20316744118001...|[5.31517939800804...|[0.02651115171325...|       2.0|
|          3|Iraq Halts Oil Ex...|Reuters - Authori...|         2.0|[reuters, authori...|[reuters, authori...|(1000,[34,74,128,...|(1000,[34,74,128,...|[iraq, halts, oil...|[iraq, halts, oil...|(1000,[113,263,60...|(1000,[113,263,60...|[0.57052590185698...|[-0.0011471825076...|[-0.0011471825076...|[0.18514380076630...|[3.36707129589320...|[0.01008394092726...|       3.0|
|          3|Oil prices soar t...|AFP - Tearaway wo...|         2.0|[afp, tearaway, w...|[afp, tearaway, w...|(1000,[25,144,150...|(1000,[25,144,150...|[oil, prices, soa...|[oil, prices, soa...|(1000,[25,157,208...|(1000,[25,157,208...|[0.54339326098107...|[-0.0862756750379...|[-0.0862756750379...|[0.13883127750536...|[2.95121762398766...|[0.00571404374068...|       2.0|
|          3|Stocks End Up, Bu...|Reuters - Stocks ...|         2.0|[reuters, stocks,...|[reuters, stocks,...|(1000,[1,129,151,...|(1000,[1,129,151,...|[stocks, end, up,...|[stocks, end, nea...|(1000,[206,263,28...|(1000,[206,263,28...|[2.31635001066328...|[0.00799455253461...|[0.00799455253461...|[0.19011718634153...|[5.13500974564189...|[0.02298838573725...|       2.0|
|          3|Money Funds Fell ...|AP - Assets of th...|         2.0|[ap, assets, of, ...|[ap, assets, nati...|(1000,[31,122,130...|(1000,[31,122,130...|[money, funds, fe...|[money, funds, fe...|(1000,[122,242,30...|(1000,[122,242,30...|[0.20827290998341...|[0.01511221681467...|[0.01511221681467...|[0.19398941504823...|[5.37514192187931...|[0.22856861312484...|       2.0|
|          3|Fed minutes show ...|USATODAY.com - Re...|         2.0|[usatoday, com, r...|[usatoday, com, r...|(1000,[25,122,221...|(1000,[25,122,221...|[fed, minutes, sh...|[fed, minutes, sh...|(1000,[19,187,221...|(1000,[19,187,221...|[1.20590032793662...|[-0.0113761172114...|[-0.0113761172114...|[0.17957894507199...|[4.33904209450987...|[0.09618196659612...|       2.0|
|          3|Safety Net (Forbe...|"Forbes.com - Aft...|         2.0|[forbes, com, aft...|[forbes, com, ear...|(1000,[8,41,82,94...|(1000,[8,41,82,94...|[safety, net, for...|[safety, net, for...|(1000,[18,221,254...|(1000,[18,221,254...|[0.47679410401250...|[3.62959948080536...|[3.62959948080536...|[0.18596536479886...|[4.81929517179301...|[0.22891322575297...|       2.0|
|          3|Wall St. Bears Cl...| NEW YORK (Reuter...|         2.0|[new, york, reute...|[new, york, reute...|(1000,[14,25,39,1...|(1000,[14,25,39,1...|[wall, st, bears,...|[wall, st, bears,...|(1000,[149,404,43...|(1000,[149,404,43...|[0.83484224094360...|[9.43182828225252...|[9.43182828225252...|[0.18628102392584...|[5.86961090222905...|[0.36264551227119...|       2.0|
|          3|Oil and Economy C...| NEW YORK (Reuter...|         2.0|[new, york, reute...|[new, york, reute...|(1000,[25,97,122,...|(1000,[25,97,122,...|[oil, and, econom...|[oil, economy, cl...|(1000,[91,129,206...|(1000,[91,129,206...|[1.30034151718319...|[-1.1267684794876...|[-1.1267684794876...|[0.18570660372457...|[4.14638242316471...|[0.00573394377421...|       2.0|
|          3|No Need for OPEC ...| TEHRAN (Reuters)...|         2.0|[tehran, reuters,...|[tehran, reuters,...|(1000,[57,84,128,...|(1000,[57,84,128,...|[no, need, for, o...|[need, opec, pump...|(1000,[140,537,61...|(1000,[140,537,61...|[1.85129982185132...|[-0.0292460147074...|[-0.0292460147074...|[0.16985717015440...|[3.59773195963764...|[0.02274266140077...|       2.0|
|          3|Non-OPEC Nations ...| JAKARTA (Reuters...|         2.0|[jakarta, reuters...|[jakarta, reuters...|(1000,[44,122,145...|(1000,[44,122,145...|[non, opec, natio...|[non, opec, natio...|(1000,[122,200,22...|(1000,[122,200,22...|[0.91582081738080...|[-0.0268494740797...|[-0.0268494740797...|[0.17116096210780...|[3.92440015985845...|[0.03293528150399...|       2.0|
|          3|Google IPO Auctio...| WASHINGTON/NEW Y...|         2.0|[washington, new,...|[washington, new,...|(1000,[7,25,113,1...|(1000,[7,25,113,1...|[google, ipo, auc...|[google, ipo, auc...|(1000,[201,596,74...|(1000,[201,596,74...|[1.15655107201178...|[0.00852919139428...|[0.00852919139428...|[0.19040804635665...|[8.49478610644174...|[0.69623514738518...|       0.0|
|          3|Dollar Falls Broa...| NEW YORK (Reuter...|         2.0|[new, york, reute...|[new, york, reute...|(1000,[25,46,167,...|(1000,[25,46,167,...|[dollar, falls, b...|[dollar, falls, b...|(1000,[286,346,53...|(1000,[286,346,53...|[0.84760637007096...|[-0.0353877056861...|[-0.0353877056861...|[0.16651590099927...|[4.84508459904071...|[0.04916824257365...|       2.0|
|          3|Rescuing an Old S...|If you think you ...|         2.0|[if, you, think, ...|[think, may, need...|(1000,[41,56,242,...|(1000,[41,56,242,...|[rescuing, an, ol...|[rescuing, old, s...|(1000,[672,747,88...|(1000,[672,747,88...|[-0.0270126205529...|[-0.0255752300130...|[-0.0255752300130...|[0.17185419014725...|[6.32924146450839...|[0.57094727450048...|       0.0|
|          3|Kids Rule for Bac...|The purchasing po...|         2.0|[the, purchasing,...|[purchasing, powe...|(1000,[72,91,198,...|(1000,[72,91,198,...|[kids, rule, for,...|[kids, rule, back...|(1000,[343,430,72...|(1000,[343,430,72...|[-0.0079930916097...|[0.00125925274712...|[0.00125925274712...|[0.18645297570175...|[4.58974333685624...|[0.12347462962813...|       1.0|
|          3|In a Down Market,...|There is little c...|         2.0|[there, is, littl...|[little, cause, c...|(1000,[115,130,19...|(1000,[115,130,19...|[in, a, down, mar...|[market, head, to...|(1000,[64,130,565...|(1000,[64,130,565...|[0.08387680331923...|[-0.0503012283694...|[-0.0503012283694...|[0.15840248508364...|[5.56451058037571...|[0.33117210041947...|       2.0|
|          3|US trade deficit ...|The US trade defi...|         2.0|[the, us, trade, ...|[us, trade, defic...|(1000,[203,208,28...|(1000,[203,208,28...|[us, trade, defic...|[us, trade, defic...|(1000,[208,531,68...|(1000,[208,531,68...|[0.17240096485246...|[-0.0642777620109...|[-0.0642777620109...|[0.15079882008100...|[5.41587620691948...|[0.11535479140287...|       2.0|
|          3|Shell 'could be t...|Oil giant Shell c...|         2.0|[oil, giant, shel...|[oil, giant, shel...|(1000,[9,48,123,2...|(1000,[9,48,123,2...|[shell, could, be...|[shell, target, t...|(1000,[80,123,571...|(1000,[80,123,571...|[0.06775477995575...|[-0.0227195344501...|[-0.0227195344501...|[0.17340777653477...|[4.50611414270271...|[0.09081127357919...|       3.0|
+-----------+--------------------+--------------------+------------+--------------------+--------------------+--------------------+--------------------+--------------------+--------------------+--------------------+--------------------+--------------------+--------------------+--------------------+--------------------+--------------------+--------------------+----------+
only showing top 20 rows

Training Error = 0.28485000000000005
Test Error = 0.2896052631578947
Elapsed Time = PT53.949S