http://co246a-4.ecs.vuw.ac.nz:8042/node/containerlogs/container_1617755808746_1361_01_000001/wilesgeor/stdout/?start=0

appName=q2.George_SparkLoadLinearRegression,
 algorithm=LinearRegression,
 train=resources/kaggle-news-train.csv,
 test=resources/kaggle-news-test.csv,
 seed=2,
 features=1000,
 pca=NO_PCA,
 pcaFeature=0

+-----------+--------------------+--------------------+------------+--------------------+--------------------+--------------------+--------------------+--------------------+--------------------+--------------------+--------------------+--------------------+--------------------+--------------------+--------------------+----------+
|Class Index|               Title|         Description|indexedLabel|      sentence_words| sentence_stop_words|      sw_rawFeatures|     sw_idf_features|         title_words|    title_stop_words|      tw_rawFeatures|     tw_idf_features|            features|      scaledFeatures|       rawPrediction|         probability|prediction|
+-----------+--------------------+--------------------+------------+--------------------+--------------------+--------------------+--------------------+--------------------+--------------------+--------------------+--------------------+--------------------+--------------------+--------------------+--------------------+----------+
|          3|Wall St. Bears Cl...|Reuters - Short-s...|         2.0|[reuters, -, shor...|[reuters, -, shor...|(1000,[132,263,31...|(1000,[132,263,31...|[wall, st., bears...|[wall, st., bears...|(1000,[149,404,43...|(1000,[149,404,43...|(2000,[149,404,43...|[-0.0892396506453...|[3.16162243787846...|[0.22716292985514...|       2.0|
|          3|Carlyle Looks Tow...|Reuters - Private...|         2.0|[reuters, -, priv...|[reuters, -, priv...|(1000,[21,31,164,...|(1000,[21,31,164,...|[carlyle, looks, ...|[carlyle, looks, ...|(1000,[11,21,173,...|(1000,[11,21,173,...|(2000,[11,21,173,...|[-0.0892396506453...|[2.81672129095992...|[0.15649042240582...|       2.0|
|          3|Oil and Economy C...|Reuters - Soaring...|         2.0|[reuters, -, soar...|[reuters, -, soar...|(1000,[97,122,129...|(1000,[97,122,129...|[oil, and, econom...|[oil, economy, cl...|(1000,[91,129,231...|(1000,[91,129,231...|(2000,[91,129,231...|[-0.0892396506453...|[2.74659191491130...|[0.01657684457260...|       2.0|
|          3|Iraq Halts Oil Ex...|Reuters - Authori...|         2.0|[reuters, -, auth...|[reuters, -, auth...|(1000,[74,190,198...|(1000,[74,190,198...|[iraq, halts, oil...|[iraq, halts, oil...|(1000,[113,568,60...|(1000,[113,568,60...|(2000,[113,568,60...|[-0.0892396506453...|[1.04916270390388...|[0.00233493438317...|       3.0|
|          3|Oil prices soar t...|AFP - Tearaway wo...|         2.0|[afp, -, tearaway...|[afp, -, tearaway...|(1000,[25,80,144,...|(1000,[25,80,144,...|[oil, prices, soa...|[oil, prices, soa...|(1000,[12,25,208,...|(1000,[12,25,208,...|(2000,[12,25,208,...|[-0.0892396506453...|[1.73635001236736...|[0.01353135427164...|       2.0|
|          3|Stocks End Up, Bu...|Reuters - Stocks ...|         2.0|[reuters, -, stoc...|[reuters, -, stoc...|(1000,[1,129,151,...|(1000,[1,129,151,...|[stocks, end, up,...|[stocks, end, up,...|(1000,[206,284,56...|(1000,[206,284,56...|(2000,[206,284,56...|[-0.0892396506453...|[2.07202134289289...|[0.03451879510720...|       3.0|
|          3|Money Funds Fell ...|AP - Assets of th...|         2.0|[ap, -, assets, o...|[ap, -, assets, n...|(1000,[31,48,122,...|(1000,[31,48,122,...|[money, funds, fe...|[money, funds, fe...|(1000,[96,122,242...|(1000,[96,122,242...|(2000,[96,122,242...|[-0.0892396506453...|[2.93253008445672...|[0.03948876212978...|       2.0|
|          3|Fed minutes show ...|USATODAY.com - Re...|         2.0|[usatoday.com, -,...|[usatoday.com, -,...|(1000,[25,53,231,...|(1000,[25,53,231,...|[fed, minutes, sh...|[fed, minutes, sh...|(1000,[19,187,227...|(1000,[19,187,227...|(2000,[19,187,227...|[-0.0892396506453...|[3.92034675435149...|[0.26516887808179...|       2.0|
|          3|Safety Net (Forbe...|"Forbes.com - Aft...|         2.0|["forbes.com, -, ...|["forbes.com, -, ...|(1000,[8,41,82,99...|(1000,[8,41,82,99...|[safety, net, (fo...|[safety, net, (fo...|(1000,[18,402,915...|(1000,[18,402,915...|(2000,[18,402,915...|[-0.0892396506453...|[3.13899373358110...|[0.07640256559750...|       2.0|
|          3|Wall St. Bears Cl...| NEW YORK (Reuter...|         2.0|[, new, york, (re...|[, new, york, (re...|(1000,[25,39,132,...|(1000,[25,39,132,...|[wall, st., bears...|[wall, st., bears...|(1000,[149,404,43...|(1000,[149,404,43...|(2000,[149,404,43...|[-0.0892396506453...|[0.83740069876744...|[0.01530495264205...|       2.0|
|          3|Oil and Economy C...| NEW YORK (Reuter...|         2.0|[, new, york, (re...|[, new, york, (re...|(1000,[25,97,122,...|(1000,[25,97,122,...|[oil, and, econom...|[oil, economy, cl...|(1000,[91,129,231...|(1000,[91,129,231...|(2000,[91,129,231...|[-0.0892396506453...|[0.96901979441397...|[9.03605310744057...|       2.0|
|          3|No Need for OPEC ...| TEHRAN (Reuters)...|         2.0|[, tehran, (reute...|[, tehran, (reute...|(1000,[57,84,208,...|(1000,[57,84,208,...|[no, need, for, o...|[need, opec, pump...|(1000,[140,425,53...|(1000,[140,425,53...|(2000,[140,425,53...|[-0.0892396506453...|[2.37801963172707...|[0.05291429459367...|       2.0|
|          3|Non-OPEC Nations ...| JAKARTA (Reuters...|         2.0|[, jakarta, (reut...|[, jakarta, (reut...|(1000,[122,145,20...|(1000,[122,145,20...|[non-opec, nation...|[non-opec, nation...|(1000,[301,396,72...|(1000,[301,396,72...|(2000,[301,396,72...|[-0.0892396506453...|[0.27668598541831...|[0.00624069794582...|       3.0|
|          3|Google IPO Auctio...| WASHINGTON/NEW Y...|         2.0|[, washington/new...|[, washington/new...|(1000,[7,113,146,...|(1000,[7,113,146,...|[google, ipo, auc...|[google, ipo, auc...|(1000,[201,596,74...|(1000,[201,596,74...|(2000,[201,596,74...|[-0.0892396506453...|[5.74486067353816...|[0.43565230200920...|       2.0|
|          3|Dollar Falls Broa...| NEW YORK (Reuter...|         2.0|[, new, york, (re...|[, new, york, (re...|(1000,[25,46,167,...|(1000,[25,46,167,...|[dollar, falls, b...|[dollar, falls, b...|(1000,[286,346,53...|(1000,[286,346,53...|(2000,[286,346,53...|[-0.0892396506453...|[1.83265975806236...|[0.00339977496180...|       2.0|
|          3|Rescuing an Old S...|If you think you ...|         2.0|[if, you, think, ...|[think, may, need...|(1000,[3,56,173,2...|(1000,[3,56,173,2...|[rescuing, an, ol...|[rescuing, old, s...|(1000,[672,747,88...|(1000,[672,747,88...|(2000,[672,747,88...|[-0.0892396506453...|[2.99860045641440...|[0.21159240029359...|       2.0|
|          3|Kids Rule for Bac...|The purchasing po...|         2.0|[the, purchasing,...|[purchasing, powe...|(1000,[72,91,198,...|(1000,[72,91,198,...|[kids, rule, for,...|[kids, rule, back...|(1000,[343,726,89...|(1000,[343,726,89...|(2000,[343,726,89...|[-0.0892396506453...|[2.10735804433772...|[0.07806353911468...|       2.0|
|          3|In a Down Market,...|There is little c...|         2.0|[there, is, littl...|[little, cause, c...|(1000,[18,115,130...|(1000,[18,115,130...|[in, a, down, mar...|[market,, head, t...|(1000,[64,252,565...|(1000,[64,252,565...|(2000,[64,252,565...|[-0.0892396506453...|[1.84636089841622...|[0.00899323911382...|       2.0|
|          3|US trade deficit ...|The US trade defi...|         2.0|[the, us, trade, ...|[us, trade, defic...|(1000,[203,208,28...|(1000,[203,208,28...|[us, trade, defic...|[us, trade, defic...|(1000,[208,531,68...|(1000,[208,531,68...|(2000,[208,531,68...|[-0.0892396506453...|[3.72352703595324...|[0.23186379068433...|       2.0|
|          3|Shell 'could be t...|Oil giant Shell c...|         2.0|[oil, giant, shel...|[oil, giant, shel...|(1000,[9,123,209,...|(1000,[9,123,209,...|[shell, 'could, b...|[shell, 'could, t...|(1000,[80,123,656...|(1000,[80,123,656...|(2000,[80,123,656...|[-0.0892396506453...|[3.89607913950932...|[0.25982046267293...|       2.0|
+-----------+--------------------+--------------------+------------+--------------------+--------------------+--------------------+--------------------+--------------------+--------------------+--------------------+--------------------+--------------------+--------------------+--------------------+--------------------+----------+
only showing top 20 rows

Training Error = 0.19561666666666666
Test Error = 0.21552631578947368

http://co246a-7.ecs.vuw.ac.nz:8042/node/containerlogs/container_1617755808746_1357_01_000001/wilesgeor/stdout/?start=0

appName=q2.George_SparkLoadLinearRegression,
 algorithm=LinearRegression,
 train=resources/kaggle-news-train.csv,
 test=resources/kaggle-news-test.csv,
 seed=2,
 features=1000,
 pca=PCA,
 pcaFeature=12

+-----------+--------------------+--------------------+------------+--------------------+--------------------+--------------------+--------------------+--------------------+--------------------+--------------------+--------------------+--------------------+--------------------+--------------------+--------------------+--------------------+--------------------+----------+
|Class Index|               Title|         Description|indexedLabel|      sentence_words| sentence_stop_words|      sw_rawFeatures|     sw_idf_features|         title_words|    title_stop_words|      tw_rawFeatures|     tw_idf_features|     sw_pca_features|     tw_pca_features|            features|      scaledFeatures|       rawPrediction|         probability|prediction|
+-----------+--------------------+--------------------+------------+--------------------+--------------------+--------------------+--------------------+--------------------+--------------------+--------------------+--------------------+--------------------+--------------------+--------------------+--------------------+--------------------+--------------------+----------+
|          3|Wall St. Bears Cl...|Reuters - Short-s...|         2.0|[reuters, -, shor...|[reuters, -, shor...|(1000,[132,263,31...|(1000,[132,263,31...|[wall, st., bears...|[wall, st., bears...|(1000,[149,404,43...|(1000,[149,404,43...|[-0.2194659129216...|[-0.1211534754432...|[-0.1211534754432...|[-0.3601938206225...|[5.46749521840309...|[0.45068986194165...|       0.0|
|          3|Carlyle Looks Tow...|Reuters - Private...|         2.0|[reuters, -, priv...|[reuters, -, priv...|(1000,[21,31,164,...|(1000,[21,31,164,...|[carlyle, looks, ...|[carlyle, looks, ...|(1000,[11,21,173,...|(1000,[11,21,173,...|[-0.9695147863323...|[-0.0838708410550...|[-0.0838708410550...|[-0.3126630118025...|[5.17603993001099...|[0.35675532746557...|       3.0|
|          3|Oil and Economy C...|Reuters - Soaring...|         2.0|[reuters, -, soar...|[reuters, -, soar...|(1000,[97,122,129...|(1000,[97,122,129...|[oil, and, econom...|[oil, economy, cl...|(1000,[91,129,231...|(1000,[91,129,231...|[-0.6605837516978...|[-0.0572069614651...|[-0.0572069614651...|[-0.2786698194225...|[4.48244166055195...|[0.04031757404358...|       2.0|
|          3|Iraq Halts Oil Ex...|Reuters - Authori...|         2.0|[reuters, -, auth...|[reuters, -, auth...|(1000,[74,190,198...|(1000,[74,190,198...|[iraq, halts, oil...|[iraq, halts, oil...|(1000,[113,568,60...|(1000,[113,568,60...|[-0.8097192415938...|[-0.0140929930941...|[-0.0140929930941...|[-0.2237047714385...|[1.87436121340446...|[0.00353798575413...|       3.0|
|          3|Oil prices soar t...|AFP - Tearaway wo...|         2.0|[afp, -, tearaway...|[afp, -, tearaway...|(1000,[25,80,144,...|(1000,[25,80,144,...|[oil, prices, soa...|[oil, prices, soa...|(1000,[12,25,208,...|(1000,[12,25,208,...|[-0.4787444562106...|[-0.0307404820000...|[-0.0307404820000...|[-0.2449282881107...|[1.43288582575268...|[0.00594562124670...|       2.0|
|          3|Stocks End Up, Bu...|Reuters - Stocks ...|         2.0|[reuters, -, stoc...|[reuters, -, stoc...|(1000,[1,129,151,...|(1000,[1,129,151,...|[stocks, end, up,...|[stocks, end, up,...|(1000,[206,284,56...|(1000,[206,284,56...|[-2.5282677529458...|[-0.0608423561315...|[-0.0608423561315...|[-0.2833045039535...|[4.66950305972986...|[0.05028177626934...|       2.0|
|          3|Money Funds Fell ...|AP - Assets of th...|         2.0|[ap, -, assets, o...|[ap, -, assets, n...|(1000,[31,48,122,...|(1000,[31,48,122,...|[money, funds, fe...|[money, funds, fe...|(1000,[96,122,242...|(1000,[96,122,242...|[-3.7050351012425...|[-0.4565584667178...|[-0.4565584667178...|[-0.7877942512033...|[5.08726121037072...|[0.38899614042765...|       2.0|
|          3|Fed minutes show ...|USATODAY.com - Re...|         2.0|[usatoday.com, -,...|[usatoday.com, -,...|(1000,[25,53,231,...|(1000,[25,53,231,...|[fed, minutes, sh...|[fed, minutes, sh...|(1000,[19,187,227...|(1000,[19,187,227...|[-0.8112816837355...|[-0.0174186537272...|[-0.0174186537272...|[-0.2279445828774...|[3.91651167872432...|[0.11288556965956...|       2.0|
|          3|Safety Net (Forbe...|"Forbes.com - Aft...|         2.0|["forbes.com, -, ...|["forbes.com, -, ...|(1000,[8,41,82,99...|(1000,[8,41,82,99...|[safety, net, (fo...|[safety, net, (fo...|(1000,[18,402,915...|(1000,[18,402,915...|[-1.9946668490033...|[0.07896801116474...|[0.07896801116474...|[-0.1050633483036...|[4.77782691393669...|[0.30629658882436...|       2.0|
|          3|Wall St. Bears Cl...| NEW YORK (Reuter...|         2.0|[, new, york, (re...|[, new, york, (re...|(1000,[25,39,132,...|(1000,[25,39,132,...|[wall, st., bears...|[wall, st., bears...|(1000,[149,404,43...|(1000,[149,404,43...|[-4.3917177452030...|[-0.0458240799634...|[-0.0458240799634...|[-0.2641580346906...|[4.17090252755256...|[0.14149617954942...|       1.0|
|          3|Oil and Economy C...| NEW YORK (Reuter...|         2.0|[, new, york, (re...|[, new, york, (re...|(1000,[25,97,122,...|(1000,[25,97,122,...|[oil, and, econom...|[oil, economy, cl...|(1000,[91,129,231...|(1000,[91,129,231...|[-8.0249144562475...|[0.01812243401464...|[0.01812243401464...|[-0.1826340334906...|[3.36490565699755...|[0.00938135092637...|       2.0|
|          3|No Need for OPEC ...| TEHRAN (Reuters)...|         2.0|[, tehran, (reute...|[, tehran, (reute...|(1000,[57,84,208,...|(1000,[57,84,208,...|[no, need, for, o...|[need, opec, pump...|(1000,[140,425,53...|(1000,[140,425,53...|[-7.7146772054180...|[-0.0125830294214...|[-0.0125830294214...|[-0.2217797520338...|[3.13466239415483...|[0.01837520520957...|       2.0|
|          3|Non-OPEC Nations ...| JAKARTA (Reuters...|         2.0|[, jakarta, (reut...|[, jakarta, (reut...|(1000,[122,145,20...|(1000,[122,145,20...|[non-opec, nation...|[non-opec, nation...|(1000,[301,396,72...|(1000,[301,396,72...|[-6.0393871339761...|[-0.0310025473498...|[-0.0310025473498...|[-0.2452623894489...|[3.20709625723788...|[0.04566312785912...|       2.0|
|          3|Google IPO Auctio...| WASHINGTON/NEW Y...|         2.0|[, washington/new...|[, washington/new...|(1000,[7,113,146,...|(1000,[7,113,146,...|[google, ipo, auc...|[google, ipo, auc...|(1000,[201,596,74...|(1000,[201,596,74...|[-7.8978681141715...|[-0.0201362444913...|[-0.0201362444913...|[-0.2314091794430...|[6.09144626483503...|[0.71959906252326...|       0.0|
|          3|Dollar Falls Broa...| NEW YORK (Reuter...|         2.0|[, new, york, (re...|[, new, york, (re...|(1000,[25,46,167,...|(1000,[25,46,167,...|[dollar, falls, b...|[dollar, falls, b...|(1000,[286,346,53...|(1000,[286,346,53...|[-8.1692038340145...|[-0.0548257101498...|[-0.0548257101498...|[-0.2756340146067...|[4.55058572799736...|[0.12477086352163...|       2.0|
|          3|Rescuing an Old S...|If you think you ...|         2.0|[if, you, think, ...|[think, may, need...|(1000,[3,56,173,2...|(1000,[3,56,173,2...|[rescuing, an, ol...|[rescuing, old, s...|(1000,[672,747,88...|(1000,[672,747,88...|[-0.1218574118013...|[0.06539462683393...|[0.06539462683393...|[-0.1223677568106...|[6.34734350456111...|[0.64423414994617...|       0.0|
|          3|Kids Rule for Bac...|The purchasing po...|         2.0|[the, purchasing,...|[purchasing, powe...|(1000,[72,91,198,...|(1000,[72,91,198,...|[kids, rule, for,...|[kids, rule, back...|(1000,[343,726,89...|(1000,[343,726,89...|[-0.1648221062031...|[-0.0288231085691...|[-0.0288231085691...|[-0.2424838709853...|[4.38295695518823...|[0.15467009572177...|       1.0|
|          3|In a Down Market,...|There is little c...|         2.0|[there, is, littl...|[little, cause, c...|(1000,[18,115,130...|(1000,[18,115,130...|[in, a, down, mar...|[market,, head, t...|(1000,[64,252,565...|(1000,[64,252,565...|[-0.4708826387836...|[-0.0064339039660...|[-0.0064339039660...|[-0.2139403675261...|[5.35409286086628...|[0.29598865005697...|       2.0|
|          3|US trade deficit ...|The US trade defi...|         2.0|[the, us, trade, ...|[us, trade, defic...|(1000,[203,208,28...|(1000,[203,208,28...|[us, trade, defic...|[us, trade, defic...|(1000,[208,531,68...|(1000,[208,531,68...|[-0.3041046458814...|[0.07923162870193...|[0.07923162870193...|[-0.1047272681159...|[4.82279314794515...|[0.17053531029539...|       2.0|
|          3|Shell 'could be t...|Oil giant Shell c...|         2.0|[oil, giant, shel...|[oil, giant, shel...|(1000,[9,123,209,...|(1000,[9,123,209,...|[shell, 'could, b...|[shell, 'could, t...|(1000,[80,123,656...|(1000,[80,123,656...|[-1.8638002459986...|[-0.0043045805341...|[-0.0043045805341...|[-0.2112257400160...|[4.23522854738300...|[0.13206818612301...|       3.0|
+-----------+--------------------+--------------------+------------+--------------------+--------------------+--------------------+--------------------+--------------------+--------------------+--------------------+--------------------+--------------------+--------------------+--------------------+--------------------+--------------------+--------------------+----------+
only showing top 20 rows

Training Error = 0.30848333333333333
Test Error = 0.31118421052631584

appName=q2.George_SparkLoad_DecisionTree,
 algorithm=DecisionTree,
 train=resources/kaggle-news-train.csv,
 test=resources/kaggle-news-test.csv,
 seed=123,
 features=1000,
 pca=NO_PCA,
 pcaFeatures=0
 treeDepth=12

+-----------+--------------------+--------------------+------------+--------------------+--------------------+--------------------+--------------------+--------------------+--------------------+--------------------+--------------------+--------------------+--------------------+--------------------+--------------------+----------+
|Class Index|               Title|         Description|indexedLabel|      sentence_words| sentence_stop_words|      sw_rawFeatures|     sw_idf_features|         title_words|    title_stop_words|      tw_rawFeatures|     tw_idf_features|            features|      scaledFeatures|       rawPrediction|         probability|prediction|
+-----------+--------------------+--------------------+------------+--------------------+--------------------+--------------------+--------------------+--------------------+--------------------+--------------------+--------------------+--------------------+--------------------+--------------------+--------------------+----------+
|          3|Wall St. Bears Cl...|Reuters - Short-s...|         2.0|[reuters, -, shor...|[reuters, -, shor...|(1000,[132,263,31...|(1000,[132,263,31...|[wall, st., bears...|[wall, st., bears...|(1000,[149,404,43...|(1000,[149,404,43...|(2000,[149,404,43...|[-0.0892396506453...|[17148.0,18251.0,...|[0.27652266460258...|       1.0|
|          3|Carlyle Looks Tow...|Reuters - Private...|         2.0|[reuters, -, priv...|[reuters, -, priv...|(1000,[21,31,164,...|(1000,[21,31,164,...|[carlyle, looks, ...|[carlyle, looks, ...|(1000,[11,21,173,...|(1000,[11,21,173,...|(2000,[11,21,173,...|[-0.0892396506453...|[609.0,423.0,708....|[0.17222850678733...|       3.0|
|          3|Oil and Economy C...|Reuters - Soaring...|         2.0|[reuters, -, soar...|[reuters, -, soar...|(1000,[97,122,129...|(1000,[97,122,129...|[oil, and, econom...|[oil, economy, cl...|(1000,[91,129,231...|(1000,[91,129,231...|(2000,[91,129,231...|[-0.0892396506453...|[17148.0,18251.0,...|[0.27652266460258...|       1.0|
|          3|Iraq Halts Oil Ex...|Reuters - Authori...|         2.0|[reuters, -, auth...|[reuters, -, auth...|(1000,[74,190,198...|(1000,[74,190,198...|[iraq, halts, oil...|[iraq, halts, oil...|(1000,[113,568,60...|(1000,[113,568,60...|(2000,[113,568,60...|[-0.0892396506453...|[0.0,0.0,3.0,0.0,...|[0.0,0.0,1.0,0.0,...|       2.0|
|          3|Oil prices soar t...|AFP - Tearaway wo...|         2.0|[afp, -, tearaway...|[afp, -, tearaway...|(1000,[25,80,144,...|(1000,[25,80,144,...|[oil, prices, soa...|[oil, prices, soa...|(1000,[12,25,208,...|(1000,[12,25,208,...|(2000,[12,25,208,...|[-0.0892396506453...|[50.0,8.0,339.0,5...|[0.11037527593818...|       2.0|
|          3|Stocks End Up, Bu...|Reuters - Stocks ...|         2.0|[reuters, -, stoc...|[reuters, -, stoc...|(1000,[1,129,151,...|(1000,[1,129,151,...|[stocks, end, up,...|[stocks, end, up,...|(1000,[206,284,56...|(1000,[206,284,56...|(2000,[206,284,56...|[-0.0892396506453...|[1.0,0.0,24.0,3.0...|[0.03571428571428...|       2.0|
|          3|Money Funds Fell ...|AP - Assets of th...|         2.0|[ap, -, assets, o...|[ap, -, assets, n...|(1000,[31,48,122,...|(1000,[31,48,122,...|[money, funds, fe...|[money, funds, fe...|(1000,[96,122,242...|(1000,[96,122,242...|(2000,[96,122,242...|[-0.0892396506453...|[1850.0,1364.0,36...|[0.19518885840894...|       2.0|
|          3|Fed minutes show ...|USATODAY.com - Re...|         2.0|[usatoday.com, -,...|[usatoday.com, -,...|(1000,[25,53,231,...|(1000,[25,53,231,...|[fed, minutes, sh...|[fed, minutes, sh...|(1000,[19,187,227...|(1000,[19,187,227...|(2000,[19,187,227...|[-0.0892396506453...|[1850.0,1364.0,36...|[0.19518885840894...|       2.0|
|          3|Safety Net (Forbe...|"Forbes.com - Aft...|         2.0|["forbes.com, -, ...|["forbes.com, -, ...|(1000,[8,41,82,99...|(1000,[8,41,82,99...|[safety, net, (fo...|[safety, net, (fo...|(1000,[18,402,915...|(1000,[18,402,915...|(2000,[18,402,915...|[-0.0892396506453...|[17148.0,18251.0,...|[0.27652266460258...|       1.0|
|          3|Wall St. Bears Cl...| NEW YORK (Reuter...|         2.0|[, new, york, (re...|[, new, york, (re...|(1000,[25,39,132,...|(1000,[25,39,132,...|[wall, st., bears...|[wall, st., bears...|(1000,[149,404,43...|(1000,[149,404,43...|(2000,[149,404,43...|[-0.0892396506453...|[17148.0,18251.0,...|[0.27652266460258...|       1.0|
|          3|Oil and Economy C...| NEW YORK (Reuter...|         2.0|[, new, york, (re...|[, new, york, (re...|(1000,[25,97,122,...|(1000,[25,97,122,...|[oil, and, econom...|[oil, economy, cl...|(1000,[91,129,231...|(1000,[91,129,231...|(2000,[91,129,231...|[-0.0892396506453...|[17148.0,18251.0,...|[0.27652266460258...|       1.0|
|          3|No Need for OPEC ...| TEHRAN (Reuters)...|         2.0|[, tehran, (reute...|[, tehran, (reute...|(1000,[57,84,208,...|(1000,[57,84,208,...|[no, need, for, o...|[need, opec, pump...|(1000,[140,425,53...|(1000,[140,425,53...|(2000,[140,425,53...|[-0.0892396506453...|[0.0,0.0,699.0,1....|[0.0,0.0,0.998571...|       2.0|
|          3|Non-OPEC Nations ...| JAKARTA (Reuters...|         2.0|[, jakarta, (reut...|[, jakarta, (reut...|(1000,[122,145,20...|(1000,[122,145,20...|[non-opec, nation...|[non-opec, nation...|(1000,[301,396,72...|(1000,[301,396,72...|(2000,[301,396,72...|[-0.0892396506453...|[6.0,0.0,357.0,13...|[0.01595744680851...|       2.0|
|          3|Google IPO Auctio...| WASHINGTON/NEW Y...|         2.0|[, washington/new...|[, washington/new...|(1000,[7,113,146,...|(1000,[7,113,146,...|[google, ipo, auc...|[google, ipo, auc...|(1000,[201,596,74...|(1000,[201,596,74...|(2000,[201,596,74...|[-0.0892396506453...|[1376.0,323.0,130...|[0.43,0.1009375,0...|       0.0|
|          3|Dollar Falls Broa...| NEW YORK (Reuter...|         2.0|[, new, york, (re...|[, new, york, (re...|(1000,[25,46,167,...|(1000,[25,46,167,...|[dollar, falls, b...|[dollar, falls, b...|(1000,[286,346,53...|(1000,[286,346,53...|(2000,[286,346,53...|[-0.0892396506453...|[17148.0,18251.0,...|[0.27652266460258...|       1.0|
|          3|Rescuing an Old S...|If you think you ...|         2.0|[if, you, think, ...|[think, may, need...|(1000,[3,56,173,2...|(1000,[3,56,173,2...|[rescuing, an, ol...|[rescuing, old, s...|(1000,[672,747,88...|(1000,[672,747,88...|(2000,[672,747,88...|[-0.0892396506453...|[17148.0,18251.0,...|[0.27652266460258...|       1.0|
|          3|Kids Rule for Bac...|The purchasing po...|         2.0|[the, purchasing,...|[purchasing, powe...|(1000,[72,91,198,...|(1000,[72,91,198,...|[kids, rule, for,...|[kids, rule, back...|(1000,[343,726,89...|(1000,[343,726,89...|(2000,[343,726,89...|[-0.0892396506453...|[17148.0,18251.0,...|[0.27652266460258...|       1.0|
|          3|In a Down Market,...|There is little c...|         2.0|[there, is, littl...|[little, cause, c...|(1000,[18,115,130...|(1000,[18,115,130...|[in, a, down, mar...|[market,, head, t...|(1000,[64,252,565...|(1000,[64,252,565...|(2000,[64,252,565...|[-0.0892396506453...|[514.0,231.0,464....|[0.34130146082337...|       0.0|
|          3|US trade deficit ...|The US trade defi...|         2.0|[the, us, trade, ...|[us, trade, defic...|(1000,[203,208,28...|(1000,[203,208,28...|[us, trade, defic...|[us, trade, defic...|(1000,[208,531,68...|(1000,[208,531,68...|(2000,[208,531,68...|[-0.0892396506453...|[6.0,8.0,80.0,11....|[0.05714285714285...|       2.0|
|          3|Shell 'could be t...|Oil giant Shell c...|         2.0|[oil, giant, shel...|[oil, giant, shel...|(1000,[9,123,209,...|(1000,[9,123,209,...|[shell, 'could, b...|[shell, 'could, t...|(1000,[80,123,656...|(1000,[80,123,656...|(2000,[80,123,656...|[-0.0892396506453...|[514.0,231.0,464....|[0.34130146082337...|       0.0|
+-----------+--------------------+--------------------+------------+--------------------+--------------------+--------------------+--------------------+--------------------+--------------------+--------------------+--------------------+--------------------+--------------------+--------------------+--------------------+----------+
only showing top 20 rows

Training Error = 0.5449333333333333
Test Error = 0.5510526315789473

http://co246a-3.ecs.vuw.ac.nz:8042/node/containerlogs/container_1617755808746_1359_01_000001/wilesgeor/stdout/?start=0

appName=q2.George_SparkLoad_DecisionTree,
 algorithm=DecisionTree,
 train=resources/kaggle-news-train.csv,
 test=resources/kaggle-news-test.csv,
 seed=123,
 features=1000,
 pca=PCA,
 pcaFeatures=12
 treeDepth=12

+-----------+--------------------+--------------------+------------+--------------------+--------------------+--------------------+--------------------+--------------------+--------------------+--------------------+--------------------+--------------------+--------------------+--------------------+--------------------+--------------------+--------------------+----------+
|Class Index|               Title|         Description|indexedLabel|      sentence_words| sentence_stop_words|      sw_rawFeatures|     sw_idf_features|         title_words|    title_stop_words|      tw_rawFeatures|     tw_idf_features|     sw_pca_features|     tw_pca_features|            features|      scaledFeatures|       rawPrediction|         probability|prediction|
+-----------+--------------------+--------------------+------------+--------------------+--------------------+--------------------+--------------------+--------------------+--------------------+--------------------+--------------------+--------------------+--------------------+--------------------+--------------------+--------------------+--------------------+----------+
|          3|Wall St. Bears Cl...|Reuters - Short-s...|         2.0|[reuters, -, shor...|[reuters, -, shor...|(1000,[132,263,31...|(1000,[132,263,31...|[wall, st., bears...|[wall, st., bears...|(1000,[149,404,43...|(1000,[149,404,43...|[-0.2194659129216...|[-0.1211534754432...|[-0.1211534754432...|[-0.3601938206225...|[59.0,18.0,82.0,2...|[0.31720430107526...|       2.0|
|          3|Carlyle Looks Tow...|Reuters - Private...|         2.0|[reuters, -, priv...|[reuters, -, priv...|(1000,[21,31,164,...|(1000,[21,31,164,...|[carlyle, looks, ...|[carlyle, looks, ...|(1000,[11,21,173,...|(1000,[11,21,173,...|[-0.9695147863323...|[-0.0838708410550...|[-0.0838708410550...|[-0.3126630118025...|[46.0,2.0,8.0,24....|[0.575,0.025,0.1,...|       0.0|
|          3|Oil and Economy C...|Reuters - Soaring...|         2.0|[reuters, -, soar...|[reuters, -, soar...|(1000,[97,122,129...|(1000,[97,122,129...|[oil, and, econom...|[oil, economy, cl...|(1000,[91,129,231...|(1000,[91,129,231...|[-0.6605837516978...|[-0.0572069614651...|[-0.0572069614651...|[-0.2786698194225...|[4.0,2.0,185.0,38...|[0.01746724890829...|       2.0|
|          3|Iraq Halts Oil Ex...|Reuters - Authori...|         2.0|[reuters, -, auth...|[reuters, -, auth...|(1000,[74,190,198...|(1000,[74,190,198...|[iraq, halts, oil...|[iraq, halts, oil...|(1000,[113,568,60...|(1000,[113,568,60...|[-0.8097192415938...|[-0.0140929930941...|[-0.0140929930941...|[-0.2237047714385...|[4.0,2.0,185.0,38...|[0.01746724890829...|       2.0|
|          3|Oil prices soar t...|AFP - Tearaway wo...|         2.0|[afp, -, tearaway...|[afp, -, tearaway...|(1000,[25,80,144,...|(1000,[25,80,144,...|[oil, prices, soa...|[oil, prices, soa...|(1000,[12,25,208,...|(1000,[12,25,208,...|[-0.4787444562106...|[-0.0307404820000...|[-0.0307404820000...|[-0.2449282881107...|[0.0,0.0,8.0,0.0,...|[0.0,0.0,1.0,0.0,...|       2.0|
|          3|Stocks End Up, Bu...|Reuters - Stocks ...|         2.0|[reuters, -, stoc...|[reuters, -, stoc...|(1000,[1,129,151,...|(1000,[1,129,151,...|[stocks, end, up,...|[stocks, end, up,...|(1000,[206,284,56...|(1000,[206,284,56...|[-2.5282677529458...|[-0.0608423561315...|[-0.0608423561315...|[-0.2833045039535...|[21.0,3.0,1294.0,...|[0.01545253863134...|       2.0|
|          3|Money Funds Fell ...|AP - Assets of th...|         2.0|[ap, -, assets, o...|[ap, -, assets, n...|(1000,[31,48,122,...|(1000,[31,48,122,...|[money, funds, fe...|[money, funds, fe...|(1000,[96,122,242...|(1000,[96,122,242...|[-3.7050351012425...|[-0.4565584667178...|[-0.4565584667178...|[-0.7877942512033...|[193.0,17.0,90.0,...|[0.60883280757097...|       0.0|
|          3|Fed minutes show ...|USATODAY.com - Re...|         2.0|[usatoday.com, -,...|[usatoday.com, -,...|(1000,[25,53,231,...|(1000,[25,53,231,...|[fed, minutes, sh...|[fed, minutes, sh...|(1000,[19,187,227...|(1000,[19,187,227...|[-0.8112816837355...|[-0.0174186537272...|[-0.0174186537272...|[-0.2279445828774...|[91.0,20.0,460.0,...|[0.14421553090332...|       2.0|
|          3|Safety Net (Forbe...|"Forbes.com - Aft...|         2.0|["forbes.com, -, ...|["forbes.com, -, ...|(1000,[8,41,82,99...|(1000,[8,41,82,99...|[safety, net, (fo...|[safety, net, (fo...|(1000,[18,402,915...|(1000,[18,402,915...|[-1.9946668490033...|[0.07896801116474...|[0.07896801116474...|[-0.1050633483036...|[2.0,11.0,5.0,3.0...|[0.09523809523809...|       1.0|
|          3|Wall St. Bears Cl...| NEW YORK (Reuter...|         2.0|[, new, york, (re...|[, new, york, (re...|(1000,[25,39,132,...|(1000,[25,39,132,...|[wall, st., bears...|[wall, st., bears...|(1000,[149,404,43...|(1000,[149,404,43...|[-4.3917177452030...|[-0.0458240799634...|[-0.0458240799634...|[-0.2641580346906...|[23.0,131.0,14.0,...|[0.12707182320441...|       1.0|
|          3|Oil and Economy C...| NEW YORK (Reuter...|         2.0|[, new, york, (re...|[, new, york, (re...|(1000,[25,97,122,...|(1000,[25,97,122,...|[oil, and, econom...|[oil, economy, cl...|(1000,[91,129,231...|(1000,[91,129,231...|[-8.0249144562475...|[0.01812243401464...|[0.01812243401464...|[-0.1826340334906...|[0.0,0.0,171.0,0....|[0.0,0.0,1.0,0.0,...|       2.0|
|          3|No Need for OPEC ...| TEHRAN (Reuters)...|         2.0|[, tehran, (reute...|[, tehran, (reute...|(1000,[57,84,208,...|(1000,[57,84,208,...|[no, need, for, o...|[need, opec, pump...|(1000,[140,425,53...|(1000,[140,425,53...|[-7.7146772054180...|[-0.0125830294214...|[-0.0125830294214...|[-0.2217797520338...|[5.0,0.0,51.0,3.0...|[0.08474576271186...|       2.0|
|          3|Non-OPEC Nations ...| JAKARTA (Reuters...|         2.0|[, jakarta, (reut...|[, jakarta, (reut...|(1000,[122,145,20...|(1000,[122,145,20...|[non-opec, nation...|[non-opec, nation...|(1000,[301,396,72...|(1000,[301,396,72...|[-6.0393871339761...|[-0.0310025473498...|[-0.0310025473498...|[-0.2452623894489...|[1.0,5.0,128.0,13...|[0.00680272108843...|       2.0|
|          3|Google IPO Auctio...| WASHINGTON/NEW Y...|         2.0|[, washington/new...|[, washington/new...|(1000,[7,113,146,...|(1000,[7,113,146,...|[google, ipo, auc...|[google, ipo, auc...|(1000,[201,596,74...|(1000,[201,596,74...|[-7.8978681141715...|[-0.0201362444913...|[-0.0201362444913...|[-0.2314091794430...|[0.0,0.0,16.0,0.0...|[0.0,0.0,1.0,0.0,...|       2.0|
|          3|Dollar Falls Broa...| NEW YORK (Reuter...|         2.0|[, new, york, (re...|[, new, york, (re...|(1000,[25,46,167,...|(1000,[25,46,167,...|[dollar, falls, b...|[dollar, falls, b...|(1000,[286,346,53...|(1000,[286,346,53...|[-8.1692038340145...|[-0.0548257101498...|[-0.0548257101498...|[-0.2756340146067...|[0.0,0.0,171.0,0....|[0.0,0.0,1.0,0.0,...|       2.0|
|          3|Rescuing an Old S...|If you think you ...|         2.0|[if, you, think, ...|[think, may, need...|(1000,[3,56,173,2...|(1000,[3,56,173,2...|[rescuing, an, ol...|[rescuing, old, s...|(1000,[672,747,88...|(1000,[672,747,88...|[-0.1218574118013...|[0.06539462683393...|[0.06539462683393...|[-0.1223677568106...|[351.0,44.0,56.0,...|[0.72670807453416...|       0.0|
|          3|Kids Rule for Bac...|The purchasing po...|         2.0|[the, purchasing,...|[purchasing, powe...|(1000,[72,91,198,...|(1000,[72,91,198,...|[kids, rule, for,...|[kids, rule, back...|(1000,[343,726,89...|(1000,[343,726,89...|[-0.1648221062031...|[-0.0288231085691...|[-0.0288231085691...|[-0.2424838709853...|[78.0,34.0,47.0,5...|[0.36966824644549...|       0.0|
|          3|In a Down Market,...|There is little c...|         2.0|[there, is, littl...|[little, cause, c...|(1000,[18,115,130...|(1000,[18,115,130...|[in, a, down, mar...|[market,, head, t...|(1000,[64,252,565...|(1000,[64,252,565...|[-0.4708826387836...|[-0.0064339039660...|[-0.0064339039660...|[-0.2139403675261...|[2.0,0.0,42.0,0.0...|[0.04545454545454...|       2.0|
|          3|US trade deficit ...|The US trade defi...|         2.0|[the, us, trade, ...|[us, trade, defic...|(1000,[203,208,28...|(1000,[203,208,28...|[us, trade, defic...|[us, trade, defic...|(1000,[208,531,68...|(1000,[208,531,68...|[-0.3041046458814...|[0.07923162870193...|[0.07923162870193...|[-0.1047272681159...|[21.0,3.0,1294.0,...|[0.01545253863134...|       2.0|
|          3|Shell 'could be t...|Oil giant Shell c...|         2.0|[oil, giant, shel...|[oil, giant, shel...|(1000,[9,123,209,...|(1000,[9,123,209,...|[shell, 'could, b...|[shell, 'could, t...|(1000,[80,123,656...|(1000,[80,123,656...|[-1.8638002459986...|[-0.0043045805341...|[-0.0043045805341...|[-0.2112257400160...|[7.0,2.0,31.0,42....|[0.08536585365853...|       3.0|
+-----------+--------------------+--------------------+------------+--------------------+--------------------+--------------------+--------------------+--------------------+--------------------+--------------------+--------------------+--------------------+--------------------+--------------------+--------------------+--------------------+--------------------+----------+
only showing top 20 rows

Training Error = 0.268575
Test Error = 0.36013157894736847

