Random Seed: 10
0:duration
1:protocol_type_vec
2:service
3:flag_vec
4:src_bytes
5:dst_bytes
6:land
7:wrong_fragment_vec
8:urgent_vec
9:hot
10:num_failed_logins
11:logged_in
12:num_compromised
13:root_shell
14:su_attempted_vec
15:num_root
16:num_file_creations
17:num_shells
18:num_access_files
19:num_outbound_cmds
20:is_host_login
21:is_guest_login
22:count
23:srv_count
24:serror_rate
25:srv_serror_rate
26:rerror_rate
27:srv_rerror_rate
28:same_srv_rate
29:diff_srv_rate
30:srv_diff_host_rate
31:dst_host_count
32:dst_host_srv_count
33:dst_host_same_srv_rate
34:dst_host_diff_srv_rate
35:dst_host_same_src_port_rate
36:dst_host_srv_diff_host_rate
37:dst_host_serror_rate
38:dst_host_srv_serror_rate
39:dst_host_rerror_rate
40:dst_host_srv_rerror_rate
root
 |-- duration: integer (nullable = true)
 |-- protocol_type: integer (nullable = true)
 |-- service: integer (nullable = true)
 |-- flag: integer (nullable = true)
 |-- src_bytes: integer (nullable = true)
 |-- dst_bytes: integer (nullable = true)
 |-- land: integer (nullable = true)
 |-- wrong_fragment: integer (nullable = true)
 |-- urgent: integer (nullable = true)
 |-- hot: integer (nullable = true)
 |-- num_failed_logins: integer (nullable = true)
 |-- logged_in: integer (nullable = true)
 |-- num_compromised: integer (nullable = true)
 |-- root_shell: integer (nullable = true)
 |-- su_attempted: integer (nullable = true)
 |-- num_root: integer (nullable = true)
 |-- num_file_creations: integer (nullable = true)
 |-- num_shells: integer (nullable = true)
 |-- num_access_files: integer (nullable = true)
 |-- num_outbound_cmds: integer (nullable = true)
 |-- is_host_login: integer (nullable = true)
 |-- is_guest_login: integer (nullable = true)
 |-- count: integer (nullable = true)
 |-- srv_count: integer (nullable = true)
 |-- serror_rate: double (nullable = true)
 |-- srv_serror_rate: double (nullable = true)
 |-- rerror_rate: double (nullable = true)
 |-- srv_rerror_rate: double (nullable = true)
 |-- same_srv_rate: double (nullable = true)
 |-- diff_srv_rate: double (nullable = true)
 |-- srv_diff_host_rate: double (nullable = true)
 |-- dst_host_count: integer (nullable = true)
 |-- dst_host_srv_count: integer (nullable = true)
 |-- dst_host_same_srv_rate: double (nullable = true)
 |-- dst_host_diff_srv_rate: double (nullable = true)
 |-- dst_host_same_src_port_rate: double (nullable = true)
 |-- dst_host_srv_diff_host_rate: double (nullable = true)
 |-- dst_host_serror_rate: double (nullable = true)
 |-- dst_host_srv_serror_rate: double (nullable = true)
 |-- dst_host_rerror_rate: double (nullable = true)
 |-- dst_host_srv_rerror_rate: double (nullable = true)
 |-- label: string (nullable = true)
 |-- protocol_type_vec: vector (nullable = true)
 |-- su_attempted_vec: vector (nullable = true)
 |-- wrong_fragment_vec: vector (nullable = true)
 |-- urgent_vec: vector (nullable = true)
 |-- flag_vec: vector (nullable = true)

LR Reg:0.0
LR ElasticNet:0.0
    logistic regression model coefficients:
Coefficients: [0.2496067951473884,-0.16552768545540844,0.6787024004646955,-0.6694608837164708,-1.0981699154190658,-0.02581344172484,1.1961182664925816,0.0053772170670705905,0.07798942255554621,-0.24062079487893895,-0.3994846990023338,0.2083466451073101,-0.006587848629098272,0.040221158412657394,-0.35792239255529934,-0.921015537456797,-1.216610995269257,0.01374712271560473,0.013998066395243921,0.09612748887574625,0.03461189926596178,0.0,-0.13740541036822382,0.17069967665358377,-0.15961656492393436,-0.07267262116379297,0.08606300482945553,-0.14381017741523494,1.2528206715437966,-13.33986324483797,-0.039733166405757685,-0.20462527980938933,-0.04965383483531989,0.32661296350502694,14.116971466005637,0.015385253231586236,-0.12364032002532252,0.04884802024981228,0.0,-0.328453788063778,-0.6856930033412022,-1.268841789905557,1.0010702304054946,-0.24284172452839828,-0.9202102478029479,-0.8159939895238882,-0.5286426076151357,0.40472767950636823,0.012713690772090438,0.02226591514370013,-1.4072424179761904,1.7025121616244898,-2.1699892888271104,-0.08342768632288433,-0.22813116061593508,-0.3190325792717698,0.1021294096109193,-0.6176336828432072,-0.579310140469046,-0.2927070662354571] Intercept: -1.0180397871806797
+--------+-------------+-------+----+---------+---------+----+--------------+------+---+-----------------+---------+---------------+----------+------------+--------+------------------+----------+----------------+-----------------+-------------+--------------+-----+---------+-----------+---------------+-----------+---------------+-------------+-------------+------------------+--------------+------------------+----------------------+----------------------+---------------------------+---------------------------+--------------------+------------------------+--------------------+------------------------+-------+------------+-----------------+----------------+------------------+-------------+--------------+--------------------+--------------------+--------------------+--------------------+----------+
|duration|protocol_type|service|flag|src_bytes|dst_bytes|land|wrong_fragment|urgent|hot|num_failed_logins|logged_in|num_compromised|root_shell|su_attempted|num_root|num_file_creations|num_shells|num_access_files|num_outbound_cmds|is_host_login|is_guest_login|count|srv_count|serror_rate|srv_serror_rate|rerror_rate|srv_rerror_rate|same_srv_rate|diff_srv_rate|srv_diff_host_rate|dst_host_count|dst_host_srv_count|dst_host_same_srv_rate|dst_host_diff_srv_rate|dst_host_same_src_port_rate|dst_host_srv_diff_host_rate|dst_host_serror_rate|dst_host_srv_serror_rate|dst_host_rerror_rate|dst_host_srv_rerror_rate|  label|indexedLabel|protocol_type_vec|su_attempted_vec|wrong_fragment_vec|   urgent_vec|      flag_vec|            features|      scaledFeatures|       rawPrediction|         probability|prediction|
+--------+-------------+-------+----+---------+---------+----+--------------+------+---+-----------------+---------+---------------+----------+------------+--------+------------------+----------+----------------+-----------------+-------------+--------------+-----+---------+-----------+---------------+-----------+---------------+-------------+-------------+------------------+--------------+------------------+----------------------+----------------------+---------------------------+---------------------------+--------------------+------------------------+--------------------+------------------------+-------+------------+-----------------+----------------+------------------+-------------+--------------+--------------------+--------------------+--------------------+--------------------+----------+
|       0|            0|      1|   1|        0|        0|   0|             0|     0|  0|                0|        0|              0|         0|           0|       0|                 0|         0|               0|                0|            0|             0|    1|        1|        0.0|            0.0|        1.0|            1.0|          1.0|          0.0|               0.0|           168|                 8|                  0.05|                  0.04|                       0.01|                        0.0|                0.01|                     0.0|                0.08|                     1.0| normal|         1.0|    (3,[0],[1.0])|   (3,[0],[1.0])|     (4,[0],[1.0])|(3,[0],[1.0])|(11,[1],[1.0])|(60,[1,4,6,19,23,...|[-0.1216726625332...|[-2.9856846242514...|[0.04807680012563...|       1.0|
|       0|            0|      1|   1|        0|        0|   0|             0|     0|  0|                0|        0|              0|         0|           0|       0|                 0|         0|               0|                0|            0|             0|    1|        1|        0.0|            0.0|        1.0|            1.0|          1.0|          0.0|               0.0|           180|                10|                  0.06|                  0.03|                       0.01|                        0.0|                0.02|                     0.0|                0.08|                     1.0| normal|         1.0|    (3,[0],[1.0])|   (3,[0],[1.0])|     (4,[0],[1.0])|(3,[0],[1.0])|(11,[1],[1.0])|(60,[1,4,6,19,23,...|[-0.1216726625332...|[-2.7997917456794...|[0.05733543060725...|       1.0|
|       0|            0|      1|   1|        0|        0|   0|             0|     0|  0|                0|        0|              0|         0|           0|       0|                 0|         0|               0|                0|            0|             0|  140|       20|        0.0|            0.0|        1.0|            1.0|         0.14|         0.06|               0.0|           255|                20|                  0.08|                  0.07|                        0.0|                        0.0|                 0.0|                     0.0|                 1.0|                     1.0|anomaly|         0.0|    (3,[0],[1.0])|   (3,[0],[1.0])|     (4,[0],[1.0])|(3,[0],[1.0])|(11,[1],[1.0])|(60,[1,4,6,19,23,...|[-0.1216726625332...|[1.79810339487629...|[0.85791790574763...|       0.0|
|       0|            0|      1|   1|        0|        0|   0|             0|     0|  0|                0|        0|              0|         0|           0|       0|                 0|         0|               0|                0|            0|             0|  147|       18|        0.0|            0.0|        1.0|            1.0|         0.12|         0.05|               0.0|           255|                18|                  0.07|                  0.06|                        0.0|                        0.0|                 0.0|                     0.0|                 1.0|                     1.0|anomaly|         0.0|    (3,[0],[1.0])|   (3,[0],[1.0])|     (4,[0],[1.0])|(3,[0],[1.0])|(11,[1],[1.0])|(60,[1,4,6,19,23,...|[-0.1216726625332...|[1.89333012394156...|[0.86913476310897...|       0.0|
|       0|            0|      1|   1|        0|        0|   0|             0|     0|  0|                0|        0|              0|         0|           0|       0|                 0|         0|               0|                0|            0|             0|  201|        1|        0.0|            0.0|        1.0|            1.0|          0.0|         0.06|               0.0|           255|                 1|                   0.0|                  0.07|                        0.0|                        0.0|                 0.0|                     0.0|                 1.0|                     1.0|anomaly|         0.0|    (3,[0],[1.0])|   (3,[0],[1.0])|     (4,[0],[1.0])|(3,[0],[1.0])|(11,[1],[1.0])|(60,[1,4,6,19,23,...|[-0.1216726625332...|[2.70465134028508...|[0.93730055161092...|       0.0|
|       0|            0|      1|   1|        0|        0|   0|             0|     0|  0|                0|        0|              0|         0|           0|       0|                 0|         0|               0|                0|            0|             0|  218|        1|        0.0|            0.0|        1.0|            1.0|          0.0|         0.07|               0.0|           255|                 1|                   0.0|                  0.07|                        0.0|                        0.0|                 0.0|                     0.0|                 1.0|                     1.0|anomaly|         0.0|    (3,[0],[1.0])|   (3,[0],[1.0])|     (4,[0],[1.0])|(3,[0],[1.0])|(11,[1],[1.0])|(60,[1,4,6,19,23,...|[-0.1216726625332...|[2.88233015592602...|[0.94696600921775...|       0.0|
|       0|            0|      1|   1|        0|        0|   0|             0|     0|  0|                0|        0|              0|         0|           0|       0|                 0|         0|               0|                0|            0|             0|  225|        1|        0.0|            0.0|        1.0|            1.0|          0.0|         0.07|               0.0|           255|                 1|                   0.0|                  0.08|                        0.0|                        0.0|                 0.0|                     0.0|                 1.0|                     1.0|anomaly|         0.0|    (3,[0],[1.0])|   (3,[0],[1.0])|     (4,[0],[1.0])|(3,[0],[1.0])|(11,[1],[1.0])|(60,[1,4,6,19,23,...|[-0.1216726625332...|[2.95984885753931...|[0.95072691409210...|       0.0|
|       0|            0|      1|   1|        0|        0|   0|             0|     0|  0|                0|        0|              0|         0|           0|       0|                 0|         0|               0|                0|            0|             0|  227|       14|        0.0|            0.0|        1.0|            1.0|         0.06|         0.06|               0.0|           255|                14|                  0.05|                  0.07|                        0.0|                        0.0|                 0.0|                     0.0|                 1.0|                     1.0|anomaly|         0.0|    (3,[0],[1.0])|   (3,[0],[1.0])|     (4,[0],[1.0])|(3,[0],[1.0])|(11,[1],[1.0])|(60,[1,4,6,19,23,...|[-0.1216726625332...|[2.80534995499452...|[0.94296424183664...|       0.0|
|       0|            0|      1|   1|        0|        0|   0|             0|     0|  0|                0|        0|              0|         0|           0|       0|                 0|         0|               0|                0|            0|             0|  229|        1|        0.0|            0.0|        1.0|            1.0|          0.0|         0.07|               0.0|           255|                 1|                   0.0|                  0.07|                        0.0|                        0.0|                 0.0|                     0.0|                 1.0|                     1.0|anomaly|         0.0|    (3,[0],[1.0])|   (3,[0],[1.0])|     (4,[0],[1.0])|(3,[0],[1.0])|(11,[1],[1.0])|(60,[1,4,6,19,23,...|[-0.1216726625332...|[2.99767532341743...|[0.95246899513899...|       0.0|
|       0|            0|      1|   1|        0|        0|   0|             0|     0|  0|                0|        0|              0|         0|           0|       0|                 0|         0|               0|                0|            0|             0|  230|        2|        0.0|            0.0|        1.0|            1.0|         0.01|         0.07|               0.0|           255|                 2|                  0.01|                  0.07|                        0.0|                        0.0|                 0.0|                     0.0|                 1.0|                     1.0|anomaly|         0.0|    (3,[0],[1.0])|   (3,[0],[1.0])|     (4,[0],[1.0])|(3,[0],[1.0])|(11,[1],[1.0])|(60,[1,4,6,19,23,...|[-0.1216726625332...|[3.01988240187713...|[0.95346430792051...|       0.0|
|       0|            0|      1|   1|        0|        0|   0|             0|     0|  0|                0|        0|              0|         0|           0|       0|                 0|         0|               0|                0|            0|             0|  231|        8|        0.0|            0.0|        1.0|            1.0|         0.03|         0.07|               0.0|           255|                 8|                  0.03|                  0.07|                        0.0|                        0.0|                 0.0|                     0.0|                 1.0|                     1.0|anomaly|         0.0|    (3,[0],[1.0])|   (3,[0],[1.0])|     (4,[0],[1.0])|(3,[0],[1.0])|(11,[1],[1.0])|(60,[1,4,6,19,23,...|[-0.1216726625332...|[2.94326238211793...|[0.94994408203983...|       0.0|
|       0|            0|      1|   1|        0|        0|   0|             0|     0|  0|                0|        0|              0|         0|           0|       0|                 0|         0|               0|                0|            0|             0|  237|       13|        0.0|            0.0|        1.0|            1.0|         0.05|         0.07|               0.0|           255|                13|                  0.05|                  0.08|                        0.0|                        0.0|                 0.0|                     0.0|                 1.0|                     1.0|anomaly|         0.0|    (3,[0],[1.0])|   (3,[0],[1.0])|     (4,[0],[1.0])|(3,[0],[1.0])|(11,[1],[1.0])|(60,[1,4,6,19,23,...|[-0.1216726625332...|[2.95082627842751...|[0.95030252614012...|       0.0|
|       0|            0|      1|   1|        0|        0|   0|             0|     0|  0|                0|        0|              0|         0|           0|       0|                 0|         0|               0|                0|            0|             0|  249|       11|        0.0|            0.0|        1.0|            1.0|         0.04|         0.07|               0.0|           255|                11|                  0.04|                  0.07|                        0.0|                        0.0|                 0.0|                     0.0|                 1.0|                     1.0|anomaly|         0.0|    (3,[0],[1.0])|   (3,[0],[1.0])|     (4,[0],[1.0])|(3,[0],[1.0])|(11,[1],[1.0])|(60,[1,4,6,19,23,...|[-0.1216726625332...|[3.08845604779284...|[0.95641404885471...|       0.0|
|       0|            0|      1|   1|        0|        0|   0|             0|     0|  0|                0|        0|              0|         0|           0|       0|                 0|         0|               0|                0|            0|             0|  250|       12|        0.0|            0.0|        1.0|            1.0|         0.05|         0.06|               0.0|           255|                12|                  0.05|                  0.07|                        0.0|                        0.0|                 0.0|                     0.0|                 1.0|                     1.0|anomaly|         0.0|    (3,[0],[1.0])|   (3,[0],[1.0])|     (4,[0],[1.0])|(3,[0],[1.0])|(11,[1],[1.0])|(60,[1,4,6,19,23,...|[-0.1216726625332...|[3.11124502400742...|[0.95735421548201...|       0.0|
|       0|            0|      1|   1|        0|        0|   0|             0|     0|  0|                0|        0|              0|         0|           0|       0|                 0|         0|               0|                0|            0|             0|  251|        5|        0.0|            0.0|        1.0|            1.0|         0.02|         0.06|               0.0|           255|                 5|                  0.02|                  0.06|                        0.0|                        0.0|                 0.0|                     0.0|                 1.0|                     1.0|anomaly|         0.0|    (3,[0],[1.0])|   (3,[0],[1.0])|     (4,[0],[1.0])|(3,[0],[1.0])|(11,[1],[1.0])|(60,[1,4,6,19,23,...|[-0.1216726625332...|[3.19299850686764...|[0.96056994684183...|       0.0|
|       0|            0|      1|   1|        0|        0|   0|             0|     0|  0|                0|        0|              0|         0|           0|       0|                 0|         0|               0|                0|            0|             0|  251|       18|        0.0|            0.0|        1.0|            1.0|         0.07|         0.07|               0.0|           255|                18|                  0.07|                  0.07|                        0.0|                        0.0|                 0.0|                     0.0|                 1.0|                     1.0|anomaly|         0.0|    (3,[0],[1.0])|   (3,[0],[1.0])|     (4,[0],[1.0])|(3,[0],[1.0])|(11,[1],[1.0])|(60,[1,4,6,19,23,...|[-0.1216726625332...|[3.03404310649334...|[0.95408860085337...|       0.0|
|       0|            0|      1|   1|        0|        0|   0|             0|     0|  0|                0|        0|              0|         0|           0|       0|                 0|         0|               0|                0|            0|             0|  252|       19|       0.01|            0.0|       0.99|            1.0|         0.08|         0.07|               0.0|           255|                19|                  0.07|                  0.08|                        0.0|                        0.0|                0.02|                     0.0|                0.98|                     1.0|anomaly|         0.0|    (3,[0],[1.0])|   (3,[0],[1.0])|     (4,[0],[1.0])|(3,[0],[1.0])|(11,[1],[1.0])|(60,[1,4,6,19,23,...|[-0.1216726625332...|[2.95751806049954...|[0.95061761254702...|       0.0|
|       0|            0|      1|   1|        0|        0|   0|             0|     0|  0|                0|        0|              0|         0|           0|       0|                 0|         0|               0|                0|            0|             0|  257|        3|        0.0|            0.0|        1.0|            1.0|         0.01|         0.07|               0.0|           255|                 3|                  0.01|                  0.07|                        0.0|                        0.0|                 0.0|                     0.0|                 1.0|                     1.0|anomaly|         0.0|    (3,[0],[1.0])|   (3,[0],[1.0])|     (4,[0],[1.0])|(3,[0],[1.0])|(11,[1],[1.0])|(60,[1,4,6,19,23,...|[-0.1216726625332...|[3.27536529535665...|[0.96357395831997...|       0.0|
|       0|            0|      1|   1|        0|        0|   0|             0|     0|  0|                0|        0|              0|         0|           0|       0|                 0|         0|               0|                0|            0|             0|  259|        7|        0.0|            0.0|        1.0|            1.0|         0.03|         0.06|               0.0|           255|                 7|                  0.03|                  0.06|                        0.0|                        0.0|                 0.0|                     0.0|                 1.0|                     1.0|anomaly|         0.0|    (3,[0],[1.0])|   (3,[0],[1.0])|     (4,[0],[1.0])|(3,[0],[1.0])|(11,[1],[1.0])|(60,[1,4,6,19,23,...|[-0.1216726625332...|[3.26096999245885...|[0.96306530934081...|       0.0|
|       0|            0|      1|   1|        0|        0|   0|             0|     0|  0|                0|        0|              0|         0|           0|       0|                 0|         0|               0|                0|            0|             0|  273|       13|        0.0|            0.0|        1.0|            1.0|         0.05|         0.06|               0.0|           255|                13|                  0.05|                  0.07|                        0.0|                        0.0|                 0.0|                     0.0|                 1.0|                     1.0|anomaly|         0.0|    (3,[0],[1.0])|   (3,[0],[1.0])|     (4,[0],[1.0])|(3,[0],[1.0])|(11,[1],[1.0])|(60,[1,4,6,19,23,...|[-0.1216726625332...|[3.32478422021734...|[0.96526933729565...|       0.0|
+--------+-------------+-------+----+---------+---------+----+--------------+------+---+-----------------+---------+---------------+----------+------------+--------+------------------+----------+----------------+-----------------+-------------+--------------+-----+---------+-----------+---------------+-----------+---------------+-------------+-------------+------------------+--------------+------------------+----------------------+----------------------+---------------------------+---------------------------+--------------------+------------------------+--------------------+------------------------+-------+------------+-----------------+----------------+------------------+-------------+--------------+--------------------+--------------------+--------------------+--------------------+----------+
only showing top 20 rows

Training Error = 0.07930240210595596
Test Error = 0.08212762983155097
