Random Seed: 123
0:duration
1:protocol_type_vec
2:service
3:flag_vec
4:src_bytes
5:dst_bytes
6:land
7:wrong_fragment_vec
8:urgent_vec
9:hot
10:num_failed_logins
11:logged_in
12:num_compromised
13:root_shell
14:su_attempted_vec
15:num_root
16:num_file_creations
17:num_shells
18:num_access_files
19:num_outbound_cmds
20:is_host_login
21:is_guest_login
22:count
23:srv_count
24:serror_rate
25:srv_serror_rate
26:rerror_rate
27:srv_rerror_rate
28:same_srv_rate
29:diff_srv_rate
30:srv_diff_host_rate
31:dst_host_count
32:dst_host_srv_count
33:dst_host_same_srv_rate
34:dst_host_diff_srv_rate
35:dst_host_same_src_port_rate
36:dst_host_srv_diff_host_rate
37:dst_host_serror_rate
38:dst_host_srv_serror_rate
39:dst_host_rerror_rate
40:dst_host_srv_rerror_rate
LR Reg:0.0
LR ElasticNet:0.0
    logistic regression model coefficients:
Coefficients: [0.19871637649463852,0.9142780137769155,1.5755436841911863,-1.0241316134317244,0.004691040961752747,2.1812668004000715,0.5101908264668612,-0.16588341982787472,0.27298849251258667,1.0243960052083287,0.3711735747386555,0.08915559502853516,0.2722634166818688,1.1822727226674425,-1.4721740136680748,0.01086917470315604,0.009076514594284232,0.22921744080063672,0.12771393915687088,0.0,1.9546420455255105,-0.07256886135335107,-0.044883819192780956,0.053175151558085915,-0.1366693102758052,1.208420872602139,-12.890543625101046,-0.09805185368236656,-2.1918154098305287,-1.2533096004872868,13.883585653439301,-0.012711509743454426,-0.12289376513025942,-0.008386815893976935,0.0,-0.21683578081576735,-0.613567845253215,-1.3773602286526958,1.049724347287799,-0.03276300810937169,-1.1350781868389406,-0.7590851851712253,-0.5757924973428881,0.32687324911335114,-0.005111983077898378,-0.018910984273080304,-1.346237007168431,1.7099080547745718,-2.1453861002646812,-0.11479283723943755,-0.19560490922403628,-0.27213696848586444,-0.030536522339936503,-0.6437957999303798,-0.6200052100047866,-0.1932773977872371] Intercept: -0.9579055824492697
+--------+-------------+-------+----+---------+---------+----+--------------+------+---+-----------------+---------+---------------+----------+------------+--------+------------------+----------+----------------+-----------------+-------------+--------------+-----+---------+-----------+---------------+-----------+---------------+-------------+-------------+------------------+--------------+------------------+----------------------+----------------------+---------------------------+---------------------------+--------------------+------------------------+--------------------+------------------------+-------+------------+-----------------+----------------+------------------+-------------+--------------+--------------------+--------------------+--------------------+--------------------+----------+
|duration|protocol_type|service|flag|src_bytes|dst_bytes|land|wrong_fragment|urgent|hot|num_failed_logins|logged_in|num_compromised|root_shell|su_attempted|num_root|num_file_creations|num_shells|num_access_files|num_outbound_cmds|is_host_login|is_guest_login|count|srv_count|serror_rate|srv_serror_rate|rerror_rate|srv_rerror_rate|same_srv_rate|diff_srv_rate|srv_diff_host_rate|dst_host_count|dst_host_srv_count|dst_host_same_srv_rate|dst_host_diff_srv_rate|dst_host_same_src_port_rate|dst_host_srv_diff_host_rate|dst_host_serror_rate|dst_host_srv_serror_rate|dst_host_rerror_rate|dst_host_srv_rerror_rate|  label|indexedLabel|protocol_type_vec|su_attempted_vec|wrong_fragment_vec|   urgent_vec|      flag_vec|            features|      scaledFeatures|       rawPrediction|         probability|prediction|
+--------+-------------+-------+----+---------+---------+----+--------------+------+---+-----------------+---------+---------------+----------+------------+--------+------------------+----------+----------------+-----------------+-------------+--------------+-----+---------+-----------+---------------+-----------+---------------+-------------+-------------+------------------+--------------+------------------+----------------------+----------------------+---------------------------+---------------------------+--------------------+------------------------+--------------------+------------------------+-------+------------+-----------------+----------------+------------------+-------------+--------------+--------------------+--------------------+--------------------+--------------------+----------+
|       0|            0|      1|   1|        0|        0|   0|             0|     0|  0|                0|        0|              0|         0|           0|       0|                 0|         0|               0|                0|            0|             0|    1|        1|        0.0|            0.0|        1.0|            1.0|          1.0|          0.0|               0.0|           168|                 8|                  0.05|                  0.04|                       0.01|                        0.0|                0.01|                     0.0|                0.08|                     1.0| normal|         1.0|    (2,[0],[1.0])|   (2,[0],[1.0])|     (3,[0],[1.0])|(3,[0],[1.0])|(10,[1],[1.0])|(56,[1,3,5,17,20,...|[-0.1194482202511...|[-2.8913358760811...|[0.05258352730166...|       1.0|
|       0|            0|      1|   1|        0|        0|   0|             0|     0|  0|                0|        0|              0|         0|           0|       0|                 0|         0|               0|                0|            0|             0|    1|        1|        0.0|            0.0|        1.0|            1.0|          1.0|          0.0|               0.0|           180|                10|                  0.06|                  0.03|                       0.01|                        0.0|                0.02|                     0.0|                0.08|                     1.0| normal|         1.0|    (2,[0],[1.0])|   (2,[0],[1.0])|     (3,[0],[1.0])|(3,[0],[1.0])|(10,[1],[1.0])|(56,[1,3,5,17,20,...|[-0.1194482202511...|[-2.7118962940061...|[0.06227502183427...|       1.0|
|       0|            0|      1|   1|        0|        0|   0|             0|     0|  0|                0|        0|              0|         0|           0|       0|                 0|         0|               0|                0|            0|             0|    1|        1|        0.0|            0.0|        1.0|            1.0|          1.0|          0.0|               0.0|           255|                 1|                   0.0|                   1.0|                        0.0|                        0.0|                 0.0|                     0.0|                0.99|                     1.0| normal|         1.0|    (2,[0],[1.0])|   (2,[0],[1.0])|     (3,[0],[1.0])|(3,[0],[1.0])|(10,[1],[1.0])|(56,[1,3,5,17,20,...|[-0.1194482202511...|[0.32087566074304...|[0.57953764254606...|       0.0|
|       0|            0|      1|   1|        0|        0|   0|             0|     0|  0|                0|        0|              0|         0|           0|       0|                 0|         0|               0|                0|            0|             0|  140|       20|        0.0|            0.0|        1.0|            1.0|         0.14|         0.06|               0.0|           255|                20|                  0.08|                  0.07|                        0.0|                        0.0|                 0.0|                     0.0|                 1.0|                     1.0|anomaly|         0.0|    (2,[0],[1.0])|   (2,[0],[1.0])|     (3,[0],[1.0])|(3,[0],[1.0])|(10,[1],[1.0])|(56,[1,3,5,17,20,...|[-0.1194482202511...|[1.89347717392584...|[0.86915148759672...|       0.0|
|       0|            0|      1|   1|        0|        0|   0|             0|     0|  0|                0|        0|              0|         0|           0|       0|                 0|         0|               0|                0|            0|             0|  158|       14|        0.0|            0.0|        1.0|            1.0|         0.09|         0.06|               0.0|           255|                14|                  0.05|                  0.07|                        0.0|                        0.0|                 0.0|                     0.0|                 1.0|                     1.0|anomaly|         0.0|    (2,[0],[1.0])|   (2,[0],[1.0])|     (3,[0],[1.0])|(3,[0],[1.0])|(10,[1],[1.0])|(56,[1,3,5,17,20,...|[-0.1194482202511...|[2.15987667267864...|[0.89658811445477...|       0.0|
|       0|            0|      1|   1|        0|        0|   0|             0|     0|  0|                0|        0|              0|         0|           0|       0|                 0|         0|               0|                0|            0|             0|  202|       10|        0.0|            0.0|        1.0|            1.0|         0.05|         0.06|               0.0|           255|                10|                  0.04|                  0.06|                        0.0|                        0.0|                 0.0|                     0.0|                 1.0|                     1.0|anomaly|         0.0|    (2,[0],[1.0])|   (2,[0],[1.0])|     (3,[0],[1.0])|(3,[0],[1.0])|(10,[1],[1.0])|(56,[1,3,5,17,20,...|[-0.1194482202511...|[2.74746327138924...|[0.93976992494361...|       0.0|
|       0|            0|      1|   1|        0|        0|   0|             0|     0|  0|                0|        0|              0|         0|           0|       0|                 0|         0|               0|                0|            0|             0|  205|        3|        0.0|            0.0|        1.0|            1.0|         0.01|         0.07|               0.0|           255|                 3|                  0.01|                  0.07|                        0.0|                        0.0|                 0.0|                     0.0|                 1.0|                     1.0|anomaly|         0.0|    (2,[0],[1.0])|   (2,[0],[1.0])|     (3,[0],[1.0])|(3,[0],[1.0])|(10,[1],[1.0])|(56,[1,3,5,17,20,...|[-0.1194482202511...|[2.87045850525679...|[0.94636662503248...|       0.0|
|       0|            0|      1|   1|        0|        0|   0|             0|     0|  0|                0|        0|              0|         0|           0|       0|                 0|         0|               0|                0|            0|             0|  211|       18|        0.0|            0.0|        1.0|            1.0|         0.09|         0.07|               0.0|           255|                18|                  0.07|                  0.08|                        0.0|                        0.0|                 0.0|                     0.0|                 1.0|                     1.0|anomaly|         0.0|    (2,[0],[1.0])|   (2,[0],[1.0])|     (3,[0],[1.0])|(3,[0],[1.0])|(10,[1],[1.0])|(56,[1,3,5,17,20,...|[-0.1194482202511...|[2.74958060116625...|[0.93988965938433...|       0.0|
|       0|            0|      1|   1|        0|        0|   0|             0|     0|  0|                0|        0|              0|         0|           0|       0|                 0|         0|               0|                0|            0|             0|  222|       20|        0.0|            0.0|        1.0|            1.0|         0.09|         0.06|               0.0|           255|                20|                  0.08|                  0.07|                        0.0|                        0.0|                 0.0|                     0.0|                 1.0|                     1.0|anomaly|         0.0|    (2,[0],[1.0])|   (2,[0],[1.0])|     (3,[0],[1.0])|(3,[0],[1.0])|(10,[1],[1.0])|(56,[1,3,5,17,20,...|[-0.1194482202511...|[2.86009304566166...|[0.94583806629861...|       0.0|
|       0|            0|      1|   1|        0|        0|   0|             0|     0|  0|                0|        0|              0|         0|           0|       0|                 0|         0|               0|                0|            0|             0|  227|       14|        0.0|            0.0|        1.0|            1.0|         0.06|         0.06|               0.0|           255|                14|                  0.05|                  0.07|                        0.0|                        0.0|                 0.0|                     0.0|                 1.0|                     1.0|anomaly|         0.0|    (2,[0],[1.0])|   (2,[0],[1.0])|     (3,[0],[1.0])|(3,[0],[1.0])|(10,[1],[1.0])|(56,[1,3,5,17,20,...|[-0.1194482202511...|[2.96405514869694...|[0.95092358569095...|       0.0|
|       0|            0|      1|   1|        0|        0|   0|             0|     0|  0|                0|        0|              0|         0|           0|       0|                 0|         0|               0|                0|            0|             0|  228|        6|        0.0|            0.0|        1.0|            1.0|         0.03|         0.07|               0.0|           255|                 6|                  0.02|                  0.07|                        0.0|                        0.0|                 0.0|                     0.0|                 1.0|                     1.0|anomaly|         0.0|    (2,[0],[1.0])|   (2,[0],[1.0])|     (3,[0],[1.0])|(3,[0],[1.0])|(10,[1],[1.0])|(56,[1,3,5,17,20,...|[-0.1194482202511...|[3.07932312866829...|[0.95603174106370...|       0.0|
|       0|            0|      1|   1|        0|        0|   0|             0|     0|  0|                0|        0|              0|         0|           0|       0|                 0|         0|               0|                0|            0|             0|  231|        5|        0.0|            0.0|        1.0|            1.0|         0.02|         0.07|               0.0|           255|                 5|                  0.02|                  0.08|                        0.0|                        0.0|                 0.0|                     0.0|                 1.0|                     1.0|anomaly|         0.0|    (2,[0],[1.0])|   (2,[0],[1.0])|     (3,[0],[1.0])|(3,[0],[1.0])|(10,[1],[1.0])|(56,[1,3,5,17,20,...|[-0.1194482202511...|[3.15474235593976...|[0.95909517769628...|       0.0|
|       0|            0|      1|   1|        0|        0|   0|             0|     0|  0|                0|        0|              0|         0|           0|       0|                 0|         0|               0|                0|            0|             0|  232|        9|       0.01|            0.0|       0.99|            1.0|         0.04|         0.08|               0.0|           255|                 9|                  0.04|                  0.08|                        0.0|                        0.0|                0.06|                     0.0|                0.94|                     1.0|anomaly|         0.0|    (2,[0],[1.0])|   (2,[0],[1.0])|     (3,[0],[1.0])|(3,[0],[1.0])|(10,[1],[1.0])|(56,[1,3,5,17,20,...|[-0.1194482202511...|[3.01430644336896...|[0.95321627545736...|       0.0|
|       0|            0|      1|   1|        0|        0|   0|             0|     0|  0|                0|        0|              0|         0|           0|       0|                 0|         0|               0|                0|            0|             0|  237|       13|        0.0|            0.0|        1.0|            1.0|         0.05|         0.07|               0.0|           255|                13|                  0.05|                  0.08|                        0.0|                        0.0|                 0.0|                     0.0|                 1.0|                     1.0|anomaly|         0.0|    (2,[0],[1.0])|   (2,[0],[1.0])|     (3,[0],[1.0])|(3,[0],[1.0])|(10,[1],[1.0])|(56,[1,3,5,17,20,...|[-0.1194482202511...|[3.11897249345456...|[0.95766859318150...|       0.0|
|       0|            0|      1|   1|        0|        0|   0|             0|     0|  0|                0|        0|              0|         0|           0|       0|                 0|         0|               0|                0|            0|             0|  245|        8|        0.0|            0.0|        1.0|            1.0|         0.03|         0.07|               0.0|           255|                 8|                  0.03|                  0.07|                        0.0|                        0.0|                 0.0|                     0.0|                 1.0|                     1.0|anomaly|         0.0|    (2,[0],[1.0])|   (2,[0],[1.0])|     (3,[0],[1.0])|(3,[0],[1.0])|(10,[1],[1.0])|(56,[1,3,5,17,20,...|[-0.1194482202511...|[3.26365928685626...|[0.96316084990298...|       0.0|
|       0|            0|      1|   1|        0|        0|   0|             0|     0|  0|                0|        0|              0|         0|           0|       0|                 0|         0|               0|                0|            0|             0|  249|       11|        0.0|            0.0|        1.0|            1.0|         0.04|         0.07|               0.0|           255|                11|                  0.04|                  0.07|                        0.0|                        0.0|                 0.0|                     0.0|                 1.0|                     1.0|anomaly|         0.0|    (2,[0],[1.0])|   (2,[0],[1.0])|     (3,[0],[1.0])|(3,[0],[1.0])|(10,[1],[1.0])|(56,[1,3,5,17,20,...|[-0.1194482202511...|[3.26498865353516...|[0.96320798949624...|       0.0|
|       0|            0|      1|   1|        0|        0|   0|             0|     0|  0|                0|        0|              0|         0|           0|       0|                 0|         0|               0|                0|            0|             0|  251|        2|        0.0|            0.0|        1.0|            1.0|         0.01|         0.07|               0.0|           255|                 2|                  0.01|                  0.07|                        0.0|                        0.0|                 0.0|                     0.0|                 1.0|                     1.0|anomaly|         0.0|    (2,[0],[1.0])|   (2,[0],[1.0])|     (3,[0],[1.0])|(3,[0],[1.0])|(10,[1],[1.0])|(56,[1,3,5,17,20,...|[-0.1194482202511...|[3.41953213641134...|[0.96830941776880...|       0.0|
|       0|            0|      1|   1|        0|        0|   0|             0|     0|  0|                0|        0|              0|         0|           0|       0|                 0|         0|               0|                0|            0|             0|  251|       18|        0.0|            0.0|        1.0|            1.0|         0.07|         0.07|               0.0|           255|                18|                  0.07|                  0.07|                        0.0|                        0.0|                 0.0|                     0.0|                 1.0|                     1.0|anomaly|         0.0|    (2,[0],[1.0])|   (2,[0],[1.0])|     (3,[0],[1.0])|(3,[0],[1.0])|(10,[1],[1.0])|(56,[1,3,5,17,20,...|[-0.1194482202511...|[3.21210819751559...|[0.96128739621241...|       0.0|
|       0|            0|      1|   1|        0|        0|   0|             0|     0|  0|                0|        0|              0|         0|           0|       0|                 0|         0|               0|                0|            0|             0|  252|       19|       0.01|            0.0|       0.99|            1.0|         0.08|         0.07|               0.0|           255|                19|                  0.07|                  0.08|                        0.0|                        0.0|                0.02|                     0.0|                0.98|                     1.0|anomaly|         0.0|    (2,[0],[1.0])|   (2,[0],[1.0])|     (3,[0],[1.0])|(3,[0],[1.0])|(10,[1],[1.0])|(56,[1,3,5,17,20,...|[-0.1194482202511...|[3.14014532359496...|[0.95851865924235...|       0.0|
|       0|            0|      1|   1|        0|        0|   0|             0|     0|  0|                0|        0|              0|         0|           0|       0|                 0|         0|               0|                0|            0|             0|  257|        3|        0.0|            0.0|        1.0|            1.0|         0.01|         0.07|               0.0|           255|                 3|                  0.01|                  0.07|                        0.0|                        0.0|                 0.0|                     0.0|                 1.0|                     1.0|anomaly|         0.0|    (2,[0],[1.0])|   (2,[0],[1.0])|     (3,[0],[1.0])|(3,[0],[1.0])|(10,[1],[1.0])|(56,[1,3,5,17,20,...|[-0.1194482202511...|[3.45929009893327...|[0.96950698678926...|       0.0|
+--------+-------------+-------+----+---------+---------+----+--------------+------+---+-----------------+---------+---------------+----------+------------+--------+------------------+----------+----------------+-----------------+-------------+--------------+-----+---------+-----------+---------------+-----------+---------------+-------------+-------------+------------------+--------------+------------------+----------------------+----------------------+---------------------------+---------------------------+--------------------+------------------------+--------------------+------------------------+-------+------------+-----------------+----------------+------------------+-------------+--------------+--------------------+--------------------+--------------------+--------------------+----------+
only showing top 20 rows

Training Error = 0.07956481453806374
Test Error = 0.08158834652286573
