Random Seed: 123
LR Reg:0.0
LR ElasticNet:0.0
	logistic regression model coefficients:
Coefficients: [-1.5119306336551341E-5,-1.291085048428222,-0.03350088415050501,-0.34377486570724763,-6.991454434397257E-7,9.006207107995841E-8,0.04892240285938843,-0.667705268951711,-47.977844841221305,0.032652970614883516,-3.9770654490572985,-0.10397037500675328,-1.3047424528462892,-2.292979051831967,7.902738097682201,1.2668670266690656,0.09469065025497571,-2.0542362926386235,0.020039528181817194,0.0,-22.537802549602272,-3.575819057516653,-0.0136335577278553,0.01464253052192356,-0.5224939375388963,-3.0264908348925164,-3.1378849173339605,-1.917348348120182,-0.7975757860200855,-0.8221787864695,-0.19264855761828056,-0.012299571680058881,0.01622746649656558,-3.672136570442921,1.29517761446339,-1.142984805229089,-4.300180004023472,-1.467076345258084,-3.230090891381485,-2.033700439894973,-0.2686339467971505] Intercept: 9.74271443143411
	Training LOSS per iteration
0.6927328866314786
0.3926631897931564
0.3341689096614287
0.3173538756111822
0.3121569399109934
0.29146438628321564
0.28240092317845816
0.2739482688931549
0.27002227156534975
0.26711005965908746
0.2645819541667219
0.26124248305817727
0.2579100929893054
0.2561207115215901
0.25599960812088685
0.2548345075001226
0.25458399210001176
0.2542944984729196
0.25415584950294323
0.25348968220845414
0.25330855040149125
0.25302075684081266
0.2527818226538986
0.2524915046862163
0.25204268067491864
0.2518527646801601
0.25159514344998085
0.25149541529745817
0.25124963911859877
0.25081799262999444
0.25002257988854143
0.24919033948763716
0.24866816662750052
0.24825749534614314
0.24797316233499697
0.2476422080794208
0.247432954535299
0.24653849491174676
0.2461594739848989
0.24573097435431804
0.24560697438522988
0.24502764189133602
0.24460426444813013
0.24415403706307567
0.24369461447681487
0.2434543007116725
0.24282778504579697
0.24257477046820025
0.24227994410187328
0.24217113001263826
0.24201090564259284
0.2419615781094964
0.24182005749613564
0.2417170826909955
0.24157892202212072
0.2415269821876678
0.24142278415839377
0.24129209692164633
0.24112945742519085
0.24106653931214178
0.24096520557221962
0.24094562237350045
0.24091312675463214
0.2408895779421679
0.24083988876329943
0.24083503029251307
0.24077869145412667
0.24076209163024054
0.24074918164315912
0.24073075366775634
0.2406924295945802
0.2406752861412662
0.24066378170102784
0.24066111348149005
0.24065427605036827
0.24064940475456692
0.24063867002065098
0.24062769155274832
0.24060700153842174
0.24059821809449064
0.2405778620346609
0.24057338797985975
0.24055732294862997
0.2405345901046394
0.24051787858432147
0.24050110444627074
0.24047980463459268
0.24046835172258016
0.2404579813369318
0.24044140052039925
0.24043280374573192
0.24042378203802267
0.24040655668336058
0.24039859631496988
0.24038176320590188
0.2403495432386478
0.2403402673879164
0.24028548953712386
0.2402733301841458
0.2402643606368371
0.24025731553497623
0.2402495868004759
0.24023636653843472
0.24022715449525944
0.24022247003898856
0.24020094450890658
0.24017840516513425
0.2401496711429175
0.24012395290796792
0.24009963480259885
0.24006719980189783
0.24005336443910388
0.2400401335902113
0.24002535705073189
0.24000994494368574
0.23999623974085182
0.23998625833934623
0.23997462309187198
0.23996051922873737
0.23993092837242044
0.23989552421856328
0.23984989080732205
0.2398075431691813
0.23977820881849884
0.23976084829423677
0.2397459515444229
0.23973497725672568
0.23972154992801792
0.23970398239867838
0.23969637489106654
0.23966929762562414
0.23965134695868548
0.23962321727360172
0.2395958026293077
0.23955762906579228
0.2395389734800357
0.23952929799627778
0.23952247999918524
0.23951208817959865
0.23949280284225963
0.23947356656522825
0.2394512243820813
0.23943632991536112
0.23940922105794293
0.23935964867584553
0.23933230873326874
0.2392992984910228
0.23927390678193808
0.23925194660509935
0.23924417912326207
0.2392352588649607
0.23922610474918019
0.23921701941730608
0.2392071146471048
0.23920425467266312
0.2391968103931391
0.23919067984215026
0.23918243434892142
0.23917154109192423
0.23915060747986625
0.2391435802733583
0.23913481541547071
0.23912701242009812
0.23911779412215256
0.2391083902756373
0.23910070505852823
0.23909361612616326
0.2390884996613871
0.23907998716369255
0.23906430048750224
0.23904227326176955
0.23903411920333162
0.2390240640670797
0.23901600919164528
0.23900851702972423
0.23900630420587127
0.2389998823290504
0.23899780823082403
0.23899457031446214
0.23898910330908482
0.23898566125760404
0.23898109328909695
0.23897667937406344
0.23897384364814309
0.23897143382856426
0.23896978689482173
0.2389658905257264
0.2389633617199449
0.238962095122817
0.23895995613132395
0.23895845160377363
0.23895700188225596
0.2389554281956305
0.23895464141577502
0.23895365600404614
0.23895284070500222
0.2389516481799316
0.23894969674738162
0.23894785658526033
0.23894618530769723
0.23894230394781454
0.23893766449983767
0.23893378282533198
0.2389287000454277
0.2389247141170796
0.23892196614578198
0.23891563326332013
0.23890986491854294
0.23890400382624252
0.23890026798359373
0.2388942867562265
0.23888938343020044
0.23888131040800759
0.23886981040014027
0.23886369288489948
0.23885751507913494
0.23885252593579007
0.23884780749708473
0.23884411155943483
0.23883844095060286
0.2388356536173568
0.23883373231905403
0.23883318193403058
0.23883127425830072
0.2388305109054432
0.238829513709478
0.23882857794713677
0.23882609142829644
0.2388225757687969
0.23881949452620896
0.23881765944328104
0.23881638748529957
0.23881565772341817
0.23881546859782543
0.2388147942640001
0.2388139564736101
0.23881335077583407
0.23881247831192937
0.23881180852886497
0.23881076996952802
0.2388096439711695
0.2388084241883712
0.23880733559989276
0.23880708937216066
0.23880694891618184
0.23880681974310766
0.2388066082706588
0.23880651346181148
0.23880645130342004
0.2388063005214994
0.23880603905324885
0.23880568259974305
0.2388052905957052
0.23880514625894259
0.23880494914995334
0.23880452140625893
0.23880424808442965
0.23880403468126313
0.2388039172830002
0.238803673338677
0.23880358636170637
0.23880341233296648
0.23880314221416535
0.23880298466202704
0.23880291221425365
0.23880275171196505
0.23880270561392344
0.23880253805824167
0.23880222248020352
0.2388021343106458
0.23880196063672252
0.23880186822848376
0.23880176101157338
0.23880163939408952
0.23880155956582383
0.2388015145358824
0.2388014831676069
0.23880144330839426
0.23880141198145116
0.2388013743745644
0.2388013149286656
0.2388012746047557
0.23880123597581598
0.23880120230700477
0.2388011443305403
0.23880113716470439
0.2388010868463466
0.23880107325875627
0.23880104888899664
0.23880102394156008
0.23880100306089513
0.23880098586239643
0.2388009637181946
+--------------------+--------------------+
|                 FPR|                 TPR|
+--------------------+--------------------+
|                 0.0|                 0.0|
|4.648460197559558...|0.020311442112389978|
|5.229517722254503E-4| 0.04074598387394596|
|5.810575246949448E-4| 0.06118052563550194|
|5.810575246949448E-4| 0.08167661722164092|
|5.810575246949448E-4|  0.1021727088077799|
|5.810575246949448E-4| 0.12266880039391888|
|6.972690296339338E-4| 0.14304179233089187|
|6.972690296339338E-4| 0.16353788391703084|
|8.134805345729227E-4|  0.1839108758540038|
|0.001045903544450...|  0.2041607681418108|
|0.001162115049389...| 0.22453376007878378|
|0.001394538059267...| 0.24478365236659075|
|0.001801278326554...| 0.26484889518064875|
|0.002091807088901801| 0.28503723764387273|
|0.002730970366066...|  0.3048562811595987|
|0.003137710633352702|  0.3249215239736567|
|0.003544450900639...| 0.34498676678771467|
|0.004357931435212086| 0.36462116082969165|
|0.005113306217315514| 0.38431710469625163|
+--------------------+--------------------+
only showing top 20 rows

+--------------------+
|                 FPR|
+--------------------+
|                 0.0|
|4.648460197559558...|
|5.229517722254503E-4|
|5.810575246949448E-4|
|5.810575246949448E-4|
|5.810575246949448E-4|
|5.810575246949448E-4|
|6.972690296339338E-4|
|6.972690296339338E-4|
|8.134805345729227E-4|
|0.001045903544450...|
|0.001162115049389...|
|0.001394538059267...|
|0.001801278326554...|
|0.002091807088901801|
|0.002730970366066...|
|0.003137710633352702|
|0.003544450900639...|
|0.004357931435212086|
|0.005113306217315514|
+--------------------+
only showing top 20 rows

	Area under ROC:
0.967419946871164
Best F1 Measure on Training:0.8979315221875185 at threshold: 0.4303371138846473
Training Error = 0.10628568012672979
Test Error = 0.10595980110652004
