appName=q2.George_SparkLoadLinearRegression,
 algorithm=LinearRegression,
 train=resources/kaggle-1000-train.csv,
 test=resources/kaggle-1000-test.csv,
 seed=123,
 features=800,
 pca=NO_PCA,
 pcaFeature=0
 useScalar=0

PCA = false
SCALAR = false
+-----------+--------------------+--------------------+------------+--------------------+--------------------+--------------------+--------------------+--------------------+--------------------+--------------------+--------------------+--------------------+--------------------+--------------------+----------+
|Class Index|               Title|         Description|indexedLabel|sentence_words_clean| sentence_stop_words|      sw_rawFeatures|     sw_idf_features|   title_words_clean|    title_stop_words|      tw_rawFeatures|     tw_idf_features|            features|       rawPrediction|         probability|prediction|
+-----------+--------------------+--------------------+------------+--------------------+--------------------+--------------------+--------------------+--------------------+--------------------+--------------------+--------------------+--------------------+--------------------+--------------------+----------+
|          3|Wall St. Bears Cl...|Reuters - Short-s...|         2.0|[reuters, short, ...|[reuters, short, ...|(800,[4,14,25,39,...|(800,[4,14,25,39,...|[wall, st, bears,...|[wall, st, bears,...|(800,[4,231,263,3...|(800,[4,231,263,3...|(1600,[4,231,263,...|[-9.5911507660935...|[4.01234715765661...|       2.0|
|          3|Carlyle Looks Tow...|Reuters - Private...|         2.0|[reuters, private...|[reuters, private...|(800,[31,52,94,17...|(800,[31,52,94,17...|[carlyle, looks, ...|[carlyle, looks, ...|(800,[11,221,263,...|(800,[11,221,263,...|(1600,[11,221,263...|[2.76666019859169...|[2.25829548189873...|       2.0|
|          3|Oil and Economy C...|Reuters - Soaring...|         2.0|[reuters, soaring...|[reuters, soaring...|(800,[10,183,263,...|(800,[10,183,263,...|[oil, and, econom...|[oil, economy, cl...|(800,[6,184,263,2...|(800,[6,184,263,2...|(1600,[6,184,263,...|[-6.9875104770374...|[3.07654270120304...|       2.0|
|          3|Iraq Halts Oil Ex...|Reuters - Authori...|         2.0|[reuters, authori...|[reuters, authori...|(800,[3,11,46,132...|(800,[3,11,46,132...|[iraq, halts, oil...|[iraq, halts, oil...|(800,[3,10,11,143...|(800,[3,10,11,143...|(1600,[3,10,11,14...|[0.41363298729614...|[3.47641563340196...|       2.0|
|          3|Oil prices soar t...|AFP - Tearaway wo...|         2.0|[afp, tearaway, w...|[afp, tearaway, w...|(800,[25,124,136,...|(800,[25,124,136,...|[oil, prices, soa...|[oil, prices, soa...|(800,[25,99,184,2...|(800,[25,99,184,2...|(1600,[25,99,184,...|[-0.0622991797124...|[5.99373839251994...|       2.0|
|          3|Stocks End Up, Bu...|Reuters - Stocks ...|         2.0|[reuters, stocks,...|[reuters, stocks,...|(800,[6,67,99,151...|(800,[6,67,99,151...|[stocks, end, up,...|[stocks, end, nea...|(800,[6,99,263,28...|(800,[6,99,263,28...|(1600,[6,99,263,2...|[7.26020809714479...|[3.31489586760855...|       2.0|
|          3|Money Funds Fell ...|AP - Assets of th...|         2.0|[ap, assets, of, ...|[ap, assets, nati...|(800,[31,103,104,...|(800,[31,103,104,...|[money, funds, fe...|[money, funds, fe...|(800,[104,298,320...|(800,[104,298,320...|(1600,[104,298,32...|[4.47536388893564...|[1.24640480839294...|       2.0|
|          3|Fed minutes show ...|USATODAY.com - Re...|         2.0|[usatoday, com, r...|[usatoday, com, r...|(800,[25,88,277,3...|(800,[25,88,277,3...|[fed, minutes, sh...|[fed, minutes, sh...|(800,[27,88,96,38...|(800,[27,88,96,38...|(1600,[27,88,96,3...|[9.87535460920879...|[1.41733231751699...|       2.0|
|          3|Safety Net (Forbe...|"Forbes.com - Aft...|         2.0|[forbes, com, aft...|[forbes, com, ear...|(800,[34,44,75,82...|(800,[34,44,75,82...|[safety, net, for...|[safety, net, for...|(800,[218,254,621...|(800,[218,254,621...|(1600,[218,254,62...|[-11.675889637784...|[2.15169783197738...|       2.0|
|          3|Wall St. Bears Cl...| NEW YORK (Reuter...|         2.0|[new, york, reute...|[new, york, reute...|(800,[4,14,25,39,...|(800,[4,14,25,39,...|[wall, st, bears,...|[wall, st, bears,...|(800,[4,231,330,4...|(800,[4,231,330,4...|(1600,[4,231,330,...|[-10.947540921905...|[6.04006301777347...|       2.0|
|          3|Oil and Economy C...| NEW YORK (Reuter...|         2.0|[new, york, reute...|[new, york, reute...|(800,[10,25,183,2...|(800,[10,25,183,2...|[oil, and, econom...|[oil, economy, cl...|(800,[6,184,291,6...|(800,[6,184,291,6...|(1600,[6,184,291,...|[-8.3439006328494...|[4.63133200143706...|       2.0|
|          3|No Need for OPEC ...| TEHRAN (Reuters)...|         2.0|[tehran, reuters,...|[tehran, reuters,...|(800,[5,8,48,57,1...|(800,[5,8,48,57,1...|[no, need, for, o...|[need, opec, pump...|(800,[104,216,445...|(800,[104,216,445...|(1600,[104,216,44...|[-4.9253685605824...|[1.05535556036203...|       2.0|
|          3|Non-OPEC Nations ...| JAKARTA (Reuters...|         2.0|[jakarta, reuters...|[jakarta, reuters...|(800,[48,121,183,...|(800,[48,121,183,...|[non, opec, natio...|[non, opec, natio...|(800,[216,322,400...|(800,[216,322,400...|(1600,[216,322,40...|[3.42128392681120...|[1.00749135351196...|       2.0|
|          3|Google IPO Auctio...| WASHINGTON/NEW Y...|         2.0|[washington, new,...|[washington, new,...|(800,[7,25,26,84,...|(800,[7,25,26,84,...|[google, ipo, auc...|[google, ipo, auc...|(800,[56,148,196,...|(800,[56,148,196,...|(1600,[56,148,196...|[9.55514005814143...|[2.26201280644440...|       2.0|
|          3|Dollar Falls Broa...| NEW YORK (Reuter...|         2.0|[new, york, reute...|[new, york, reute...|(800,[25,27,32,95...|(800,[25,27,32,95...|[dollar, falls, b...|[dollar, falls, b...|(800,[163,286,404...|(800,[163,286,404...|(1600,[163,286,40...|[-3.6123372249920...|[3.45342948360085...|       2.0|
|          3|Rescuing an Old S...|If you think you ...|         2.0|[if, you, think, ...|[think, may, need...|(800,[80,125,147,...|(800,[80,125,147,...|[rescuing, an, ol...|[rescuing, old, s...|(800,[72,283,747]...|(800,[72,283,747]...|(1600,[72,283,747...|[-1.6124527059942...|[4.10591081026308...|       2.0|
|          3|Kids Rule for Bac...|The purchasing po...|         2.0|[the, purchasing,...|[purchasing, powe...|(800,[91,198,225,...|(800,[91,198,225,...|[kids, rule, for,...|[kids, rule, back...|(800,[430,671,726...|(800,[430,671,726...|(1600,[430,671,72...|[-5.7639150259743...|[6.13492428305799...|       2.0|
|          3|In a Down Market,...|There is little c...|         2.0|[there, is, littl...|[little, cause, c...|(800,[10,58,64,11...|(800,[10,58,64,11...|[in, a, down, mar...|[market, head, to...|(800,[264,330,365...|(800,[264,330,365...|(1600,[264,330,36...|[-6.4086770064370...|[5.32395464468493...|       2.0|
|          3|US trade deficit ...|The US trade defi...|         2.0|[the, us, trade, ...|[us, trade, defic...|(800,[85,184,208,...|(800,[85,184,208,...|[us, trade, defic...|[us, trade, defic...|(800,[127,208,288...|(800,[127,208,288...|(1600,[127,208,28...|[-1.2538226790374...|[6.96242420468790...|       2.0|
|          3|Shell 'could be t...|Oil giant Shell c...|         2.0|[oil, giant, shel...|[oil, giant, shel...|(800,[48,63,68,82...|(800,[48,63,68,82...|[shell, could, be...|[shell, target, t...|(800,[80,371,723]...|(800,[80,371,723]...|(1600,[80,371,723...|[5.31928090169300...|[3.05367935443389...|       2.0|
+-----------+--------------------+--------------------+------------+--------------------+--------------------+--------------------+--------------------+--------------------+--------------------+--------------------+--------------------+--------------------+--------------------+--------------------+----------+
only showing top 20 rows

Training Error = 0.0010010010010009784
Test Error = 0.49949949949949946
Elapsed Time = PT9.893S
appName=q2.George_SparkLoadLinearRegression,
 algorithm=LinearRegression,
 train=resources/kaggle-1000-train.csv,
 test=resources/kaggle-1000-test.csv,
 seed=123,
 features=800,
 pca=NO_PCA,
 pcaFeature=0
 useScalar=1

PCA = false
SCALAR = true
+-----------+--------------------+--------------------+------------+--------------------+--------------------+--------------------+--------------------+--------------------+--------------------+--------------------+--------------------+--------------------+--------------------+--------------------+--------------------+----------+
|Class Index|               Title|         Description|indexedLabel|sentence_words_clean| sentence_stop_words|      sw_rawFeatures|     sw_idf_features|   title_words_clean|    title_stop_words|      tw_rawFeatures|     tw_idf_features|            features|      scaledFeatures|       rawPrediction|         probability|prediction|
+-----------+--------------------+--------------------+------------+--------------------+--------------------+--------------------+--------------------+--------------------+--------------------+--------------------+--------------------+--------------------+--------------------+--------------------+--------------------+----------+
|          3|Wall St. Bears Cl...|Reuters - Short-s...|         2.0|[reuters, short, ...|[reuters, short, ...|(800,[4,14,25,39,...|(800,[4,14,25,39,...|[wall, st, bears,...|[wall, st, bears,...|(800,[4,231,263,3...|(800,[4,231,263,3...|(1600,[4,231,263,...|[-0.0952985261261...|[-13.789737850602...|[1.87575678783961...|       2.0|
|          3|Carlyle Looks Tow...|Reuters - Private...|         2.0|[reuters, private...|[reuters, private...|(800,[31,52,94,17...|(800,[31,52,94,17...|[carlyle, looks, ...|[carlyle, looks, ...|(800,[11,221,263,...|(800,[11,221,263,...|(1600,[11,221,263...|[-0.0952985261261...|[-4.0346115917875...|[9.38267135494043...|       2.0|
|          3|Oil and Economy C...|Reuters - Soaring...|         2.0|[reuters, soaring...|[reuters, soaring...|(800,[10,183,263,...|(800,[10,183,263,...|[oil, and, econom...|[oil, economy, cl...|(800,[6,184,263,2...|(800,[6,184,263,2...|(1600,[6,184,263,...|[-0.0952985261261...|[-22.910386411116...|[2.05979138336078...|       2.0|
|          3|Iraq Halts Oil Ex...|Reuters - Authori...|         2.0|[reuters, authori...|[reuters, authori...|(800,[3,11,46,132...|(800,[3,11,46,132...|[iraq, halts, oil...|[iraq, halts, oil...|(800,[3,10,11,143...|(800,[3,10,11,143...|(1600,[3,10,11,14...|[-0.0952985261261...|[-12.350656675491...|[1.93121864261335...|       2.0|
|          3|Oil prices soar t...|AFP - Tearaway wo...|         2.0|[afp, tearaway, w...|[afp, tearaway, w...|(800,[25,124,136,...|(800,[25,124,136,...|[oil, prices, soa...|[oil, prices, soa...|(800,[25,99,184,2...|(800,[25,99,184,2...|(1600,[25,99,184,...|[-0.0952985261261...|[-10.460858249928...|[2.01211574263629...|       2.0|
|          3|Stocks End Up, Bu...|Reuters - Stocks ...|         2.0|[reuters, stocks,...|[reuters, stocks,...|(800,[6,67,99,151...|(800,[6,67,99,151...|[stocks, end, up,...|[stocks, end, nea...|(800,[6,99,263,28...|(800,[6,99,263,28...|(1600,[6,99,263,2...|[-0.0952985261261...|[-1.7995392873249...|[2.83546965590552...|       2.0|
|          3|Money Funds Fell ...|AP - Assets of th...|         2.0|[ap, assets, of, ...|[ap, assets, nati...|(800,[31,103,104,...|(800,[31,103,104,...|[money, funds, fe...|[money, funds, fe...|(800,[104,298,320...|(800,[104,298,320...|(1600,[104,298,32...|[-0.0952985261261...|[-5.3727784252715...|[9.07127040934536...|       2.0|
|          3|Fed minutes show ...|USATODAY.com - Re...|         2.0|[usatoday, com, r...|[usatoday, com, r...|(800,[25,88,277,3...|(800,[25,88,277,3...|[fed, minutes, sh...|[fed, minutes, sh...|(800,[27,88,96,38...|(800,[27,88,96,38...|(1600,[27,88,96,3...|[-0.0952985261261...|[1.54263045183607...|[5.64828861600111...|       2.0|
|          3|Safety Net (Forbe...|"Forbes.com - Aft...|         2.0|[forbes, com, aft...|[forbes, com, ear...|(800,[34,44,75,82...|(800,[34,44,75,82...|[safety, net, for...|[safety, net, for...|(800,[218,254,621...|(800,[218,254,621...|(1600,[218,254,62...|[-0.0952985261261...|[-20.694502630271...|[1.16808954216804...|       2.0|
|          3|Wall St. Bears Cl...| NEW YORK (Reuter...|         2.0|[new, york, reute...|[new, york, reute...|(800,[4,14,25,39,...|(800,[4,14,25,39,...|[wall, st, bears,...|[wall, st, bears,...|(800,[4,231,330,4...|(800,[4,231,330,4...|(1600,[4,231,330,...|[-0.0952985261261...|[-15.959615729489...|[1.79362989839364...|       2.0|
|          3|Oil and Economy C...| NEW YORK (Reuter...|         2.0|[new, york, reute...|[new, york, reute...|(800,[10,25,183,2...|(800,[10,25,183,2...|[oil, and, econom...|[oil, economy, cl...|(800,[6,184,291,6...|(800,[6,184,291,6...|(1600,[6,184,291,...|[-0.0952985261261...|[-25.080264290002...|[1.96960684558951...|       2.0|
|          3|No Need for OPEC ...| TEHRAN (Reuters)...|         2.0|[tehran, reuters,...|[tehran, reuters,...|(800,[5,8,48,57,1...|(800,[5,8,48,57,1...|[no, need, for, o...|[need, opec, pump...|(800,[104,216,445...|(800,[104,216,445...|(1600,[104,216,44...|[-0.0952985261261...|[-14.902007274134...|[7.90210938407945...|       2.0|
|          3|Non-OPEC Nations ...| JAKARTA (Reuters...|         2.0|[jakarta, reuters...|[jakarta, reuters...|(800,[48,121,183,...|(800,[48,121,183,...|[non, opec, natio...|[non, opec, natio...|(800,[216,322,400...|(800,[216,322,400...|(1600,[216,322,40...|[-0.0952985261261...|[-2.7768900225335...|[3.82975783352593...|       2.0|
|          3|Google IPO Auctio...| WASHINGTON/NEW Y...|         2.0|[washington, new,...|[washington, new,...|(800,[7,25,26,84,...|(800,[7,25,26,84,...|[google, ipo, auc...|[google, ipo, auc...|(800,[56,148,196,...|(800,[56,148,196,...|(1600,[56,148,196...|[-0.0952985261261...|[-3.6796704637077...|[3.56890462649644...|       2.0|
|          3|Dollar Falls Broa...| NEW YORK (Reuter...|         2.0|[new, york, reute...|[new, york, reute...|(800,[25,27,32,95...|(800,[25,27,32,95...|[dollar, falls, b...|[dollar, falls, b...|(800,[163,286,404...|(800,[163,286,404...|(1600,[163,286,40...|[-0.0952985261261...|[-19.233575130495...|[2.64615160146400...|       2.0|
|          3|Rescuing an Old S...|If you think you ...|         2.0|[if, you, think, ...|[think, may, need...|(800,[80,125,147,...|(800,[80,125,147,...|[rescuing, an, ol...|[rescuing, old, s...|(800,[72,283,747]...|(800,[72,283,747]...|(1600,[72,283,747...|[-0.0952985261261...|[-2.6317863723410...|[2.80468137454133...|       2.0|
|          3|Kids Rule for Bac...|The purchasing po...|         2.0|[the, purchasing,...|[purchasing, powe...|(800,[91,198,225,...|(800,[91,198,225,...|[kids, rule, for,...|[kids, rule, back...|(800,[430,671,726...|(800,[430,671,726...|(1600,[430,671,72...|[-0.0952985261261...|[-7.4562551461520...|[1.11287221386603...|       2.0|
|          3|In a Down Market,...|There is little c...|         2.0|[there, is, littl...|[little, cause, c...|(800,[10,58,64,11...|(800,[10,58,64,11...|[in, a, down, mar...|[market, head, to...|(800,[264,330,365...|(800,[264,330,365...|(1600,[264,330,36...|[-0.0952985261261...|[-11.009394100897...|[5.36039730300158...|       2.0|
|          3|US trade deficit ...|The US trade defi...|         2.0|[the, us, trade, ...|[us, trade, defic...|(800,[85,184,208,...|(800,[85,184,208,...|[us, trade, defic...|[us, trade, defic...|(800,[127,208,288...|(800,[127,208,288...|(1600,[127,208,28...|[-0.0952985261261...|[-3.9481732707992...|[2.49533134346798...|       2.0|
|          3|Shell 'could be t...|Oil giant Shell c...|         2.0|[oil, giant, shel...|[oil, giant, shel...|(800,[48,63,68,82...|(800,[48,63,68,82...|[shell, could, be...|[shell, target, t...|(800,[80,371,723]...|(800,[80,371,723]...|(1600,[80,371,723...|[-0.0952985261261...|[1.82611116677109...|[6.74085923580684...|       2.0|
+-----------+--------------------+--------------------+------------+--------------------+--------------------+--------------------+--------------------+--------------------+--------------------+--------------------+--------------------+--------------------+--------------------+--------------------+--------------------+----------+
only showing top 20 rows

Training Error = 0.0010010010010009784
Test Error = 0.48848848848848847
Elapsed Time = PT11.106S
