http://co246a-3.ecs.vuw.ac.nz:8042/node/containerlogs/container_1617755808746_1727_01_000001/wilesgeor/stdout/?start=0

appName=q2.George_SparkLoad_DecisionTree,
 algorithm=DecisionTree,
 train=resources/kaggle-news-train.csv,
 test=resources/kaggle-news-test.csv,
 seed=123,
 features=1000,
 pca=NO_PCA,
 pcaFeatures=0
 treeDepth=12
, useScalar=false

+-----------+--------------------+--------------------+------------+--------------------+--------------------+--------------------+--------------------+--------------------+--------------------+--------------------+--------------------+--------------------+--------------------+--------------------+----------+
|Class Index|               Title|         Description|indexedLabel|sentence_words_clean| sentence_stop_words|      sw_rawFeatures|     sw_idf_features|   title_words_clean|    title_stop_words|      tw_rawFeatures|     tw_idf_features|            features|       rawPrediction|         probability|prediction|
+-----------+--------------------+--------------------+------------+--------------------+--------------------+--------------------+--------------------+--------------------+--------------------+--------------------+--------------------+--------------------+--------------------+--------------------+----------+
|          3|Wall St. Bears Cl...|Reuters - Short-s...|         2.0|[reuters, short, ...|[reuters, short, ...|(1000,[14,25,39,1...|(1000,[14,25,39,1...|[wall, st, bears,...|[wall, st, bears,...|(1000,[149,263,40...|(1000,[149,263,40...|(2000,[149,263,40...|[18358.0,14745.0,...|[0.30028625173795...|       0.0|
|          3|Carlyle Looks Tow...|Reuters - Private...|         2.0|[reuters, private...|[reuters, private...|(1000,[10,21,30,3...|(1000,[10,21,30,3...|[carlyle, looks, ...|[carlyle, looks, ...|(1000,[11,21,173,...|(1000,[11,21,173,...|(2000,[11,21,173,...|[18358.0,14745.0,...|[0.30028625173795...|       0.0|
|          3|Oil and Economy C...|Reuters - Soaring...|         2.0|[reuters, soaring...|[reuters, soaring...|(1000,[97,122,129...|(1000,[97,122,129...|[oil, and, econom...|[oil, economy, cl...|(1000,[91,129,206...|(1000,[91,129,206...|(2000,[91,129,206...|[18358.0,14745.0,...|[0.30028625173795...|       0.0|
|          3|Iraq Halts Oil Ex...|Reuters - Authori...|         2.0|[reuters, authori...|[reuters, authori...|(1000,[34,74,128,...|(1000,[34,74,128,...|[iraq, halts, oil...|[iraq, halts, oil...|(1000,[113,263,60...|(1000,[113,263,60...|(2000,[113,263,60...|[0.0,0.0,3.0,0.0,...|[0.0,0.0,1.0,0.0,...|       2.0|
|          3|Oil prices soar t...|AFP - Tearaway wo...|         2.0|[afp, tearaway, w...|[afp, tearaway, w...|(1000,[25,144,150...|(1000,[25,144,150...|[oil, prices, soa...|[oil, prices, soa...|(1000,[25,157,208...|(1000,[25,157,208...|(2000,[25,157,208...|[30.0,10.0,2013.0...|[0.01385681293302...|       2.0|
|          3|Stocks End Up, Bu...|Reuters - Stocks ...|         2.0|[reuters, stocks,...|[reuters, stocks,...|(1000,[1,129,151,...|(1000,[1,129,151,...|[stocks, end, up,...|[stocks, end, nea...|(1000,[206,263,28...|(1000,[206,263,28...|(2000,[206,263,28...|[3.0,0.0,99.0,0.0...|[0.02941176470588...|       2.0|
|          3|Money Funds Fell ...|AP - Assets of th...|         2.0|[ap, assets, of, ...|[ap, assets, nati...|(1000,[31,122,130...|(1000,[31,122,130...|[money, funds, fe...|[money, funds, fe...|(1000,[122,242,30...|(1000,[122,242,30...|(2000,[122,242,30...|[316.0,48.0,686.0...|[0.27598253275109...|       2.0|
|          3|Fed minutes show ...|USATODAY.com - Re...|         2.0|[usatoday, com, r...|[usatoday, com, r...|(1000,[25,122,221...|(1000,[25,122,221...|[fed, minutes, sh...|[fed, minutes, sh...|(1000,[19,187,221...|(1000,[19,187,221...|(2000,[19,187,221...|[1766.0,1621.0,30...|[0.17635310565208...|       3.0|
|          3|Safety Net (Forbe...|"Forbes.com - Aft...|         2.0|[forbes, com, aft...|[forbes, com, ear...|(1000,[8,41,82,94...|(1000,[8,41,82,94...|[safety, net, for...|[safety, net, for...|(1000,[18,221,254...|(1000,[18,221,254...|(2000,[18,221,254...|[18358.0,14745.0,...|[0.30028625173795...|       0.0|
|          3|Wall St. Bears Cl...| NEW YORK (Reuter...|         2.0|[new, york, reute...|[new, york, reute...|(1000,[14,25,39,1...|(1000,[14,25,39,1...|[wall, st, bears,...|[wall, st, bears,...|(1000,[149,404,43...|(1000,[149,404,43...|(2000,[149,404,43...|[18358.0,14745.0,...|[0.30028625173795...|       0.0|
|          3|Oil and Economy C...| NEW YORK (Reuter...|         2.0|[new, york, reute...|[new, york, reute...|(1000,[25,97,122,...|(1000,[25,97,122,...|[oil, and, econom...|[oil, economy, cl...|(1000,[91,129,206...|(1000,[91,129,206...|(2000,[91,129,206...|[18358.0,14745.0,...|[0.30028625173795...|       0.0|
|          3|No Need for OPEC ...| TEHRAN (Reuters)...|         2.0|[tehran, reuters,...|[tehran, reuters,...|(1000,[57,84,128,...|(1000,[57,84,128,...|[no, need, for, o...|[need, opec, pump...|(1000,[140,537,61...|(1000,[140,537,61...|(2000,[140,537,61...|[30.0,10.0,2013.0...|[0.01385681293302...|       2.0|
|          3|Non-OPEC Nations ...| JAKARTA (Reuters...|         2.0|[jakarta, reuters...|[jakarta, reuters...|(1000,[44,122,145...|(1000,[44,122,145...|[non, opec, natio...|[non, opec, natio...|(1000,[122,200,22...|(1000,[122,200,22...|(2000,[122,200,22...|[30.0,10.0,2013.0...|[0.01385681293302...|       2.0|
|          3|Google IPO Auctio...| WASHINGTON/NEW Y...|         2.0|[washington, new,...|[washington, new,...|(1000,[7,25,113,1...|(1000,[7,25,113,1...|[google, ipo, auc...|[google, ipo, auc...|(1000,[201,596,74...|(1000,[201,596,74...|(2000,[201,596,74...|[3.0,0.0,23.0,0.0...|[0.11538461538461...|       2.0|
|          3|Dollar Falls Broa...| NEW YORK (Reuter...|         2.0|[new, york, reute...|[new, york, reute...|(1000,[25,46,167,...|(1000,[25,46,167,...|[dollar, falls, b...|[dollar, falls, b...|(1000,[286,346,53...|(1000,[286,346,53...|(2000,[286,346,53...|[18358.0,14745.0,...|[0.30028625173795...|       0.0|
|          3|Rescuing an Old S...|If you think you ...|         2.0|[if, you, think, ...|[think, may, need...|(1000,[41,56,242,...|(1000,[41,56,242,...|[rescuing, an, ol...|[rescuing, old, s...|(1000,[672,747,88...|(1000,[672,747,88...|(2000,[672,747,88...|[18358.0,14745.0,...|[0.30028625173795...|       0.0|
|          3|Kids Rule for Bac...|The purchasing po...|         2.0|[the, purchasing,...|[purchasing, powe...|(1000,[72,91,198,...|(1000,[72,91,198,...|[kids, rule, for,...|[kids, rule, back...|(1000,[343,430,72...|(1000,[343,430,72...|(2000,[343,430,72...|[370.0,2424.0,379...|[0.10553337136337...|       1.0|
|          3|In a Down Market,...|There is little c...|         2.0|[there, is, littl...|[little, cause, c...|(1000,[115,130,19...|(1000,[115,130,19...|[in, a, down, mar...|[market, head, to...|(1000,[64,130,565...|(1000,[64,130,565...|(2000,[64,130,565...|[18358.0,14745.0,...|[0.30028625173795...|       0.0|
|          3|US trade deficit ...|The US trade defi...|         2.0|[the, us, trade, ...|[us, trade, defic...|(1000,[203,208,28...|(1000,[203,208,28...|[us, trade, defic...|[us, trade, defic...|(1000,[208,531,68...|(1000,[208,531,68...|(2000,[208,531,68...|[392.0,131.0,399....|[0.34265734265734...|       2.0|
|          3|Shell 'could be t...|Oil giant Shell c...|         2.0|[oil, giant, shel...|[oil, giant, shel...|(1000,[9,48,123,2...|(1000,[9,48,123,2...|[shell, could, be...|[shell, target, t...|(1000,[80,123,571...|(1000,[80,123,571...|(2000,[80,123,571...|[392.0,131.0,399....|[0.34265734265734...|       2.0|
+-----------+--------------------+--------------------+------------+--------------------+--------------------+--------------------+--------------------+--------------------+--------------------+--------------------+--------------------+--------------------+--------------------+--------------------+----------+
only showing top 20 rows

Training Error = 0.5137
Test Error = 0.5255263157894736
Start Time = 2021-06-08T19:26:56.730
End Time = 2021-06-08T19:27:51.637
Elapsed Time = PT54.907S