http://co246a-3.ecs.vuw.ac.nz:8042/node/containerlogs/container_1617755808746_0700_01_000001/knoxdavi/stdout/?start=-4096
Random Seed: 10
	logistic regression model coefficients:
Coefficients: [5.542302131800385E-6,-1.3607119773588705,-0.03350056376539288,-0.38601372138909673,-6.683697814823276E-7,1.8844394638486574E-9,4.226011118492593,-0.6306659100162958,-9.552197266889952,0.041412916785621624,-3.8497603551810746,-0.27208433650787367,-0.24521219001628464,-1.6287436352953772,7.330407055121229,0.20868066390252218,0.1067381083565371,-1.725286439118773,0.5646535202360509,0.0,-17.49516100282183,-3.5834044982486115,-0.01584332978289375,0.01716036219540829,0.7266313024176454,-4.2359164727574665,-3.5504979924900804,-1.8927952611019765,-0.6549593464610585,-0.764581793058709,-0.2624598019368634,-0.012240575432252508,0.01662756099675014,-3.738452209798178,1.486361912941285,-1.006456051382337,-4.218295175488829,-0.3765234360901643,-5.241625174071664,-1.828402687088996,-0.3645311637829799] Intercept: 9.959938840456024
	Training LOSS per iteration
0.6926848435087423
0.39533742086932844
0.3347229126105862
0.31802359867333935
0.31285526791406193
0.29192640045030166
0.2823319135974879
0.2730494774130863
0.2687572239758377
0.26596402126651814
0.26335535793101406
0.2601411517289129
0.2568648091262741
0.25522884455401823
0.2547125955963688
0.2538704331805433
0.25343118093803135
0.252888719965674
0.25242983775965616
0.2520815748851344
0.25184497056418714
0.2514214391392405
0.2512516494943654
0.25092542427534514
0.2507301958161005
0.2505078716014977
0.2503531226123951
0.2500963211511773
0.24984781429731007
0.2495475594586674
0.24870805817038438
0.247923594576514
0.24728290912191556
0.2469260202605992
0.2464659545695918
0.2460039087404889
0.24540217031642622
0.24485834002067913
0.24475890736008676
0.2445316944731858
0.24362390864607777
0.24303432301752712
0.24239064470637472
0.24197092153453212
0.2417728696995244
0.24135839428072206
0.24119412757236228
0.2410024512564435
0.24075044399657156
0.24067592495848683
0.2405113260386036
+--------------------+--------------------+
|                 FPR|                 TPR|
+--------------------+--------------------+
|                 0.0|                 0.0|
|2.895864705200973E-4|0.020249892287806978|
|3.475037646241167...| 0.04074598387394596|
|3.475037646241167...|0.061303625284667936|
|3.475037646241167...| 0.08186126669538991|
|4.054210587281362E-4| 0.10235735828152889|
|5.212556469361752E-4| 0.12279190004308488|
|5.212556469361752E-4| 0.14334954145380685|
|6.370902351442141E-4| 0.16378408321536284|
| 7.52924823352253E-4| 0.18421862497691882|
|8.687594115602919E-4|  0.2046531667384748|
|0.001042511293872...| 0.22502615867544778|
|0.001332097764392...| 0.24527605096325475|
|0.001563766940808...|  0.2655874930756447|
| 0.00214293988184872| 0.28552963624053673|
|0.002606278234680...|  0.3055948790545947|
|0.003127533881617...| 0.32559857204406967|
|0.003880458704969...| 0.34535606573521266|
|0.004459631646009499|  0.3653597587246876|
|0.004749218116529595|  0.3856712008370776|
+--------------------+--------------------+
only showing top 20 rows

+--------------------+
|                 FPR|
+--------------------+
|                 0.0|
|2.895864705200973E-4|
|3.475037646241167...|
|3.475037646241167...|
|3.475037646241167...|
|4.054210587281362E-4|
|5.212556469361752E-4|
|5.212556469361752E-4|
|6.370902351442141E-4|
| 7.52924823352253E-4|
|8.687594115602919E-4|
|0.001042511293872...|
|0.001332097764392...|
|0.001563766940808...|
| 0.00214293988184872|
|0.002606278234680...|
|0.003127533881617...|
|0.003880458704969...|
|0.004459631646009499|
|0.004749218116529595|
+--------------------+
only showing top 20 rows

	Area under ROC:
0.9665955402464378
Best F1 Measure on Training:0.8989150412047192 at threshold: 0.48559369500162913
Training Error = 0.10431772744904966
Test Error = 0.105814525768122
