http://co246a-1.ecs.vuw.ac.nz:8042/node/containerlogs/container_1617755808746_0692_01_000001/knoxdavi/stdout/?start=-4096
Random Seed: 2
	logistic regression model coefficients:
Coefficients: [2.7858155465341267E-7,-1.3598727067939818,-0.03350671601562498,-0.3042758875339819,-1.3186327008166213E-6,-2.2424453830865957E-7,-0.4813617246458395,-0.4783881037721742,-9.768506600641544,0.031027347257824477,-4.347960415854801,-0.23710941086139417,-0.2220301943767053,-1.1960363325954735,20.041371799724395,0.20914968125873434,0.051150387482487215,-1.9869077040600287,0.2816226532825163,0.0,-20.274575516624108,-3.5648102368850845,-0.01423756977331212,0.015211104018130537,0.2510198044315961,-3.3132552960888773,-3.7325689332575513,-1.303734023917109,-0.37495640894314713,-0.5389562773782498,-0.20251891910501482,-0.012154982974603202,0.01608970769774746,-3.63505757575718,1.2241880830862724,-1.055146679441884,-4.474160565253795,-0.13465610783799742,-5.663989175169976,-1.7498138771193605,-0.1719749444847095] Intercept: 8.983705645873126
	Training LOSS per iteration
0.6926844016602043
0.39582651060076063
0.3356990807230606
0.31835618054728554
0.31278555853248835
0.29164434195534966
0.2819858649759062
0.2727132305273992
0.2683540952588625
0.2653024009989278
0.2625423775122311
0.2591818895906271
0.25561641191269197
0.25383734749023923
0.2532395379196676
0.25252150891792385
0.25221621779495085
0.25186493744199023
0.2515975013990793
0.25117713225851274
0.25091561107482446
0.25052326774318656
0.25028365277535836
0.25001731221263124
0.24965047244146413
0.24923052304214457
0.2491002764538366
0.24877627091849172
0.24832806601724955
0.24796057438433422
0.24725139571085425
0.2466584386010192
0.24616030428703345
0.24566425526847188
0.2450134738063811
0.24465730469288308
0.24421902658717481
0.2437819634370867
0.24357594705975588
0.2433542662860596
0.24294564709779842
0.24251538280940957
0.24156644238437247
0.2409012108689648
0.24062812167046463
0.24035392793626775
0.2400688851563589
0.2397959063776666
0.2396000079128667
0.23951601162351757
0.23945854612480222
+--------------------+--------------------+
|                 FPR|                 TPR|
+--------------------+--------------------+
|                 0.0|                 0.0|
|2.317765673890369...|0.020875669684093847|
|2.897207092362962E-4|0.041320278342262456|
|2.897207092362962E-4| 0.06182646714699181|
|2.897207092362962E-4| 0.08233265595172116|
|4.056089929308147E-4| 0.10271568446332903|
|4.056089929308147E-4| 0.12322187326805838|
|4.635531347780739E-4|   0.143666481926227|
|6.953297021671109E-4| 0.16392635014471335|
|8.691621277088886E-4| 0.18424779850976045|
|9.271062695561478E-4| 0.20469240716792905|
|0.001158882836945...|  0.2249522753864154|
|0.001332715262486...| 0.24527372375146253|
|0.001622435971723...| 0.26547201182338814|
|0.002028044964654...| 0.28554713960219225|
|0.002549542241279...| 0.30549910708787487|
|0.003128983659751...|  0.3253894944269967|
| 0.00382431336191911|  0.3451567214729971|
|0.004403754780391703|   0.365047108812119|
|0.004809363773322517|  0.3851222365909231|
+--------------------+--------------------+
only showing top 20 rows

+--------------------+
|                 FPR|
+--------------------+
|                 0.0|
|2.317765673890369...|
|2.897207092362962E-4|
|2.897207092362962E-4|
|2.897207092362962E-4|
|4.056089929308147E-4|
|4.056089929308147E-4|
|4.635531347780739E-4|
|6.953297021671109E-4|
|8.691621277088886E-4|
|9.271062695561478E-4|
|0.001158882836945...|
|0.001332715262486...|
|0.001622435971723...|
|0.002028044964654...|
|0.002549542241279...|
|0.003128983659751...|
| 0.00382431336191911|
|0.004403754780391703|
|0.004809363773322517|
+--------------------+
only showing top 20 rows

	Area under ROC:
0.9667957658864272
Best F1 Measure on Training:0.9003955836334652 at threshold: 0.4438947649688114
Training Error = 0.10442726214287845
Test Error = 0.1061170025984971
