http://co246a-9.ecs.vuw.ac.nz:8088/cluster/app/application_1617755808746_0696
Random Seed: 6
	logistic regression model coefficients:
Coefficients: [-2.8448526034006802E-6,-1.5094529212086907,-0.032535119812686954,-0.3723288831154458,-1.3484348964854098E-6,1.1304365464089702E-7,-0.10588494790237506,-0.5170293586399991,-10.746010164294908,0.029710153964197832,-4.095151141819026,-0.41226341668726973,-0.17873111934520652,-1.7944097747760936,4.697727417953058,0.1695802366293665,0.1375969003302801,-1.525013326217776,0.8163000440959295,0.0,-19.36513828203979,-3.5201011243629408,-0.012779982254808326,0.0139827080273278,0.37992059980560605,-3.739734940768316,-4.5962484595223065,-0.7071985191338277,-0.16507163873193775,-0.4430279794650344,-0.1549237568415542,-0.011419792197957876,0.015422085425128962,-3.5625140682610477,1.0967428601436566,-0.9774390897208256,-3.8796718047387477,-0.7079276932297022,-4.812140821674332,-1.641537369255075,-0.6564745629053622] Intercept: 9.419512574612066
	Training LOSS per iteration
0.6926458646884968
0.39593867376457836
0.33615408753932824
0.31912473208165815
0.31380825978795357
0.292769825322381
0.2833697877728545
0.2743867689732133
0.27021285311776844
0.26730325305873204
0.26467851143806154
0.26136631482893735
0.2580041001064458
0.2563072220623105
0.25577788049366484
0.25503438392276206
0.2546393652673986
0.2539676245392892
0.2532696603877866
0.25296492499828405
0.2526562110160671
0.25246214878070106
0.25215702943518953
0.25182201220551703
0.251484010552193
0.2511935309722357
0.25110115023315294
0.2508935242841807
0.2503443779736436
0.2494675808936374
0.24853498825326872
0.24742337136601758
0.24706882287543863
0.24651544586258592
0.24592490196617955
0.24513806912510522
0.24443254433618716
0.2439001079554866
0.24345964552852645
0.24318398690161316
0.24295083390888725
0.24258087918351248
0.2421592772945963
0.24189734684007824
0.24160391857944982
0.24150976022789192
0.2413572016189682
0.24125842435955433
0.24113389191208068
0.2409616671912759
0.24089293102957668
+--------------------+--------------------+
|                 FPR|                 TPR|
+--------------------+--------------------+
|                 0.0|                 0.0|
|3.490807540144287E-4| 0.02020702907084857|
|3.490807540144287E-4|0.040785966652203555|
|3.490807540144287E-4|0.061364904233558545|
|4.654410053525715...|  0.0818198723114114|
| 6.39981382359786E-4| 0.10221285563751317|
|8.727018850360717E-4| 0.12254385421186388|
|8.727018850360717E-4| 0.14312279179321888|
|9.308820107051431E-4|  0.1636397446228228|
|9.890621363742146E-4| 0.18415669745242672|
|0.001338142890388...| 0.20436372652327528|
|0.001454503141726...| 0.22481869460112813|
|0.001861764021410...| 0.24496373892022563|
|0.001978124272748...| 0.26541870699807846|
|0.002210844775424715|  0.2857497055724292|
|0.002967186409122644| 0.30552284138102026|
|0.003548987665813358| 0.32548193144486454|
|0.003839888294158...|  0.3457509452674642|
|0.004538049802187573| 0.36558606582780634|
|0.004770770304863859| 0.38591706440215706|
+--------------------+--------------------+
only showing top 20 rows

+--------------------+
|                 FPR|
+--------------------+
|                 0.0|
|3.490807540144287E-4|
|3.490807540144287E-4|
|3.490807540144287E-4|
|4.654410053525715...|
| 6.39981382359786E-4|
|8.727018850360717E-4|
|8.727018850360717E-4|
|9.308820107051431E-4|
|9.890621363742146E-4|
|0.001338142890388...|
|0.001454503141726...|
|0.001861764021410...|
|0.001978124272748...|
|0.002210844775424715|
|0.002967186409122644|
|0.003548987665813358|
|0.003839888294158...|
|0.004538049802187573|
|0.004770770304863859|
+--------------------+
only showing top 20 rows

	Area under ROC:
0.9666330163417456
Best F1 Measure on Training:0.8992348440258977 at threshold: 0.4312974338108859
Training Error = 0.10230785390594521
Test Error = 0.10412764481442938
