rain=resources/kaggle-news-train.csv, test=resources/kaggle-news-test.csv, seed=1, features=1000, pca=NO_PCA
+-----------+--------------------+--------------------+------------+--------------------+--------------------+--------------------+--------------------+--------------------+--------------------+--------------------+--------------------+--------------------+--------------------+--------------------+--------------------+----------+
|Class Index|               Title|         Description|indexedLabel|      sentence_words| sentence_stop_words|      sw_rawFeatures|     sw_idf_features|         title_words|    title_stop_words|      tw_rawFeatures|     tw_idf_features|            features|      scaledFeatures|       rawPrediction|         probability|prediction|
+-----------+--------------------+--------------------+------------+--------------------+--------------------+--------------------+--------------------+--------------------+--------------------+--------------------+--------------------+--------------------+--------------------+--------------------+--------------------+----------+
|          3|Wall St. Bears Cl...|Reuters - Short-s...|         2.0|[reuters, -, shor...|[reuters, -, shor...|(1000,[132,263,31...|(1000,[132,263,31...|[wall, st., bears...|[wall, st., bears...|(1000,[149,404,43...|(1000,[149,404,43...|(2000,[149,404,43...|[-0.0892396506453...|[3.16162243787846...|[0.22716292985514...|       2.0|
|          3|Carlyle Looks Tow...|Reuters - Private...|         2.0|[reuters, -, priv...|[reuters, -, priv...|(1000,[21,31,164,...|(1000,[21,31,164,...|[carlyle, looks, ...|[carlyle, looks, ...|(1000,[11,21,173,...|(1000,[11,21,173,...|(2000,[11,21,173,...|[-0.0892396506453...|[2.81672129095992...|[0.15649042240582...|       2.0|
|          3|Oil and Economy C...|Reuters - Soaring...|         2.0|[reuters, -, soar...|[reuters, -, soar...|(1000,[97,122,129...|(1000,[97,122,129...|[oil, and, econom...|[oil, economy, cl...|(1000,[91,129,231...|(1000,[91,129,231...|(2000,[91,129,231...|[-0.0892396506453...|[2.74659191491130...|[0.01657684457260...|       2.0|
|          3|Iraq Halts Oil Ex...|Reuters - Authori...|         2.0|[reuters, -, auth...|[reuters, -, auth...|(1000,[74,190,198...|(1000,[74,190,198...|[iraq, halts, oil...|[iraq, halts, oil...|(1000,[113,568,60...|(1000,[113,568,60...|(2000,[113,568,60...|[-0.0892396506453...|[1.04916270390388...|[0.00233493438317...|       3.0|
|          3|Oil prices soar t...|AFP - Tearaway wo...|         2.0|[afp, -, tearaway...|[afp, -, tearaway...|(1000,[25,80,144,...|(1000,[25,80,144,...|[oil, prices, soa...|[oil, prices, soa...|(1000,[12,25,208,...|(1000,[12,25,208,...|(2000,[12,25,208,...|[-0.0892396506453...|[1.73635001236736...|[0.01353135427164...|       2.0|
|          3|Stocks End Up, Bu...|Reuters - Stocks ...|         2.0|[reuters, -, stoc...|[reuters, -, stoc...|(1000,[1,129,151,...|(1000,[1,129,151,...|[stocks, end, up,...|[stocks, end, up,...|(1000,[206,284,56...|(1000,[206,284,56...|(2000,[206,284,56...|[-0.0892396506453...|[2.07202134289289...|[0.03451879510720...|       3.0|
|          3|Money Funds Fell ...|AP - Assets of th...|         2.0|[ap, -, assets, o...|[ap, -, assets, n...|(1000,[31,48,122,...|(1000,[31,48,122,...|[money, funds, fe...|[money, funds, fe...|(1000,[96,122,242...|(1000,[96,122,242...|(2000,[96,122,242...|[-0.0892396506453...|[2.93253008445672...|[0.03948876212978...|       2.0|
|          3|Fed minutes show ...|USATODAY.com - Re...|         2.0|[usatoday.com, -,...|[usatoday.com, -,...|(1000,[25,53,231,...|(1000,[25,53,231,...|[fed, minutes, sh...|[fed, minutes, sh...|(1000,[19,187,227...|(1000,[19,187,227...|(2000,[19,187,227...|[-0.0892396506453...|[3.92034675435149...|[0.26516887808179...|       2.0|
|          3|Safety Net (Forbe...|"Forbes.com - Aft...|         2.0|["forbes.com, -, ...|["forbes.com, -, ...|(1000,[8,41,82,99...|(1000,[8,41,82,99...|[safety, net, (fo...|[safety, net, (fo...|(1000,[18,402,915...|(1000,[18,402,915...|(2000,[18,402,915...|[-0.0892396506453...|[3.13899373358110...|[0.07640256559750...|       2.0|
|          3|Wall St. Bears Cl...| NEW YORK (Reuter...|         2.0|[, new, york, (re...|[, new, york, (re...|(1000,[25,39,132,...|(1000,[25,39,132,...|[wall, st., bears...|[wall, st., bears...|(1000,[149,404,43...|(1000,[149,404,43...|(2000,[149,404,43...|[-0.0892396506453...|[0.83740069876744...|[0.01530495264205...|       2.0|
|          3|Oil and Economy C...| NEW YORK (Reuter...|         2.0|[, new, york, (re...|[, new, york, (re...|(1000,[25,97,122,...|(1000,[25,97,122,...|[oil, and, econom...|[oil, economy, cl...|(1000,[91,129,231...|(1000,[91,129,231...|(2000,[91,129,231...|[-0.0892396506453...|[0.96901979441397...|[9.03605310744057...|       2.0|
|          3|No Need for OPEC ...| TEHRAN (Reuters)...|         2.0|[, tehran, (reute...|[, tehran, (reute...|(1000,[57,84,208,...|(1000,[57,84,208,...|[no, need, for, o...|[need, opec, pump...|(1000,[140,425,53...|(1000,[140,425,53...|(2000,[140,425,53...|[-0.0892396506453...|[2.37801963172707...|[0.05291429459367...|       2.0|
|          3|Non-OPEC Nations ...| JAKARTA (Reuters...|         2.0|[, jakarta, (reut...|[, jakarta, (reut...|(1000,[122,145,20...|(1000,[122,145,20...|[non-opec, nation...|[non-opec, nation...|(1000,[301,396,72...|(1000,[301,396,72...|(2000,[301,396,72...|[-0.0892396506453...|[0.27668598541831...|[0.00624069794582...|       3.0|
|          3|Google IPO Auctio...| WASHINGTON/NEW Y...|         2.0|[, washington/new...|[, washington/new...|(1000,[7,113,146,...|(1000,[7,113,146,...|[google, ipo, auc...|[google, ipo, auc...|(1000,[201,596,74...|(1000,[201,596,74...|(2000,[201,596,74...|[-0.0892396506453...|[5.74486067353816...|[0.43565230200920...|       2.0|
|          3|Dollar Falls Broa...| NEW YORK (Reuter...|         2.0|[, new, york, (re...|[, new, york, (re...|(1000,[25,46,167,...|(1000,[25,46,167,...|[dollar, falls, b...|[dollar, falls, b...|(1000,[286,346,53...|(1000,[286,346,53...|(2000,[286,346,53...|[-0.0892396506453...|[1.83265975806236...|[0.00339977496180...|       2.0|
|          3|Rescuing an Old S...|If you think you ...|         2.0|[if, you, think, ...|[think, may, need...|(1000,[3,56,173,2...|(1000,[3,56,173,2...|[rescuing, an, ol...|[rescuing, old, s...|(1000,[672,747,88...|(1000,[672,747,88...|(2000,[672,747,88...|[-0.0892396506453...|[2.99860045641440...|[0.21159240029359...|       2.0|
|          3|Kids Rule for Bac...|The purchasing po...|         2.0|[the, purchasing,...|[purchasing, powe...|(1000,[72,91,198,...|(1000,[72,91,198,...|[kids, rule, for,...|[kids, rule, back...|(1000,[343,726,89...|(1000,[343,726,89...|(2000,[343,726,89...|[-0.0892396506453...|[2.10735804433772...|[0.07806353911468...|       2.0|
|          3|In a Down Market,...|There is little c...|         2.0|[there, is, littl...|[little, cause, c...|(1000,[18,115,130...|(1000,[18,115,130...|[in, a, down, mar...|[market,, head, t...|(1000,[64,252,565...|(1000,[64,252,565...|(2000,[64,252,565...|[-0.0892396506453...|[1.84636089841622...|[0.00899323911382...|       2.0|
|          3|US trade deficit ...|The US trade defi...|         2.0|[the, us, trade, ...|[us, trade, defic...|(1000,[203,208,28...|(1000,[203,208,28...|[us, trade, defic...|[us, trade, defic...|(1000,[208,531,68...|(1000,[208,531,68...|(2000,[208,531,68...|[-0.0892396506453...|[3.72352703595324...|[0.23186379068433...|       2.0|
|          3|Shell 'could be t...|Oil giant Shell c...|         2.0|[oil, giant, shel...|[oil, giant, shel...|(1000,[9,123,209,...|(1000,[9,123,209,...|[shell, 'could, b...|[shell, 'could, t...|(1000,[80,123,656...|(1000,[80,123,656...|(2000,[80,123,656...|[-0.0892396506453...|[3.89607913950932...|[0.25982046267293...|       2.0|
+-----------+--------------------+--------------------+------------+--------------------+--------------------+--------------------+--------------------+--------------------+--------------------+--------------------+--------------------+--------------------+--------------------+--------------------+--------------------+----------+
only showing top 20 rows

Training Error = 0.19561666666666666
Test Error = 0.21552631578947368