http://co246a-6.ecs.vuw.ac.nz:8042/node/containerlogs/container_1617755808746_0904_01_000001/wilesgeor/stdout/?start=0

Random Seed: 6
0:duration
1:protocol_type_vec
2:service
3:flag_vec
4:src_bytes
5:dst_bytes
6:land
7:wrong_fragment_vec
8:urgent_vec
9:hot
10:num_failed_logins
11:logged_in
12:num_compromised
13:root_shell
14:su_attempted_vec
15:num_root
16:num_file_creations
17:num_shells
18:num_access_files
19:num_outbound_cmds
20:is_host_login
21:is_guest_login
22:count
23:srv_count
24:serror_rate
25:srv_serror_rate
26:rerror_rate
27:srv_rerror_rate
28:same_srv_rate
29:diff_srv_rate
30:srv_diff_host_rate
31:dst_host_count
32:dst_host_srv_count
33:dst_host_same_srv_rate
34:dst_host_diff_srv_rate
35:dst_host_same_src_port_rate
36:dst_host_srv_diff_host_rate
37:dst_host_serror_rate
38:dst_host_srv_serror_rate
39:dst_host_rerror_rate
40:dst_host_srv_rerror_rate
+--------+-------------+-------+----+---------+---------+----+--------------+------+---+-----------------+---------+---------------+----------+------------+--------+------------------+----------+----------------+-----------------+-------------+--------------+-----+---------+-----------+---------------+-----------+---------------+-------------+-------------+------------------+--------------+------------------+----------------------+----------------------+---------------------------+---------------------------+--------------------+------------------------+--------------------+------------------------+-------+------------+-----------------+----------------+------------------+-------------+--------------+--------------------+--------------------+-----------------+--------------------+----------+
|duration|protocol_type|service|flag|src_bytes|dst_bytes|land|wrong_fragment|urgent|hot|num_failed_logins|logged_in|num_compromised|root_shell|su_attempted|num_root|num_file_creations|num_shells|num_access_files|num_outbound_cmds|is_host_login|is_guest_login|count|srv_count|serror_rate|srv_serror_rate|rerror_rate|srv_rerror_rate|same_srv_rate|diff_srv_rate|srv_diff_host_rate|dst_host_count|dst_host_srv_count|dst_host_same_srv_rate|dst_host_diff_srv_rate|dst_host_same_src_port_rate|dst_host_srv_diff_host_rate|dst_host_serror_rate|dst_host_srv_serror_rate|dst_host_rerror_rate|dst_host_srv_rerror_rate|  label|indexedLabel|protocol_type_vec|su_attempted_vec|wrong_fragment_vec|   urgent_vec|      flag_vec|            features|      scaledFeatures|    rawPrediction|         probability|prediction|
+--------+-------------+-------+----+---------+---------+----+--------------+------+---+-----------------+---------+---------------+----------+------------+--------+------------------+----------+----------------+-----------------+-------------+--------------+-----+---------+-----------+---------------+-----------+---------------+-------------+-------------+------------------+--------------+------------------+----------------------+----------------------+---------------------------+---------------------------+--------------------+------------------------+--------------------+------------------------+-------+------------+-----------------+----------------+------------------+-------------+--------------+--------------------+--------------------+-----------------+--------------------+----------+
|       0|            0|      1|   1|        0|        0|   0|             0|     0|  0|                0|        0|              0|         0|           0|       0|                 0|         0|               0|                0|            0|             0|    1|        1|        0.0|            0.0|        1.0|            1.0|          1.0|          0.0|               0.0|           168|                 8|                  0.05|                  0.04|                       0.01|                        0.0|                0.01|                     0.0|                0.08|                     1.0| normal|         1.0|    (3,[0],[1.0])|   (3,[0],[1.0])|     (4,[0],[1.0])|(4,[0],[1.0])|(11,[1],[1.0])|(61,[1,4,6,19,23,...|[-0.1203320558413...|[194.0,305.0,0.0]|[0.38877755511022...|       1.0|
|       0|            0|      1|   1|        0|        0|   0|             0|     0|  0|                0|        0|              0|         0|           0|       0|                 0|         0|               0|                0|            0|             0|    1|        1|        0.0|            0.0|        1.0|            1.0|          1.0|          0.0|               0.0|           255|                 5|                  0.02|                  0.06|                        0.0|                        0.0|                0.53|                     0.0|                0.05|                     1.0| normal|         1.0|    (3,[0],[1.0])|   (3,[0],[1.0])|     (4,[0],[1.0])|(4,[0],[1.0])|(11,[1],[1.0])|(61,[1,4,6,19,23,...|[-0.1203320558413...|  [13.0,20.0,0.0]|[0.39393939393939...|       1.0|
|       0|            0|      1|   1|        0|        0|   0|             0|     0|  0|                0|        0|              0|         0|           0|       0|                 0|         0|               0|                0|            0|             0|  134|       14|        0.0|            0.0|        1.0|            1.0|          0.1|         0.07|               0.0|           255|                14|                  0.05|                  0.07|                        0.0|                        0.0|                 0.0|                     0.0|                 1.0|                     1.0|anomaly|         0.0|    (3,[0],[1.0])|   (3,[0],[1.0])|     (4,[0],[1.0])|(4,[0],[1.0])|(11,[1],[1.0])|(61,[1,4,6,19,23,...|[-0.1203320558413...|[9973.0,13.0,0.0]|[0.99869817744842...|       0.0|
|       0|            0|      1|   1|        0|        0|   0|             0|     0|  0|                0|        0|              0|         0|           0|       0|                 0|         0|               0|                0|            0|             0|  140|       20|        0.0|            0.0|        1.0|            1.0|         0.14|         0.06|               0.0|           255|                20|                  0.08|                  0.07|                        0.0|                        0.0|                 0.0|                     0.0|                 1.0|                     1.0|anomaly|         0.0|    (3,[0],[1.0])|   (3,[0],[1.0])|     (4,[0],[1.0])|(4,[0],[1.0])|(11,[1],[1.0])|(61,[1,4,6,19,23,...|[-0.1203320558413...|[9973.0,13.0,0.0]|[0.99869817744842...|       0.0|
|       0|            0|      1|   1|        0|        0|   0|             0|     0|  0|                0|        0|              0|         0|           0|       0|                 0|         0|               0|                0|            0|             0|  147|       18|        0.0|            0.0|        1.0|            1.0|         0.12|         0.05|               0.0|           255|                18|                  0.07|                  0.06|                        0.0|                        0.0|                 0.0|                     0.0|                 1.0|                     1.0|anomaly|         0.0|    (3,[0],[1.0])|   (3,[0],[1.0])|     (4,[0],[1.0])|(4,[0],[1.0])|(11,[1],[1.0])|(61,[1,4,6,19,23,...|[-0.1203320558413...|[9973.0,13.0,0.0]|[0.99869817744842...|       0.0|
|       0|            0|      1|   1|        0|        0|   0|             0|     0|  0|                0|        0|              0|         0|           0|       0|                 0|         0|               0|                0|            0|             0|  202|       10|        0.0|            0.0|        1.0|            1.0|         0.05|         0.06|               0.0|           255|                10|                  0.04|                  0.06|                        0.0|                        0.0|                 0.0|                     0.0|                 1.0|                     1.0|anomaly|         0.0|    (3,[0],[1.0])|   (3,[0],[1.0])|     (4,[0],[1.0])|(4,[0],[1.0])|(11,[1],[1.0])|(61,[1,4,6,19,23,...|[-0.1203320558413...|[9973.0,13.0,0.0]|[0.99869817744842...|       0.0|
|       0|            0|      1|   1|        0|        0|   0|             0|     0|  0|                0|        0|              0|         0|           0|       0|                 0|         0|               0|                0|            0|             0|  217|        3|        0.0|            0.0|        1.0|            1.0|         0.01|         0.07|               0.0|           255|                 3|                  0.01|                  0.08|                        0.0|                        0.0|                 0.0|                     0.0|                 1.0|                     1.0|anomaly|         0.0|    (3,[0],[1.0])|   (3,[0],[1.0])|     (4,[0],[1.0])|(4,[0],[1.0])|(11,[1],[1.0])|(61,[1,4,6,19,23,...|[-0.1203320558413...|[9973.0,13.0,0.0]|[0.99869817744842...|       0.0|
|       0|            0|      1|   1|        0|        0|   0|             0|     0|  0|                0|        0|              0|         0|           0|       0|                 0|         0|               0|                0|            0|             0|  222|       20|        0.0|            0.0|        1.0|            1.0|         0.09|         0.06|               0.0|           255|                20|                  0.08|                  0.07|                        0.0|                        0.0|                 0.0|                     0.0|                 1.0|                     1.0|anomaly|         0.0|    (3,[0],[1.0])|   (3,[0],[1.0])|     (4,[0],[1.0])|(4,[0],[1.0])|(11,[1],[1.0])|(61,[1,4,6,19,23,...|[-0.1203320558413...|[9973.0,13.0,0.0]|[0.99869817744842...|       0.0|
|       0|            0|      1|   1|        0|        0|   0|             0|     0|  0|                0|        0|              0|         0|           0|       0|                 0|         0|               0|                0|            0|             0|  232|        9|       0.01|            0.0|       0.99|            1.0|         0.04|         0.08|               0.0|           255|                 9|                  0.04|                  0.08|                        0.0|                        0.0|                0.06|                     0.0|                0.94|                     1.0|anomaly|         0.0|    (3,[0],[1.0])|   (3,[0],[1.0])|     (4,[0],[1.0])|(4,[0],[1.0])|(11,[1],[1.0])|(61,[1,4,6,19,23,...|[-0.1203320558413...|[9973.0,13.0,0.0]|[0.99869817744842...|       0.0|
|       0|            0|      1|   1|        0|        0|   0|             0|     0|  0|                0|        0|              0|         0|           0|       0|                 0|         0|               0|                0|            0|             0|  245|        8|        0.0|            0.0|        1.0|            1.0|         0.03|         0.07|               0.0|           255|                 8|                  0.03|                  0.07|                        0.0|                        0.0|                 0.0|                     0.0|                 1.0|                     1.0|anomaly|         0.0|    (3,[0],[1.0])|   (3,[0],[1.0])|     (4,[0],[1.0])|(4,[0],[1.0])|(11,[1],[1.0])|(61,[1,4,6,19,23,...|[-0.1203320558413...|[9973.0,13.0,0.0]|[0.99869817744842...|       0.0|
|       0|            0|      1|   1|        0|        0|   0|             0|     0|  0|                0|        0|              0|         0|           0|       0|                 0|         0|               0|                0|            0|             0|  250|       16|        0.0|            0.0|        1.0|            1.0|         0.06|         0.06|               0.0|           255|                16|                  0.06|                  0.07|                        0.0|                        0.0|                 0.0|                     0.0|                 1.0|                     1.0|anomaly|         0.0|    (3,[0],[1.0])|   (3,[0],[1.0])|     (4,[0],[1.0])|(4,[0],[1.0])|(11,[1],[1.0])|(61,[1,4,6,19,23,...|[-0.1203320558413...|[9973.0,13.0,0.0]|[0.99869817744842...|       0.0|
|       0|            0|      1|   1|        0|        0|   0|             0|     0|  0|                0|        0|              0|         0|           0|       0|                 0|         0|               0|                0|            0|             0|  251|        2|        0.0|            0.0|        1.0|            1.0|         0.01|         0.07|               0.0|           255|                 2|                  0.01|                  0.07|                        0.0|                        0.0|                 0.0|                     0.0|                 1.0|                     1.0|anomaly|         0.0|    (3,[0],[1.0])|   (3,[0],[1.0])|     (4,[0],[1.0])|(4,[0],[1.0])|(11,[1],[1.0])|(61,[1,4,6,19,23,...|[-0.1203320558413...|[9973.0,13.0,0.0]|[0.99869817744842...|       0.0|
|       0|            0|      1|   1|        0|        0|   0|             0|     0|  0|                0|        0|              0|         0|           0|       0|                 0|         0|               0|                0|            0|             0|  259|       15|        0.0|            0.0|        1.0|            1.0|         0.06|         0.07|               0.0|           255|                15|                  0.06|                  0.07|                        0.0|                        0.0|                 0.0|                     0.0|                 1.0|                     1.0|anomaly|         0.0|    (3,[0],[1.0])|   (3,[0],[1.0])|     (4,[0],[1.0])|(4,[0],[1.0])|(11,[1],[1.0])|(61,[1,4,6,19,23,...|[-0.1203320558413...|[9973.0,13.0,0.0]|[0.99869817744842...|       0.0|
|       0|            0|      1|   1|        0|        0|   0|             0|     0|  0|                0|        0|              0|         0|           0|       0|                 0|         0|               0|                0|            0|             0|  269|       20|        0.0|            0.0|        1.0|            1.0|         0.07|         0.06|               0.0|           255|                20|                  0.08|                  0.07|                        0.0|                        0.0|                 0.0|                     0.0|                 1.0|                     1.0|anomaly|         0.0|    (3,[0],[1.0])|   (3,[0],[1.0])|     (4,[0],[1.0])|(4,[0],[1.0])|(11,[1],[1.0])|(61,[1,4,6,19,23,...|[-0.1203320558413...|[9973.0,13.0,0.0]|[0.99869817744842...|       0.0|
|       0|            0|      1|   1|        0|        0|   0|             0|     0|  0|                0|        0|              0|         0|           0|       0|                 0|         0|               0|                0|            0|             0|  276|       14|        0.0|            0.0|        1.0|            1.0|         0.05|         0.06|               0.0|           255|                14|                  0.05|                  0.07|                        0.0|                        0.0|                 0.0|                     0.0|                 1.0|                     1.0|anomaly|         0.0|    (3,[0],[1.0])|   (3,[0],[1.0])|     (4,[0],[1.0])|(4,[0],[1.0])|(11,[1],[1.0])|(61,[1,4,6,19,23,...|[-0.1203320558413...|[9973.0,13.0,0.0]|[0.99869817744842...|       0.0|
|       0|            0|      1|   1|        0|        0|   0|             0|     0|  0|                0|        0|              0|         0|           0|       0|                 0|         0|               0|                0|            0|             0|  279|       10|        0.0|            0.0|        1.0|            1.0|         0.04|         0.06|               0.0|           255|                10|                  0.04|                  0.07|                        0.0|                        0.0|                 0.0|                     0.0|                 1.0|                     1.0|anomaly|         0.0|    (3,[0],[1.0])|   (3,[0],[1.0])|     (4,[0],[1.0])|(4,[0],[1.0])|(11,[1],[1.0])|(61,[1,4,6,19,23,...|[-0.1203320558413...|[9973.0,13.0,0.0]|[0.99869817744842...|       0.0|
|       0|            0|      1|   1|        0|        0|   0|             0|     0|  0|                0|        0|              0|         0|           0|       0|                 0|         0|               0|                0|            0|             0|  288|       16|        0.0|            0.0|        1.0|            1.0|         0.06|         0.06|               0.0|           255|                16|                  0.06|                  0.07|                        0.0|                        0.0|                 0.0|                     0.0|                 1.0|                     1.0|anomaly|         0.0|    (3,[0],[1.0])|   (3,[0],[1.0])|     (4,[0],[1.0])|(4,[0],[1.0])|(11,[1],[1.0])|(61,[1,4,6,19,23,...|[-0.1203320558413...|[9973.0,13.0,0.0]|[0.99869817744842...|       0.0|
|       0|            0|      1|   5|        0|        0|   0|             0|     0|  0|                0|        0|              0|         0|           0|       0|                 0|         0|               0|                0|            0|             0|  110|       10|        1.0|            1.0|        0.0|            0.0|         0.09|         0.06|               0.0|           255|                10|                  0.04|                  0.07|                        0.0|                        0.0|                 1.0|                     1.0|                 0.0|                     0.0|anomaly|         0.0|    (3,[0],[1.0])|   (3,[0],[1.0])|     (4,[0],[1.0])|(4,[0],[1.0])|(11,[5],[1.0])|(61,[1,4,10,19,23...|[-0.1203320558413...|[9973.0,13.0,0.0]|[0.99869817744842...|       0.0|
|       0|            0|      1|   5|        0|        0|   0|             0|     0|  0|                0|        0|              0|         0|           0|       0|                 0|         0|               0|                0|            0|             0|  203|        3|        1.0|            1.0|        0.0|            0.0|         0.01|         0.06|               0.0|           255|                 3|                  0.01|                  0.07|                        0.0|                        0.0|                 1.0|                     1.0|                 0.0|                     0.0|anomaly|         0.0|    (3,[0],[1.0])|   (3,[0],[1.0])|     (4,[0],[1.0])|(4,[0],[1.0])|(11,[5],[1.0])|(61,[1,4,10,19,23...|[-0.1203320558413...|[9973.0,13.0,0.0]|[0.99869817744842...|       0.0|
|       0|            0|      1|   5|        0|        0|   0|             0|     0|  0|                0|        0|              0|         0|           0|       0|                 0|         0|               0|                0|            0|             0|  205|        3|        1.0|            1.0|        0.0|            0.0|         0.01|         0.06|               0.0|           255|                 3|                  0.01|                  0.06|                        0.0|                        0.0|                 1.0|                     1.0|                 0.0|                     0.0|anomaly|         0.0|    (3,[0],[1.0])|   (3,[0],[1.0])|     (4,[0],[1.0])|(4,[0],[1.0])|(11,[5],[1.0])|(61,[1,4,10,19,23...|[-0.1203320558413...|[9973.0,13.0,0.0]|[0.99869817744842...|       0.0|
+--------+-------------+-------+----+---------+---------+----+--------------+------+---+-----------------+---------+---------------+----------+------------+--------+------------------+----------+----------------+-----------------+-------------+--------------+-----+---------+-----------+---------------+-----------+---------------+-------------+-------------+------------------+--------------+------------------+----------------------+----------------------+---------------------------+---------------------------+--------------------+------------------------+--------------------+------------------------+-------+------------+-----------------+----------------+------------------+-------------+--------------+--------------------+--------------------+-----------------+--------------------+----------+
only showing top 20 rows

Training Error = 0.048257855406500405
Test Error = 0.05036420395421437