Random Seed: 1
0:duration
1:protocol_type_vec
2:service
3:flag_vec
4:src_bytes
5:dst_bytes
6:land
7:wrong_fragment_vec
8:urgent_vec
9:hot
10:num_failed_logins
11:logged_in
12:num_compromised
13:root_shell
14:su_attempted_vec
15:num_root
16:num_file_creations
17:num_shells
18:num_access_files
19:num_outbound_cmds
20:is_host_login
21:is_guest_login
22:count
23:srv_count
24:serror_rate
25:srv_serror_rate
26:rerror_rate
27:srv_rerror_rate
28:same_srv_rate
29:diff_srv_rate
30:srv_diff_host_rate
31:dst_host_count
32:dst_host_srv_count
33:dst_host_same_srv_rate
34:dst_host_diff_srv_rate
35:dst_host_same_src_port_rate
36:dst_host_srv_diff_host_rate
37:dst_host_serror_rate
38:dst_host_srv_serror_rate
39:dst_host_rerror_rate
40:dst_host_srv_rerror_rate
LR Reg:0.0
LR ElasticNet:0.0
    logistic regression model coefficients:
Coefficients: [0.20122279443274846,0.9140240364454204,1.5886024136784034,-1.0359892254673926,0.016588510223111017,2.4767613969158133,0.5990623245538662,-0.14362121402072817,0.43171020706540425,1.2660523315706629,0.412361688284158,0.12039415608246305,0.3776324816513969,1.5598247057920789,-0.2540101642571194,0.007995612902272334,0.013801885280017082,0.23407064395785426,0.07662567005271129,0.0,1.8085624969214402,-0.06169830483878491,-0.0786394333387569,0.05750234643437684,-0.11654889548354819,1.2137215962730212,-12.540155772531056,-0.06196538789006274,-0.6091466103613078,-0.19923587853730865,13.26473189442297,0.03209385913798455,-0.12217031485290511,0.028458020680768314,0.0,-0.23108775235991055,-0.6421350674408761,-1.2239168596910348,0.9557600098327728,-0.1333236408485648,-1.1191678217230367,-0.8977908858015389,-0.5369648993508381,0.3821231607536319,-0.008150423138822747,-0.0077005553592463935,-1.3941372368481972,1.6718221972403116,-2.1171420783557866,-0.06064131740255093,-0.19253047925370748,-0.30812688132341814,0.09248645877771572,-0.6015031868670032,-0.6268994273345075,-0.10074298388192753] Intercept: -0.9561106857239797
+--------+-------------+-------+----+---------+---------+----+--------------+------+---+-----------------+---------+---------------+----------+------------+--------+------------------+----------+----------------+-----------------+-------------+--------------+-----+---------+-----------+---------------+-----------+---------------+-------------+-------------+------------------+--------------+------------------+----------------------+----------------------+---------------------------+---------------------------+--------------------+------------------------+--------------------+------------------------+-------+------------+-----------------+----------------+------------------+-------------+--------------+--------------------+--------------------+--------------------+--------------------+----------+
|duration|protocol_type|service|flag|src_bytes|dst_bytes|land|wrong_fragment|urgent|hot|num_failed_logins|logged_in|num_compromised|root_shell|su_attempted|num_root|num_file_creations|num_shells|num_access_files|num_outbound_cmds|is_host_login|is_guest_login|count|srv_count|serror_rate|srv_serror_rate|rerror_rate|srv_rerror_rate|same_srv_rate|diff_srv_rate|srv_diff_host_rate|dst_host_count|dst_host_srv_count|dst_host_same_srv_rate|dst_host_diff_srv_rate|dst_host_same_src_port_rate|dst_host_srv_diff_host_rate|dst_host_serror_rate|dst_host_srv_serror_rate|dst_host_rerror_rate|dst_host_srv_rerror_rate|  label|indexedLabel|protocol_type_vec|su_attempted_vec|wrong_fragment_vec|   urgent_vec|      flag_vec|            features|      scaledFeatures|       rawPrediction|         probability|prediction|
+--------+-------------+-------+----+---------+---------+----+--------------+------+---+-----------------+---------+---------------+----------+------------+--------+------------------+----------+----------------+-----------------+-------------+--------------+-----+---------+-----------+---------------+-----------+---------------+-------------+-------------+------------------+--------------+------------------+----------------------+----------------------+---------------------------+---------------------------+--------------------+------------------------+--------------------+------------------------+-------+------------+-----------------+----------------+------------------+-------------+--------------+--------------------+--------------------+--------------------+--------------------+----------+
|       0|            0|      1|   1|        0|        0|   0|             0|     0|  0|                0|        0|              0|         0|           0|       0|                 0|         0|               0|                0|            0|             0|    1|        1|        0.0|            0.0|        1.0|            1.0|          1.0|          0.0|               0.0|           255|                 5|                  0.02|                  0.06|                        0.0|                        0.0|                0.53|                     0.0|                0.05|                     1.0| normal|         1.0|    (2,[0],[1.0])|   (2,[0],[1.0])|     (3,[0],[1.0])|(3,[0],[1.0])|(10,[1],[1.0])|(56,[1,3,5,17,20,...|[-0.1214751483158...|[-1.9916733769976...|[0.12007993976554...|       1.0|
|       0|            0|      1|   1|        0|        0|   0|             0|     0|  0|                0|        0|              0|         0|           0|       0|                 0|         0|               0|                0|            0|             0|  201|        1|        0.0|            0.0|        1.0|            1.0|          0.0|         0.06|               0.0|           255|                 1|                   0.0|                  0.07|                        0.0|                        0.0|                 0.0|                     0.0|                 1.0|                     1.0|anomaly|         0.0|    (2,[0],[1.0])|   (2,[0],[1.0])|     (3,[0],[1.0])|(3,[0],[1.0])|(10,[1],[1.0])|(56,[1,3,5,17,20,...|[-0.1214751483158...|[2.69890420046214...|[0.93696195234501...|       0.0|
|       0|            0|      1|   1|        0|        0|   0|             0|     0|  0|                0|        0|              0|         0|           0|       0|                 0|         0|               0|                0|            0|             0|  217|        3|        0.0|            0.0|        1.0|            1.0|         0.01|         0.07|               0.0|           255|                 3|                  0.01|                  0.08|                        0.0|                        0.0|                 0.0|                     0.0|                 1.0|                     1.0|anomaly|         0.0|    (2,[0],[1.0])|   (2,[0],[1.0])|     (3,[0],[1.0])|(3,[0],[1.0])|(10,[1],[1.0])|(56,[1,3,5,17,20,...|[-0.1214751483158...|[2.84848268828398...|[0.94524019799720...|       0.0|
|       0|            0|      1|   1|        0|        0|   0|             0|     0|  0|                0|        0|              0|         0|           0|       0|                 0|         0|               0|                0|            0|             0|  218|        1|        0.0|            0.0|        1.0|            1.0|          0.0|         0.07|               0.0|           255|                 1|                   0.0|                  0.07|                        0.0|                        0.0|                 0.0|                     0.0|                 1.0|                     1.0|anomaly|         0.0|    (2,[0],[1.0])|   (2,[0],[1.0])|     (3,[0],[1.0])|(3,[0],[1.0])|(10,[1],[1.0])|(56,[1,3,5,17,20,...|[-0.1214751483158...|[2.87065606045273...|[0.94637665142499...|       0.0|
|       0|            0|      1|   1|        0|        0|   0|             0|     0|  0|                0|        0|              0|         0|           0|       0|                 0|         0|               0|                0|            0|             0|  222|       20|        0.0|            0.0|        1.0|            1.0|         0.09|         0.06|               0.0|           255|                20|                  0.08|                  0.07|                        0.0|                        0.0|                 0.0|                     0.0|                 1.0|                     1.0|anomaly|         0.0|    (2,[0],[1.0])|   (2,[0],[1.0])|     (3,[0],[1.0])|(3,[0],[1.0])|(10,[1],[1.0])|(56,[1,3,5,17,20,...|[-0.1214751483158...|[2.70079750808594...|[0.93707368667243...|       0.0|
|       0|            0|      1|   1|        0|        0|   0|             0|     0|  0|                0|        0|              0|         0|           0|       0|                 0|         0|               0|                0|            0|             0|  228|        2|        0.0|            0.0|        1.0|            1.0|         0.01|         0.07|               0.0|           255|                 2|                  0.01|                  0.09|                        0.0|                        0.0|                 0.0|                     0.0|                 1.0|                     1.0|anomaly|         0.0|    (2,[0],[1.0])|   (2,[0],[1.0])|     (3,[0],[1.0])|(3,[0],[1.0])|(10,[1],[1.0])|(56,[1,3,5,17,20,...|[-0.1214751483158...|[2.98918717042855...|[0.95208324188497...|       0.0|
|       0|            0|      1|   1|        0|        0|   0|             0|     0|  0|                0|        0|              0|         0|           0|       0|                 0|         0|               0|                0|            0|             0|  231|        5|        0.0|            0.0|        1.0|            1.0|         0.02|         0.07|               0.0|           255|                 5|                  0.02|                  0.08|                        0.0|                        0.0|                 0.0|                     0.0|                 1.0|                     1.0|anomaly|         0.0|    (2,[0],[1.0])|   (2,[0],[1.0])|     (3,[0],[1.0])|(3,[0],[1.0])|(10,[1],[1.0])|(56,[1,3,5,17,20,...|[-0.1214751483158...|[2.97458091091415...|[0.95141247617694...|       0.0|
|       0|            0|      1|   1|        0|        0|   0|             0|     0|  0|                0|        0|              0|         0|           0|       0|                 0|         0|               0|                0|            0|             0|  235|       18|        0.0|            0.0|        1.0|            1.0|         0.08|         0.06|               0.0|           255|                18|                  0.07|                  0.07|                        0.0|                        0.0|                 0.0|                     0.0|                 1.0|                     1.0|anomaly|         0.0|    (2,[0],[1.0])|   (2,[0],[1.0])|     (3,[0],[1.0])|(3,[0],[1.0])|(10,[1],[1.0])|(56,[1,3,5,17,20,...|[-0.1214751483158...|[2.84689952158898...|[0.94515819365609...|       0.0|
|       0|            0|      1|   1|        0|        0|   0|             0|     0|  0|                0|        0|              0|         0|           0|       0|                 0|         0|               0|                0|            0|             0|  247|        9|        0.0|            0.0|        1.0|            1.0|         0.04|         0.07|               0.0|           255|                 9|                  0.04|                  0.07|                        0.0|                        0.0|                 0.0|                     0.0|                 1.0|                     1.0|anomaly|         0.0|    (2,[0],[1.0])|   (2,[0],[1.0])|     (3,[0],[1.0])|(3,[0],[1.0])|(10,[1],[1.0])|(56,[1,3,5,17,20,...|[-0.1214751483158...|[3.10284871484018...|[0.95701009893080...|       0.0|
|       0|            0|      1|   1|        0|        0|   0|             0|     0|  0|                0|        0|              0|         0|           0|       0|                 0|         0|               0|                0|            0|             0|  250|       12|        0.0|            0.0|        1.0|            1.0|         0.05|         0.06|               0.0|           255|                12|                  0.05|                  0.07|                        0.0|                        0.0|                 0.0|                     0.0|                 1.0|                     1.0|anomaly|         0.0|    (2,[0],[1.0])|   (2,[0],[1.0])|     (3,[0],[1.0])|(3,[0],[1.0])|(10,[1],[1.0])|(56,[1,3,5,17,20,...|[-0.1214751483158...|[3.09082668780527...|[0.95651276500989...|       0.0|
|       0|            0|      1|   1|        0|        0|   0|             0|     0|  0|                0|        0|              0|         0|           0|       0|                 0|         0|               0|                0|            0|             0|  250|       16|        0.0|            0.0|        1.0|            1.0|         0.06|         0.06|               0.0|           255|                16|                  0.06|                  0.07|                        0.0|                        0.0|                 0.0|                     0.0|                 1.0|                     1.0|anomaly|         0.0|    (2,[0],[1.0])|   (2,[0],[1.0])|     (3,[0],[1.0])|(3,[0],[1.0])|(10,[1],[1.0])|(56,[1,3,5,17,20,...|[-0.1214751483158...|[3.02206938518040...|[0.95356124845887...|       0.0|
|       0|            0|      1|   1|        0|        0|   0|             0|     0|  0|                0|        0|              0|         0|           0|       0|                 0|         0|               0|                0|            0|             0|  251|        2|        0.0|            0.0|        1.0|            1.0|         0.01|         0.07|               0.0|           255|                 2|                  0.01|                  0.07|                        0.0|                        0.0|                 0.0|                     0.0|                 1.0|                     1.0|anomaly|         0.0|    (2,[0],[1.0])|   (2,[0],[1.0])|     (3,[0],[1.0])|(3,[0],[1.0])|(10,[1],[1.0])|(56,[1,3,5,17,20,...|[-0.1214751483158...|[3.21515992843628...|[0.96140080340382...|       0.0|
|       0|            0|      1|   1|        0|        0|   0|             0|     0|  0|                0|        0|              0|         0|           0|       0|                 0|         0|               0|                0|            0|             0|  251|       18|        0.0|            0.0|        1.0|            1.0|         0.07|         0.07|               0.0|           255|                18|                  0.07|                  0.07|                        0.0|                        0.0|                 0.0|                     0.0|                 1.0|                     1.0|anomaly|         0.0|    (2,[0],[1.0])|   (2,[0],[1.0])|     (3,[0],[1.0])|(3,[0],[1.0])|(10,[1],[1.0])|(56,[1,3,5,17,20,...|[-0.1214751483158...|[3.01747476098648...|[0.95335736389420...|       0.0|
|       0|            0|      1|   1|        0|        0|   0|             0|     0|  0|                0|        0|              0|         0|           0|       0|                 0|         0|               0|                0|            0|             0|  257|        3|        0.0|            0.0|        1.0|            1.0|         0.01|         0.07|               0.0|           255|                 3|                  0.01|                  0.07|                        0.0|                        0.0|                 0.0|                     0.0|                 1.0|                     1.0|anomaly|         0.0|    (2,[0],[1.0])|   (2,[0],[1.0])|     (3,[0],[1.0])|(3,[0],[1.0])|(10,[1],[1.0])|(56,[1,3,5,17,20,...|[-0.1214751483158...|[3.24879153876179...|[0.96262966401638...|       0.0|
|       0|            0|      1|   1|        0|        0|   0|             0|     0|  0|                0|        0|              0|         0|           0|       0|                 0|         0|               0|                0|            0|             0|  269|       20|        0.0|            0.0|        1.0|            1.0|         0.07|         0.06|               0.0|           255|                20|                  0.08|                  0.07|                        0.0|                        0.0|                 0.0|                     0.0|                 1.0|                     1.0|anomaly|         0.0|    (2,[0],[1.0])|   (2,[0],[1.0])|     (3,[0],[1.0])|(3,[0],[1.0])|(10,[1],[1.0])|(56,[1,3,5,17,20,...|[-0.1214751483158...|[3.19243728803040...|[0.96054868500128...|       0.0|
|       0|            0|      1|   1|        0|        0|   0|             0|     0|  0|                0|        0|              0|         0|           0|       0|                 0|         0|               0|                0|            0|             0|  278|       14|        0.0|            0.0|        1.0|            1.0|         0.05|         0.06|               0.0|           255|                14|                  0.05|                  0.07|                        0.0|                        0.0|                 0.0|                     0.0|                 1.0|                     1.0|anomaly|         0.0|    (2,[0],[1.0])|   (2,[0],[1.0])|     (3,[0],[1.0])|(3,[0],[1.0])|(10,[1],[1.0])|(56,[1,3,5,17,20,...|[-0.1214751483158...|[3.31939375209078...|[0.96508817091991...|       0.0|
|       0|            0|      1|   1|        0|        0|   0|             0|     0|  0|                0|        0|              0|         0|           0|       0|                 0|         0|               0|                0|            0|             0|  283|       13|        0.0|            0.0|        1.0|            1.0|         0.05|         0.06|               0.0|           255|                13|                  0.05|                  0.07|                        0.0|                        0.0|                 0.0|                     0.0|                 1.0|                     1.0|anomaly|         0.0|    (2,[0],[1.0])|   (2,[0],[1.0])|     (3,[0],[1.0])|(3,[0],[1.0])|(10,[1],[1.0])|(56,[1,3,5,17,20,...|[-0.1214751483158...|[3.39665853426398...|[0.96759994289004...|       0.0|
|       0|            0|      1|   1|        0|        0|   0|             0|     0|  0|                0|        0|              0|         0|           0|       0|                 0|         0|               0|                0|            0|             0|  291|       17|        0.0|            0.0|        1.0|            1.0|         0.06|         0.06|               0.0|           255|                17|                  0.07|                  0.07|                        0.0|                        0.0|                 0.0|                     0.0|                 1.0|                     1.0|anomaly|         0.0|    (2,[0],[1.0])|   (2,[0],[1.0])|     (3,[0],[1.0])|(3,[0],[1.0])|(10,[1],[1.0])|(56,[1,3,5,17,20,...|[-0.1214751483158...|[3.45613004461527...|[0.96941342677097...|       0.0|
|       0|            0|      1|   5|        0|        0|   0|             0|     0|  0|                0|        0|              0|         0|           0|       0|                 0|         0|               0|                0|            0|             0|  189|        1|        1.0|            1.0|        0.0|            0.0|         0.01|         0.06|               0.0|           255|                 1|                   0.0|                  0.07|                        0.0|                        0.0|                 1.0|                     1.0|                 0.0|                     0.0|anomaly|         0.0|    (2,[0],[1.0])|   (2,[0],[1.0])|     (3,[0],[1.0])|(3,[0],[1.0])|(10,[5],[1.0])|(56,[1,3,9,17,20,...|[-0.1214751483158...|[5.33605855552561...|[0.99520826064846...|       0.0|
|       0|            0|      1|   5|        0|        0|   0|             0|     0|  0|                0|        0|              0|         0|           0|       0|                 0|         0|               0|                0|            0|             0|  204|        1|        1.0|            1.0|        0.0|            0.0|          0.0|         0.06|               0.0|           255|                 1|                   0.0|                  0.08|                        0.0|                        0.0|                 1.0|                     1.0|                 0.0|                     0.0|anomaly|         0.0|    (2,[0],[1.0])|   (2,[0],[1.0])|     (3,[0],[1.0])|(3,[0],[1.0])|(10,[5],[1.0])|(56,[1,3,9,17,20,...|[-0.1214751483158...|[5.49913653717544...|[0.99592636067640...|       0.0|
+--------+-------------+-------+----+---------+---------+----+--------------+------+---+-----------------+---------+---------------+----------+------------+--------+------------------+----------+----------------+-----------------+-------------+--------------+-----+---------+-----------+---------------+-----------+---------------+-------------+-------------+------------------+--------------+------------------+----------------------+----------------------+---------------------------+---------------------------+--------------------+------------------------+--------------------+------------------------+-------+------------+-----------------+----------------+------------------+-------------+--------------+--------------------+--------------------+--------------------+--------------------+----------+
only showing top 20 rows

Training Error = 0.08332338546018858
Test Error = 0.07429013213382063
