Random Seed: 10
0:duration
1:protocol_type_vec
2:service
3:flag_vec
4:src_bytes
5:dst_bytes
6:land
7:wrong_fragment_vec
8:urgent_vec
9:hot
10:num_failed_logins
11:logged_in
12:num_compromised
13:root_shell
14:su_attempted_vec
15:num_root
16:num_file_creations
17:num_shells
18:num_access_files
19:num_outbound_cmds
20:is_host_login
21:is_guest_login
22:count
23:srv_count
24:serror_rate
25:srv_serror_rate
26:rerror_rate
27:srv_rerror_rate
28:same_srv_rate
29:diff_srv_rate
30:srv_diff_host_rate
31:dst_host_count
32:dst_host_srv_count
33:dst_host_same_srv_rate
34:dst_host_diff_srv_rate
35:dst_host_same_src_port_rate
36:dst_host_srv_diff_host_rate
37:dst_host_serror_rate
38:dst_host_srv_serror_rate
39:dst_host_rerror_rate
40:dst_host_srv_rerror_rate
LR Reg:0.0
LR ElasticNet:0.0
    logistic regression model coefficients:
Coefficients: [0.1849786325808356,-0.15498357787080475,0.6679144326767704,-0.6842741924922094,-1.0836027225599059,-0.24212254973916653,1.1248154041526426,0.014098661143523252,0.07451444018500993,-0.1924199871144414,-0.3997519658448298,0.1773986002855585,0.007730493490276224,0.056091915912598045,-0.3180642946174517,-0.9617475950759773,-0.2631543571574788,0.004630319611266817,0.037984758675685404,0.09475624636520595,0.01888995010870646,0.0,-0.12425121315946479,0.1257267889106064,-0.1199560121690809,-0.05186929090741758,0.06818666228859271,-0.0831065735577891,1.2215380102910405,-12.190331705505619,-0.09508511652991504,-0.8541414446619524,-0.3801775301513761,1.4466587495926537,12.92816206515264,0.047440901731815664,-0.13514797938589834,0.01742126975153233,0.0,-0.29055463244998403,-0.6484685249890391,-1.5374075515148726,1.1682873547788575,0.07685511197660913,-1.2088928873604459,-0.6761972326722251,-0.7058190672099651,0.32510330325293246,-0.042605834838937595,0.002275503339597888,-1.3568695854366677,1.6588952557588246,-2.084513934518487,-0.028228334860077826,-0.1907005877721864,-0.295223227143174,0.12044060584909543,-0.5907682570219853,-0.6086734378610276,-0.10913758040304028] Intercept: -1.0364091166472984
+--------+-------------+-------+----+---------+---------+----+--------------+------+---+-----------------+---------+---------------+----------+------------+--------+------------------+----------+----------------+-----------------+-------------+--------------+-----+---------+-----------+---------------+-----------+---------------+-------------+-------------+------------------+--------------+------------------+----------------------+----------------------+---------------------------+---------------------------+--------------------+------------------------+--------------------+------------------------+-------+------------+-----------------+----------------+------------------+-------------+--------------+--------------------+--------------------+--------------------+--------------------+----------+
|duration|protocol_type|service|flag|src_bytes|dst_bytes|land|wrong_fragment|urgent|hot|num_failed_logins|logged_in|num_compromised|root_shell|su_attempted|num_root|num_file_creations|num_shells|num_access_files|num_outbound_cmds|is_host_login|is_guest_login|count|srv_count|serror_rate|srv_serror_rate|rerror_rate|srv_rerror_rate|same_srv_rate|diff_srv_rate|srv_diff_host_rate|dst_host_count|dst_host_srv_count|dst_host_same_srv_rate|dst_host_diff_srv_rate|dst_host_same_src_port_rate|dst_host_srv_diff_host_rate|dst_host_serror_rate|dst_host_srv_serror_rate|dst_host_rerror_rate|dst_host_srv_rerror_rate|  label|indexedLabel|protocol_type_vec|su_attempted_vec|wrong_fragment_vec|   urgent_vec|      flag_vec|            features|      scaledFeatures|       rawPrediction|         probability|prediction|
+--------+-------------+-------+----+---------+---------+----+--------------+------+---+-----------------+---------+---------------+----------+------------+--------+------------------+----------+----------------+-----------------+-------------+--------------+-----+---------+-----------+---------------+-----------+---------------+-------------+-------------+------------------+--------------+------------------+----------------------+----------------------+---------------------------+---------------------------+--------------------+------------------------+--------------------+------------------------+-------+------------+-----------------+----------------+------------------+-------------+--------------+--------------------+--------------------+--------------------+--------------------+----------+
|       0|            0|      1|   1|        0|        0|   0|             0|     0|  0|                0|        0|              0|         0|           0|       0|                 0|         0|               0|                0|            0|             0|    1|        1|        0.0|            0.0|        1.0|            1.0|          1.0|          0.0|               0.0|           168|                 8|                  0.05|                  0.04|                       0.01|                        0.0|                0.01|                     0.0|                0.08|                     1.0| normal|         1.0|    (3,[0],[1.0])|   (3,[0],[1.0])|     (4,[0],[1.0])|(3,[0],[1.0])|(11,[1],[1.0])|(60,[1,4,6,19,23,...|[-0.1214897252110...|[-2.9792456626527...|[0.04837234089443...|       1.0|
|       0|            0|      1|   1|        0|        0|   0|             0|     0|  0|                0|        0|              0|         0|           0|       0|                 0|         0|               0|                0|            0|             0|    1|        1|        0.0|            0.0|        1.0|            1.0|          1.0|          0.0|               0.0|           180|                10|                  0.06|                  0.03|                       0.01|                        0.0|                0.02|                     0.0|                0.08|                     1.0| normal|         1.0|    (3,[0],[1.0])|   (3,[0],[1.0])|     (4,[0],[1.0])|(3,[0],[1.0])|(11,[1],[1.0])|(60,[1,4,6,19,23,...|[-0.1214897252110...|[-2.7984474094022...|[0.05740813265389...|       1.0|
|       0|            0|      1|   1|        0|        0|   0|             0|     0|  0|                0|        0|              0|         0|           0|       0|                 0|         0|               0|                0|            0|             0|  147|       18|        0.0|            0.0|        1.0|            1.0|         0.12|         0.05|               0.0|           255|                18|                  0.07|                  0.06|                        0.0|                        0.0|                 0.0|                     0.0|                 1.0|                     1.0|anomaly|         0.0|    (3,[0],[1.0])|   (3,[0],[1.0])|     (4,[0],[1.0])|(3,[0],[1.0])|(11,[1],[1.0])|(60,[1,4,6,19,23,...|[-0.1214897252110...|[2.05768562545572...|[0.88672190786102...|       0.0|
|       0|            0|      1|   1|        0|        0|   0|             0|     0|  0|                0|        0|              0|         0|           0|       0|                 0|         0|               0|                0|            0|             0|  158|       14|        0.0|            0.0|        1.0|            1.0|         0.09|         0.06|               0.0|           255|                14|                  0.05|                  0.07|                        0.0|                        0.0|                 0.0|                     0.0|                 1.0|                     1.0|anomaly|         0.0|    (3,[0],[1.0])|   (3,[0],[1.0])|     (4,[0],[1.0])|(3,[0],[1.0])|(11,[1],[1.0])|(60,[1,4,6,19,23,...|[-0.1214897252110...|[2.24702012981005...|[0.90439318750273...|       0.0|
|       0|            0|      1|   1|        0|        0|   0|             0|     0|  0|                0|        0|              0|         0|           0|       0|                 0|         0|               0|                0|            0|             0|  211|       18|        0.0|            0.0|        1.0|            1.0|         0.09|         0.07|               0.0|           255|                18|                  0.07|                  0.08|                        0.0|                        0.0|                 0.0|                     0.0|                 1.0|                     1.0|anomaly|         0.0|    (3,[0],[1.0])|   (3,[0],[1.0])|     (4,[0],[1.0])|(3,[0],[1.0])|(11,[1],[1.0])|(60,[1,4,6,19,23,...|[-0.1214897252110...|[2.89847418468694...|[0.94777095886326...|       0.0|
|       0|            0|      1|   1|        0|        0|   0|             0|     0|  0|                0|        0|              0|         0|           0|       0|                 0|         0|               0|                0|            0|             0|  225|        1|        0.0|            0.0|        1.0|            1.0|          0.0|         0.07|               0.0|           255|                 1|                   0.0|                  0.08|                        0.0|                        0.0|                 0.0|                     0.0|                 1.0|                     1.0|anomaly|         0.0|    (3,[0],[1.0])|   (3,[0],[1.0])|     (4,[0],[1.0])|(3,[0],[1.0])|(11,[1],[1.0])|(60,[1,4,6,19,23,...|[-0.1214897252110...|[3.31574256097695...|[0.96496494224138...|       0.0|
|       0|            0|      1|   1|        0|        0|   0|             0|     0|  0|                0|        0|              0|         0|           0|       0|                 0|         0|               0|                0|            0|             0|  229|        1|        0.0|            0.0|        1.0|            1.0|          0.0|         0.07|               0.0|           255|                 1|                   0.0|                  0.07|                        0.0|                        0.0|                 0.0|                     0.0|                 1.0|                     1.0|anomaly|         0.0|    (3,[0],[1.0])|   (3,[0],[1.0])|     (4,[0],[1.0])|(3,[0],[1.0])|(11,[1],[1.0])|(60,[1,4,6,19,23,...|[-0.1214897252110...|[3.36507029538975...|[0.96659488047004...|       0.0|
|       0|            0|      1|   1|        0|        0|   0|             0|     0|  0|                0|        0|              0|         0|           0|       0|                 0|         0|               0|                0|            0|             0|  230|        2|        0.0|            0.0|        1.0|            1.0|         0.01|         0.07|               0.0|           255|                 2|                  0.01|                  0.07|                        0.0|                        0.0|                 0.0|                     0.0|                 1.0|                     1.0|anomaly|         0.0|    (3,[0],[1.0])|   (3,[0],[1.0])|     (4,[0],[1.0])|(3,[0],[1.0])|(11,[1],[1.0])|(60,[1,4,6,19,23,...|[-0.1214897252110...|[3.38765721748056...|[0.96731655811037...|       0.0|
|       0|            0|      1|   1|        0|        0|   0|             0|     0|  0|                0|        0|              0|         0|           0|       0|                 0|         0|               0|                0|            0|             0|  231|        8|        0.0|            0.0|        1.0|            1.0|         0.03|         0.07|               0.0|           255|                 8|                  0.03|                  0.07|                        0.0|                        0.0|                 0.0|                     0.0|                 1.0|                     1.0|anomaly|         0.0|    (3,[0],[1.0])|   (3,[0],[1.0])|     (4,[0],[1.0])|(3,[0],[1.0])|(11,[1],[1.0])|(60,[1,4,6,19,23,...|[-0.1214897252110...|[3.30256696511080...|[0.96451676781549...|       0.0|
|       0|            0|      1|   1|        0|        0|   0|             0|     0|  0|                0|        0|              0|         0|           0|       0|                 0|         0|               0|                0|            0|             0|  232|        9|       0.01|            0.0|       0.99|            1.0|         0.04|         0.08|               0.0|           255|                 9|                  0.04|                  0.08|                        0.0|                        0.0|                0.06|                     0.0|                0.94|                     1.0|anomaly|         0.0|    (3,[0],[1.0])|   (3,[0],[1.0])|     (4,[0],[1.0])|(3,[0],[1.0])|(11,[1],[1.0])|(60,[1,4,6,19,23,...|[-0.1214897252110...|[3.18579801032773...|[0.96029631944480...|       0.0|
|       0|            0|      1|   1|        0|        0|   0|             0|     0|  0|                0|        0|              0|         0|           0|       0|                 0|         0|               0|                0|            0|             0|  241|       13|        0.0|            0.0|        1.0|            1.0|         0.05|         0.07|               0.0|           255|                13|                  0.05|                  0.07|                        0.0|                        0.0|                 0.0|                     0.0|                 1.0|                     1.0|anomaly|         0.0|    (3,[0],[1.0])|   (3,[0],[1.0])|     (4,[0],[1.0])|(3,[0],[1.0])|(11,[1],[1.0])|(60,[1,4,6,19,23,...|[-0.1214897252110...|[3.36097734391921...|[0.96646246958285...|       0.0|
|       0|            0|      1|   1|        0|        0|   0|             0|     0|  0|                0|        0|              0|         0|           0|       0|                 0|         0|               0|                0|            0|             0|  250|       12|        0.0|            0.0|        1.0|            1.0|         0.05|         0.06|               0.0|           255|                12|                  0.05|                  0.07|                        0.0|                        0.0|                 0.0|                     0.0|                 1.0|                     1.0|anomaly|         0.0|    (3,[0],[1.0])|   (3,[0],[1.0])|     (4,[0],[1.0])|(3,[0],[1.0])|(11,[1],[1.0])|(60,[1,4,6,19,23,...|[-0.1214897252110...|[3.50254948103135...|[0.97076022270922...|       0.0|
|       0|            0|      1|   1|        0|        0|   0|             0|     0|  0|                0|        0|              0|         0|           0|       0|                 0|         0|               0|                0|            0|             0|  251|       18|        0.0|            0.0|        1.0|            1.0|         0.07|         0.07|               0.0|           255|                18|                  0.07|                  0.07|                        0.0|                        0.0|                 0.0|                     0.0|                 1.0|                     1.0|anomaly|         0.0|    (3,[0],[1.0])|   (3,[0],[1.0])|     (4,[0],[1.0])|(3,[0],[1.0])|(11,[1],[1.0])|(60,[1,4,6,19,23,...|[-0.1214897252110...|[3.41938772272762...|[0.96830498594901...|       0.0|
|       0|            0|      1|   1|        0|        0|   0|             0|     0|  0|                0|        0|              0|         0|           0|       0|                 0|         0|               0|                0|            0|             0|  257|        3|        0.0|            0.0|        1.0|            1.0|         0.01|         0.07|               0.0|           255|                 3|                  0.01|                  0.07|                        0.0|                        0.0|                 0.0|                     0.0|                 1.0|                     1.0|anomaly|         0.0|    (3,[0],[1.0])|   (3,[0],[1.0])|     (4,[0],[1.0])|(3,[0],[1.0])|(11,[1],[1.0])|(60,[1,4,6,19,23,...|[-0.1214897252110...|[3.70057325526830...|[0.97588647214366...|       0.0|
|       0|            0|      1|   1|        0|        0|   0|             0|     0|  0|                0|        0|              0|         0|           0|       0|                 0|         0|               0|                0|            0|             0|  264|        3|        0.0|            0.0|        1.0|            1.0|         0.01|         0.06|               0.0|           255|                 3|                  0.01|                  0.08|                        0.0|                        0.0|                 0.0|                     0.0|                 1.0|                     1.0|anomaly|         0.0|    (3,[0],[1.0])|   (3,[0],[1.0])|     (4,[0],[1.0])|(3,[0],[1.0])|(11,[1],[1.0])|(60,[1,4,6,19,23,...|[-0.1214897252110...|[3.78877767564016...|[0.97787725033612...|       0.0|
|       0|            0|      1|   1|        0|        0|   0|             0|     0|  0|                0|        0|              0|         0|           0|       0|                 0|         0|               0|                0|            0|             0|  266|        9|        0.0|            0.0|        1.0|            1.0|         0.03|         0.06|               0.0|           255|                 9|                  0.04|                  0.07|                        0.0|                        0.0|                 0.0|                     0.0|                 1.0|                     1.0|anomaly|         0.0|    (3,[0],[1.0])|   (3,[0],[1.0])|     (4,[0],[1.0])|(3,[0],[1.0])|(11,[1],[1.0])|(60,[1,4,6,19,23,...|[-0.1214897252110...|[3.76187014782325...|[0.97728760442660...|       0.0|
|       0|            0|      1|   1|        0|        0|   0|             0|     0|  0|                0|        0|              0|         0|           0|       0|                 0|         0|               0|                0|            0|             0|  269|       20|        0.0|            0.0|        1.0|            1.0|         0.07|         0.06|               0.0|           255|                20|                  0.08|                  0.07|                        0.0|                        0.0|                 0.0|                     0.0|                 1.0|                     1.0|anomaly|         0.0|    (3,[0],[1.0])|   (3,[0],[1.0])|     (4,[0],[1.0])|(3,[0],[1.0])|(11,[1],[1.0])|(60,[1,4,6,19,23,...|[-0.1214897252110...|[3.63376434782503...|[0.97426331857990...|       0.0|
|       0|            0|      1|   1|        0|        0|   0|             0|     0|  0|                0|        0|              0|         0|           0|       0|                 0|         0|               0|                0|            0|             0|  273|       13|        0.0|            0.0|        1.0|            1.0|         0.05|         0.06|               0.0|           255|                13|                  0.05|                  0.07|                        0.0|                        0.0|                 0.0|                     0.0|                 1.0|                     1.0|anomaly|         0.0|    (3,[0],[1.0])|   (3,[0],[1.0])|     (4,[0],[1.0])|(3,[0],[1.0])|(11,[1],[1.0])|(60,[1,4,6,19,23,...|[-0.1214897252110...|[3.76475255560066...|[0.97735149597157...|       0.0|
|       0|            0|      1|   1|        0|        0|   0|             0|     0|  0|                0|        0|              0|         0|           0|       0|                 0|         0|               0|                0|            0|             0|  277|       13|        0.0|            0.0|        1.0|            1.0|         0.05|         0.06|               0.0|           255|                13|                  0.05|                  0.07|                        0.0|                        0.0|                 0.0|                     0.0|                 1.0|                     1.0|anomaly|         0.0|    (3,[0],[1.0])|   (3,[0],[1.0])|     (4,[0],[1.0])|(3,[0],[1.0])|(11,[1],[1.0])|(60,[1,4,6,19,23,...|[-0.1214897252110...|[3.81546551881909...|[0.97844729346485...|       0.0|
|       0|            0|      1|   1|        0|        0|   0|             0|     0|  0|                0|        0|              0|         0|           0|       0|                 0|         0|               0|                0|            0|             0|  288|       16|        0.0|            0.0|        1.0|            1.0|         0.06|         0.06|               0.0|           255|                16|                  0.06|                  0.07|                        0.0|                        0.0|                 0.0|                     0.0|                 1.0|                     1.0|anomaly|         0.0|    (3,[0],[1.0])|   (3,[0],[1.0])|     (4,[0],[1.0])|(3,[0],[1.0])|(11,[1],[1.0])|(60,[1,4,6,19,23,...|[-0.1214897252110...|[3.90604192108261...|[0.98027684926607...|       0.0|
+--------+-------------+-------+----+---------+---------+----+--------------+------+---+-----------------+---------+---------------+----------+------------+--------+------------------+----------+----------------+-----------------+-------------+--------------+-----+---------+-----------+---------------+-----------+---------------+-------------+-------------+------------------+--------------+------------------+----------------------+----------------------+---------------------------+---------------------------+--------------------+------------------------+--------------------+------------------------+-------+------------+-----------------+----------------+------------------+-------------+--------------+--------------------+--------------------+--------------------+--------------------+----------+
only showing top 20 rows

Training Error = 0.08059558977113357
Test Error = 0.07937847148984045
