Random Seed: 3
0:duration
1:protocol_type_vec
2:service
3:flag_vec
4:src_bytes
5:dst_bytes
6:land
7:wrong_fragment_vec
8:urgent_vec
9:hot
10:num_failed_logins
11:logged_in
12:num_compromised
13:root_shell
14:su_attempted_vec
15:num_root
16:num_file_creations
17:num_shells
18:num_access_files
19:num_outbound_cmds
20:is_host_login
21:is_guest_login
22:count
23:srv_count
24:serror_rate
25:srv_serror_rate
26:rerror_rate
27:srv_rerror_rate
28:same_srv_rate
29:diff_srv_rate
30:srv_diff_host_rate
31:dst_host_count
32:dst_host_srv_count
33:dst_host_same_srv_rate
34:dst_host_diff_srv_rate
35:dst_host_same_src_port_rate
36:dst_host_srv_diff_host_rate
37:dst_host_serror_rate
38:dst_host_srv_serror_rate
39:dst_host_rerror_rate
40:dst_host_srv_rerror_rate
LR Reg:0.0
LR ElasticNet:0.0
    logistic regression model coefficients:
Coefficients: [0.22537197618657936,0.945280662841624,1.630549798306628,-1.0847298601349895,0.016419722284685755,2.495671583147463,0.6245556420337399,0.17558013594820485,0.3751019087272398,1.298253971117733,0.4026738898184944,0.13507571745429034,0.3766816933717242,1.6186859826018576,-1.3489050003221987,0.01090575861702643,-0.21068476264710392,0.24081154042171748,0.11789621481144882,0.0,2.2430743858144804,-0.08656946998039211,-0.07760784938514646,0.06385894334883158,-0.10995737920356002,1.247512281562161,-15.454592296951855,-0.0931488671098685,-3.446925713766838,-1.5341998648884865,13.930858467177385,0.02172813626704951,-0.15587936562704224,-0.012369065142992512,0.0,-0.28629691757314685,-0.6500620042565055,-1.2488578062576972,0.955179647433685,0.017636877152664373,-1.1202236431077064,-0.7852014841847657,-0.5445449706183277,0.4539241815944409,0.024459357044998905,0.008848328476981115,-1.3652414786025313,1.7218865508944592,-2.170992559940094,-0.09239659496045545,-0.19294295636878178,-0.2954662256119285,-0.001415270873601073,-0.6791327654614834,-0.5596544614788952,-0.26928798651394303] Intercept: -1.0385955895690548
+--------+-------------+-------+----+---------+---------+----+--------------+------+---+-----------------+---------+---------------+----------+------------+--------+------------------+----------+----------------+-----------------+-------------+--------------+-----+---------+-----------+---------------+-----------+---------------+-------------+-------------+------------------+--------------+------------------+----------------------+----------------------+---------------------------+---------------------------+--------------------+------------------------+--------------------+------------------------+-------+------------+-----------------+----------------+------------------+-------------+--------------+--------------------+--------------------+--------------------+--------------------+----------+
|duration|protocol_type|service|flag|src_bytes|dst_bytes|land|wrong_fragment|urgent|hot|num_failed_logins|logged_in|num_compromised|root_shell|su_attempted|num_root|num_file_creations|num_shells|num_access_files|num_outbound_cmds|is_host_login|is_guest_login|count|srv_count|serror_rate|srv_serror_rate|rerror_rate|srv_rerror_rate|same_srv_rate|diff_srv_rate|srv_diff_host_rate|dst_host_count|dst_host_srv_count|dst_host_same_srv_rate|dst_host_diff_srv_rate|dst_host_same_src_port_rate|dst_host_srv_diff_host_rate|dst_host_serror_rate|dst_host_srv_serror_rate|dst_host_rerror_rate|dst_host_srv_rerror_rate|  label|indexedLabel|protocol_type_vec|su_attempted_vec|wrong_fragment_vec|   urgent_vec|      flag_vec|            features|      scaledFeatures|       rawPrediction|         probability|prediction|
+--------+-------------+-------+----+---------+---------+----+--------------+------+---+-----------------+---------+---------------+----------+------------+--------+------------------+----------+----------------+-----------------+-------------+--------------+-----+---------+-----------+---------------+-----------+---------------+-------------+-------------+------------------+--------------+------------------+----------------------+----------------------+---------------------------+---------------------------+--------------------+------------------------+--------------------+------------------------+-------+------------+-----------------+----------------+------------------+-------------+--------------+--------------------+--------------------+--------------------+--------------------+----------+
|       0|            0|      1|   1|        0|        0|   0|             0|     0|  0|                0|        0|              0|         0|           0|       0|                 0|         0|               0|                0|            0|             0|    1|        1|        0.0|            0.0|        1.0|            1.0|          1.0|          0.0|               0.0|           255|                 5|                  0.02|                  0.06|                        0.0|                        0.0|                0.53|                     0.0|                0.05|                     1.0| normal|         1.0|    (2,[0],[1.0])|   (2,[0],[1.0])|     (3,[0],[1.0])|(3,[0],[1.0])|(10,[1],[1.0])|(56,[1,3,5,17,20,...|[-0.1213479520155...|[-1.7500411513767...|[0.14804200771559...|       1.0|
|       0|            0|      1|   1|        0|        0|   0|             0|     0|  0|                0|        0|              0|         0|           0|       0|                 0|         0|               0|                0|            0|             0|  134|       14|        0.0|            0.0|        1.0|            1.0|          0.1|         0.07|               0.0|           255|                14|                  0.05|                  0.07|                        0.0|                        0.0|                 0.0|                     0.0|                 1.0|                     1.0|anomaly|         0.0|    (2,[0],[1.0])|   (2,[0],[1.0])|     (3,[0],[1.0])|(3,[0],[1.0])|(10,[1],[1.0])|(56,[1,3,5,17,20,...|[-0.1213479520155...|[1.93498732766351...|[0.87380041476620...|       0.0|
|       0|            0|      1|   1|        0|        0|   0|             0|     0|  0|                0|        0|              0|         0|           0|       0|                 0|         0|               0|                0|            0|             0|  158|       14|        0.0|            0.0|        1.0|            1.0|         0.09|         0.06|               0.0|           255|                14|                  0.05|                  0.07|                        0.0|                        0.0|                 0.0|                     0.0|                 1.0|                     1.0|anomaly|         0.0|    (2,[0],[1.0])|   (2,[0],[1.0])|     (3,[0],[1.0])|(3,[0],[1.0])|(10,[1],[1.0])|(56,[1,3,5,17,20,...|[-0.1213479520155...|[2.19396869501005...|[0.89970658872481...|       0.0|
|       0|            0|      1|   1|        0|        0|   0|             0|     0|  0|                0|        0|              0|         0|           0|       0|                 0|         0|               0|                0|            0|             0|  211|       18|        0.0|            0.0|        1.0|            1.0|         0.09|         0.07|               0.0|           255|                18|                  0.07|                  0.08|                        0.0|                        0.0|                 0.0|                     0.0|                 1.0|                     1.0|anomaly|         0.0|    (2,[0],[1.0])|   (2,[0],[1.0])|     (3,[0],[1.0])|(3,[0],[1.0])|(10,[1],[1.0])|(56,[1,3,5,17,20,...|[-0.1213479520155...|[2.73176585836102...|[0.93887525573230...|       0.0|
|       0|            0|      1|   1|        0|        0|   0|             0|     0|  0|                0|        0|              0|         0|           0|       0|                 0|         0|               0|                0|            0|             0|  225|        1|        0.0|            0.0|        1.0|            1.0|          0.0|         0.07|               0.0|           255|                 1|                   0.0|                  0.08|                        0.0|                        0.0|                 0.0|                     0.0|                 1.0|                     1.0|anomaly|         0.0|    (2,[0],[1.0])|   (2,[0],[1.0])|     (3,[0],[1.0])|(3,[0],[1.0])|(10,[1],[1.0])|(56,[1,3,5,17,20,...|[-0.1213479520155...|[3.09429594790417...|[0.95665684435204...|       0.0|
|       0|            0|      1|   1|        0|        0|   0|             0|     0|  0|                0|        0|              0|         0|           0|       0|                 0|         0|               0|                0|            0|             0|  227|       14|        0.0|            0.0|        1.0|            1.0|         0.06|         0.06|               0.0|           255|                14|                  0.05|                  0.07|                        0.0|                        0.0|                 0.0|                     0.0|                 1.0|                     1.0|anomaly|         0.0|    (2,[0],[1.0])|   (2,[0],[1.0])|     (3,[0],[1.0])|(3,[0],[1.0])|(10,[1],[1.0])|(56,[1,3,5,17,20,...|[-0.1213479520155...|[2.93669769493814...|[0.94963100542053...|       0.0|
|       0|            0|      1|   1|        0|        0|   0|             0|     0|  0|                0|        0|              0|         0|           0|       0|                 0|         0|               0|                0|            0|             0|  228|        6|        0.0|            0.0|        1.0|            1.0|         0.03|         0.07|               0.0|           255|                 6|                  0.02|                  0.07|                        0.0|                        0.0|                 0.0|                     0.0|                 1.0|                     1.0|anomaly|         0.0|    (2,[0],[1.0])|   (2,[0],[1.0])|     (3,[0],[1.0])|(3,[0],[1.0])|(10,[1],[1.0])|(56,[1,3,5,17,20,...|[-0.1213479520155...|[3.04988449619652...|[0.95477753962596...|       0.0|
|       0|            0|      1|   1|        0|        0|   0|             0|     0|  0|                0|        0|              0|         0|           0|       0|                 0|         0|               0|                0|            0|             0|  230|        2|        0.0|            0.0|        1.0|            1.0|         0.01|         0.07|               0.0|           255|                 2|                  0.01|                  0.07|                        0.0|                        0.0|                 0.0|                     0.0|                 1.0|                     1.0|anomaly|         0.0|    (2,[0],[1.0])|   (2,[0],[1.0])|     (3,[0],[1.0])|(3,[0],[1.0])|(10,[1],[1.0])|(56,[1,3,5,17,20,...|[-0.1213479520155...|[3.15217164143364...|[0.95899420529498...|       0.0|
|       0|            0|      1|   1|        0|        0|   0|             0|     0|  0|                0|        0|              0|         0|           0|       0|                 0|         0|               0|                0|            0|             0|  231|        7|        0.0|            0.0|        1.0|            1.0|         0.03|         0.06|               0.0|           255|                 7|                  0.03|                  0.07|                        0.0|                        0.0|                 0.0|                     0.0|                 1.0|                     1.0|anomaly|         0.0|    (2,[0],[1.0])|   (2,[0],[1.0])|     (3,[0],[1.0])|(3,[0],[1.0])|(10,[1],[1.0])|(56,[1,3,5,17,20,...|[-0.1213479520155...|[3.10336055472296...|[0.95703115200416...|       0.0|
|       0|            0|      1|   1|        0|        0|   0|             0|     0|  0|                0|        0|              0|         0|           0|       0|                 0|         0|               0|                0|            0|             0|  231|        8|        0.0|            0.0|        1.0|            1.0|         0.03|         0.07|               0.0|           255|                 8|                  0.03|                  0.07|                        0.0|                        0.0|                 0.0|                     0.0|                 1.0|                     1.0|anomaly|         0.0|    (2,[0],[1.0])|   (2,[0],[1.0])|     (3,[0],[1.0])|(3,[0],[1.0])|(10,[1],[1.0])|(56,[1,3,5,17,20,...|[-0.1213479520155...|[3.07493876992482...|[0.95584707539372...|       0.0|
|       0|            0|      1|   1|        0|        0|   0|             0|     0|  0|                0|        0|              0|         0|           0|       0|                 0|         0|               0|                0|            0|             0|  241|       13|        0.0|            0.0|        1.0|            1.0|         0.05|         0.07|               0.0|           255|                13|                  0.05|                  0.07|                        0.0|                        0.0|                 0.0|                     0.0|                 1.0|                     1.0|anomaly|         0.0|    (2,[0],[1.0])|   (2,[0],[1.0])|     (3,[0],[1.0])|(3,[0],[1.0])|(10,[1],[1.0])|(56,[1,3,5,17,20,...|[-0.1213479520155...|[3.11775976435007...|[0.95761940250374...|       0.0|
|       0|            0|      1|   1|        0|        0|   0|             0|     0|  0|                0|        0|              0|         0|           0|       0|                 0|         0|               0|                0|            0|             0|  249|       11|        0.0|            0.0|        1.0|            1.0|         0.04|         0.07|               0.0|           255|                11|                  0.04|                  0.07|                        0.0|                        0.0|                 0.0|                     0.0|                 1.0|                     1.0|anomaly|         0.0|    (2,[0],[1.0])|   (2,[0],[1.0])|     (3,[0],[1.0])|(3,[0],[1.0])|(10,[1],[1.0])|(56,[1,3,5,17,20,...|[-0.1213479520155...|[3.21663728572338...|[0.96145558974127...|       0.0|
|       0|            0|      1|   1|        0|        0|   0|             0|     0|  0|                0|        0|              0|         0|           0|       0|                 0|         0|               0|                0|            0|             0|  251|        2|        0.0|            0.0|        1.0|            1.0|         0.01|         0.07|               0.0|           255|                 2|                  0.01|                  0.07|                        0.0|                        0.0|                 0.0|                     0.0|                 1.0|                     1.0|anomaly|         0.0|    (2,[0],[1.0])|   (2,[0],[1.0])|     (3,[0],[1.0])|(3,[0],[1.0])|(10,[1],[1.0])|(56,[1,3,5,17,20,...|[-0.1213479520155...|[3.36854958329721...|[0.96670704175631...|       0.0|
|       0|            0|      1|   1|        0|        0|   0|             0|     0|  0|                0|        0|              0|         0|           0|       0|                 0|         0|               0|                0|            0|             0|  251|       18|        0.0|            0.0|        1.0|            1.0|         0.07|         0.07|               0.0|           255|                18|                  0.07|                  0.07|                        0.0|                        0.0|                 0.0|                     0.0|                 1.0|                     1.0|anomaly|         0.0|    (2,[0],[1.0])|   (2,[0],[1.0])|     (3,[0],[1.0])|(3,[0],[1.0])|(10,[1],[1.0])|(56,[1,3,5,17,20,...|[-0.1213479520155...|[3.16058075877533...|[0.95932361473742...|       0.0|
|       0|            0|      1|   1|        0|        0|   0|             0|     0|  0|                0|        0|              0|         0|           0|       0|                 0|         0|               0|                0|            0|             0|  266|        9|        0.0|            0.0|        1.0|            1.0|         0.03|         0.06|               0.0|           255|                 9|                  0.04|                  0.07|                        0.0|                        0.0|                 0.0|                     0.0|                 1.0|                     1.0|anomaly|         0.0|    (2,[0],[1.0])|   (2,[0],[1.0])|     (3,[0],[1.0])|(3,[0],[1.0])|(10,[1],[1.0])|(56,[1,3,5,17,20,...|[-0.1213479520155...|[3.45813359700526...|[0.96947277833288...|       0.0|
|       0|            0|      1|   1|        0|        0|   0|             0|     0|  0|                0|        0|              0|         0|           0|       0|                 0|         0|               0|                0|            0|             0|  269|       20|        0.0|            0.0|        1.0|            1.0|         0.07|         0.06|               0.0|           255|                20|                  0.08|                  0.07|                        0.0|                        0.0|                 0.0|                     0.0|                 1.0|                     1.0|anomaly|         0.0|    (2,[0],[1.0])|   (2,[0],[1.0])|     (3,[0],[1.0])|(3,[0],[1.0])|(10,[1],[1.0])|(56,[1,3,5,17,20,...|[-0.1213479520155...|[3.34129202778319...|[0.96581852183686...|       0.0|
|       0|            0|      1|   1|        0|        0|   0|             0|     0|  0|                0|        0|              0|         0|           0|       0|                 0|         0|               0|                0|            0|             0|  273|       13|        0.0|            0.0|        1.0|            1.0|         0.05|         0.06|               0.0|           255|                13|                  0.05|                  0.07|                        0.0|                        0.0|                 0.0|                     0.0|                 1.0|                     1.0|anomaly|         0.0|    (2,[0],[1.0])|   (2,[0],[1.0])|     (3,[0],[1.0])|(3,[0],[1.0])|(10,[1],[1.0])|(56,[1,3,5,17,20,...|[-0.1213479520155...|[3.44857985542395...|[0.96918876066336...|       0.0|
|       0|            0|      1|   1|        0|        0|   0|             0|     0|  0|                0|        0|              0|         0|           0|       0|                 0|         0|               0|                0|            0|             0|  276|       14|        0.0|            0.0|        1.0|            1.0|         0.05|         0.06|               0.0|           255|                14|                  0.05|                  0.07|                        0.0|                        0.0|                 0.0|                     0.0|                 1.0|                     1.0|anomaly|         0.0|    (2,[0],[1.0])|   (2,[0],[1.0])|     (3,[0],[1.0])|(3,[0],[1.0])|(10,[1],[1.0])|(56,[1,3,5,17,20,...|[-0.1213479520155...|[3.45217052769763...|[0.96929580453224...|       0.0|
|       0|            0|      1|   1|        0|        0|   0|             0|     0|  0|                0|        0|              0|         0|           0|       0|                 0|         0|               0|                0|            0|             0|  279|       10|        0.0|            0.0|        1.0|            1.0|         0.04|         0.06|               0.0|           255|                10|                  0.04|                  0.06|                        0.0|                        0.0|                 0.0|                     0.0|                 1.0|                     1.0|anomaly|         0.0|    (2,[0],[1.0])|   (2,[0],[1.0])|     (3,[0],[1.0])|(3,[0],[1.0])|(10,[1],[1.0])|(56,[1,3,5,17,20,...|[-0.1213479520155...|[3.54965491894035...|[0.97206805818796...|       0.0|
|       0|            0|      1|   1|        0|        0|   0|             0|     0|  0|                0|        0|              0|         0|           0|       0|                 0|         0|               0|                0|            0|             0|  279|       10|        0.0|            0.0|        1.0|            1.0|         0.04|         0.06|               0.0|           255|                10|                  0.04|                  0.07|                        0.0|                        0.0|                 0.0|                     0.0|                 1.0|                     1.0|anomaly|         0.0|    (2,[0],[1.0])|   (2,[0],[1.0])|     (3,[0],[1.0])|(3,[0],[1.0])|(10,[1],[1.0])|(56,[1,3,5,17,20,...|[-0.1213479520155...|[3.55417041604089...|[0.97219040083316...|       0.0|
+--------+-------------+-------+----+---------+---------+----+--------------+------+---+-----------------+---------+---------------+----------+------------+--------+------------------+----------+----------------+-----------------+-------------+--------------+-----+---------+-----------+---------------+-----------+---------------+-------------+-------------+------------------+--------------+------------------+----------------------+----------------------+---------------------------+---------------------------+--------------------+------------------------+--------------------+------------------------+-------+------------+-----------------+----------------+------------------+-------------+--------------+--------------------+--------------------+--------------------+--------------------+----------+
only showing top 20 rows

Training Error = 0.07928434657730976
Test Error = 0.08174958077138061
