Random Seed: 4
0:duration
1:protocol_type_vec
2:service
3:flag_vec
4:src_bytes
5:dst_bytes
6:land
7:wrong_fragment_vec
8:urgent_vec
9:hot
10:num_failed_logins
11:logged_in
12:num_compromised
13:root_shell
14:su_attempted_vec
15:num_root
16:num_file_creations
17:num_shells
18:num_access_files
19:num_outbound_cmds
20:is_host_login
21:is_guest_login
22:count
23:srv_count
24:serror_rate
25:srv_serror_rate
26:rerror_rate
27:srv_rerror_rate
28:same_srv_rate
29:diff_srv_rate
30:srv_diff_host_rate
31:dst_host_count
32:dst_host_srv_count
33:dst_host_same_srv_rate
34:dst_host_diff_srv_rate
35:dst_host_same_src_port_rate
36:dst_host_srv_diff_host_rate
37:dst_host_serror_rate
38:dst_host_srv_serror_rate
39:dst_host_rerror_rate
40:dst_host_srv_rerror_rate
LR Reg:0.0
LR ElasticNet:0.0
    logistic regression model coefficients:
Coefficients: [0.18302358152611709,-0.16973684731833932,0.6884019709681954,-0.6894214539128531,-1.0501169438151334,-0.036110288655047826,0.9240559065595716,-0.06049684866953004,0.07692403067929765,-0.27821438138392807,-0.21218077580566755,0.1682145297589207,0.01778683220852526,0.0379077039302279,-0.2903538365352087,-0.9074406341609265,-1.457144868872734,0.006848769003628571,0.03738537903454266,0.10384304521011448,-0.004044550253875137,0.0,-0.11746550573715031,0.13075109048889738,-0.1245178720992163,-0.055934917998360534,0.0667007334197901,-0.10034817839730588,1.2413614119104501,-13.329808172542995,-0.08935998321034394,-0.31577620599940465,0.21489068085813173,0.2347542581767077,13.963105786630528,0.1074848571704415,-0.09084344037146946,0.02668605620681549,0.0,-0.22613475952781212,-0.652861598623271,-1.3640537763082365,1.0665687694268726,-0.1623721084184429,-0.9930683910974039,-0.6622927012761805,-0.4912460472334846,0.47068268283666526,0.0014802854005401755,-0.0062461270690052535,-1.3632955549675154,1.6686567437972823,-2.128555089532152,-0.09379423304541319,-0.185506694767847,-0.27517374536984224,0.10099985130651833,-0.6655906725662325,-0.5905134109483967,-0.02430878189736978] Intercept: -1.0000360193992575
+--------+-------------+-------+----+---------+---------+----+--------------+------+---+-----------------+---------+---------------+----------+------------+--------+------------------+----------+----------------+-----------------+-------------+--------------+-----+---------+-----------+---------------+-----------+---------------+-------------+-------------+------------------+--------------+------------------+----------------------+----------------------+---------------------------+---------------------------+--------------------+------------------------+--------------------+------------------------+-------+------------+-----------------+----------------+------------------+-------------+--------------+--------------------+--------------------+--------------------+--------------------+----------+
|duration|protocol_type|service|flag|src_bytes|dst_bytes|land|wrong_fragment|urgent|hot|num_failed_logins|logged_in|num_compromised|root_shell|su_attempted|num_root|num_file_creations|num_shells|num_access_files|num_outbound_cmds|is_host_login|is_guest_login|count|srv_count|serror_rate|srv_serror_rate|rerror_rate|srv_rerror_rate|same_srv_rate|diff_srv_rate|srv_diff_host_rate|dst_host_count|dst_host_srv_count|dst_host_same_srv_rate|dst_host_diff_srv_rate|dst_host_same_src_port_rate|dst_host_srv_diff_host_rate|dst_host_serror_rate|dst_host_srv_serror_rate|dst_host_rerror_rate|dst_host_srv_rerror_rate|  label|indexedLabel|protocol_type_vec|su_attempted_vec|wrong_fragment_vec|   urgent_vec|      flag_vec|            features|      scaledFeatures|       rawPrediction|         probability|prediction|
+--------+-------------+-------+----+---------+---------+----+--------------+------+---+-----------------+---------+---------------+----------+------------+--------+------------------+----------+----------------+-----------------+-------------+--------------+-----+---------+-----------+---------------+-----------+---------------+-------------+-------------+------------------+--------------+------------------+----------------------+----------------------+---------------------------+---------------------------+--------------------+------------------------+--------------------+------------------------+-------+------------+-----------------+----------------+------------------+-------------+--------------+--------------------+--------------------+--------------------+--------------------+----------+
|       0|            0|      1|   1|        0|        0|   0|             0|     0|  0|                0|        0|              0|         0|           0|       0|                 0|         0|               0|                0|            0|             0|    1|        1|        0.0|            0.0|        1.0|            1.0|          1.0|          0.0|               0.0|           168|                 8|                  0.05|                  0.04|                       0.01|                        0.0|                0.01|                     0.0|                0.08|                     1.0| normal|         1.0|    (3,[0],[1.0])|   (3,[0],[1.0])|     (4,[0],[1.0])|(3,[0],[1.0])|(11,[1],[1.0])|(60,[1,4,6,19,23,...|[-0.1192873981203...|[-3.1481335483582...|[0.04116488461812...|       1.0|
|       0|            0|      1|   1|        0|        0|   0|             0|     0|  0|                0|        0|              0|         0|           0|       0|                 0|         0|               0|                0|            0|             0|    1|        1|        0.0|            0.0|        1.0|            1.0|          1.0|          0.0|               0.0|           180|                10|                  0.06|                  0.03|                       0.01|                        0.0|                0.02|                     0.0|                0.08|                     1.0| normal|         1.0|    (3,[0],[1.0])|   (3,[0],[1.0])|     (4,[0],[1.0])|(3,[0],[1.0])|(11,[1],[1.0])|(60,[1,4,6,19,23,...|[-0.1192873981203...|[-2.9684410983627...|[0.04887213549691...|       1.0|
|       0|            0|      1|   1|        0|        0|   0|             0|     0|  0|                0|        0|              0|         0|           0|       0|                 0|         0|               0|                0|            0|             0|  140|       20|        0.0|            0.0|        1.0|            1.0|         0.14|         0.06|               0.0|           255|                20|                  0.08|                  0.07|                        0.0|                        0.0|                 0.0|                     0.0|                 1.0|                     1.0|anomaly|         0.0|    (3,[0],[1.0])|   (3,[0],[1.0])|     (4,[0],[1.0])|(3,[0],[1.0])|(11,[1],[1.0])|(60,[1,4,6,19,23,...|[-0.1192873981203...|[1.84828841161483...|[0.86392601763740...|       0.0|
|       0|            0|      1|   1|        0|        0|   0|             0|     0|  0|                0|        0|              0|         0|           0|       0|                 0|         0|               0|                0|            0|             0|  218|        1|        0.0|            0.0|        1.0|            1.0|          0.0|         0.07|               0.0|           255|                 1|                   0.0|                  0.07|                        0.0|                        0.0|                 0.0|                     0.0|                 1.0|                     1.0|anomaly|         0.0|    (3,[0],[1.0])|   (3,[0],[1.0])|     (4,[0],[1.0])|(3,[0],[1.0])|(11,[1],[1.0])|(60,[1,4,6,19,23,...|[-0.1192873981203...|[3.02264932855086...|[0.95358692286954...|       0.0|
|       0|            0|      1|   1|        0|        0|   0|             0|     0|  0|                0|        0|              0|         0|           0|       0|                 0|         0|               0|                0|            0|             0|  223|        3|        0.0|            0.0|        1.0|            1.0|         0.01|         0.06|               0.0|           255|                 3|                  0.01|                  0.07|                        0.0|                        0.0|                 0.0|                     0.0|                 1.0|                     1.0|anomaly|         0.0|    (3,[0],[1.0])|   (3,[0],[1.0])|     (4,[0],[1.0])|(3,[0],[1.0])|(11,[1],[1.0])|(60,[1,4,6,19,23,...|[-0.1192873981203...|[3.05958038954438...|[0.95519434184505...|       0.0|
|       0|            0|      1|   1|        0|        0|   0|             0|     0|  0|                0|        0|              0|         0|           0|       0|                 0|         0|               0|                0|            0|             0|  227|       14|        0.0|            0.0|        1.0|            1.0|         0.06|         0.06|               0.0|           255|                14|                  0.05|                  0.07|                        0.0|                        0.0|                 0.0|                     0.0|                 1.0|                     1.0|anomaly|         0.0|    (3,[0],[1.0])|   (3,[0],[1.0])|     (4,[0],[1.0])|(3,[0],[1.0])|(11,[1],[1.0])|(60,[1,4,6,19,23,...|[-0.1192873981203...|[2.93326565408540...|[0.94946659062767...|       0.0|
|       0|            0|      1|   1|        0|        0|   0|             0|     0|  0|                0|        0|              0|         0|           0|       0|                 0|         0|               0|                0|            0|             0|  230|        2|        0.0|            0.0|        1.0|            1.0|         0.01|         0.07|               0.0|           255|                 2|                  0.01|                  0.07|                        0.0|                        0.0|                 0.0|                     0.0|                 1.0|                     1.0|anomaly|         0.0|    (3,[0],[1.0])|   (3,[0],[1.0])|     (4,[0],[1.0])|(3,[0],[1.0])|(11,[1],[1.0])|(60,[1,4,6,19,23,...|[-0.1192873981203...|[3.16575224490546...|[0.95952493685616...|       0.0|
|       0|            0|      1|   1|        0|        0|   0|             0|     0|  0|                0|        0|              0|         0|           0|       0|                 0|         0|               0|                0|            0|             0|  231|        7|        0.0|            0.0|        1.0|            1.0|         0.03|         0.06|               0.0|           255|                 7|                  0.03|                  0.07|                        0.0|                        0.0|                 0.0|                     0.0|                 1.0|                     1.0|anomaly|         0.0|    (3,[0],[1.0])|   (3,[0],[1.0])|     (4,[0],[1.0])|(3,[0],[1.0])|(11,[1],[1.0])|(60,[1,4,6,19,23,...|[-0.1192873981203...|[3.11094139520023...|[0.95734181747022...|       0.0|
|       0|            0|      1|   1|        0|        0|   0|             0|     0|  0|                0|        0|              0|         0|           0|       0|                 0|         0|               0|                0|            0|             0|  231|        8|        0.0|            0.0|        1.0|            1.0|         0.03|         0.07|               0.0|           255|                 8|                  0.03|                  0.07|                        0.0|                        0.0|                 0.0|                     0.0|                 1.0|                     1.0|anomaly|         0.0|    (3,[0],[1.0])|   (3,[0],[1.0])|     (4,[0],[1.0])|(3,[0],[1.0])|(11,[1],[1.0])|(60,[1,4,6,19,23,...|[-0.1192873981203...|[3.08291962464009...|[0.95618267224842...|       0.0|
|       0|            0|      1|   1|        0|        0|   0|             0|     0|  0|                0|        0|              0|         0|           0|       0|                 0|         0|               0|                0|            0|             0|  235|       18|        0.0|            0.0|        1.0|            1.0|         0.08|         0.06|               0.0|           255|                18|                  0.07|                  0.07|                        0.0|                        0.0|                 0.0|                     0.0|                 1.0|                     1.0|anomaly|         0.0|    (3,[0],[1.0])|   (3,[0],[1.0])|     (4,[0],[1.0])|(3,[0],[1.0])|(11,[1],[1.0])|(60,[1,4,6,19,23,...|[-0.1192873981203...|[2.98462665974125...|[0.95187475852651...|       0.0|
|       0|            0|      1|   1|        0|        0|   0|             0|     0|  0|                0|        0|              0|         0|           0|       0|                 0|         0|               0|                0|            0|             0|  245|        8|        0.0|            0.0|        1.0|            1.0|         0.03|         0.07|               0.0|           255|                 8|                  0.03|                  0.07|                        0.0|                        0.0|                 0.0|                     0.0|                 1.0|                     1.0|anomaly|         0.0|    (3,[0],[1.0])|   (3,[0],[1.0])|     (4,[0],[1.0])|(3,[0],[1.0])|(11,[1],[1.0])|(60,[1,4,6,19,23,...|[-0.1192873981203...|[3.23948815973453...|[0.96229354192446...|       0.0|
|       0|            0|      1|   1|        0|        0|   0|             0|     0|  0|                0|        0|              0|         0|           0|       0|                 0|         0|               0|                0|            0|             0|  251|        5|        0.0|            0.0|        1.0|            1.0|         0.02|         0.06|               0.0|           255|                 5|                  0.02|                  0.06|                        0.0|                        0.0|                 0.0|                     0.0|                 1.0|                     1.0|anomaly|         0.0|    (3,[0],[1.0])|   (3,[0],[1.0])|     (4,[0],[1.0])|(3,[0],[1.0])|(11,[1],[1.0])|(60,[1,4,6,19,23,...|[-0.1192873981203...|[3.34905340150514...|[0.96607382457927...|       0.0|
|       0|            0|      1|   1|        0|        0|   0|             0|     0|  0|                0|        0|              0|         0|           0|       0|                 0|         0|               0|                0|            0|             0|  251|       18|        0.0|            0.0|        1.0|            1.0|         0.07|         0.07|               0.0|           255|                18|                  0.07|                  0.07|                        0.0|                        0.0|                 0.0|                     0.0|                 1.0|                     1.0|anomaly|         0.0|    (3,[0],[1.0])|   (3,[0],[1.0])|     (4,[0],[1.0])|(3,[0],[1.0])|(11,[1],[1.0])|(60,[1,4,6,19,23,...|[-0.1192873981203...|[3.17446614474763...|[0.95986200528340...|       0.0|
|       0|            0|      1|   1|        0|        0|   0|             0|     0|  0|                0|        0|              0|         0|           0|       0|                 0|         0|               0|                0|            0|             0|  257|        3|        0.0|            0.0|        1.0|            1.0|         0.01|         0.07|               0.0|           255|                 3|                  0.01|                  0.07|                        0.0|                        0.0|                 0.0|                     0.0|                 1.0|                     1.0|anomaly|         0.0|    (3,[0],[1.0])|   (3,[0],[1.0])|     (4,[0],[1.0])|(3,[0],[1.0])|(11,[1],[1.0])|(60,[1,4,6,19,23,...|[-0.1192873981203...|[3.43975116911489...|[0.96892402435200...|       0.0|
|       0|            0|      1|   1|        0|        0|   0|             0|     0|  0|                0|        0|              0|         0|           0|       0|                 0|         0|               0|                0|            0|             0|  262|        4|        0.0|            0.0|        1.0|            1.0|         0.02|         0.06|               0.0|           255|                 4|                  0.02|                  0.07|                        0.0|                        0.0|                 0.0|                     0.0|                 1.0|                     1.0|anomaly|         0.0|    (3,[0],[1.0])|   (3,[0],[1.0])|     (4,[0],[1.0])|(3,[0],[1.0])|(11,[1],[1.0])|(60,[1,4,6,19,23,...|[-0.1192873981203...|[3.50463690929541...|[0.97081941578031...|       0.0|
|       0|            0|      1|   1|        0|        0|   0|             0|     0|  0|                0|        0|              0|         0|           0|       0|                 0|         0|               0|                0|            0|             0|  269|       20|        0.0|            0.0|        1.0|            1.0|         0.07|         0.06|               0.0|           255|                20|                  0.08|                  0.07|                        0.0|                        0.0|                 0.0|                     0.0|                 1.0|                     1.0|anomaly|         0.0|    (3,[0],[1.0])|   (3,[0],[1.0])|     (4,[0],[1.0])|(3,[0],[1.0])|(11,[1],[1.0])|(60,[1,4,6,19,23,...|[-0.1192873981203...|[3.36775338174329...|[0.96668140685341...|       0.0|
|       0|            0|      1|   1|        0|        0|   0|             0|     0|  0|                0|        0|              0|         0|           0|       0|                 0|         0|               0|                0|            0|             0|  278|       14|        0.0|            0.0|        1.0|            1.0|         0.05|         0.06|               0.0|           255|                14|                  0.05|                  0.07|                        0.0|                        0.0|                 0.0|                     0.0|                 1.0|                     1.0|anomaly|         0.0|    (3,[0],[1.0])|   (3,[0],[1.0])|     (4,[0],[1.0])|(3,[0],[1.0])|(11,[1],[1.0])|(60,[1,4,6,19,23,...|[-0.1192873981203...|[3.51459356820103...|[0.97110016035389...|       0.0|
|       0|            0|      1|   1|        0|        0|   0|             0|     0|  0|                0|        0|              0|         0|           0|       0|                 0|         0|               0|                0|            0|             0|  283|       13|        0.0|            0.0|        1.0|            1.0|         0.05|         0.06|               0.0|           255|                13|                  0.05|                  0.07|                        0.0|                        0.0|                 0.0|                     0.0|                 1.0|                     1.0|anomaly|         0.0|    (3,[0],[1.0])|   (3,[0],[1.0])|     (4,[0],[1.0])|(3,[0],[1.0])|(11,[1],[1.0])|(60,[1,4,6,19,23,...|[-0.1192873981203...|[3.59846558135033...|[0.97336325207832...|       0.0|
|       0|            0|      1|   1|        0|        0|   0|             0|     0|  0|                0|        0|              0|         0|           0|       0|                 0|         0|               0|                0|            0|             0|  287|       17|        0.0|            0.0|        1.0|            1.0|         0.06|         0.06|               0.0|           255|                17|                  0.07|                  0.06|                        0.0|                        0.0|                 0.0|                     0.0|                 1.0|                     1.0|anomaly|         0.0|    (3,[0],[1.0])|   (3,[0],[1.0])|     (4,[0],[1.0])|(3,[0],[1.0])|(11,[1],[1.0])|(60,[1,4,6,19,23,...|[-0.1192873981203...|[3.61145313365027...|[0.97369792116164...|       0.0|
|       0|            0|      1|   1|        0|        0|   0|             0|     0|  0|                0|        0|              0|         0|           0|       0|                 0|         0|               0|                0|            0|             0|  291|       17|        0.0|            0.0|        1.0|            1.0|         0.06|         0.06|               0.0|           255|                17|                  0.07|                  0.07|                        0.0|                        0.0|                 0.0|                     0.0|                 1.0|                     1.0|anomaly|         0.0|    (3,[0],[1.0])|   (3,[0],[1.0])|     (4,[0],[1.0])|(3,[0],[1.0])|(11,[1],[1.0])|(60,[1,4,6,19,23,...|[-0.1192873981203...|[3.66079769470633...|[0.97493254016053...|       0.0|
+--------+-------------+-------+----+---------+---------+----+--------------+------+---+-----------------+---------+---------------+----------+------------+--------+------------------+----------+----------------+-----------------+-------------+--------------+-----+---------+-----------+---------------+-----------+---------------+-------------+-------------+------------------+--------------+------------------+----------------------+----------------------+---------------------------+---------------------------+--------------------+------------------------+--------------------+------------------------+-------+------------+-----------------+----------------+------------------+-------------+--------------+--------------------+--------------------+--------------------+--------------------+----------+
only showing top 20 rows

Training Error = 0.07992687604890913
Test Error = 0.079760579064588
