Random Seed: 5
0:duration
1:protocol_type_vec
2:service
3:flag_vec
4:src_bytes
5:dst_bytes
6:land
7:wrong_fragment_vec
8:urgent_vec
9:hot
10:num_failed_logins
11:logged_in
12:num_compromised
13:root_shell
14:su_attempted_vec
15:num_root
16:num_file_creations
17:num_shells
18:num_access_files
19:num_outbound_cmds
20:is_host_login
21:is_guest_login
22:count
23:srv_count
24:serror_rate
25:srv_serror_rate
26:rerror_rate
27:srv_rerror_rate
28:same_srv_rate
29:diff_srv_rate
30:srv_diff_host_rate
31:dst_host_count
32:dst_host_srv_count
33:dst_host_same_srv_rate
34:dst_host_diff_srv_rate
35:dst_host_same_src_port_rate
36:dst_host_srv_diff_host_rate
37:dst_host_serror_rate
38:dst_host_srv_serror_rate
39:dst_host_rerror_rate
40:dst_host_srv_rerror_rate
LR Reg:0.0
LR ElasticNet:0.0
    logistic regression model coefficients:
Coefficients: [0.18452156019690463,-0.16532652288534846,0.6756318707412386,-0.6710497995145395,-1.0763426508667253,-0.39178121388532466,1.0571102254151665,-0.019251059814335822,0.06898699900689813,-0.237297423207499,-0.28674925496886217,0.1671865164681251,0.017298694818706144,0.044197329586154945,-0.33909548523379185,-0.9438337849759189,-1.4214671508559056,0.004508693269831456,0.0393778383860574,0.09027469697941999,0.017657472919528728,0.0,-0.11995604635660896,0.12763098361825506,-0.10783172057975601,-0.07087434572999216,0.07559770083746671,-0.09641464344280205,1.229839208961633,-15.510443347516155,-0.0864736771151583,-0.3112951970999959,-0.017984668361190857,0.4002392890148299,16.297750933641495,0.17196206740464223,-0.1030626070219299,0.018471164848459846,0.0,-0.31008322560144463,-0.6528757335442381,-1.1545493190699032,0.8963788769782663,-0.0789188054131526,-1.1439144952652405,-0.748938080814946,-0.5603501991757722,0.5545902771910569,0.04896090729187033,0.00796625871403242,-1.3535818244973878,1.6602758648613187,-2.080091226028349,-0.05411024172796532,-0.18873088289593495,-0.31236464387445034,0.1452147484615848,-0.6667691164458228,-0.5874798290428344,-0.11371171584587506] Intercept: -1.0090664300991674
+--------+-------------+-------+----+---------+---------+----+--------------+------+---+-----------------+---------+---------------+----------+------------+--------+------------------+----------+----------------+-----------------+-------------+--------------+-----+---------+-----------+---------------+-----------+---------------+-------------+-------------+------------------+--------------+------------------+----------------------+----------------------+---------------------------+---------------------------+--------------------+------------------------+--------------------+------------------------+-------+------------+-----------------+----------------+------------------+-------------+--------------+--------------------+--------------------+--------------------+--------------------+----------+
|duration|protocol_type|service|flag|src_bytes|dst_bytes|land|wrong_fragment|urgent|hot|num_failed_logins|logged_in|num_compromised|root_shell|su_attempted|num_root|num_file_creations|num_shells|num_access_files|num_outbound_cmds|is_host_login|is_guest_login|count|srv_count|serror_rate|srv_serror_rate|rerror_rate|srv_rerror_rate|same_srv_rate|diff_srv_rate|srv_diff_host_rate|dst_host_count|dst_host_srv_count|dst_host_same_srv_rate|dst_host_diff_srv_rate|dst_host_same_src_port_rate|dst_host_srv_diff_host_rate|dst_host_serror_rate|dst_host_srv_serror_rate|dst_host_rerror_rate|dst_host_srv_rerror_rate|  label|indexedLabel|protocol_type_vec|su_attempted_vec|wrong_fragment_vec|   urgent_vec|      flag_vec|            features|      scaledFeatures|       rawPrediction|         probability|prediction|
+--------+-------------+-------+----+---------+---------+----+--------------+------+---+-----------------+---------+---------------+----------+------------+--------+------------------+----------+----------------+-----------------+-------------+--------------+-----+---------+-----------+---------------+-----------+---------------+-------------+-------------+------------------+--------------+------------------+----------------------+----------------------+---------------------------+---------------------------+--------------------+------------------------+--------------------+------------------------+-------+------------+-----------------+----------------+------------------+-------------+--------------+--------------------+--------------------+--------------------+--------------------+----------+
|       0|            0|      1|   1|        0|        0|   0|             0|     0|  0|                0|        0|              0|         0|           0|       0|                 0|         0|               0|                0|            0|             0|  158|       14|        0.0|            0.0|        1.0|            1.0|         0.09|         0.06|               0.0|           255|                14|                  0.05|                  0.07|                        0.0|                        0.0|                 0.0|                     0.0|                 1.0|                     1.0|anomaly|         0.0|    (3,[0],[1.0])|   (3,[0],[1.0])|     (4,[0],[1.0])|(3,[0],[1.0])|(11,[1],[1.0])|(60,[1,4,6,19,23,...|[-0.1222097351416...|[2.15651184096605...|[0.89627571785036...|       0.0|
|       0|            0|      1|   1|        0|        0|   0|             0|     0|  0|                0|        0|              0|         0|           0|       0|                 0|         0|               0|                0|            0|             0|  202|       10|        0.0|            0.0|        1.0|            1.0|         0.05|         0.06|               0.0|           255|                10|                  0.04|                  0.06|                        0.0|                        0.0|                 0.0|                     0.0|                 1.0|                     1.0|anomaly|         0.0|    (3,[0],[1.0])|   (3,[0],[1.0])|     (4,[0],[1.0])|(3,[0],[1.0])|(11,[1],[1.0])|(60,[1,4,6,19,23,...|[-0.1222097351416...|[2.68119783063407...|[0.93590801204070...|       0.0|
|       0|            0|      1|   1|        0|        0|   0|             0|     0|  0|                0|        0|              0|         0|           0|       0|                 0|         0|               0|                0|            0|             0|  211|       18|        0.0|            0.0|        1.0|            1.0|         0.09|         0.07|               0.0|           255|                18|                  0.07|                  0.08|                        0.0|                        0.0|                 0.0|                     0.0|                 1.0|                     1.0|anomaly|         0.0|    (3,[0],[1.0])|   (3,[0],[1.0])|     (4,[0],[1.0])|(3,[0],[1.0])|(11,[1],[1.0])|(60,[1,4,6,19,23,...|[-0.1222097351416...|[2.65030977184162...|[0.93403008056229...|       0.0|
|       0|            0|      1|   1|        0|        0|   0|             0|     0|  0|                0|        0|              0|         0|           0|       0|                 0|         0|               0|                0|            0|             0|  215|        8|        0.0|            0.0|        1.0|            1.0|         0.04|         0.07|               0.0|           255|                 8|                  0.03|                  0.07|                        0.0|                        0.0|                 0.0|                     0.0|                 1.0|                     1.0|anomaly|         0.0|    (3,[0],[1.0])|   (3,[0],[1.0])|     (4,[0],[1.0])|(3,[0],[1.0])|(11,[1],[1.0])|(60,[1,4,6,19,23,...|[-0.1222097351416...|[2.82348486005682...|[0.94393178672521...|       0.0|
|       0|            0|      1|   1|        0|        0|   0|             0|     0|  0|                0|        0|              0|         0|           0|       0|                 0|         0|               0|                0|            0|             0|  221|        3|        0.0|            0.0|        1.0|            1.0|         0.01|         0.08|               0.0|           255|                 3|                  0.01|                  0.07|                        0.0|                        0.0|                 0.0|                     0.0|                 1.0|                     1.0|anomaly|         0.0|    (3,[0],[1.0])|   (3,[0],[1.0])|     (4,[0],[1.0])|(3,[0],[1.0])|(11,[1],[1.0])|(60,[1,4,6,19,23,...|[-0.1222097351416...|[2.95369258016987...|[0.95043772020454...|       0.0|
|       0|            0|      1|   1|        0|        0|   0|             0|     0|  0|                0|        0|              0|         0|           0|       0|                 0|         0|               0|                0|            0|             0|  231|        5|        0.0|            0.0|        1.0|            1.0|         0.02|         0.07|               0.0|           255|                 5|                  0.02|                  0.08|                        0.0|                        0.0|                 0.0|                     0.0|                 1.0|                     1.0|anomaly|         0.0|    (3,[0],[1.0])|   (3,[0],[1.0])|     (4,[0],[1.0])|(3,[0],[1.0])|(11,[1],[1.0])|(60,[1,4,6,19,23,...|[-0.1222097351416...|[3.03543707106384...|[0.95414962280402...|       0.0|
|       0|            0|      1|   1|        0|        0|   0|             0|     0|  0|                0|        0|              0|         0|           0|       0|                 0|         0|               0|                0|            0|             0|  231|        8|        0.0|            0.0|        1.0|            1.0|         0.03|         0.07|               0.0|           255|                 8|                  0.03|                  0.07|                        0.0|                        0.0|                 0.0|                     0.0|                 1.0|                     1.0|anomaly|         0.0|    (3,[0],[1.0])|   (3,[0],[1.0])|     (4,[0],[1.0])|(3,[0],[1.0])|(11,[1],[1.0])|(60,[1,4,6,19,23,...|[-0.1222097351416...|[2.98853099290560...|[0.95205329769745...|       0.0|
|       0|            0|      1|   1|        0|        0|   0|             0|     0|  0|                0|        0|              0|         0|           0|       0|                 0|         0|               0|                0|            0|             0|  235|       18|        0.0|            0.0|        1.0|            1.0|         0.08|         0.06|               0.0|           255|                18|                  0.07|                  0.07|                        0.0|                        0.0|                 0.0|                     0.0|                 1.0|                     1.0|anomaly|         0.0|    (3,[0],[1.0])|   (3,[0],[1.0])|     (4,[0],[1.0])|(3,[0],[1.0])|(11,[1],[1.0])|(60,[1,4,6,19,23,...|[-0.1222097351416...|[2.89095525902219...|[0.94739750769799...|       0.0|
|       0|            0|      1|   1|        0|        0|   0|             0|     0|  0|                0|        0|              0|         0|           0|       0|                 0|         0|               0|                0|            0|             0|  236|       13|        0.0|            0.0|        1.0|            1.0|         0.06|         0.07|               0.0|           255|                13|                  0.05|                  0.07|                        0.0|                        0.0|                 0.0|                     0.0|                 1.0|                     1.0|anomaly|         0.0|    (3,[0],[1.0])|   (3,[0],[1.0])|     (4,[0],[1.0])|(3,[0],[1.0])|(11,[1],[1.0])|(60,[1,4,6,19,23,...|[-0.1222097351416...|[2.96070636258515...|[0.95076706860721...|       0.0|
|       0|            0|      1|   1|        0|        0|   0|             0|     0|  0|                0|        0|              0|         0|           0|       0|                 0|         0|               0|                0|            0|             0|  241|       13|        0.0|            0.0|        1.0|            1.0|         0.05|         0.07|               0.0|           255|                13|                  0.05|                  0.07|                        0.0|                        0.0|                 0.0|                     0.0|                 1.0|                     1.0|anomaly|         0.0|    (3,[0],[1.0])|   (3,[0],[1.0])|     (4,[0],[1.0])|(3,[0],[1.0])|(11,[1],[1.0])|(60,[1,4,6,19,23,...|[-0.1222097351416...|[3.02116297913524...|[0.95352109430558...|       0.0|
|       0|            0|      1|   1|        0|        0|   0|             0|     0|  0|                0|        0|              0|         0|           0|       0|                 0|         0|               0|                0|            0|             0|  245|        8|        0.0|            0.0|        1.0|            1.0|         0.03|         0.07|               0.0|           255|                 8|                  0.03|                  0.07|                        0.0|                        0.0|                 0.0|                     0.0|                 1.0|                     1.0|anomaly|         0.0|    (3,[0],[1.0])|   (3,[0],[1.0])|     (4,[0],[1.0])|(3,[0],[1.0])|(11,[1],[1.0])|(60,[1,4,6,19,23,...|[-0.1222097351416...|[3.12164492274031...|[0.95777679960820...|       0.0|
|       0|            0|      1|   1|        0|        0|   0|             0|     0|  0|                0|        0|              0|         0|           0|       0|                 0|         0|               0|                0|            0|             0|  247|        9|        0.0|            0.0|        1.0|            1.0|         0.04|         0.07|               0.0|           255|                 9|                  0.04|                  0.07|                        0.0|                        0.0|                 0.0|                     0.0|                 1.0|                     1.0|anomaly|         0.0|    (3,[0],[1.0])|   (3,[0],[1.0])|     (4,[0],[1.0])|(3,[0],[1.0])|(11,[1],[1.0])|(60,[1,4,6,19,23,...|[-0.1222097351416...|[3.14846412364727...|[0.95884816132097...|       0.0|
|       0|            0|      1|   1|        0|        0|   0|             0|     0|  0|                0|        0|              0|         0|           0|       0|                 0|         0|               0|                0|            0|             0|  249|       11|        0.0|            0.0|        1.0|            1.0|         0.04|         0.07|               0.0|           255|                11|                  0.04|                  0.07|                        0.0|                        0.0|                 0.0|                     0.0|                 1.0|                     1.0|anomaly|         0.0|    (3,[0],[1.0])|   (3,[0],[1.0])|     (4,[0],[1.0])|(3,[0],[1.0])|(11,[1],[1.0])|(60,[1,4,6,19,23,...|[-0.1222097351416...|[3.11544357090041...|[0.95752530129222...|       0.0|
|       0|            0|      1|   1|        0|        0|   0|             0|     0|  0|                0|        0|              0|         0|           0|       0|                 0|         0|               0|                0|            0|             0|  251|        2|        0.0|            0.0|        1.0|            1.0|         0.01|         0.07|               0.0|           255|                 2|                  0.01|                  0.07|                        0.0|                        0.0|                 0.0|                     0.0|                 1.0|                     1.0|anomaly|         0.0|    (3,[0],[1.0])|   (3,[0],[1.0])|     (4,[0],[1.0])|(3,[0],[1.0])|(11,[1],[1.0])|(60,[1,4,6,19,23,...|[-0.1222097351416...|[3.26716155625481...|[0.96328491614434...|       0.0|
|       0|            0|      1|   1|        0|        0|   0|             0|     0|  0|                0|        0|              0|         0|           0|       0|                 0|         0|               0|                0|            0|             0|  251|        5|        0.0|            0.0|        1.0|            1.0|         0.02|         0.06|               0.0|           255|                 5|                  0.02|                  0.06|                        0.0|                        0.0|                 0.0|                     0.0|                 1.0|                     1.0|anomaly|         0.0|    (3,[0],[1.0])|   (3,[0],[1.0])|     (4,[0],[1.0])|(3,[0],[1.0])|(11,[1],[1.0])|(60,[1,4,6,19,23,...|[-0.1222097351416...|[3.22246190460267...|[0.96167086354814...|       0.0|
|       0|            0|      1|   1|        0|        0|   0|             0|     0|  0|                0|        0|              0|         0|           0|       0|                 0|         0|               0|                0|            0|             0|  251|       18|        0.0|            0.0|        1.0|            1.0|         0.07|         0.07|               0.0|           255|                18|                  0.07|                  0.07|                        0.0|                        0.0|                 0.0|                     0.0|                 1.0|                     1.0|anomaly|         0.0|    (3,[0],[1.0])|   (3,[0],[1.0])|     (4,[0],[1.0])|(3,[0],[1.0])|(11,[1],[1.0])|(60,[1,4,6,19,23,...|[-0.1222097351416...|[3.05379496536488...|[0.95494608352402...|       0.0|
|       0|            0|      1|   1|        0|        0|   0|             0|     0|  0|                0|        0|              0|         0|           0|       0|                 0|         0|               0|                0|            0|             0|  276|       14|        0.0|            0.0|        1.0|            1.0|         0.05|         0.06|               0.0|           255|                14|                  0.05|                  0.07|                        0.0|                        0.0|                 0.0|                     0.0|                 1.0|                     1.0|anomaly|         0.0|    (3,[0],[1.0])|   (3,[0],[1.0])|     (4,[0],[1.0])|(3,[0],[1.0])|(11,[1],[1.0])|(60,[1,4,6,19,23,...|[-0.1222097351416...|[3.33013581600933...|[0.96544830053421...|       0.0|
|       0|            0|      1|   1|        0|        0|   0|             0|     0|  0|                0|        0|              0|         0|           0|       0|                 0|         0|               0|                0|            0|             0|  283|       13|        0.0|            0.0|        1.0|            1.0|         0.05|         0.06|               0.0|           255|                13|                  0.05|                  0.07|                        0.0|                        0.0|                 0.0|                     0.0|                 1.0|                     1.0|anomaly|         0.0|    (3,[0],[1.0])|   (3,[0],[1.0])|     (4,[0],[1.0])|(3,[0],[1.0])|(11,[1],[1.0])|(60,[1,4,6,19,23,...|[-0.1222097351416...|[3.42271119514545...|[0.96840682618255...|       0.0|
|       0|            0|      1|   5|        0|        0|   0|             0|     0|  0|                0|        0|              0|         0|           0|       0|                 0|         0|               0|                0|            0|             0|   11|        4|        1.0|            1.0|        0.0|            0.0|         0.36|         0.36|               0.0|           255|                 4|                  0.02|                  0.08|                        0.0|                        0.0|                 1.0|                     1.0|                 0.0|                     0.0|anomaly|         0.0|    (3,[0],[1.0])|   (3,[0],[1.0])|     (4,[0],[1.0])|(3,[0],[1.0])|(11,[5],[1.0])|(60,[1,4,10,19,23...|[-0.1222097351416...|[3.31253457890315...|[0.96485632614011...|       0.0|
|       0|            0|      1|   5|        0|        0|   0|             0|     0|  0|                0|        0|              0|         0|           0|       0|                 0|         0|               0|                0|            0|             0|  105|        5|        1.0|            1.0|        0.0|            0.0|         0.05|         0.05|               0.0|           255|                 5|                  0.02|                  0.04|                        0.0|                        0.0|                 1.0|                     1.0|                 0.0|                     0.0|anomaly|         0.0|    (3,[0],[1.0])|   (3,[0],[1.0])|     (4,[0],[1.0])|(3,[0],[1.0])|(11,[5],[1.0])|(60,[1,4,10,19,23...|[-0.1222097351416...|[4.63838539111243...|[0.99041937268955...|       0.0|
+--------+-------------+-------+----+---------+---------+----+--------------+------+---+-----------------+---------+---------------+----------+------------+--------+------------------+----------+----------------+-----------------+-------------+--------------+-----+---------+-----------+---------------+-----------+---------------+-------------+-------------+------------------+--------------+------------------+----------------------+----------------------+---------------------------+---------------------------+--------------------+------------------------+--------------------+------------------------+-------+------------+-----------------+----------------+------------------+-------------+--------------+--------------------+--------------------+--------------------+--------------------+----------+
only showing top 20 rows

Training Error = 0.07980966148656787
Test Error = 0.07968620974401319
