Random Seed: 6
0:duration
1:protocol_type_vec
2:service
3:flag_vec
4:src_bytes
5:dst_bytes
6:land
7:wrong_fragment_vec
8:urgent_vec
9:hot
10:num_failed_logins
11:logged_in
12:num_compromised
13:root_shell
14:su_attempted_vec
15:num_root
16:num_file_creations
17:num_shells
18:num_access_files
19:num_outbound_cmds
20:is_host_login
21:is_guest_login
22:count
23:srv_count
24:serror_rate
25:srv_serror_rate
26:rerror_rate
27:srv_rerror_rate
28:same_srv_rate
29:diff_srv_rate
30:srv_diff_host_rate
31:dst_host_count
32:dst_host_srv_count
33:dst_host_same_srv_rate
34:dst_host_diff_srv_rate
35:dst_host_same_src_port_rate
36:dst_host_srv_diff_host_rate
37:dst_host_serror_rate
38:dst_host_srv_serror_rate
39:dst_host_rerror_rate
40:dst_host_srv_rerror_rate
LR Reg:0.0
LR ElasticNet:0.0
    logistic regression model coefficients:
Coefficients: [0.20512067969357758,0.996807030283455,1.7094526620419392,-1.1025390295991941,-0.2602066358396944,2.467681020163429,0.6155458465849976,0.14866855607500978,0.3360573334091568,1.2106314484244478,0.4079916260595253,0.10936774868562946,0.3405549979274271,1.2702364579786904,-2.0817969607568796,0.0070208190686965955,0.011961941211279215,0.2541798882647104,0.15063169901085924,0.0,2.4196034662550168,-0.10381794733443983,-0.07745814603334693,0.07652214087171788,-0.09839120874831027,1.2462757650085272,-13.036832577880132,-0.10142263651079354,-0.4404488947342427,-0.14730593159102245,14.564971257332928,0.05107462054830648,-0.12790906330085516,0.06593516646865043,0.0,-0.32233000196037576,-0.6650664882460247,-1.2543523555990335,0.9836176786180367,-0.23886293799086386,-1.243821825962932,-0.9690781128750979,-0.51740621120677,0.4619995887491346,7.928700880777759E-4,0.014997708790781996,-1.3596385993844056,1.6844786347198228,-2.188162339492559,-0.10258242550003756,-0.18926634621052313,-0.27999121010807987,0.1275028142950165,-0.5898054031019221,-0.6130849489707717,-0.269348551577586] Intercept: -1.0156211891405658
+--------+-------------+-------+----+---------+---------+----+--------------+------+---+-----------------+---------+---------------+----------+------------+--------+------------------+----------+----------------+-----------------+-------------+--------------+-----+---------+-----------+---------------+-----------+---------------+-------------+-------------+------------------+--------------+------------------+----------------------+----------------------+---------------------------+---------------------------+--------------------+------------------------+--------------------+------------------------+-------+------------+-----------------+----------------+------------------+-------------+--------------+--------------------+--------------------+--------------------+--------------------+----------+
|duration|protocol_type|service|flag|src_bytes|dst_bytes|land|wrong_fragment|urgent|hot|num_failed_logins|logged_in|num_compromised|root_shell|su_attempted|num_root|num_file_creations|num_shells|num_access_files|num_outbound_cmds|is_host_login|is_guest_login|count|srv_count|serror_rate|srv_serror_rate|rerror_rate|srv_rerror_rate|same_srv_rate|diff_srv_rate|srv_diff_host_rate|dst_host_count|dst_host_srv_count|dst_host_same_srv_rate|dst_host_diff_srv_rate|dst_host_same_src_port_rate|dst_host_srv_diff_host_rate|dst_host_serror_rate|dst_host_srv_serror_rate|dst_host_rerror_rate|dst_host_srv_rerror_rate|  label|indexedLabel|protocol_type_vec|su_attempted_vec|wrong_fragment_vec|   urgent_vec|      flag_vec|            features|      scaledFeatures|       rawPrediction|         probability|prediction|
+--------+-------------+-------+----+---------+---------+----+--------------+------+---+-----------------+---------+---------------+----------+------------+--------+------------------+----------+----------------+-----------------+-------------+--------------+-----+---------+-----------+---------------+-----------+---------------+-------------+-------------+------------------+--------------+------------------+----------------------+----------------------+---------------------------+---------------------------+--------------------+------------------------+--------------------+------------------------+-------+------------+-----------------+----------------+------------------+-------------+--------------+--------------------+--------------------+--------------------+--------------------+----------+
|       0|            0|      1|   1|        0|        0|   0|             0|     0|  0|                0|        0|              0|         0|           0|       0|                 0|         0|               0|                0|            0|             0|    1|        1|        0.0|            0.0|        1.0|            1.0|          1.0|          0.0|               0.0|           168|                 8|                  0.05|                  0.04|                       0.01|                        0.0|                0.01|                     0.0|                0.08|                     1.0| normal|         1.0|    (2,[0],[1.0])|   (2,[0],[1.0])|     (3,[0],[1.0])|(3,[0],[1.0])|(10,[1],[1.0])|(56,[1,3,5,17,20,...|[-0.1203320558413...|[-3.1329040469501...|[0.04177021642529...|       1.0|
|       0|            0|      1|   1|        0|        0|   0|             0|     0|  0|                0|        0|              0|         0|           0|       0|                 0|         0|               0|                0|            0|             0|    1|        1|        0.0|            0.0|        1.0|            1.0|          1.0|          0.0|               0.0|           255|                 5|                  0.02|                  0.06|                        0.0|                        0.0|                0.53|                     0.0|                0.05|                     1.0| normal|         1.0|    (2,[0],[1.0])|   (2,[0],[1.0])|     (3,[0],[1.0])|(3,[0],[1.0])|(10,[1],[1.0])|(56,[1,3,5,17,20,...|[-0.1203320558413...|[-2.2305278341529...|[0.09704237959794...|       1.0|
|       0|            0|      1|   1|        0|        0|   0|             0|     0|  0|                0|        0|              0|         0|           0|       0|                 0|         0|               0|                0|            0|             0|  134|       14|        0.0|            0.0|        1.0|            1.0|          0.1|         0.07|               0.0|           255|                14|                  0.05|                  0.07|                        0.0|                        0.0|                 0.0|                     0.0|                 1.0|                     1.0|anomaly|         0.0|    (2,[0],[1.0])|   (2,[0],[1.0])|     (3,[0],[1.0])|(3,[0],[1.0])|(10,[1],[1.0])|(56,[1,3,5,17,20,...|[-0.1203320558413...|[1.78894029482318...|[0.85679730442348...|       0.0|
|       0|            0|      1|   1|        0|        0|   0|             0|     0|  0|                0|        0|              0|         0|           0|       0|                 0|         0|               0|                0|            0|             0|  140|       20|        0.0|            0.0|        1.0|            1.0|         0.14|         0.06|               0.0|           255|                20|                  0.08|                  0.07|                        0.0|                        0.0|                 0.0|                     0.0|                 1.0|                     1.0|anomaly|         0.0|    (2,[0],[1.0])|   (2,[0],[1.0])|     (3,[0],[1.0])|(3,[0],[1.0])|(10,[1],[1.0])|(56,[1,3,5,17,20,...|[-0.1203320558413...|[1.79256802328508...|[0.85724183517487...|       0.0|
|       0|            0|      1|   1|        0|        0|   0|             0|     0|  0|                0|        0|              0|         0|           0|       0|                 0|         0|               0|                0|            0|             0|  147|       18|        0.0|            0.0|        1.0|            1.0|         0.12|         0.05|               0.0|           255|                18|                  0.07|                  0.06|                        0.0|                        0.0|                 0.0|                     0.0|                 1.0|                     1.0|anomaly|         0.0|    (2,[0],[1.0])|   (2,[0],[1.0])|     (3,[0],[1.0])|(3,[0],[1.0])|(10,[1],[1.0])|(56,[1,3,5,17,20,...|[-0.1203320558413...|[1.88596587451028...|[0.86829487751475...|       0.0|
|       0|            0|      1|   1|        0|        0|   0|             0|     0|  0|                0|        0|              0|         0|           0|       0|                 0|         0|               0|                0|            0|             0|  202|       10|        0.0|            0.0|        1.0|            1.0|         0.05|         0.06|               0.0|           255|                10|                  0.04|                  0.06|                        0.0|                        0.0|                 0.0|                     0.0|                 1.0|                     1.0|anomaly|         0.0|    (2,[0],[1.0])|   (2,[0],[1.0])|     (3,[0],[1.0])|(3,[0],[1.0])|(10,[1],[1.0])|(56,[1,3,5,17,20,...|[-0.1203320558413...|[2.59515253805817...|[0.93054895291537...|       0.0|
|       0|            0|      1|   1|        0|        0|   0|             0|     0|  0|                0|        0|              0|         0|           0|       0|                 0|         0|               0|                0|            0|             0|  217|        3|        0.0|            0.0|        1.0|            1.0|         0.01|         0.07|               0.0|           255|                 3|                  0.01|                  0.08|                        0.0|                        0.0|                 0.0|                     0.0|                 1.0|                     1.0|anomaly|         0.0|    (2,[0],[1.0])|   (2,[0],[1.0])|     (3,[0],[1.0])|(3,[0],[1.0])|(10,[1],[1.0])|(56,[1,3,5,17,20,...|[-0.1203320558413...|[2.84431031676766...|[0.94502382954676...|       0.0|
|       0|            0|      1|   1|        0|        0|   0|             0|     0|  0|                0|        0|              0|         0|           0|       0|                 0|         0|               0|                0|            0|             0|  222|       20|        0.0|            0.0|        1.0|            1.0|         0.09|         0.06|               0.0|           255|                20|                  0.08|                  0.07|                        0.0|                        0.0|                 0.0|                     0.0|                 1.0|                     1.0|anomaly|         0.0|    (2,[0],[1.0])|   (2,[0],[1.0])|     (3,[0],[1.0])|(3,[0],[1.0])|(10,[1],[1.0])|(56,[1,3,5,17,20,...|[-0.1203320558413...|[2.68835599144951...|[0.93633605118865...|       0.0|
|       0|            0|      1|   1|        0|        0|   0|             0|     0|  0|                0|        0|              0|         0|           0|       0|                 0|         0|               0|                0|            0|             0|  232|        9|       0.01|            0.0|       0.99|            1.0|         0.04|         0.08|               0.0|           255|                 9|                  0.04|                  0.08|                        0.0|                        0.0|                0.06|                     0.0|                0.94|                     1.0|anomaly|         0.0|    (2,[0],[1.0])|   (2,[0],[1.0])|     (3,[0],[1.0])|(3,[0],[1.0])|(10,[1],[1.0])|(56,[1,3,5,17,20,...|[-0.1203320558413...|[2.80703148960560...|[0.94305461194096...|       0.0|
|       0|            0|      1|   1|        0|        0|   0|             0|     0|  0|                0|        0|              0|         0|           0|       0|                 0|         0|               0|                0|            0|             0|  245|        8|        0.0|            0.0|        1.0|            1.0|         0.03|         0.07|               0.0|           255|                 8|                  0.03|                  0.07|                        0.0|                        0.0|                 0.0|                     0.0|                 1.0|                     1.0|anomaly|         0.0|    (2,[0],[1.0])|   (2,[0],[1.0])|     (3,[0],[1.0])|(3,[0],[1.0])|(10,[1],[1.0])|(56,[1,3,5,17,20,...|[-0.1203320558413...|[3.06821879662588...|[0.95556259901758...|       0.0|
|       0|            0|      1|   1|        0|        0|   0|             0|     0|  0|                0|        0|              0|         0|           0|       0|                 0|         0|               0|                0|            0|             0|  250|       16|        0.0|            0.0|        1.0|            1.0|         0.06|         0.06|               0.0|           255|                16|                  0.06|                  0.07|                        0.0|                        0.0|                 0.0|                     0.0|                 1.0|                     1.0|anomaly|         0.0|    (2,[0],[1.0])|   (2,[0],[1.0])|     (3,[0],[1.0])|(3,[0],[1.0])|(10,[1],[1.0])|(56,[1,3,5,17,20,...|[-0.1203320558413...|[3.01815527608365...|[0.95338761509333...|       0.0|
|       0|            0|      1|   1|        0|        0|   0|             0|     0|  0|                0|        0|              0|         0|           0|       0|                 0|         0|               0|                0|            0|             0|  251|        2|        0.0|            0.0|        1.0|            1.0|         0.01|         0.07|               0.0|           255|                 2|                  0.01|                  0.07|                        0.0|                        0.0|                 0.0|                     0.0|                 1.0|                     1.0|anomaly|         0.0|    (2,[0],[1.0])|   (2,[0],[1.0])|     (3,[0],[1.0])|(3,[0],[1.0])|(10,[1],[1.0])|(56,[1,3,5,17,20,...|[-0.1203320558413...|[3.21551891506853...|[0.96141412293961...|       0.0|
|       0|            0|      1|   1|        0|        0|   0|             0|     0|  0|                0|        0|              0|         0|           0|       0|                 0|         0|               0|                0|            0|             0|  259|       15|        0.0|            0.0|        1.0|            1.0|         0.06|         0.07|               0.0|           255|                15|                  0.06|                  0.07|                        0.0|                        0.0|                 0.0|                     0.0|                 1.0|                     1.0|anomaly|         0.0|    (2,[0],[1.0])|   (2,[0],[1.0])|     (3,[0],[1.0])|(3,[0],[1.0])|(10,[1],[1.0])|(56,[1,3,5,17,20,...|[-0.1203320558413...|[3.13762469312482...|[0.95841832145097...|       0.0|
|       0|            0|      1|   1|        0|        0|   0|             0|     0|  0|                0|        0|              0|         0|           0|       0|                 0|         0|               0|                0|            0|             0|  269|       20|        0.0|            0.0|        1.0|            1.0|         0.07|         0.06|               0.0|           255|                20|                  0.08|                  0.07|                        0.0|                        0.0|                 0.0|                     0.0|                 1.0|                     1.0|anomaly|         0.0|    (2,[0],[1.0])|   (2,[0],[1.0])|     (3,[0],[1.0])|(3,[0],[1.0])|(10,[1],[1.0])|(56,[1,3,5,17,20,...|[-0.1203320558413...|[3.19249308722736...|[0.96055079945242...|       0.0|
|       0|            0|      1|   1|        0|        0|   0|             0|     0|  0|                0|        0|              0|         0|           0|       0|                 0|         0|               0|                0|            0|             0|  276|       14|        0.0|            0.0|        1.0|            1.0|         0.05|         0.06|               0.0|           255|                14|                  0.05|                  0.07|                        0.0|                        0.0|                 0.0|                     0.0|                 1.0|                     1.0|anomaly|         0.0|    (2,[0],[1.0])|   (2,[0],[1.0])|     (3,[0],[1.0])|(3,[0],[1.0])|(10,[1],[1.0])|(56,[1,3,5,17,20,...|[-0.1203320558413...|[3.30091292101696...|[0.96446011601080...|       0.0|
|       0|            0|      1|   1|        0|        0|   0|             0|     0|  0|                0|        0|              0|         0|           0|       0|                 0|         0|               0|                0|            0|             0|  279|       10|        0.0|            0.0|        1.0|            1.0|         0.04|         0.06|               0.0|           255|                10|                  0.04|                  0.07|                        0.0|                        0.0|                 0.0|                     0.0|                 1.0|                     1.0|anomaly|         0.0|    (2,[0],[1.0])|   (2,[0],[1.0])|     (3,[0],[1.0])|(3,[0],[1.0])|(10,[1],[1.0])|(56,[1,3,5,17,20,...|[-0.1203320558413...|[3.40164580972192...|[0.96775593134281...|       0.0|
|       0|            0|      1|   1|        0|        0|   0|             0|     0|  0|                0|        0|              0|         0|           0|       0|                 0|         0|               0|                0|            0|             0|  288|       16|        0.0|            0.0|        1.0|            1.0|         0.06|         0.06|               0.0|           255|                16|                  0.06|                  0.07|                        0.0|                        0.0|                 0.0|                     0.0|                 1.0|                     1.0|anomaly|         0.0|    (2,[0],[1.0])|   (2,[0],[1.0])|     (3,[0],[1.0])|(3,[0],[1.0])|(10,[1],[1.0])|(56,[1,3,5,17,20,...|[-0.1203320558413...|[3.40838291858078...|[0.96796549750307...|       0.0|
|       0|            0|      1|   5|        0|        0|   0|             0|     0|  0|                0|        0|              0|         0|           0|       0|                 0|         0|               0|                0|            0|             0|  110|       10|        1.0|            1.0|        0.0|            0.0|         0.09|         0.06|               0.0|           255|                10|                  0.04|                  0.07|                        0.0|                        0.0|                 1.0|                     1.0|                 0.0|                     0.0|anomaly|         0.0|    (2,[0],[1.0])|   (2,[0],[1.0])|     (3,[0],[1.0])|(3,[0],[1.0])|(10,[5],[1.0])|(56,[1,3,9,17,20,...|[-0.1203320558413...|[4.39825956509147...|[0.98785069456420...|       0.0|
|       0|            0|      1|   5|        0|        0|   0|             0|     0|  0|                0|        0|              0|         0|           0|       0|                 0|         0|               0|                0|            0|             0|  203|        3|        1.0|            1.0|        0.0|            0.0|         0.01|         0.06|               0.0|           255|                 3|                  0.01|                  0.07|                        0.0|                        0.0|                 1.0|                     1.0|                 0.0|                     0.0|anomaly|         0.0|    (2,[0],[1.0])|   (2,[0],[1.0])|     (3,[0],[1.0])|(3,[0],[1.0])|(10,[5],[1.0])|(56,[1,3,9,17,20,...|[-0.1203320558413...|[5.48137034892612...|[0.99585364367848...|       0.0|
|       0|            0|      1|   5|        0|        0|   0|             0|     0|  0|                0|        0|              0|         0|           0|       0|                 0|         0|               0|                0|            0|             0|  205|        3|        1.0|            1.0|        0.0|            0.0|         0.01|         0.06|               0.0|           255|                 3|                  0.01|                  0.06|                        0.0|                        0.0|                 1.0|                     1.0|                 0.0|                     0.0|anomaly|         0.0|    (2,[0],[1.0])|   (2,[0],[1.0])|     (3,[0],[1.0])|(3,[0],[1.0])|(10,[5],[1.0])|(56,[1,3,9,17,20,...|[-0.1203320558413...|[5.49688336616683...|[0.99591720923870...|       0.0|
+--------+-------------+-------+----+---------+---------+----+--------------+------+---+-----------------+---------+---------------+----------+------------+--------+------------------+----------+----------------+-----------------+-------------+--------------+-----+---------+-----------+---------------+-----------+---------------+-------------+-------------+------------------+--------------+------------------+----------------------+----------------------+---------------------------+---------------------------+--------------------+------------------------+--------------------+------------------------+-------+------------+-----------------+----------------+------------------+-------------+--------------+--------------------+--------------------+--------------------+--------------------+----------+
only showing top 20 rows

Training Error = 0.0793493592629273
Test Error = 0.08220603537981275
