Random Seed: 7
0:duration
1:protocol_type_vec
2:service
3:flag_vec
4:src_bytes
5:dst_bytes
6:land
7:wrong_fragment_vec
8:urgent_vec
9:hot
10:num_failed_logins
11:logged_in
12:num_compromised
13:root_shell
14:su_attempted_vec
15:num_root
16:num_file_creations
17:num_shells
18:num_access_files
19:num_outbound_cmds
20:is_host_login
21:is_guest_login
22:count
23:srv_count
24:serror_rate
25:srv_serror_rate
26:rerror_rate
27:srv_rerror_rate
28:same_srv_rate
29:diff_srv_rate
30:srv_diff_host_rate
31:dst_host_count
32:dst_host_srv_count
33:dst_host_same_srv_rate
34:dst_host_diff_srv_rate
35:dst_host_same_src_port_rate
36:dst_host_srv_diff_host_rate
37:dst_host_serror_rate
38:dst_host_srv_serror_rate
39:dst_host_rerror_rate
40:dst_host_srv_rerror_rate
LR Reg:0.0
LR ElasticNet:0.0
    logistic regression model coefficients:
Coefficients: [0.18107873255633208,0.9028916379276422,1.6131487047623896,-1.0513237067408128,0.03932649620786334,2.448162198410607,0.6023278637305497,0.166698104263442,0.4503820003116028,1.287242112945292,0.39594512654220165,0.1367788931484115,0.35219269990554286,1.7593961198727643,-0.28084737891150385,-0.003576964834323535,-0.3047698456164698,0.2640687445849334,0.10076454266840214,0.0,2.117425068363047,-0.0728128763149144,-0.06360778157385368,0.05889140977060504,-0.17541803191088115,1.2416086785073168,-12.1978645755304,-0.0734445370761207,-0.5460492673905762,-0.17708947367559522,13.50683436670029,0.06267289189485369,-0.13284631748060804,8.325571806986992E-4,0.0,-0.22860766022633194,-0.6419532499935092,-1.1237786213025727,0.8620501623217384,0.0035279961637902147,-1.0573842469672892,-0.7571963164331653,-0.5986845006170305,0.5152173567571385,0.03754143074544811,0.011712522558127053,-1.409243458864938,1.73957855531968,-2.2519133951149155,-0.15776197307147588,-0.1623151767752933,-0.3431778877284457,0.041805922755644945,-0.6465405000397146,-0.5809899181013187,-0.05414015415368052] Intercept: -0.9920081834877912
+--------+-------------+-------+----+---------+---------+----+--------------+------+---+-----------------+---------+---------------+----------+------------+--------+------------------+----------+----------------+-----------------+-------------+--------------+-----+---------+-----------+---------------+-----------+---------------+-------------+-------------+------------------+--------------+------------------+----------------------+----------------------+---------------------------+---------------------------+--------------------+------------------------+--------------------+------------------------+-------+------------+-----------------+----------------+------------------+-------------+--------------+--------------------+--------------------+--------------------+--------------------+----------+
|duration|protocol_type|service|flag|src_bytes|dst_bytes|land|wrong_fragment|urgent|hot|num_failed_logins|logged_in|num_compromised|root_shell|su_attempted|num_root|num_file_creations|num_shells|num_access_files|num_outbound_cmds|is_host_login|is_guest_login|count|srv_count|serror_rate|srv_serror_rate|rerror_rate|srv_rerror_rate|same_srv_rate|diff_srv_rate|srv_diff_host_rate|dst_host_count|dst_host_srv_count|dst_host_same_srv_rate|dst_host_diff_srv_rate|dst_host_same_src_port_rate|dst_host_srv_diff_host_rate|dst_host_serror_rate|dst_host_srv_serror_rate|dst_host_rerror_rate|dst_host_srv_rerror_rate|  label|indexedLabel|protocol_type_vec|su_attempted_vec|wrong_fragment_vec|   urgent_vec|      flag_vec|            features|      scaledFeatures|       rawPrediction|         probability|prediction|
+--------+-------------+-------+----+---------+---------+----+--------------+------+---+-----------------+---------+---------------+----------+------------+--------+------------------+----------+----------------+-----------------+-------------+--------------+-----+---------+-----------+---------------+-----------+---------------+-------------+-------------+------------------+--------------+------------------+----------------------+----------------------+---------------------------+---------------------------+--------------------+------------------------+--------------------+------------------------+-------+------------+-----------------+----------------+------------------+-------------+--------------+--------------------+--------------------+--------------------+--------------------+----------+
|       0|            0|      1|   1|        0|        0|   0|             0|     0|  0|                0|        0|              0|         0|           0|       0|                 0|         0|               0|                0|            0|             0|    1|        1|        0.0|            0.0|        1.0|            1.0|          1.0|          0.0|               0.0|           155|                 7|                  0.05|                  0.04|                       0.01|                        0.0|                0.01|                     0.0|                0.07|                     1.0| normal|         1.0|    (2,[0],[1.0])|   (2,[0],[1.0])|     (3,[0],[1.0])|(3,[0],[1.0])|(10,[1],[1.0])|(56,[1,3,5,17,20,...|[-0.1232952219481...|[-3.1683602119416...|[0.04037389925988...|       1.0|
|       0|            0|      1|   1|        0|        0|   0|             0|     0|  0|                0|        0|              0|         0|           0|       0|                 0|         0|               0|                0|            0|             0|  147|       18|        0.0|            0.0|        1.0|            1.0|         0.12|         0.05|               0.0|           255|                18|                  0.07|                  0.06|                        0.0|                        0.0|                 0.0|                     0.0|                 1.0|                     1.0|anomaly|         0.0|    (2,[0],[1.0])|   (2,[0],[1.0])|     (3,[0],[1.0])|(3,[0],[1.0])|(10,[1],[1.0])|(56,[1,3,5,17,20,...|[-0.1232952219481...|[1.97429392799440...|[0.87807157600872...|       0.0|
|       0|            0|      1|   1|        0|        0|   0|             0|     0|  0|                0|        0|              0|         0|           0|       0|                 0|         0|               0|                0|            0|             0|  158|       14|        0.0|            0.0|        1.0|            1.0|         0.09|         0.06|               0.0|           255|                14|                  0.05|                  0.07|                        0.0|                        0.0|                 0.0|                     0.0|                 1.0|                     1.0|anomaly|         0.0|    (2,[0],[1.0])|   (2,[0],[1.0])|     (3,[0],[1.0])|(3,[0],[1.0])|(10,[1],[1.0])|(56,[1,3,5,17,20,...|[-0.1232952219481...|[2.12175147733672...|[0.89299940098186...|       0.0|
|       0|            0|      1|   1|        0|        0|   0|             0|     0|  0|                0|        0|              0|         0|           0|       0|                 0|         0|               0|                0|            0|             0|  215|        8|        0.0|            0.0|        1.0|            1.0|         0.04|         0.07|               0.0|           255|                 8|                  0.03|                  0.07|                        0.0|                        0.0|                 0.0|                     0.0|                 1.0|                     1.0|anomaly|         0.0|    (2,[0],[1.0])|   (2,[0],[1.0])|     (3,[0],[1.0])|(3,[0],[1.0])|(10,[1],[1.0])|(56,[1,3,5,17,20,...|[-0.1232952219481...|[2.76237229680379...|[0.94060829939345...|       0.0|
|       0|            0|      1|   1|        0|        0|   0|             0|     0|  0|                0|        0|              0|         0|           0|       0|                 0|         0|               0|                0|            0|             0|  216|        8|        0.0|            0.0|        1.0|            1.0|         0.04|         0.06|               0.0|           255|                 8|                  0.03|                  0.08|                        0.0|                        0.0|                 0.0|                     0.0|                 1.0|                     1.0|anomaly|         0.0|    (2,[0],[1.0])|   (2,[0],[1.0])|     (3,[0],[1.0])|(3,[0],[1.0])|(10,[1],[1.0])|(56,[1,3,5,17,20,...|[-0.1232952219481...|[2.78094044122764...|[0.94163714940755...|       0.0|
|       0|            0|      1|   1|        0|        0|   0|             0|     0|  0|                0|        0|              0|         0|           0|       0|                 0|         0|               0|                0|            0|             0|  217|       18|        0.0|            0.0|        1.0|            1.0|         0.08|         0.06|               0.0|           255|                18|                  0.07|                  0.07|                        0.0|                        0.0|                 0.0|                     0.0|                 1.0|                     1.0|anomaly|         0.0|    (2,[0],[1.0])|   (2,[0],[1.0])|     (3,[0],[1.0])|(3,[0],[1.0])|(10,[1],[1.0])|(56,[1,3,5,17,20,...|[-0.1232952219481...|[2.67379023099552...|[0.93546223567738...|       0.0|
|       0|            0|      1|   1|        0|        0|   0|             0|     0|  0|                0|        0|              0|         0|           0|       0|                 0|         0|               0|                0|            0|             0|  223|        3|        0.0|            0.0|        1.0|            1.0|         0.01|         0.06|               0.0|           255|                 3|                  0.01|                  0.07|                        0.0|                        0.0|                 0.0|                     0.0|                 1.0|                     1.0|anomaly|         0.0|    (2,[0],[1.0])|   (2,[0],[1.0])|     (3,[0],[1.0])|(3,[0],[1.0])|(10,[1],[1.0])|(56,[1,3,5,17,20,...|[-0.1232952219481...|[2.90419013111778...|[0.94805318179051...|       0.0|
|       0|            0|      1|   1|        0|        0|   0|             0|     0|  0|                0|        0|              0|         0|           0|       0|                 0|         0|               0|                0|            0|             0|  225|        1|        0.0|            0.0|        1.0|            1.0|          0.0|         0.07|               0.0|           255|                 1|                   0.0|                  0.08|                        0.0|                        0.0|                 0.0|                     0.0|                 1.0|                     1.0|anomaly|         0.0|    (2,[0],[1.0])|   (2,[0],[1.0])|     (3,[0],[1.0])|(3,[0],[1.0])|(10,[1],[1.0])|(56,[1,3,5,17,20,...|[-0.1232952219481...|[2.94262847421172...|[0.94991393091533...|       0.0|
|       0|            0|      1|   1|        0|        0|   0|             0|     0|  0|                0|        0|              0|         0|           0|       0|                 0|         0|               0|                0|            0|             0|  227|       14|        0.0|            0.0|        1.0|            1.0|         0.06|         0.06|               0.0|           255|                14|                  0.05|                  0.07|                        0.0|                        0.0|                 0.0|                     0.0|                 1.0|                     1.0|anomaly|         0.0|    (2,[0],[1.0])|   (2,[0],[1.0])|     (3,[0],[1.0])|(3,[0],[1.0])|(10,[1],[1.0])|(56,[1,3,5,17,20,...|[-0.1232952219481...|[2.79406239686726...|[0.94235412259583...|       0.0|
|       0|            0|      1|   1|        0|        0|   0|             0|     0|  0|                0|        0|              0|         0|           0|       0|                 0|         0|               0|                0|            0|             0|  231|        5|        0.0|            0.0|        1.0|            1.0|         0.02|         0.07|               0.0|           255|                 5|                  0.02|                  0.08|                        0.0|                        0.0|                 0.0|                     0.0|                 1.0|                     1.0|anomaly|         0.0|    (2,[0],[1.0])|   (2,[0],[1.0])|     (3,[0],[1.0])|(3,[0],[1.0])|(10,[1],[1.0])|(56,[1,3,5,17,20,...|[-0.1232952219481...|[2.96991042752398...|[0.95119611903019...|       0.0|
|       0|            0|      1|   1|        0|        0|   0|             0|     0|  0|                0|        0|              0|         0|           0|       0|                 0|         0|               0|                0|            0|             0|  231|        7|        0.0|            0.0|        1.0|            1.0|         0.03|         0.06|               0.0|           255|                 7|                  0.03|                  0.07|                        0.0|                        0.0|                 0.0|                     0.0|                 1.0|                     1.0|anomaly|         0.0|    (2,[0],[1.0])|   (2,[0],[1.0])|     (3,[0],[1.0])|(3,[0],[1.0])|(10,[1],[1.0])|(56,[1,3,5,17,20,...|[-0.1232952219481...|[2.94991634932804...|[0.95025953472830...|       0.0|
|       0|            0|      1|   1|        0|        0|   0|             0|     0|  0|                0|        0|              0|         0|           0|       0|                 0|         0|               0|                0|            0|             0|  236|       13|        0.0|            0.0|        1.0|            1.0|         0.06|         0.07|               0.0|           255|                13|                  0.05|                  0.07|                        0.0|                        0.0|                 0.0|                     0.0|                 1.0|                     1.0|anomaly|         0.0|    (2,[0],[1.0])|   (2,[0],[1.0])|     (3,[0],[1.0])|(3,[0],[1.0])|(10,[1],[1.0])|(56,[1,3,5,17,20,...|[-0.1232952219481...|[2.90167957426221...|[0.94792940184665...|       0.0|
|       0|            0|      1|   1|        0|        0|   0|             0|     0|  0|                0|        0|              0|         0|           0|       0|                 0|         0|               0|                0|            0|             0|  241|       13|        0.0|            0.0|        1.0|            1.0|         0.05|         0.07|               0.0|           255|                13|                  0.05|                  0.07|                        0.0|                        0.0|                 0.0|                     0.0|                 1.0|                     1.0|anomaly|         0.0|    (2,[0],[1.0])|   (2,[0],[1.0])|     (3,[0],[1.0])|(3,[0],[1.0])|(10,[1],[1.0])|(56,[1,3,5,17,20,...|[-0.1232952219481...|[2.95978483002372...|[0.95072391462063...|       0.0|
|       0|            0|      1|   1|        0|        0|   0|             0|     0|  0|                0|        0|              0|         0|           0|       0|                 0|         0|               0|                0|            0|             0|  250|       12|        0.0|            0.0|        1.0|            1.0|         0.05|         0.06|               0.0|           255|                12|                  0.05|                  0.07|                        0.0|                        0.0|                 0.0|                     0.0|                 1.0|                     1.0|anomaly|         0.0|    (2,[0],[1.0])|   (2,[0],[1.0])|     (3,[0],[1.0])|(3,[0],[1.0])|(10,[1],[1.0])|(56,[1,3,5,17,20,...|[-0.1232952219481...|[3.07077936188845...|[0.95567120083609...|       0.0|
|       0|            0|      1|   1|        0|        0|   0|             0|     0|  0|                0|        0|              0|         0|           0|       0|                 0|         0|               0|                0|            0|             0|  250|       16|        0.0|            0.0|        1.0|            1.0|         0.06|         0.06|               0.0|           255|                16|                  0.06|                  0.07|                        0.0|                        0.0|                 0.0|                     0.0|                 1.0|                     1.0|anomaly|         0.0|    (2,[0],[1.0])|   (2,[0],[1.0])|     (3,[0],[1.0])|(3,[0],[1.0])|(10,[1],[1.0])|(56,[1,3,5,17,20,...|[-0.1232952219481...|[3.00414061601990...|[0.95276083587592...|       0.0|
|       0|            0|      1|   1|        0|        0|   0|             0|     0|  0|                0|        0|              0|         0|           0|       0|                 0|         0|               0|                0|            0|             0|  251|       18|        0.0|            0.0|        1.0|            1.0|         0.07|         0.07|               0.0|           255|                18|                  0.07|                  0.07|                        0.0|                        0.0|                 0.0|                     0.0|                 1.0|                     1.0|anomaly|         0.0|    (2,[0],[1.0])|   (2,[0],[1.0])|     (3,[0],[1.0])|(3,[0],[1.0])|(10,[1],[1.0])|(56,[1,3,5,17,20,...|[-0.1232952219481...|[2.99764865054314...|[0.95246778759516...|       0.0|
|       0|            0|      1|   1|        0|        0|   0|             0|     0|  0|                0|        0|              0|         0|           0|       0|                 0|         0|               0|                0|            0|             0|  259|       15|        0.0|            0.0|        1.0|            1.0|         0.06|         0.07|               0.0|           255|                15|                  0.06|                  0.07|                        0.0|                        0.0|                 0.0|                     0.0|                 1.0|                     1.0|anomaly|         0.0|    (2,[0],[1.0])|   (2,[0],[1.0])|     (3,[0],[1.0])|(3,[0],[1.0])|(10,[1],[1.0])|(56,[1,3,5,17,20,...|[-0.1232952219481...|[3.11175779341485...|[0.95737514547205...|       0.0|
|       0|            0|      1|   1|        0|        0|   0|             0|     0|  0|                0|        0|              0|         0|           0|       0|                 0|         0|               0|                0|            0|             0|  277|       13|        0.0|            0.0|        1.0|            1.0|         0.05|         0.06|               0.0|           255|                13|                  0.05|                  0.07|                        0.0|                        0.0|                 0.0|                     0.0|                 1.0|                     1.0|anomaly|         0.0|    (2,[0],[1.0])|   (2,[0],[1.0])|     (3,[0],[1.0])|(3,[0],[1.0])|(10,[1],[1.0])|(56,[1,3,5,17,20,...|[-0.1232952219481...|[3.29347027542261...|[0.96420412219073...|       0.0|
|       0|            0|      1|   1|        0|        0|   0|             0|     0|  0|                0|        0|              0|         0|           0|       0|                 0|         0|               0|                0|            0|             0|  278|       14|        0.0|            0.0|        1.0|            1.0|         0.05|         0.06|               0.0|           255|                14|                  0.05|                  0.07|                        0.0|                        0.0|                 0.0|                     0.0|                 1.0|                     1.0|anomaly|         0.0|    (2,[0],[1.0])|   (2,[0],[1.0])|     (3,[0],[1.0])|(3,[0],[1.0])|(10,[1],[1.0])|(56,[1,3,5,17,20,...|[-0.1232952219481...|[3.27638574528277...|[0.96360975834243...|       0.0|
|       0|            0|      1|   5|        0|        0|   0|             0|     0|  0|                0|        0|              0|         0|           0|       0|                 0|         0|               0|                0|            0|             0|  109|        9|        1.0|            1.0|        0.0|            0.0|         0.08|         0.06|               0.0|           255|                 9|                  0.04|                  0.07|                        0.0|                        0.0|                 1.0|                     1.0|                 0.0|                     0.0|anomaly|         0.0|    (2,[0],[1.0])|   (2,[0],[1.0])|     (3,[0],[1.0])|(3,[0],[1.0])|(10,[5],[1.0])|(56,[1,3,9,17,20,...|[-0.1232952219481...|[4.61938831263011...|[0.99023742280182...|       0.0|
+--------+-------------+-------+----+---------+---------+----+--------------+------+---+-----------------+---------+---------------+----------+------------+--------+------------------+----------+----------------+-----------------+-------------+--------------+-----+---------+-----------+---------------+-----------+---------------+-------------+-------------+------------------+--------------+------------------+----------------------+----------------------+---------------------------+---------------------------+--------------------+------------------------+--------------------+------------------------+-------+------------+-----------------+----------------+------------------+-------------+--------------+--------------------+--------------------+--------------------+--------------------+----------+
only showing top 20 rows

Training Error = 0.07950266005140771
Test Error = 0.08292477938086562
