Random Seed: 1
0:duration
1:protocol_type_vec
2:service
3:flag_vec
4:src_bytes
5:dst_bytes
6:land
7:wrong_fragment_vec
8:urgent_vec
9:hot
10:num_failed_logins
11:logged_in
12:num_compromised
13:root_shell
14:su_attempted_vec
15:num_root
16:num_file_creations
17:num_shells
18:num_access_files
19:num_outbound_cmds
20:is_host_login
21:is_guest_login
22:count
23:srv_count
24:serror_rate
25:srv_serror_rate
26:rerror_rate
27:srv_rerror_rate
28:same_srv_rate
29:diff_srv_rate
30:srv_diff_host_rate
31:dst_host_count
32:dst_host_srv_count
33:dst_host_same_srv_rate
34:dst_host_diff_srv_rate
35:dst_host_same_src_port_rate
36:dst_host_srv_diff_host_rate
37:dst_host_serror_rate
38:dst_host_srv_serror_rate
39:dst_host_rerror_rate
40:dst_host_srv_rerror_rate
LR Reg:0.0
LR ElasticNet:0.0
    logistic regression model coefficients:
Coefficients: [0.20072866359254055,-0.1708673240192035,0.6622865566379609,-0.6538401325369622,-1.03558680053595,-0.0457631552211497,1.1273284139532718,-4.464223653677399E-4,-0.1765515141129798,-0.18663478194304278,-0.3035027241622378,0.211374596769795,0.010673876874799365,0.07410782588015961,-0.3932672337762946,-1.0516905340078881,-0.2535156400895334,0.0077648173409524115,0.013907814088602546,0.09737317620246122,0.006506550546848889,0.0,-0.1171291415979756,0.3230316868744668,-0.056176359541550015,-0.07165804194746107,-0.6331759145824188,0.057568587847504404,-0.11667224929822705,1.2128953713964763,-12.55967854275544,-0.061809601769346245,-0.2247673369971438,0.04663819705149174,0.2540080686509651,13.290373632533678,0.032168138223599416,-0.12197482948091046,0.028576263323902812,0.0,-0.24289973967695153,-0.6419911660426189,-1.229101547626656,0.9594447381341509,-0.15557003798959665,-1.1043284537298934,-0.8995087017207346,-0.5379792974517911,0.3787910617729525,-0.008911256740684267,-0.007777735295944767,-1.3937940240228124,1.6705243960755496,-2.1145062543922117,-0.060125245299872065,-0.19292999441239664,-0.3083351313229635,0.0994469488252995,-0.6055165670006419,-0.6268990702645317,-0.09916170007457559] Intercept: -0.9808199761813703
+--------+-------------+-------+----+---------+---------+----+--------------+------+---+-----------------+---------+---------------+----------+------------+--------+------------------+----------+----------------+-----------------+-------------+--------------+-----+---------+-----------+---------------+-----------+---------------+-------------+-------------+------------------+--------------+------------------+----------------------+----------------------+---------------------------+---------------------------+--------------------+------------------------+--------------------+------------------------+-------+------------+-----------------+----------------+------------------+-------------+--------------+--------------------+--------------------+--------------------+--------------------+----------+
|duration|protocol_type|service|flag|src_bytes|dst_bytes|land|wrong_fragment|urgent|hot|num_failed_logins|logged_in|num_compromised|root_shell|su_attempted|num_root|num_file_creations|num_shells|num_access_files|num_outbound_cmds|is_host_login|is_guest_login|count|srv_count|serror_rate|srv_serror_rate|rerror_rate|srv_rerror_rate|same_srv_rate|diff_srv_rate|srv_diff_host_rate|dst_host_count|dst_host_srv_count|dst_host_same_srv_rate|dst_host_diff_srv_rate|dst_host_same_src_port_rate|dst_host_srv_diff_host_rate|dst_host_serror_rate|dst_host_srv_serror_rate|dst_host_rerror_rate|dst_host_srv_rerror_rate|  label|indexedLabel|protocol_type_vec|su_attempted_vec|wrong_fragment_vec|   urgent_vec|      flag_vec|            features|      scaledFeatures|       rawPrediction|         probability|prediction|
+--------+-------------+-------+----+---------+---------+----+--------------+------+---+-----------------+---------+---------------+----------+------------+--------+------------------+----------+----------------+-----------------+-------------+--------------+-----+---------+-----------+---------------+-----------+---------------+-------------+-------------+------------------+--------------+------------------+----------------------+----------------------+---------------------------+---------------------------+--------------------+------------------------+--------------------+------------------------+-------+------------+-----------------+----------------+------------------+-------------+--------------+--------------------+--------------------+--------------------+--------------------+----------+
|       0|            0|      1|   1|        0|        0|   0|             0|     0|  0|                0|        0|              0|         0|           0|       0|                 0|         0|               0|                0|            0|             0|    1|        1|        0.0|            0.0|        1.0|            1.0|          1.0|          0.0|               0.0|           255|                 5|                  0.02|                  0.06|                        0.0|                        0.0|                0.53|                     0.0|                0.05|                     1.0| normal|         1.0|    (3,[0],[1.0])|   (3,[0],[1.0])|     (4,[0],[1.0])|(4,[0],[1.0])|(11,[1],[1.0])|(61,[1,4,6,19,23,...|[-0.1214751483158...|[-1.9990350855800...|[0.11930426907742...|       1.0|
|       0|            0|      1|   1|        0|        0|   0|             0|     0|  0|                0|        0|              0|         0|           0|       0|                 0|         0|               0|                0|            0|             0|  201|        1|        0.0|            0.0|        1.0|            1.0|          0.0|         0.06|               0.0|           255|                 1|                   0.0|                  0.07|                        0.0|                        0.0|                 0.0|                     0.0|                 1.0|                     1.0|anomaly|         0.0|    (3,[0],[1.0])|   (3,[0],[1.0])|     (4,[0],[1.0])|(4,[0],[1.0])|(11,[1],[1.0])|(61,[1,4,6,19,23,...|[-0.1214751483158...|[2.70217294004511...|[0.93715474246748...|       0.0|
|       0|            0|      1|   1|        0|        0|   0|             0|     0|  0|                0|        0|              0|         0|           0|       0|                 0|         0|               0|                0|            0|             0|  217|        3|        0.0|            0.0|        1.0|            1.0|         0.01|         0.07|               0.0|           255|                 3|                  0.01|                  0.08|                        0.0|                        0.0|                 0.0|                     0.0|                 1.0|                     1.0|anomaly|         0.0|    (3,[0],[1.0])|   (3,[0],[1.0])|     (4,[0],[1.0])|(4,[0],[1.0])|(11,[1],[1.0])|(61,[1,4,6,19,23,...|[-0.1214751483158...|[2.85239353824817...|[0.94544227602225...|       0.0|
|       0|            0|      1|   1|        0|        0|   0|             0|     0|  0|                0|        0|              0|         0|           0|       0|                 0|         0|               0|                0|            0|             0|  218|        1|        0.0|            0.0|        1.0|            1.0|          0.0|         0.07|               0.0|           255|                 1|                   0.0|                  0.07|                        0.0|                        0.0|                 0.0|                     0.0|                 1.0|                     1.0|anomaly|         0.0|    (3,[0],[1.0])|   (3,[0],[1.0])|     (4,[0],[1.0])|(4,[0],[1.0])|(11,[1],[1.0])|(61,[1,4,6,19,23,...|[-0.1214751483158...|[2.87468502780824...|[0.94658074567055...|       0.0|
|       0|            0|      1|   1|        0|        0|   0|             0|     0|  0|                0|        0|              0|         0|           0|       0|                 0|         0|               0|                0|            0|             0|  222|       20|        0.0|            0.0|        1.0|            1.0|         0.09|         0.06|               0.0|           255|                20|                  0.08|                  0.07|                        0.0|                        0.0|                 0.0|                     0.0|                 1.0|                     1.0|anomaly|         0.0|    (3,[0],[1.0])|   (3,[0],[1.0])|     (4,[0],[1.0])|(4,[0],[1.0])|(11,[1],[1.0])|(61,[1,4,6,19,23,...|[-0.1214751483158...|[2.70453527003352...|[0.93729373002173...|       0.0|
|       0|            0|      1|   1|        0|        0|   0|             0|     0|  0|                0|        0|              0|         0|           0|       0|                 0|         0|               0|                0|            0|             0|  228|        2|        0.0|            0.0|        1.0|            1.0|         0.01|         0.07|               0.0|           255|                 2|                  0.01|                  0.09|                        0.0|                        0.0|                 0.0|                     0.0|                 1.0|                     1.0|anomaly|         0.0|    (3,[0],[1.0])|   (3,[0],[1.0])|     (4,[0],[1.0])|(4,[0],[1.0])|(11,[1],[1.0])|(61,[1,4,6,19,23,...|[-0.1214751483158...|[2.99357703999537...|[0.95228311400919...|       0.0|
|       0|            0|      1|   1|        0|        0|   0|             0|     0|  0|                0|        0|              0|         0|           0|       0|                 0|         0|               0|                0|            0|             0|  231|        5|        0.0|            0.0|        1.0|            1.0|         0.02|         0.07|               0.0|           255|                 5|                  0.02|                  0.08|                        0.0|                        0.0|                 0.0|                     0.0|                 1.0|                     1.0|anomaly|         0.0|    (3,[0],[1.0])|   (3,[0],[1.0])|     (4,[0],[1.0])|(4,[0],[1.0])|(11,[1],[1.0])|(61,[1,4,6,19,23,...|[-0.1214751483158...|[2.97903935479739...|[0.95161816136306...|       0.0|
|       0|            0|      1|   1|        0|        0|   0|             0|     0|  0|                0|        0|              0|         0|           0|       0|                 0|         0|               0|                0|            0|             0|  235|       18|        0.0|            0.0|        1.0|            1.0|         0.08|         0.06|               0.0|           255|                18|                  0.07|                  0.07|                        0.0|                        0.0|                 0.0|                     0.0|                 1.0|                     1.0|anomaly|         0.0|    (3,[0],[1.0])|   (3,[0],[1.0])|     (4,[0],[1.0])|(4,[0],[1.0])|(11,[1],[1.0])|(61,[1,4,6,19,23,...|[-0.1214751483158...|[2.85124276898656...|[0.94538288755124...|       0.0|
|       0|            0|      1|   1|        0|        0|   0|             0|     0|  0|                0|        0|              0|         0|           0|       0|                 0|         0|               0|                0|            0|             0|  247|        9|        0.0|            0.0|        1.0|            1.0|         0.04|         0.07|               0.0|           255|                 9|                  0.04|                  0.07|                        0.0|                        0.0|                 0.0|                     0.0|                 1.0|                     1.0|anomaly|         0.0|    (3,[0],[1.0])|   (3,[0],[1.0])|     (4,[0],[1.0])|(4,[0],[1.0])|(11,[1],[1.0])|(61,[1,4,6,19,23,...|[-0.1214751483158...|[3.10791497850286...|[0.95721805205685...|       0.0|
|       0|            0|      1|   1|        0|        0|   0|             0|     0|  0|                0|        0|              0|         0|           0|       0|                 0|         0|               0|                0|            0|             0|  250|       12|        0.0|            0.0|        1.0|            1.0|         0.05|         0.06|               0.0|           255|                12|                  0.05|                  0.07|                        0.0|                        0.0|                 0.0|                     0.0|                 1.0|                     1.0|anomaly|         0.0|    (3,[0],[1.0])|   (3,[0],[1.0])|     (4,[0],[1.0])|(4,[0],[1.0])|(11,[1],[1.0])|(61,[1,4,6,19,23,...|[-0.1214751483158...|[3.09590219928700...|[0.95672339797331...|       0.0|
|       0|            0|      1|   1|        0|        0|   0|             0|     0|  0|                0|        0|              0|         0|           0|       0|                 0|         0|               0|                0|            0|             0|  250|       16|        0.0|            0.0|        1.0|            1.0|         0.06|         0.06|               0.0|           255|                16|                  0.06|                  0.07|                        0.0|                        0.0|                 0.0|                     0.0|                 1.0|                     1.0|anomaly|         0.0|    (3,[0],[1.0])|   (3,[0],[1.0])|     (4,[0],[1.0])|(4,[0],[1.0])|(11,[1],[1.0])|(61,[1,4,6,19,23,...|[-0.1214751483158...|[3.02702588120049...|[0.95378024021856...|       0.0|
|       0|            0|      1|   1|        0|        0|   0|             0|     0|  0|                0|        0|              0|         0|           0|       0|                 0|         0|               0|                0|            0|             0|  251|        2|        0.0|            0.0|        1.0|            1.0|         0.01|         0.07|               0.0|           255|                 2|                  0.01|                  0.07|                        0.0|                        0.0|                 0.0|                     0.0|                 1.0|                     1.0|anomaly|         0.0|    (3,[0],[1.0])|   (3,[0],[1.0])|     (4,[0],[1.0])|(4,[0],[1.0])|(11,[1],[1.0])|(61,[1,4,6,19,23,...|[-0.1214751483158...|[3.22058227412078...|[0.96160152018902...|       0.0|
|       0|            0|      1|   1|        0|        0|   0|             0|     0|  0|                0|        0|              0|         0|           0|       0|                 0|         0|               0|                0|            0|             0|  251|       18|        0.0|            0.0|        1.0|            1.0|         0.07|         0.07|               0.0|           255|                18|                  0.07|                  0.07|                        0.0|                        0.0|                 0.0|                     0.0|                 1.0|                     1.0|anomaly|         0.0|    (3,[0],[1.0])|   (3,[0],[1.0])|     (4,[0],[1.0])|(4,[0],[1.0])|(11,[1],[1.0])|(61,[1,4,6,19,23,...|[-0.1214751483158...|[3.02245787939921...|[0.95357844880418...|       0.0|
|       0|            0|      1|   1|        0|        0|   0|             0|     0|  0|                0|        0|              0|         0|           0|       0|                 0|         0|               0|                0|            0|             0|  257|        3|        0.0|            0.0|        1.0|            1.0|         0.01|         0.07|               0.0|           255|                 3|                  0.01|                  0.07|                        0.0|                        0.0|                 0.0|                     0.0|                 1.0|                     1.0|anomaly|         0.0|    (3,[0],[1.0])|   (3,[0],[1.0])|     (4,[0],[1.0])|(4,[0],[1.0])|(11,[1],[1.0])|(61,[1,4,6,19,23,...|[-0.1214751483158...|[3.25443576611881...|[0.96283217894647...|       0.0|
|       0|            0|      1|   1|        0|        0|   0|             0|     0|  0|                0|        0|              0|         0|           0|       0|                 0|         0|               0|                0|            0|             0|  269|       20|        0.0|            0.0|        1.0|            1.0|         0.07|         0.06|               0.0|           255|                20|                  0.08|                  0.07|                        0.0|                        0.0|                 0.0|                     0.0|                 1.0|                     1.0|anomaly|         0.0|    (3,[0],[1.0])|   (3,[0],[1.0])|     (4,[0],[1.0])|(4,[0],[1.0])|(11,[1],[1.0])|(61,[1,4,6,19,23,...|[-0.1214751483158...|[3.19802696198482...|[0.96075996074485...|       0.0|
|       0|            0|      1|   1|        0|        0|   0|             0|     0|  0|                0|        0|              0|         0|           0|       0|                 0|         0|               0|                0|            0|             0|  278|       14|        0.0|            0.0|        1.0|            1.0|         0.05|         0.06|               0.0|           255|                14|                  0.05|                  0.07|                        0.0|                        0.0|                 0.0|                     0.0|                 1.0|                     1.0|anomaly|         0.0|    (3,[0],[1.0])|   (3,[0],[1.0])|     (4,[0],[1.0])|(4,[0],[1.0])|(11,[1],[1.0])|(61,[1,4,6,19,23,...|[-0.1214751483158...|[3.32559633321034...|[0.96529655264717...|       0.0|
|       0|            0|      1|   1|        0|        0|   0|             0|     0|  0|                0|        0|              0|         0|           0|       0|                 0|         0|               0|                0|            0|             0|  283|       13|        0.0|            0.0|        1.0|            1.0|         0.05|         0.06|               0.0|           255|                13|                  0.05|                  0.07|                        0.0|                        0.0|                 0.0|                     0.0|                 1.0|                     1.0|anomaly|         0.0|    (3,[0],[1.0])|   (3,[0],[1.0])|     (4,[0],[1.0])|(4,[0],[1.0])|(11,[1],[1.0])|(61,[1,4,6,19,23,...|[-0.1214751483158...|[3.40310900678730...|[0.96780155827669...|       0.0|
|       0|            0|      1|   1|        0|        0|   0|             0|     0|  0|                0|        0|              0|         0|           0|       0|                 0|         0|               0|                0|            0|             0|  291|       17|        0.0|            0.0|        1.0|            1.0|         0.06|         0.06|               0.0|           255|                17|                  0.07|                  0.07|                        0.0|                        0.0|                 0.0|                     0.0|                 1.0|                     1.0|anomaly|         0.0|    (3,[0],[1.0])|   (3,[0],[1.0])|     (4,[0],[1.0])|(4,[0],[1.0])|(11,[1],[1.0])|(61,[1,4,6,19,23,...|[-0.1214751483158...|[3.46274392199664...|[0.96960892740685...|       0.0|
|       0|            0|      1|   5|        0|        0|   0|             0|     0|  0|                0|        0|              0|         0|           0|       0|                 0|         0|               0|                0|            0|             0|  189|        1|        1.0|            1.0|        0.0|            0.0|         0.01|         0.06|               0.0|           255|                 1|                   0.0|                  0.07|                        0.0|                        0.0|                 1.0|                     1.0|                 0.0|                     0.0|anomaly|         0.0|    (3,[0],[1.0])|   (3,[0],[1.0])|     (4,[0],[1.0])|(4,[0],[1.0])|(11,[5],[1.0])|(61,[1,4,10,19,23...|[-0.1214751483158...|[5.33881059425797...|[0.99522136664229...|       0.0|
|       0|            0|      1|   5|        0|        0|   0|             0|     0|  0|                0|        0|              0|         0|           0|       0|                 0|         0|               0|                0|            0|             0|  204|        1|        1.0|            1.0|        0.0|            0.0|          0.0|         0.06|               0.0|           255|                 1|                   0.0|                  0.08|                        0.0|                        0.0|                 1.0|                     1.0|                 0.0|                     0.0|anomaly|         0.0|    (3,[0],[1.0])|   (3,[0],[1.0])|     (4,[0],[1.0])|(4,[0],[1.0])|(11,[5],[1.0])|(61,[1,4,10,19,23...|[-0.1214751483158...|[5.50242641378228...|[0.99593968610020...|       0.0|
+--------+-------------+-------+----+---------+---------+----+--------------+------+---+-----------------+---------+---------------+----------+------------+--------+------------------+----------+----------------+-----------------+-------------+--------------+-----+---------+-----------+---------------+-----------+---------------+-------------+-------------+------------------+--------------+------------------+----------------------+----------------------+---------------------------+---------------------------+--------------------+------------------------+--------------------+------------------------+-------+------------+-----------------+----------------+------------------+-------------+--------------+--------------------+--------------------+--------------------+--------------------+----------+
only showing top 20 rows

Training Error = 0.08329354184075444
Test Error = 0.07429013213382063
