appName=q2.George_SparkLoadLinearRegression,
 algorithm=LinearRegression,
 train=resources/kaggle-news-train.csv,
 test=resources/kaggle-news-test.csv,
 seed=1,
 features=1000,
 pca=NO_PCA,
 pcaFeature=0
 useScalar=0

+-----------+--------------------+--------------------+------------+--------------------+--------------------+--------------------+--------------------+--------------------+--------------------+--------------------+--------------------+--------------------+--------------------+--------------------+----------+
|Class Index|               Title|         Description|indexedLabel|sentence_words_clean| sentence_stop_words|      sw_rawFeatures|     sw_idf_features|   title_words_clean|    title_stop_words|      tw_rawFeatures|     tw_idf_features|            features|       rawPrediction|         probability|prediction|
+-----------+--------------------+--------------------+------------+--------------------+--------------------+--------------------+--------------------+--------------------+--------------------+--------------------+--------------------+--------------------+--------------------+--------------------+----------+
|          3|Wall St. Bears Cl...|Reuters - Short-s...|         2.0|[reuters, short, ...|[reuters, short, ...|(1000,[14,25,39,1...|(1000,[14,25,39,1...|[wall, st, bears,...|[wall, st, bears,...|(1000,[149,263,40...|(1000,[149,263,40...|(2000,[149,263,40...|[3.45990882019215...|[0.48836889138494...|       0.0|
|          3|Carlyle Looks Tow...|Reuters - Private...|         2.0|[reuters, private...|[reuters, private...|(1000,[10,21,30,3...|(1000,[10,21,30,3...|[carlyle, looks, ...|[carlyle, looks, ...|(1000,[11,21,173,...|(1000,[11,21,173,...|(2000,[11,21,173,...|[3.95432590893710...|[0.11913592853232...|       2.0|
|          3|Oil and Economy C...|Reuters - Soaring...|         2.0|[reuters, soaring...|[reuters, soaring...|(1000,[97,122,129...|(1000,[97,122,129...|[oil, and, econom...|[oil, economy, cl...|(1000,[91,129,206...|(1000,[91,129,206...|(2000,[91,129,206...|[2.49319344352308...|[0.00503801697447...|       2.0|
|          3|Iraq Halts Oil Ex...|Reuters - Authori...|         2.0|[reuters, authori...|[reuters, authori...|(1000,[34,74,128,...|(1000,[34,74,128,...|[iraq, halts, oil...|[iraq, halts, oil...|(1000,[113,263,60...|(1000,[113,263,60...|(2000,[113,263,60...|[1.90538993439266...|[0.00405945064535...|       3.0|
|          3|Oil prices soar t...|AFP - Tearaway wo...|         2.0|[afp, tearaway, w...|[afp, tearaway, w...|(1000,[25,144,150...|(1000,[25,144,150...|[oil, prices, soa...|[oil, prices, soa...|(1000,[25,157,208...|(1000,[25,157,208...|(2000,[25,157,208...|[3.49354335238454...|[0.13288682555103...|       3.0|
|          3|Stocks End Up, Bu...|Reuters - Stocks ...|         2.0|[reuters, stocks,...|[reuters, stocks,...|(1000,[1,129,151,...|(1000,[1,129,151,...|[stocks, end, up,...|[stocks, end, nea...|(1000,[206,263,28...|(1000,[206,263,28...|(2000,[206,263,28...|[2.34112282188844...|[0.01131544134582...|       2.0|
|          3|Money Funds Fell ...|AP - Assets of th...|         2.0|[ap, assets, of, ...|[ap, assets, nati...|(1000,[31,122,130...|(1000,[31,122,130...|[money, funds, fe...|[money, funds, fe...|(1000,[122,242,30...|(1000,[122,242,30...|(2000,[122,242,30...|[3.33692263971175...|[0.03750406842428...|       2.0|
|          3|Fed minutes show ...|USATODAY.com - Re...|         2.0|[usatoday, com, r...|[usatoday, com, r...|(1000,[25,122,221...|(1000,[25,122,221...|[fed, minutes, sh...|[fed, minutes, sh...|(1000,[19,187,221...|(1000,[19,187,221...|(2000,[19,187,221...|[4.51995796895379...|[0.28957666659885...|       2.0|
|          3|Safety Net (Forbe...|"Forbes.com - Aft...|         2.0|[forbes, com, aft...|[forbes, com, ear...|(1000,[8,41,82,94...|(1000,[8,41,82,94...|[safety, net, for...|[safety, net, for...|(1000,[18,221,254...|(1000,[18,221,254...|(2000,[18,221,254...|[5.73469306567960...|[0.57766645103425...|       0.0|
|          3|Wall St. Bears Cl...| NEW YORK (Reuter...|         2.0|[new, york, reute...|[new, york, reute...|(1000,[14,25,39,1...|(1000,[14,25,39,1...|[wall, st, bears,...|[wall, st, bears,...|(1000,[149,404,43...|(1000,[149,404,43...|(2000,[149,404,43...|[1.99314608914310...|[0.09666672036061...|       2.0|
|          3|Oil and Economy C...| NEW YORK (Reuter...|         2.0|[new, york, reute...|[new, york, reute...|(1000,[25,97,122,...|(1000,[25,97,122,...|[oil, and, econom...|[oil, economy, cl...|(1000,[91,129,206...|(1000,[91,129,206...|(2000,[91,129,206...|[1.02643071247403...|[5.63161616671591...|       2.0|
|          3|No Need for OPEC ...| TEHRAN (Reuters)...|         2.0|[tehran, reuters,...|[tehran, reuters,...|(1000,[57,84,128,...|(1000,[57,84,128,...|[no, need, for, o...|[need, opec, pump...|(1000,[140,537,61...|(1000,[140,537,61...|(2000,[140,537,61...|[0.96481789547507...|[0.00961061456321...|       2.0|
|          3|Non-OPEC Nations ...| JAKARTA (Reuters...|         2.0|[jakarta, reuters...|[jakarta, reuters...|(1000,[44,122,145...|(1000,[44,122,145...|[non, opec, natio...|[non, opec, natio...|(1000,[122,200,22...|(1000,[122,200,22...|(2000,[122,200,22...|[0.66126123156345...|[0.00815914540986...|       2.0|
|          3|Google IPO Auctio...| WASHINGTON/NEW Y...|         2.0|[washington, new,...|[washington, new,...|(1000,[7,25,113,1...|(1000,[7,25,113,1...|[google, ipo, auc...|[google, ipo, auc...|(1000,[201,596,74...|(1000,[201,596,74...|(2000,[201,596,74...|[6.44042602650278...|[0.25572085508903...|       2.0|
|          3|Dollar Falls Broa...| NEW YORK (Reuter...|         2.0|[new, york, reute...|[new, york, reute...|(1000,[25,46,167,...|(1000,[25,46,167,...|[dollar, falls, b...|[dollar, falls, b...|(1000,[286,346,53...|(1000,[286,346,53...|(2000,[286,346,53...|[2.41723655832309...|[0.00283502574718...|       2.0|
|          3|Rescuing an Old S...|If you think you ...|         2.0|[if, you, think, ...|[think, may, need...|(1000,[41,56,242,...|(1000,[41,56,242,...|[rescuing, an, ol...|[rescuing, old, s...|(1000,[672,747,88...|(1000,[672,747,88...|(2000,[672,747,88...|[1.22599437637235...|[0.09676018027649...|       2.0|
|          3|Kids Rule for Bac...|The purchasing po...|         2.0|[the, purchasing,...|[purchasing, powe...|(1000,[72,91,198,...|(1000,[72,91,198,...|[kids, rule, for,...|[kids, rule, back...|(1000,[343,430,72...|(1000,[343,430,72...|(2000,[343,430,72...|[1.09535194537923...|[0.06610890894488...|       2.0|
|          3|In a Down Market,...|There is little c...|         2.0|[there, is, littl...|[little, cause, c...|(1000,[115,130,19...|(1000,[115,130,19...|[in, a, down, mar...|[market, head, to...|(1000,[64,130,565...|(1000,[64,130,565...|(2000,[64,130,565...|[3.00532590883631...|[0.07255829957359...|       2.0|
|          3|US trade deficit ...|The US trade defi...|         2.0|[the, us, trade, ...|[us, trade, defic...|(1000,[203,208,28...|(1000,[203,208,28...|[us, trade, defic...|[us, trade, defic...|(1000,[208,531,68...|(1000,[208,531,68...|(2000,[208,531,68...|[3.04409276582690...|[0.12059140753857...|       2.0|
|          3|Shell 'could be t...|Oil giant Shell c...|         2.0|[oil, giant, shel...|[oil, giant, shel...|(1000,[9,48,123,2...|(1000,[9,48,123,2...|[shell, could, be...|[shell, target, t...|(1000,[80,123,571...|(1000,[80,123,571...|(2000,[80,123,571...|[1.61513197600928...|[0.07849118434337...|       3.0|
+-----------+--------------------+--------------------+------------+--------------------+--------------------+--------------------+--------------------+--------------------+--------------------+--------------------+--------------------+--------------------+--------------------+--------------------+----------+
only showing top 20 rows

Training Error = 0.1684916666666667
Test Error = 0.1919736842105263
Start Time = 2021-06-08T19:28:06.647
End Time = 2021-06-08T19:28:57.233
Elapsed Time = PT50.586S