http://co246a-1.ecs.vuw.ac.nz:8042/node/containerlogs/container_1617755808746_0713_01_000001/knoxdavi/stdout/?start=-4096
Random Seed: 1
	logistic regression model coefficients:
Coefficients: [-8.622262258970549E-6,-1.3308580789483062,-0.034707977138690144,-0.2831875824917461,-6.468620273706884E-7,6.416553926354133E-8,-0.6016716792432626,-0.5524219566845269,-8.557887474928586,0.029604106155290386,-4.133583168765899,-0.29866926945551403,-0.1590945340632703,-1.2032357161771863,10.392623268354242,0.15029776633216255,0.10599858936013555,-1.813692439181128,0.3819396838341456,0.0,-18.772960206953115,-3.604799696528038,-0.012275497174224442,0.013344577637500745,0.8116767448352636,-3.7186732991415643,-3.527863902840257,-0.9938985350600379,-0.38707793205466373,-0.6031619639928665,-0.10696473761641613,-0.011311653207616767,0.01442406752002493,-3.3362690892075766,1.2935451935699318,-1.0478142694853003,-4.56853971482807,-0.7829339927269982,-4.522510776203123,-1.7570480515785998,-0.5686227883327964] Intercept: 8.721042981685981
	Training LOSS per iteration
0.6926874250185028
0.3963642298007221
0.3387930102906994
0.32140493591099023
0.3162467084492396
0.29468822317810417
0.2854038306402834
0.2763394213154816
0.2723526735542819
0.2693683198696586
0.2668163201124419
0.2638992538622614
0.2612134853440764
0.25952224097202026
0.25906434243511983
0.2580093377186186
0.2577263009838781
0.2572255251252059
0.25676237366400284
0.2563741024899157
0.2561260132644414
0.2559671511863905
0.255620055664959
0.25539332538246085
0.2550997802564314
0.2548412924787172
0.2546901200546064
0.25460619118037314
0.25440186647881147
0.2541527928624255
0.2538918985405425
0.25355945562996723
0.25300694406872104
0.2523633499003644
0.2520164611068126
0.2514680811316911
0.2511462443086518
0.25066580884993406
0.2502092400033735
0.24978716807017443
0.24964962863907966
0.24915768657678938
0.24827007179939103
0.2477104444265832
0.24705993396348913
0.2467138729218981
0.24647866483823713
0.24620847188438655
0.24581308453586914
0.24567556513096797
0.2456259249527039
+--------------------+--------------------+
|                 FPR|                 TPR|
+--------------------+--------------------+
|                 0.0|                 0.0|
|4.055150040551500...|0.020128031515449958|
|4.055150040551500...|0.040686938323279576|
|5.213764337851929E-4| 0.06112273790471501|
|5.793071486502144E-4| 0.08162009109934754|
|6.372378635152358E-4| 0.10211744429398005|
|6.951685783802572E-4| 0.12261479748861258|
| 9.26891437840343E-4| 0.14292748984365383|
|9.848221527053644E-4| 0.16342484303828636|
|9.848221527053644E-4| 0.18398374984611596|
|0.001216545012165...|  0.2042964422011572|
|0.001390337156760...| 0.22467068816939553|
|0.001506198586490...| 0.24510648775083096|
|0.001795852160815...| 0.26535762649267514|
|0.002317228594600...|  0.2853625507817309|
|0.002780674313521029| 0.30542902868398375|
|0.003128258602711...|  0.3256186138126308|
|0.003881357895956436| 0.34537732364889817|
|0.004692387904066...|  0.3650744798719685|
|0.005155833622986908| 0.38520251138741846|
+--------------------+--------------------+
only showing top 20 rows

+--------------------+
|                 FPR|
+--------------------+
|                 0.0|
|4.055150040551500...|
|4.055150040551500...|
|5.213764337851929E-4|
|5.793071486502144E-4|
|6.372378635152358E-4|
|6.951685783802572E-4|
| 9.26891437840343E-4|
|9.848221527053644E-4|
|9.848221527053644E-4|
|0.001216545012165...|
|0.001390337156760...|
|0.001506198586490...|
|0.001795852160815...|
|0.002317228594600...|
|0.002780674313521029|
|0.003128258602711...|
|0.003881357895956436|
|0.004692387904066...|
|0.005155833622986908|
+--------------------+
only showing top 20 rows

	Area under ROC:
0.9651917490972314
Best F1 Measure on Training:0.8968686481868795 at threshold: 0.4538605966255282
Training Error = 0.10794437149337477
Test Error = 0.1000843407365758
