http://co246a-7.ecs.vuw.ac.nz:8042/node/containerlogs/container_1617755808746_0722_01_000001/knoxdavi/stdout/?start=-4096
Random Seed: 10
	logistic regression model coefficients:
Coefficients: [5.54230213372881E-6,-1.3607119773169114,-0.033500563766195514,-0.3860137214045815,-6.683697813981973E-7,1.884438876220518E-9,4.226011119312388,-0.6306659099401433,-9.55219726687856,0.04141291677593715,-3.8497603552442965,-0.2720843364959668,-0.2452121900153839,-1.628743634951737,7.330407055110456,0.2086806639039754,0.10673810832779686,-1.7252864393473366,0.5646535201425169,0.0,-17.495161002805204,-3.583404498247696,-0.015843329782888577,0.017160362195788526,0.7266313023044383,-4.235916472735527,-3.5504979924989524,-1.8927952612384134,-0.6549593463885778,-0.7645817930619082,-0.2624598019712184,-0.012240575431928465,0.016627560997023585,-3.738452209792882,1.4863619129519954,-1.0064560514535503,-4.218295175763431,-0.37652343621720485,-5.241625173904338,-1.8284026870969667,-0.36453116376872857] Intercept: 9.959938840402458
	Training LOSS per iteration
0.6926848435087423
0.39533742086932844
0.33472291261058634
0.31802359867333935
0.31285526791406193
0.29192640045030166
0.28233191359748794
0.2730494774130862
0.2687572239758377
0.2659640212665183
0.2633553579310141
0.26014115172891294
0.256864809126274
0.2552288445540183
0.254712595596369
0.2538704331805435
0.25343118093803174
0.2528887199656741
0.2524298377596562
0.2520815748851346
0.2518449705641875
0.25142143913924064
0.2512516494943673
0.2509254242753458
0.2507301958161025
0.2505078716015002
0.25035312261239906
0.25009632115118235
0.24984781429731456
0.24954755945867257
0.2487080581703967
0.24792359457652166
0.24728290912191445
0.24692602026059857
0.24646595456959317
0.24600390874048045
0.24540217031640293
0.2448583400206597
0.24475890736006378
0.24453169447315523
0.24362390864602507
0.24303432301747252
0.24239064470627825
0.24197092153447464
0.2417728696992831
0.24135839428063138
0.2411941275722533
0.24100245125636025
0.24075044399646048
0.24067592495950607
0.24051132603877082
+--------------------+--------------------+
|                 FPR|                 TPR|
+--------------------+--------------------+
|                 0.0|                 0.0|
|2.895864705200973E-4|0.020249892287806978|
|3.475037646241167...| 0.04074598387394596|
|3.475037646241167...|0.061303625284667936|
|3.475037646241167...| 0.08186126669538991|
|4.054210587281362E-4| 0.10235735828152889|
|5.212556469361752E-4| 0.12279190004308488|
|5.212556469361752E-4| 0.14334954145380685|
|6.370902351442141E-4| 0.16378408321536284|
| 7.52924823352253E-4| 0.18421862497691882|
|8.687594115602919E-4|  0.2046531667384748|
|0.001042511293872...| 0.22502615867544778|
|0.001332097764392...| 0.24527605096325475|
|0.001563766940808...|  0.2655874930756447|
| 0.00214293988184872| 0.28552963624053673|
|0.002606278234680...|  0.3055948790545947|
|0.003127533881617...| 0.32559857204406967|
|0.003880458704969...| 0.34535606573521266|
|0.004459631646009499|  0.3653597587246876|
|0.004749218116529595|  0.3856712008370776|
+--------------------+--------------------+
only showing top 20 rows

+--------------------+
|                 FPR|
+--------------------+
|                 0.0|
|2.895864705200973E-4|
|3.475037646241167...|
|3.475037646241167...|
|3.475037646241167...|
|4.054210587281362E-4|
|5.212556469361752E-4|
|5.212556469361752E-4|
|6.370902351442141E-4|
| 7.52924823352253E-4|
|8.687594115602919E-4|
|0.001042511293872...|
|0.001332097764392...|
|0.001563766940808...|
| 0.00214293988184872|
|0.002606278234680...|
|0.003127533881617...|
|0.003880458704969...|
|0.004459631646009499|
|0.004749218116529595|
+--------------------+
only showing top 20 rows

	Area under ROC:
0.9666166705942437
Best F1 Measure on Training:0.8992101850760343 at threshold: 0.46883989650895114
Training Error = 0.10237818160116974
Test Error = 0.10279125360331853
