http://co246a-2.ecs.vuw.ac.nz:8042/node/containerlogs/container_1617755808746_0715_01_000001/knoxdavi/stdout/?start=-4096
Random Seed: 3
	logistic regression model coefficients:
Coefficients: [3.0149043672563647E-6,-1.4050580245065756,-0.03294811827086962,-0.29774501631522476,-1.0628304344842207E-6,1.4192912565363301E-7,-7.06139032388922,-0.5521742386578679,-9.403707258376818,0.03575826947370119,-3.997464452947521,-0.3426956838015487,-0.18588442582158074,-1.7546208890491928,11.640049500751546,0.14500132279500222,0.08512622125184433,-2.3247280551820695,0.6185725624915526,0.0,-20.031599092261093,-3.6591879460798986,-0.013106674636084375,0.014051659255053582,1.1348084305268769,-3.6836922909080188,-3.8571316208077837,-1.0176850547593213,-0.09839912831247709,-0.3768188822491218,-0.17123553272551306,-0.012128330059548964,0.016185316297924517,-3.756206933891477,1.3184152918895373,-1.1017298119635024,-4.071896468537585,-0.8776365122150964,-5.571065275356839,-1.833341094440867,-0.41557373737050257] Intercept: 8.768449849867954
	Training LOSS per iteration
0.6926480050512381
0.39448758953441554
0.3346543138328197
0.3174728735594458
0.31227026964384286
0.29139082153347384
0.28167029751590306
0.2724726384115606
0.26823467575143956
0.2653151140863117
0.26271071430024295
0.2593041740159948
0.2558732087618531
0.25411128849680015
0.25288991836833324
0.25252458446431875
0.25212611216496955
0.2517291398498807
0.2515521712367933
0.2510613957152602
0.2505914770588186
0.2502512677238709
0.2499303066177041
0.2497257901623549
0.2493140498030469
0.24893684522006584
0.24864363415310786
0.24826484048877503
0.24795010395799807
0.24769215558662402
0.24703299898879544
0.2465431869193167
0.24615353893059
0.24585513712679943
0.2455816789013333
0.24522816029000316
0.24483003456381514
0.24437830861048998
0.24415996652904148
0.24380512566956858
0.24350797670467494
0.2427526924185859
0.2423469945053699
0.241580718459554
0.24132354591168842
0.24093818506118325
0.2405419240422525
0.2403956002577712
0.2402384915588426
0.24021459725753297
0.24016658447624972
+--------------------+--------------------+
|                 FPR|                 TPR|
+--------------------+--------------------+
|                 0.0|                 0.0|
|4.640371229698376E-4|0.020081562036579337|
|5.220417633410673E-4| 0.04059565002471577|
|5.220417633410673E-4|0.061171527434503215|
|6.960556844547563E-4| 0.08156203657933762|
|6.960556844547563E-4| 0.10213791398912506|
|8.700696055684454E-4| 0.12252842313395947|
|9.280742459396752E-4|  0.1430425111220959|
|0.001044083526682...| 0.16349480968858132|
|0.001160092807424594| 0.18394710825506674|
|0.001160092807424594|  0.2045229856648542|
|0.001624129930394...|  0.2246045477014335|
|0.002030162412993...| 0.24474789915966386|
|0.002204176334106...| 0.26513840830449825|
|0.002726218097447796|  0.2851581809194266|
|0.003306264501160...|  0.3051161641127039|
| 0.00382830626450116| 0.32513593672763225|
|0.004640371229698376|  0.3448467622343055|
|0.004930394431554524| 0.36511369253583786|
|0.005394431554524362|  0.3851952545724172|
+--------------------+--------------------+
only showing top 20 rows

+--------------------+
|                 FPR|
+--------------------+
|                 0.0|
|4.640371229698376E-4|
|5.220417633410673E-4|
|5.220417633410673E-4|
|6.960556844547563E-4|
|6.960556844547563E-4|
|8.700696055684454E-4|
|9.280742459396752E-4|
|0.001044083526682...|
|0.001160092807424594|
|0.001160092807424594|
|0.001624129930394...|
|0.002030162412993...|
|0.002204176334106...|
|0.002726218097447796|
|0.003306264501160...|
| 0.00382830626450116|
|0.004640371229698376|
|0.004930394431554524|
|0.005394431554524362|
+--------------------+
only showing top 20 rows

	Area under ROC:
0.9667052324887918
Best F1 Measure on Training:0.9006884732440977 at threshold: 0.43103598133500126
Training Error = 0.1025610339875539
Test Error = 0.10634432643935154
