http://co246a-6.ecs.vuw.ac.nz:8042/node/containerlogs/container_1617755808746_0716_01_000001/knoxdavi/stdout/?start=-4096
Random Seed: 4
	logistic regression model coefficients:
Coefficients: [-1.0169991907941956E-5,-1.4698372160702808,-0.032822786355177686,-0.23997073567271843,-1.077917342232857E-6,-1.552607435946333E-8,2.0615122487714017,-0.5129458201672952,-9.970870815431425,0.027898467232004093,-3.9501594895848893,-0.39748921214391586,-0.1916446342707281,-1.4189033316633364,16.604676229548392,0.17882133180609433,0.16400308165166466,-1.0989152386994763,0.4593832482282108,0.0,-19.93531948895258,-3.57940207562282,-0.013719085791238617,0.014840147870526616,0.49127046224715387,-3.2546521184866,-3.194813773594278,-1.3681882277148345,-0.21612515416341127,-0.4996373671680879,-0.19745576045596436,-0.011721061291325288,0.015562067288158763,-3.6156835965551117,1.0221477107497074,-0.9850711276324234,-4.136838196201604,-0.13951744315337333,-5.714604009978883,-1.7230889696321552,-0.12394047314315434] Intercept: 8.328064920381172
	Training LOSS per iteration
0.6927785261614237
0.39407668824653486
0.3355850189650912
0.31856792498143616
0.31350248917826457
0.2921859297786805
0.2830169780102944
0.27400559683084086
0.2699537520295679
0.2669932162223673
0.2642620828845651
0.26087420653181587
0.2576238728202779
0.25600803269190275
0.2555315252494722
0.2548561749033427
0.2544032961941919
0.25394250002861624
0.25327039066029317
0.2530202574633208
0.25282863987476806
0.2526701706710261
0.2523963869892595
0.252182201382384
0.2518652365638497
0.2517019977431126
0.251657122208616
0.2513807450169269
0.2511627510717637
0.2508235217897197
0.25046238354023476
0.2501284887576282
0.2492244675587714
0.24849734535405735
0.24797882685184608
0.24770069863551555
0.24735474850155273
0.2469264037243358
0.24657816852955233
0.2462935368138432
0.24577026682344885
0.2451387569432001
0.24451306842283912
0.24413162223916474
0.2436334670505754
0.24345343336385766
0.24323551586002168
0.24292531445414095
0.24285701677246166
0.24277189602520924
0.24271356945832565
+--------------------+--------------------+
|                 FPR|                 TPR|
+--------------------+--------------------+
|                 0.0|                 0.0|
|3.501196242049367E-4|0.020331464481547656|
|4.084728949057594...|0.040724539461524246|
|4.668261656065822...| 0.06111761444150083|
|4.668261656065822...| 0.08157229991990635|
|5.835327070082278E-4|   0.101903764401454|
|8.169457898115189E-4|  0.1221120078861438|
|9.336523312131645E-4| 0.14244347236769145|
|9.336523312131645E-4| 0.16289815784609699|
| 0.00105035887261481| 0.18322962232764464|
|0.001283771955418...| 0.20343786581233442|
|0.001400478496819...| 0.22376933029388207|
|0.001808951391725...| 0.24379274228328507|
|0.001984011203827...| 0.26406259626640377|
|0.002392484098733734| 0.28408600825580677|
|0.002976016805741962|   0.303924588749923|
|0.003734609324852658|  0.3235783377487524|
|0.004434848573262531|  0.3432936972460107|
|0.005310147633774873| 0.36282422524798225|
|0.005601913987278987|  0.3829708582342431|
+--------------------+--------------------+
only showing top 20 rows

+--------------------+
|                 FPR|
+--------------------+
|                 0.0|
|3.501196242049367E-4|
|4.084728949057594...|
|4.668261656065822...|
|4.668261656065822...|
|5.835327070082278E-4|
|8.169457898115189E-4|
|9.336523312131645E-4|
|9.336523312131645E-4|
| 0.00105035887261481|
|0.001283771955418...|
|0.001400478496819...|
|0.001808951391725...|
|0.001984011203827...|
|0.002392484098733734|
|0.002976016805741962|
|0.003734609324852658|
|0.004434848573262531|
|0.005310147633774873|
|0.005601913987278987|
+--------------------+
only showing top 20 rows

	Area under ROC:
0.9658224307491902
Best F1 Measure on Training:0.8996939015775841 at threshold: 0.44251163678097577
Training Error = 0.10405178614241184
Test Error = 0.10293708240534516
