http://co246a-6.ecs.vuw.ac.nz:8042/node/containerlogs/container_1617755808746_0695_01_000001/knoxdavi/stdout/?start=-4096
Random Seed: 5
	logistic regression model coefficients:
Coefficients: [-7.47274974648219E-7,-1.4138876394108721,-0.03260133173907688,-0.28971826287445995,-1.010956031009499E-6,-1.5665500701174178E-7,2.078470920806638,-0.4942264449793483,-10.742736127717947,0.02991301006443486,-4.046777789334044,-0.33486218843847015,-0.23745405769539252,-1.3361383573353125,7.327560703938824,0.22397447870082815,0.16076639911176038,-2.0183422116572087,0.12450468225030525,0.0,-20.635200737116932,-3.5114504460492966,-0.011082732113367287,0.012246439323219907,1.01683950181439,-3.8930436776895916,-3.411648284355306,-1.1458753975081444,0.009116190346770185,-0.3428820123970186,-0.12511266505846216,-0.011326880608612918,0.014576318117243246,-3.2404317101231146,1.320335135797169,-1.0262608236913993,-4.080175905906921,0.04523319260122079,-5.730613925313042,-1.7186871750553467,-0.5631435614055091] Intercept: 8.25802243379935
	Training LOSS per iteration
0.692706212769156
0.39401665357741056
0.3348928853877487
0.31798645525828506
0.31260468309865747
0.29165297502960175
0.2822017752088535
0.27306980908047246
0.2688313545203781
0.2657830827330368
0.2630233847607183
0.25960716303513875
0.2562220838338635
0.2545153330960449
0.25399541196832665
0.2533008865927745
0.2529231404072021
0.2523649461727972
0.2517659647225306
0.2514761351428586
0.2512974821147488
0.25111045355665546
0.2508629104690665
0.25044385390660173
0.25038026675892777
0.24998859235689322
0.2498584509207646
0.24970988806958203
0.24952867862761688
0.24924752329914163
0.24906643611486567
0.24857613513562812
0.24829410582368192
0.24737360230499134
0.24686330500842607
0.24644585073114916
0.2461358600037516
0.2455703177757761
0.24523031630161954
0.24476026738836373
0.24448340636660884
0.24431663899520703
0.24394377675434725
0.24320266788974734
0.24276895455214306
0.24223871474409883
0.24203680800532462
0.2418061122059755
0.24155641867946204
0.24114965161131816
0.2411175705783747
+--------------------+--------------------+
|                 FPR|                 TPR|
+--------------------+--------------------+
|                 0.0|                 0.0|
| 3.50979818660427E-4|0.020175057421317276|
|4.094764551038315...| 0.04066050034142405|
|4.094764551038315...| 0.06120802036128872|
|4.094764551038315...| 0.08175554038115339|
|4.679730915472360...| 0.10224098330126016|
|4.679730915472360...| 0.12278850332112484|
|6.434630008774495E-4| 0.14314979204171582|
|8.189529102076631E-4| 0.16351108076230678|
|9.359461830944721E-4| 0.18393444658265565|
| 0.00116993272886809| 0.20423365820348874|
|0.001345422638198...| 0.22459494692407972|
|0.001579409183971...| 0.24489415854491278|
|0.001930389002632...| 0.26506921596623007|
|0.002515355367066...| 0.28499596498851576|
|0.003217315004387...|  0.3047985598112856|
|0.003451301550160...|  0.3250977714321187|
|0.004094764551038...|  0.3449624433546465|
|0.004504241006142147|  0.3650754236762058|
|0.005206200643463001| 0.38487801849897574|
+--------------------+--------------------+
only showing top 20 rows

+--------------------+
|                 FPR|
+--------------------+
|                 0.0|
| 3.50979818660427E-4|
|4.094764551038315...|
|4.094764551038315...|
|4.094764551038315...|
|4.679730915472360...|
|4.679730915472360...|
|6.434630008774495E-4|
|8.189529102076631E-4|
|9.359461830944721E-4|
| 0.00116993272886809|
|0.001345422638198...|
|0.001579409183971...|
|0.001930389002632...|
|0.002515355367066...|
|0.003217315004387...|
|0.003451301550160...|
|0.004094764551038...|
|0.004504241006142147|
|0.005206200643463001|
+--------------------+
only showing top 20 rows

	Area under ROC:
0.9665943099574772
Best F1 Measure on Training:0.8995542961716697 at threshold: 0.42949363649957834
Training Error = 0.10230695096976272
Test Error = 0.10514726121662543
