http://co246a-8.ecs.vuw.ac.nz:8042/node/containerlogs/container_1617755808746_0718_01_000001/knoxdavi/stdout/?start=-4096
Random Seed: 6
	logistic regression model coefficients:
Coefficients: [-2.8448528237598467E-6,-1.5094529174569642,-0.03253511981795859,-0.3723288804912955,-1.3484348930013916E-6,1.1304365821980248E-7,-0.10588503538974754,-0.5170293580000563,-10.746010153886134,0.02971015422393293,-4.095151140228298,-0.41226341500209335,-0.17873111869526173,-1.7944097752045163,4.697727461438557,0.16958023600125313,0.13759690019795634,-1.5250133214702903,0.8163000454168114,0.0,-19.36513826752928,-3.5201011320948647,-0.012779982228446899,0.013982707992150126,0.37992061125296667,-3.7397349324392493,-4.5962484557165135,-0.707198501538931,-0.16507163453237078,-0.44302797363770235,-0.1549237594867205,-0.011419792201682535,0.015422085431594929,-3.562514068986403,1.096742862182853,-0.9774390952708809,-3.879671796824179,-0.7079276864909569,-4.812140835024634,-1.6415373701623504,-0.6564745656458297] Intercept: 9.41951254698761
	Training LOSS per iteration
0.6926458646884968
0.39593867376457836
0.33615408753932824
0.31912473208165815
0.3138082597879536
0.292769825322381
0.2833697877728545
0.2743867689732133
0.27021285311776844
0.2673032530587321
0.2646785114380615
0.26136631482893735
0.2580041001064459
0.2563072220623105
0.255777880493665
0.2550343839227618
0.2546393652673988
0.253967624539289
0.25326966038778637
0.2529649249982851
0.2526562110160664
0.2524621487807016
0.2521570294351909
0.2518220122055194
0.25148401055219355
0.25119353097223796
0.2511011502331564
0.2508935242841827
0.2503443779736492
0.24946758089365062
0.2485349882532859
0.24742337136602904
0.24706882287540746
0.24651544586252555
0.24592490196616382
0.2451380691242244
0.24443254433574538
0.24390010795525413
0.24345964552585647
0.2431839869001339
0.24295083390634026
0.24258087918280596
0.24215927729152104
0.24189734683899777
0.24160391857908206
0.24150976023005455
0.24135720161899882
0.24125842436090358
0.2411338919140466
0.24096166719337933
0.24089293103880305
+--------------------+--------------------+
|                 FPR|                 TPR|
+--------------------+--------------------+
|                 0.0|                 0.0|
|3.490807540144287E-4| 0.02020702907084857|
|3.490807540144287E-4|0.040785966652203555|
|3.490807540144287E-4|0.061364904233558545|
|4.654410053525715...|  0.0818198723114114|
| 6.39981382359786E-4| 0.10221285563751317|
|8.727018850360717E-4| 0.12254385421186388|
|8.727018850360717E-4| 0.14312279179321888|
|9.308820107051431E-4|  0.1636397446228228|
|9.890621363742146E-4| 0.18415669745242672|
|0.001338142890388...| 0.20436372652327528|
|0.001454503141726...| 0.22481869460112813|
|0.001861764021410...| 0.24496373892022563|
|0.001978124272748...| 0.26541870699807846|
|0.002210844775424715|  0.2857497055724292|
|0.002967186409122644| 0.30552284138102026|
|0.003548987665813358| 0.32548193144486454|
|0.003839888294158...|  0.3457509452674642|
|0.004538049802187573| 0.36558606582780634|
|0.004770770304863859| 0.38591706440215706|
+--------------------+--------------------+
only showing top 20 rows

+--------------------+
|                 FPR|
+--------------------+
|                 0.0|
|3.490807540144287E-4|
|3.490807540144287E-4|
|3.490807540144287E-4|
|4.654410053525715...|
| 6.39981382359786E-4|
|8.727018850360717E-4|
|8.727018850360717E-4|
|9.308820107051431E-4|
|9.890621363742146E-4|
|0.001338142890388...|
|0.001454503141726...|
|0.001861764021410...|
|0.001978124272748...|
|0.002210844775424715|
|0.002967186409122644|
|0.003548987665813358|
|0.003839888294158...|
|0.004538049802187573|
|0.004770770304863859|
+--------------------+
only showing top 20 rows

	Area under ROC:
0.9666184199208292
Best F1 Measure on Training:0.8992065824272701 at threshold: 0.4241984908910995
Training Error = 0.10203775396896853
Test Error = 0.10350329517863333
