http://co246a-6.ecs.vuw.ac.nz:8042/node/containerlogs/container_1617755808746_0697_01_000001/knoxdavi/stdout/?start=-4096
Random Seed: 7
	logistic regression model coefficients:
Coefficients: [-9.368266588057538E-6,-1.3203540762517667,-0.03303986932137434,-0.28982032465629814,-5.990268841786861E-7,-2.147801797059535E-7,-14.460116421450921,-0.6342750099778055,-9.4058988335603,0.0322585658653105,-4.666133244162052,-0.18182877963544664,-0.17408237393489479,-1.533106419039792,8.27737963402056,0.16718410190518365,0.1497092339246707,-1.9363389905288557,0.4624118006543199,0.0,-17.54691690337427,-3.6471664687475354,-0.012474594696057177,0.013450544626370792,0.21788341351680401,-3.279328859947995,-3.59329278575,-1.438884737270298,-0.2771614471416395,-0.4560937909012787,-0.13596366086203499,-0.01210070413159584,0.016195416340682018,-3.7824737099768035,1.0721097241481625,-0.9649217693223677,-4.563538205769098,-0.9004051211514352,-4.572325592552392,-1.6416281941186044,-0.18646384297408677] Intercept: 8.74753519771656
	Training LOSS per iteration
0.6926932840619328
0.3930873027928376
0.3335551276809275
0.3166016162161145
0.31123115593327205
0.29016231242800783
0.28045486155371946
0.2712172595796406
0.26694994966491165
0.26390335727357755
0.26124860741676265
0.2579297742503641
0.25471878696874295
0.2529696111356842
0.2517906148952797
0.25160756361667563
0.2512671628418232
0.2508670738406071
0.25065878084434723
0.25023334884713055
0.24990678123043394
0.24947641349209443
0.24924453081496067
0.24897484265760608
0.24870960340795084
0.24825044584918696
0.24776174486285948
0.24761509800701992
0.24734874896124123
0.24677988434874948
0.24633642743767487
0.24576180033579145
0.2451529625181594
0.24463014559487536
0.24403900623761593
0.24368237177224308
0.24337559308402912
0.24292029179467903
0.24232271738186897
0.24199344639353937
0.24144115467200664
0.24127975269029137
0.24116622083327766
0.24078629204423754
0.24043930992867707
0.24028618195590934
0.24014431824644833
0.240041215834996
0.23984073609369036
0.23967889805381468
0.2395260411191314
+--------------------+--------------------+
|                 FPR|                 TPR|
+--------------------+--------------------+
|                 0.0|                 0.0|
|3.481692102361748E-4|0.020154083204930662|
|4.061974119422039E-4| 0.04061633281972265|
|4.642256136482330...| 0.06107858243451464|
|4.642256136482330...| 0.08160246533127889|
|4.642256136482330...| 0.10212634822804315|
|4.642256136482330...|  0.1226502311248074|
|4.642256136482330...| 0.14317411402157165|
|5.802820170602913E-4| 0.16357473035439138|
|7.543666221783787E-4| 0.18391371340523882|
|9.284512272964661E-4|  0.2042526964560863|
|0.001160564034120...| 0.22453004622496148|
|0.001392676840944699| 0.24480739599383666|
|0.001798874252886903| 0.26489984591679505|
|0.002263099866535136|  0.2849306625577812|
|0.002727325480183...|  0.3049614791987673|
|0.003133522892125573|  0.3250539291217257|
|0.003655776707479835|  0.3450231124807396|
|0.004700284338188359| 0.36443759630200306|
|0.005628735565484826|  0.3839753466872111|
+--------------------+--------------------+
only showing top 20 rows

+--------------------+
|                 FPR|
+--------------------+
|                 0.0|
|3.481692102361748E-4|
|4.061974119422039E-4|
|4.642256136482330...|
|4.642256136482330...|
|4.642256136482330...|
|4.642256136482330...|
|4.642256136482330...|
|5.802820170602913E-4|
|7.543666221783787E-4|
|9.284512272964661E-4|
|0.001160564034120...|
|0.001392676840944699|
|0.001798874252886903|
|0.002263099866535136|
|0.002727325480183...|
|0.003133522892125573|
|0.003655776707479835|
|0.004700284338188359|
|0.005628735565484826|
+--------------------+
only showing top 20 rows

	Area under ROC:
0.9665415719312316
Best F1 Measure on Training:0.9005217083738615 at threshold: 0.4382053446047366
Training Error = 0.10362245202941
Test Error = 0.10386608768735117
