http://co246a-3.ecs.vuw.ac.nz:8042/node/containerlogs/container_1617755808746_0698_01_000001/knoxdavi/stdout/?start=-4096
Random Seed: 8
	logistic regression model coefficients:
Coefficients: [-3.319058425530025E-6,-1.450973365889048,-0.035006000162741156,-0.4246317022974709,-1.3342415763007335E-6,-1.342445437126446E-7,-17.16621716700301,-0.5454618772360512,-10.833242179256217,0.026358823094646478,-4.100833131614021,-0.3456225602220121,-0.27170886153364593,-1.5436473326541413,14.17298548959373,0.2572065923788208,0.07390928292925335,-1.1693080107944365,0.6846232121191325,0.0,-20.217009216765575,-3.5247643879738937,-0.01376166069640001,0.015140039444230488,-0.625053946511544,-3.294273194213732,-3.4759171949187446,-2.265181024777352,-0.5606372630670372,-0.6222673323599536,-0.1409861709254753,-0.012215569680565235,0.015836052617326846,-3.468838340942537,1.6046497361769925,-1.172626994888243,-4.387617799653808,-0.7111793708163331,-4.7582089993106145,-1.8825400190908732,-0.416118449900048] Intercept: 10.305940664928833
	Training LOSS per iteration
0.6926449639673874
0.3939987281460861
0.3332556887689727
0.31633504520422306
0.3109299435216266
0.2904134994276853
0.2808032128749399
0.2716082315935842
0.26709656305465906
0.26406509237175896
0.2612503088978319
0.2579390017573421
0.2547756193431568
0.2530973125356893
0.25200149436435815
0.25169984991101224
0.2512397202038475
0.25073225959118045
0.2503800424408972
0.249904430829571
0.2497091013048941
0.2493744328230447
0.24900418623867693
0.24866122672815347
0.24823507465261135
0.24724948706819733
0.24624568642563496
0.245845890593356
0.24532238062304762
0.244716956761036
0.24436404966600245
0.24385153828509584
0.24324790286542153
0.2429296259111308
0.24238671226352995
0.24182346309026817
0.24105690420848508
0.23997157655006573
0.23954662546022734
0.23939124658720318
0.23904001936267685
0.2388623946130431
0.2385502567686781
0.2381856307296368
0.2380661689748141
0.23796997139211565
0.23789275173442234
0.23777208897832272
0.23760528864553074
0.2374232111974102
0.23733836149425028
+--------------------+--------------------+
|                 FPR|                 TPR|
+--------------------+--------------------+
|                 0.0|                 0.0|
|1.735408110140568E-4|0.020585516178736517|
| 2.89234685023428E-4| 0.04104776579352851|
| 2.89234685023428E-4|0.061633281972265024|
|4.049285590327992E-4| 0.08209553158705701|
|4.049285590327992E-4| 0.10268104776579352|
|4.049285590327992E-4| 0.12326656394453005|
|5.206224330421704E-4| 0.14372881355932204|
|6.363163070515416E-4| 0.16419106317411403|
|9.255509920749696E-4|  0.1844684129429892|
|0.001041244866084...|  0.2049306625577812|
|0.001214785677098...| 0.22533127889060092|
|0.001330479551107...|  0.2457935285053929|
|0.001561867299126...| 0.26613251155624035|
|0.001966795858159...|   0.286286594761171|
|0.002603112165210...|  0.3061941448382126|
|0.003065887661248337| 0.32628659476117106|
|0.003702203968299...| 0.34619414483821265|
|0.004280673338346735|  0.3661633281972265|
|0.004396367212356106| 0.38668721109399073|
+--------------------+--------------------+
only showing top 20 rows

+--------------------+
|                 FPR|
+--------------------+
|                 0.0|
|1.735408110140568E-4|
| 2.89234685023428E-4|
| 2.89234685023428E-4|
|4.049285590327992E-4|
|4.049285590327992E-4|
|4.049285590327992E-4|
|5.206224330421704E-4|
|6.363163070515416E-4|
|9.255509920749696E-4|
|0.001041244866084...|
|0.001214785677098...|
|0.001330479551107...|
|0.001561867299126...|
|0.001966795858159...|
|0.002603112165210...|
|0.003065887661248337|
|0.003702203968299...|
|0.004280673338346735|
|0.004396367212356106|
+--------------------+
only showing top 20 rows

	Area under ROC:
0.9674118487105614
Best F1 Measure on Training:0.8992877744422862 at threshold: 0.4364737441655624
Training Error = 0.10294819766053953
Test Error = 0.10552587176602923
