http://co246a-5.ecs.vuw.ac.nz:8042/node/containerlogs/container_1617755808746_0721_01_000001/knoxdavi/stdout/?start=-4096
Random Seed: 9
	logistic regression model coefficients:
Coefficients: [5.821488570136167E-7,-1.4195509735274705,-0.03350691178083959,-0.40784755604393086,-7.19624678843764E-7,6.950403675844147E-7,-7.505471463940688,-0.621914798637512,-13.54840400705996,0.03616490425573148,-4.702477022629726,-0.3853804814344167,-0.3764498622830902,-1.3770671404343664,21.02360034994498,0.3581018128946745,0.10480108906318944,-1.6062822683696247,0.2785714991544599,0.0,-21.155301129679682,-3.7032670796972784,-0.013082407512320121,0.014228394109943804,1.2558131054202872,-4.600556779965027,-3.846922003421989,-1.6348518252301911,-0.25379322335497373,-0.47443746155797295,-0.11134371818153539,-0.011507054560933474,0.015155670115006502,-3.3931093882494254,1.284584785532664,-1.1306116244940962,-4.093540257228818,-0.5338924637901477,-5.754455757949572,-1.6674521182762922,-0.6223217078379517] Intercept: 9.717091207876987
	Training LOSS per iteration
0.692574670259483
0.39338349101338554
0.3336900389768015
0.31668464322621753
0.31153649414601253
0.29099857302241966
0.2815135195264994
0.2723085775455532
0.2679745518497423
0.2652034029609657
0.2625503070708353
0.25936895063265536
0.2562575477583695
0.2546837517597265
0.2538808671292778
0.25304838073324853
0.25279087864393457
0.2524868692107802
0.2522525946827227
0.25186389191167163
0.2515590034063585
0.2511355052269022
0.25085659744194166
0.2506219017965704
0.2502915024943133
0.2498515749998368
0.24970984609741773
0.24939431314442917
0.24872833199920452
0.24822814669342289
0.2473787124574593
0.2466251308039804
0.24624000970722082
0.24598213326943327
0.24546444499747566
0.24502232912124025
0.24440722542148524
0.24396920512544062
0.24374541056805754
0.2433231618361023
0.2427673944515187
0.24227844053838113
0.24184650716986697
0.2414881816188265
0.24079978099601948
0.24056205219213092
0.24028435410447613
0.24017653117148363
0.24002538043204247
0.23989380077336067
0.23977307504878143
+--------------------+--------------------+
|                 FPR|                 TPR|
+--------------------+--------------------+
|                 0.0|                 0.0|
|4.051160368076856E-4|0.020683675997027497|
|4.629897563516407...|  0.0412434976467674|
|4.629897563516407...|0.061865246470151104|
|4.629897563516407...|  0.0824869952935348|
|5.208634758955958E-4| 0.10304681694327471|
|5.787371954395509E-4| 0.12360663859301461|
|5.787371954395509E-4| 0.14422838741639832|
|9.259795127032815E-4| 0.16447857319791925|
|9.838532322472364E-4| 0.18503839484765916|
|0.001273221829967012| 0.20535050780282388|
|0.001504716708142...|  0.2257245479316324|
|0.001736211586318...|  0.2460985880604409|
|0.002141327623126...| 0.26628684666831803|
|0.002488569940390...| 0.28653703244983897|
|0.003125180855373575| 0.30647758236314093|
|0.003588170611725...|  0.3266039137973743|
|0.004398402685340587| 0.34635868218974486|
|0.005150761039412003|  0.3661753777557592|
|0.005555877076219688| 0.38642556353728014|
+--------------------+--------------------+
only showing top 20 rows

+--------------------+
|                 FPR|
+--------------------+
|                 0.0|
|4.051160368076856E-4|
|4.629897563516407...|
|4.629897563516407...|
|4.629897563516407...|
|5.208634758955958E-4|
|5.787371954395509E-4|
|5.787371954395509E-4|
|9.259795127032815E-4|
|9.838532322472364E-4|
|0.001273221829967012|
|0.001504716708142...|
|0.001736211586318...|
|0.002141327623126...|
|0.002488569940390...|
|0.003125180855373575|
|0.003588170611725...|
|0.004398402685340587|
|0.005150761039412003|
|0.005555877076219688|
+--------------------+
only showing top 20 rows

	Area under ROC:
0.9670460077290448
Best F1 Measure on Training:0.8986791951068168 at threshold: 0.4370352742957293
Training Error = 0.10416728991533786
Test Error = 0.10322174854986377
