http://co246a-2.ecs.vuw.ac.nz:8042/node/containerlogs/container_1617755808746_1064_01_000001/wilesgeor/stdout/?start=0

train=resources/kaggle-news-train.csv, test=resources/kaggle-news-test.csv, seed=6, features=800
+-----------+--------------------+--------------------+------------+--------------------+--------------------+--------------------+--------------------+--------------------+--------------------+--------------------+--------------------+--------------------+--------------------+--------------------+----------+
|Class Index|               Title|         Description|indexedLabel|      sentence_words| sentence_stop_words|         title_words|    title_stop_words|      sw_rawFeatures|      tw_rawFeatures|     sw_idf_features|     tw_idf_features|            features|       rawPrediction|         probability|prediction|
+-----------+--------------------+--------------------+------------+--------------------+--------------------+--------------------+--------------------+--------------------+--------------------+--------------------+--------------------+--------------------+--------------------+--------------------+----------+
|          3|Wall St. Bears Cl...|Reuters - Short-s...|         2.0|[reuters, -, shor...|[reuters, -, shor...|[wall, st., bears...|[wall, st., bears...|(800,[4,114,124,2...|(800,[4,168,330,4...|(800,[4,114,124,2...|(800,[4,168,330,4...|(1600,[4,114,124,...|[2.90508005510223...|[0.30279585623123...|       2.0|
|          3|Carlyle Looks Tow...|Reuters - Private...|         2.0|[reuters, -, priv...|[reuters, -, priv...|[carlyle, looks, ...|[carlyle, looks, ...|(800,[31,46,52,94...|(800,[11,168,221,...|(800,[31,46,52,94...|(800,[11,168,221,...|(1600,[31,46,52,9...|[4.66437674745570...|[0.39327381024802...|       2.0|
|          3|Oil and Economy C...|Reuters - Soaring...|         2.0|[reuters, -, soar...|[reuters, -, soar...|[oil, and, econom...|[oil, economy, cl...|(800,[10,175,183,...|(800,[168,184,291...|(800,[10,175,183,...|(800,[168,184,291...|(1600,[10,175,183...|[3.60638465743958...|[0.01991169292498...|       2.0|
|          3|Iraq Halts Oil Ex...|Reuters - Authori...|         2.0|[reuters, -, auth...|[reuters, -, auth...|[iraq, halts, oil...|[iraq, halts, oil...|(800,[3,11,143,14...|(800,[3,10,11,143...|(800,[3,11,143,14...|(800,[3,10,11,143...|(1600,[3,11,143,1...|[1.30297646305074...|[0.00260214368560...|       3.0|
|          3|Oil prices soar t...|AFP - Tearaway wo...|         2.0|[afp, -, tearaway...|[afp, -, tearaway...|[oil, prices, soa...|[oil, prices, soa...|(800,[25,124,136,...|(800,[25,99,184,2...|(800,[25,124,136,...|(800,[25,99,184,2...|(1600,[25,124,136...|[1.60143456142312...|[0.00200447387711...|       2.0|
|          3|Stocks End Up, Bu...|Reuters - Stocks ...|         2.0|[reuters, -, stoc...|[reuters, -, stoc...|[stocks, end, up,...|[stocks, end, up,...|(800,[6,99,122,15...|(800,[6,99,168,28...|(800,[6,99,122,15...|(800,[6,99,168,28...|(1600,[6,99,122,1...|[3.38009292347926...|[0.01638325333221...|       2.0|
|          3|Money Funds Fell ...|AP - Assets of th...|         2.0|[ap, -, assets, o...|[ap, -, assets, n...|[money, funds, fe...|[money, funds, fe...|(800,[31,104,172,...|(800,[298,320,365...|(800,[31,104,172,...|(800,[298,320,365...|(1600,[31,104,172...|[4.54359634421994...|[0.21228252943810...|       2.0|
|          3|Fed minutes show ...|USATODAY.com - Re...|         2.0|[usatoday.com, -,...|[usatoday.com, -,...|[fed, minutes, sh...|[fed, minutes, sh...|(800,[25,53,277,2...|(800,[27,96,387,4...|(800,[25,53,277,2...|(800,[27,96,387,4...|(1600,[25,53,277,...|[3.86895880043750...|[0.27639020768720...|       2.0|
|          3|Safety Net (Forbe...|"Forbes.com - Aft...|         2.0|["forbes.com, -, ...|["forbes.com, -, ...|[safety, net, (fo...|[safety, net, (fo...|(800,[75,82,94,17...|(800,[218,602,715...|(800,[75,82,94,17...|(800,[218,602,715...|(1600,[75,82,94,1...|[3.63149009010780...|[0.02097532193514...|       2.0|
|          3|Wall St. Bears Cl...| NEW YORK (Reuter...|         2.0|[, new, york, (re...|[, new, york, (re...|[wall, st., bears...|[wall, st., bears...|(800,[4,25,114,12...|(800,[4,330,426,4...|(800,[4,25,114,12...|(800,[4,330,426,4...|(1600,[4,25,114,1...|[2.14587593861131...|[0.07662800636217...|       2.0|
|          3|Oil and Economy C...| NEW YORK (Reuter...|         2.0|[, new, york, (re...|[, new, york, (re...|[oil, and, econom...|[oil, economy, cl...|(800,[10,25,168,1...|(800,[184,291,587...|(800,[10,25,168,1...|(800,[184,291,587...|(1600,[10,25,168,...|[2.37207348925407...|[0.00244544142006...|       2.0|
|          3|No Need for OPEC ...| TEHRAN (Reuters)...|         2.0|[, tehran, (reute...|[, tehran, (reute...|[no, need, for, o...|[need, opec, pump...|(800,[5,8,27,57,1...|(800,[216,225,445...|(800,[5,8,27,57,1...|(800,[216,225,445...|(1600,[5,8,27,57,...|[3.46592290401826...|[0.01223771207024...|       2.0|
|          3|Non-OPEC Nations ...| JAKARTA (Reuters...|         2.0|[, jakarta, (reut...|[, jakarta, (reut...|[non-opec, nation...|[non-opec, nation...|(800,[48,121,168,...|(800,[125,501,796...|(800,[48,121,168,...|(800,[125,501,796...|(1600,[48,121,168...|[0.99887325692618...|[0.03232333896353...|       3.0|
|          3|Google IPO Auctio...| WASHINGTON/NEW Y...|         2.0|[, washington/new...|[, washington/new...|[google, ipo, auc...|[google, ipo, auc...|(800,[7,26,84,124...|(800,[56,148,196,...|(800,[7,26,84,124...|(800,[56,148,196,...|(1600,[7,26,84,12...|[6.78346069608677...|[0.49480693552580...|       2.0|
|          3|Dollar Falls Broa...| NEW YORK (Reuter...|         2.0|[, new, york, (re...|[, new, york, (re...|[dollar, falls, b...|[dollar, falls, b...|(800,[25,27,32,95...|(800,[163,286,404...|(800,[25,27,32,95...|(800,[163,286,404...|(1600,[25,27,32,9...|[1.69604820686767...|[0.00286729708743...|       2.0|
|          3|Rescuing an Old S...|If you think you ...|         2.0|[if, you, think, ...|[think, may, need...|[rescuing, an, ol...|[rescuing, old, s...|(800,[125,147,173...|(800,[72,283,747]...|(800,[125,147,173...|(800,[72,283,747]...|(1600,[125,147,17...|[2.61367606192084...|[0.44168718584539...|       0.0|
|          3|Kids Rule for Bac...|The purchasing po...|         2.0|[the, purchasing,...|[purchasing, powe...|[kids, rule, for,...|[kids, rule, back...|(800,[91,198,225,...|(800,[690,726,743...|(800,[91,198,225,...|(800,[690,726,743...|(1600,[91,198,225...|[2.37475554156389...|[0.37865809626335...|       2.0|
|          3|In a Down Market,...|There is little c...|         2.0|[there, is, littl...|[little, cause, c...|[in, a, down, mar...|[market,, head, t...|(800,[10,173,268,...|(800,[264,365,413...|(800,[10,173,268,...|(800,[264,365,413...|(1600,[10,173,268...|[1.36826506483538...|[0.01281865122836...|       2.0|
|          3|US trade deficit ...|The US trade defi...|         2.0|[the, us, trade, ...|[us, trade, defic...|[us, trade, defic...|[us, trade, defic...|(800,[85,158,184,...|(800,[127,208,288...|(800,[85,158,184,...|(800,[127,208,288...|(1600,[85,158,184...|[1.63910080147587...|[0.02104304330275...|       2.0|
|          3|Shell 'could be t...|Oil giant Shell c...|         2.0|[oil, giant, shel...|[oil, giant, shel...|[shell, 'could, b...|[shell, 'could, t...|(800,[53,63,68,82...|(800,[80,93,456,7...|(800,[53,63,68,82...|(800,[80,93,456,7...|(1600,[53,63,68,8...|[1.59897648261043...|[0.03504332785094...|       2.0|
+-----------+--------------------+--------------------+------------+--------------------+--------------------+--------------------+--------------------+--------------------+--------------------+--------------------+--------------------+--------------------+--------------------+--------------------+----------+
only showing top 20 rows

Training Error = 0.21935000000000004
Test Error = 0.2371052631578947